# Sector 1 LOG START run 01107042 type physics at 1613591149
0 0 0 0 0 0 3366 15049 15054 15050 15052 15 17 13 15 41913 41805 41795 41699 22316 22817 22241 22151 46462 34216 30066 0x35000001629E0A70
0 0 0 0 1 0 3366 15057 15055 15055 15059 13 13 11 17 42032 41945 41996 41868 22901 23247 22563 22788 46439 34085 29957 0xD200000162B1E970
0 0 0 0 2 0 3366 15050 15057 15053 15056 17 11 11 12 41892 41679 41762 41777 23252 23623 22907 23133 46525 34137 29912 0x4B00000162A7C370
0 0 0 0 3 0 3366 15055 15060 15055 15053 12 16 10 10 41932 42071 42050 41878 23230 23407 22870 23066 46587 34548 29851 0x680000016288F070
0 0 0 0 4 0 3366 15065 15062 15064 15061 11 12 8 10 41880 41676 41835 41719 23431 23722 23037 23152 46518 34075 29830 0x7C00000162A4E970
0 0 0 0 5 0 3366 15071 15059 15063 15070 9 11 13 9 41874 41769 41848 41894 23539 23884 23163 23291 46622 34221 29865 0x3300000162AFA470
0 0 0 0 6 0 3366 15068 15058 15073 15068 12 13 13 11 41788 41900 41918 42014 23583 23931 23301 23316 46689 34122 30020 0x88000001628D5270
0 0 0 0 7 0 3366 15061 15070 15066 15072 11 11 8 10 41867 42032 41947 41872 23500 23750 23269 23171 46483 34350 29921 0x3C00000162A81770
0 0 0 0 8 0 3366 15060 15059 15056 15056 8 11 8 11 41824 41916 41856 41960 23103 23541 22925 23054 46603 34210 29945 0x8100000162855370
0 0 0 0 9 0 3366 15057 15054 15061 15059 10 13 9 11 41982 41929 41945 41939 22978 23430 22988 23060 46631 34212 29879 0x5B0000016294F270
0 0 0 0 10 0 3366 15061 15062 15056 15056 14 17 9 12 41823 41848 41837 41679 23348 23479 23094 23006 46689 34207 30005 0x4000000162B1C670
0 0 1 0 0 0 3366 14991 14984 14994 14997 20 18 13 13 41746 41723 41724 41769 22236 22695 22089 22085 46405 34114 29825 0x3100000162A9E170
0 0 1 0 1 0 3366 15054 15052 15062 15058 12 15 13 15 41716 41762 41774 41791 22677 23280 22516 22636 46450 34177 29873 0x730000016296A570
0 0 1 0 2 0 3366 15057 15059 15056 15062 16 13 14 10 41745 41772 41806 41880 23250 23659 22962 23029 46516 34199 29862 0x0800000162978570
0 0 1 0 3 0 3366 15056 15057 15059 15054 11 10 14 13 41888 41680 41738 41717 23354 23638 22985 23017 46555 34373 29981 0x3400000162B01A70
0 0 1 0 4 0 3366 15052 15053 15062 15065 15 13 13 11 41934 41839 41956 41952 23291 23623 23042 23076 46548 34260 29982 0x3500000162A01670
0 0 1 0 5 0 3366 15056 15054 15054 15060 13 15 13 12 41769 41919 41807 41812 23376 23661 23076 23181 46422 34286 29947 0x2100000162976570
0 0 1 0 6 0 3366 15060 15062 15052 15064 13 15 12 12 42008 41901 41891 41924 23358 23714 23190 23154 46647 34182 29878 0xE300000162AAB770
0 0 1 0 7 0 3366 15066 15061 15066 15054 11 9 13 8 41959 41904 41936 41983 23192 23586 23064 23054 46655 34228 29887 0x83000001629D0170
0 0 1 0 8 0 3366 15060 15051 15063 15064 10 13 10 13 41949 41948 41944 41861 23078 23388 23004 22890 46685 34470 29935 0xE0000001628D6570
0 0 1 0 9 0 3366 15061 15051 15056 15054 11 7 7 9 42004 41894 41792 41960 22901 23377 22804 22938 46626 34537 29910 0xB4000001629A4F70
0 0 1 0 10 0 3366 15052 15059 15060 15060 14 14 14 15 41882 41817 41766 41793 23161 23245 22958 22821 46650 34590 29940 0x120000016285F970
0 0 5 0 0 0 3366 14968 14966 14964 14964 18 14 15 11 41790 41680 41513 41662 21864 22299 21704 21695 46620 34163 29710 0x04000001629F2770
0 0 5 0 1 0 3366 15053 15051 15055 15052 11 12 12 10 42031 41932 41893 41920 22465 23167 22281 22586 46531 34320 29608 0x3B00000162A72070
0 0 5 0 2 0 3366 15047 15049 15057 15058 11 12 11 11 41970 42009 41938 42093 22984 23323 22663 22768 46510 34277 29504 0x8500000162ABE070
0 0 5 0 3 0 3366 15071 15066 15065 15068 11 14 14 13 41742 41844 41778 41840 22883 23222 22693 22712 46510 34274 29682 0xA300000162994C70
0 0 5 0 4 0 3366 15066 15062 15064 15068 13 17 14 16 41816 41788 41930 41880 23086 23592 22951 23007 46566 34372 29652 0x340000016298D970
0 0 5 0 5 0 3366 15056 15067 15055 15061 17 13 15 16 42049 41946 41943 41967 23244 23648 23025 22981 46653 34109 29642 0x09000001629FC870
0 0 5 0 6 0 3366 15055 15061 15063 15059 10 16 10 13 41950 41959 41891 42062 23020 23397 22946 22983 46515 34385 29473 0x1700000162A55170
0 0 5 0 7 0 3366 15064 15061 15060 15070 15 12 10 10 42144 41969 41848 41942 23029 23273 22892 22722 46578 34295 29616 0xF300000162A2E770
0 0 5 0 8 0 3366 15067 15057 15052 15063 15 17 13 11 41827 41937 41760 41809 23014 23185 22973 22644 46467 34432 29574 0xD6000001629B3E70
0 0 5 0 9 0 3366 15055 15060 15055 15055 8 10 17 11 41881 41757 41775 41912 22530 23008 22347 22522 46696 34477 29456 0xE400000162B24670
0 0 5 0 10 0 3366 15054 15047 15050 15055 11 15 10 13 41719 41826 41837 41819 22766 23186 22701 22531 46707 34594 29513 0xF3000001628E4070
0 0 7 0 0 0 3366 14961 14966 15048 14967 0 9 13 15 41668 41661 41571 41699 21590 22174 21359 21513 46614 34354 29643 0x0500000162AE3970
0 0 7 0 1 0 3366 15050 15058 14966 15046 9 9 8 13 41945 41946 41906 41936 22248 22826 22049 22408 46513 33986 29513 0xF200000162B1C070
0 0 7 0 2 0 3366 15045 15050 15044 15045 20 15 15 14 41836 41756 41698 41788 22683 23118 22488 22633 46654 34044 29571 0x54000001629DDF70
0 0 7 0 3 0 3366 15053 15049 15054 15051 12 12 15 12 42094 42017 41935 42046 22554 23233 22434 22650 46573 34111 29524 0x50000001629ED270
0 0 7 0 4 0 3366 15047 15050 15046 15054 11 10 10 14 41934 41885 41786 41795 22938 23255 22680 22656 46591 34436 29588 0x1A00000162A69570
0 0 7 0 5 0 3366 15060 15067 15046 15063 15 14 11 16 41842 42117 41960 42000 22994 23405 22844 22719 46655 34162 29515 0x90000001629C1670
0 0 7 0 6 0 3366 15068 15053 15060 15053 16 16 11 13 42008 41846 42053 41889 22961 23197 22796 22652 46710 34294 29681 0xCF00000162865370
0 0 7 0 7 0 3366 15054 15069 15049 15063 16 18 13 15 41933 41874 41727 41894 22936 22862 22709 22289 46669 34273 29637 0x0F00000162941E70
0 0 7 0 8 0 3366 14988 15049 15055 15048 9 14 11 15 41951 41794 41804 41816 22865 22758 22647 22177 46769 34323 29543 0x4700000162AA1C70
0 0 7 0 9 0 3366 15048 15055 15045 15046 13 10 10 8 41779 41725 41753 41725 22226 22595 22208 22139 46766 34293 29615 0x2000000162B1BD70
0 0 7 0 10 0 3366 15051 15047 15051 15047 14 9 11 9 42056 42042 42069 41954 22460 22876 22172 22332 46792 34438 29544 0xD100000162925F70
0 0 6 0 0 0 3366 14964 14964 14961 14966 15 12 12 12 42006 42018 41906 41914 21688 22258 21563 21622 46479 34428 29543 0xB000000162A22370
0 0 6 0 1 0 3366 15054 15059 15056 15056 15 14 15 15 41771 41903 41898 41846 22478 23076 22132 22554 46481 34098 29606 0x3300000162938A70
0 0 6 0 2 0 3366 15053 15052 15051 15057 11 7 10 11 41816 41816 41668 41727 22830 23134 22587 22652 46508 34238 29534 0xC000000162B24970
0 0 6 0 3 0 3366 15044 15059 15053 15054 9 10 8 9 42091 42010 41985 42040 22848 23427 22637 22831 46491 34239 29664 0x5400000162A1F170
0 0 6 0 4 0 3366 15057 15057 15055 15063 10 8 8 8 41579 41737 41840 41782 22873 23496 22692 22839 46537 34224 29542 0x8300000162B1A670
0 0 6 0 5 0 3366 15053 15057 15059 15054 12 11 11 11 41900 41758 41884 41834 23084 23407 22999 22919 46526 34331 29605 0x710000016289B870
0 0 6 0 6 0 3366 15061 15055 15053 15056 12 12 12 12 41928 41819 41822 41856 23098 23317 22910 22761 46483 33981 29640 0x7A000001628B5070
0 0 6 0 7 0 3366 15047 15060 15057 15066 9 11 12 10 41964 42040 41989 41956 22970 23074 22839 22503 46608 34371 29687 0xFD00000162A29E70
0 0 6 0 8 0 3366 15061 15052 15057 15065 13 10 11 15 41969 41985 42107 42059 22808 22914 22790 22449 46639 34437 29620 0x18000001629CFE70
0 0 6 0 9 0 3366 15051 15047 15056 15051 8 10 9 8 41779 41652 41917 41715 22379 22836 22210 22378 46658 34275 29638 0xF300000162B26E70
0 0 6 0 10 0 3366 15048 15050 15045 15053 10 13 13 9 41870 41814 41847 41778 22588 22869 22386 22528 46713 34547 29580 0x1C000001629A8E70
# Sector 1 LOG STOP run 01107042 at 1613591157
# Sector 2 LOG START run 01107042 type physics at 1613591108
0 0 9 0 0 0 3366 15050 15010 15053 15009 16 15 21 12 41708 41851 41888 41864 21517 22114 21323 21525 46616 34322 29552 0xC700000162861F70
0 0 9 0 1 0 3366 15015 15056 15007 15060 14 16 11 13 41813 41671 41781 41796 22237 22667 21974 22196 46569 34195 29628 0x370000016296D170
0 0 9 0 2 0 3366 15058 14967 15058 14962 11 11 18 14 42018 41948 41900 41925 22561 22935 22263 22219 46622 34077 29607 0x0200000162918C70
0 0 9 0 3 0 3366 14966 15036 14960 15027 8 14 8 11 41973 41896 41865 41957 22453 23049 22405 22419 46512 34221 29587 0xCB00000162AAD270
0 0 9 0 4 0 3366 15022 14997 15026 15002 11 10 10 0 41931 41892 41891 41835 22617 23124 22428 22428 46587 34036 29642 0x58000001629BE370
0 0 9 0 5 0 3366 15001 15010 15002 15014 11 10 10 11 42010 41918 41976 42049 22861 22984 22650 22388 46669 34156 29529 0xA300000162B09670
0 0 9 0 6 0 3366 15015 15014 15001 15023 9 11 11 9 41980 42104 41892 41988 22811 22844 22602 22285 46561 34249 29605 0x2B00000162A0F770
0 0 9 0 7 0 3366 15019 14970 15019 14966 15 11 12 12 41904 41805 41667 41665 22808 22811 22499 22250 46589 34089 29574 0x7000000162B17770
0 0 9 0 8 0 3366 14977 15051 14969 15048 7 7 7 8 42086 41799 41945 41845 22665 22679 22400 22092 46614 34032 29666 0x23000001628E2E70
0 0 9 0 9 0 3366 15038 15036 15047 15047 8 14 8 13 41890 41801 41657 41669 22222 22397 22106 21763 46618 34468 29587 0xB600000162997770
0 0 9 0 10 0 3366 15074 15055 15078 15058 10 13 11 10 41767 41767 41719 41780 22013 22622 21717 21929 46753 34480 29527 0x3E00000162AA3670
0 0 8 0 0 0 3366 15052 14970 15049 14970 24 16 18 17 41729 41788 41846 41788 21516 22076 21289 21464 46486 34158 29636 0x94000001629B7F70
0 0 8 0 1 0 3366 14960 15041 14961 15056 10 17 11 13 41857 41690 41668 41832 22430 22855 22049 22353 46480 34257 29501 0x2200000162A03E70
0 0 8 0 2 0 3366 15053 15042 15048 15049 15 10 12 13 41855 41824 41946 41733 22607 23044 22429 22451 46638 34215 29532 0xB3000001629AFF70
0 0 8 0 3 0 3366 15052 15065 15053 15070 16 16 12 18 41929 41979 42068 41909 22689 23072 22390 22533 46540 34261 29612 0x5000000162A2FC70
0 0 8 0 4 0 3366 15064 15062 15068 15067 18 19 18 16 42071 41942 41949 41883 22880 23278 22608 22696 46626 34286 29569 0x28000001629A1970
0 0 8 0 5 0 3366 15057 15043 15063 15055 10 12 13 6 41879 41909 41821 41879 23018 23168 22864 22613 46672 34254 29510 0x98000001628A8570
0 0 8 0 6 0 3366 15052 15044 15038 15043 9 10 17 7 42037 41929 41937 42036 22897 23034 22743 22492 46769 34301 29610 0x0100000162974C70
0 0 8 0 7 0 3366 15039 15036 15041 15038 10 8 12 11 41847 41830 41910 41852 22875 22963 22652 22341 46643 34409 29628 0xE200000162B27370
0 0 8 0 8 0 3366 15040 15067 15050 15069 11 10 9 9 41811 41739 41718 41776 22859 22663 22546 22074 46695 34237 29603 0xB8000001628DE370
0 0 8 0 9 0 3366 15068 15069 15070 15085 10 9 12 10 41938 41930 41842 41885 22136 22588 22059 22041 46660 34237 29552 0x2300000162A1A270
0 0 8 0 10 0 3366 15070 15050 15074 15053 9 10 11 9 41816 41768 41803 41938 22046 22779 21759 22007 46812 34535 29571 0xEC000001628A4070
0 0 10 0 0 0 3366 15053 15010 15018 15014 18 18 18 15 41785 41773 41827 41786 21344 21800 21108 21326 46449 34192 29758 0xB500000162AE2C70
0 0 10 0 1 0 3366 15021 15055 15053 15061 13 13 21 16 41788 41952 41990 41904 22102 22500 21926 22095 46548 33946 29859 0x9C00000162ADE770
0 0 10 0 2 0 3366 15056 14966 14971 14969 19 11 12 12 41718 41851 41838 41723 22127 22496 22083 21865 46526 34188 29826 0xF8000001629C2170
0 0 10 0 3 0 3366 14955 15025 15027 15034 10 13 13 13 41706 41689 41769 41691 22237 22619 22005 22127 46651 34284 29792 0x9300000162A1B770
0 0 10 0 4 0 3366 15026 14996 14989 14990 15 10 16 13 42000 41948 41890 41863 22628 22818 22354 22254 46572 33916 29807 0x2B00000162B24C70
0 0 10 0 5 0 3366 14969 14966 14963 14969 12 12 9 14 41878 41833 41866 41884 22754 22696 22394 22182 46501 34148 29850 0x7B00000162B28670
0 0 10 0 6 0 3366 15028 15021 15024 15027 14 10 11 14 42021 41981 41989 42115 22596 22718 22537 22244 46494 34192 29831 0xA00000016287CD70
0 0 10 0 7 0 3366 14972 14972 14973 14976 8 10 7 7 41816 41809 41860 41847 22489 22561 22184 22053 46648 34311 29880 0xED00000162AEAA70
0 0 10 0 8 0 3366 15045 15046 15044 15079 8 8 11 15 41694 41881 41726 41775 22432 22591 22227 21971 46656 34206 29892 0x4E000001629B4E70
0 0 10 0 9 0 3366 15047 15049 15045 15044 8 8 8 8 41780 41745 41830 41860 22343 22438 22065 21680 46621 34026 29815 0x2C000001628CE070
0 0 10 0 10 0 3366 15053 15058 15050 15055 8 9 8 8 41726 41703 41839 41803 21735 22246 21642 21714 46712 34422 29889 0xF000000162ABA070
0 0 11 0 0 0 3366 15018 15010 15015 15013 19 15 19 15 41812 41914 41752 41708 21211 21634 20983 21155 46555 34075 29825 0x43000001629FC570
0 0 11 0 1 0 3366 15054 15051 15053 15059 18 14 15 12 41865 41724 41729 41759 22020 22393 21822 21802 46577 34217 29910 0x3B0000016297A270
0 0 11 0 2 0 3366 14976 14965 14964 14958 13 12 12 12 41934 41896 41719 41947 22155 22254 22052 21681 46491 34186 29789 0x4000000162B0DF70
0 0 11 0 3 0 3366 15026 15036 15023 15025 13 8 12 10 42016 41833 41797 41761 22177 22407 22002 21843 46584 34176 29929 0x63000001628E7C70
0 0 11 0 4 0 3366 14995 15003 14998 14999 17 12 13 12 41831 41772 41731 41800 22422 22514 22308 21992 46547 33947 29873 0xDF00000162A5EB70
0 0 11 0 5 0 3366 14971 14969 14971 14976 9 8 13 12 41953 42005 42021 41839 22435 22559 22260 21865 46421 34036 29877 0x7500000162ADF170
0 0 11 0 6 0 3366 14995 14994 14999 14995 8 13 10 12 41824 41883 41743 41755 22264 22515 22051 21768 46579 34409 29913 0xB800000162852B70
0 0 11 0 7 0 3366 14961 14959 14967 14966 11 8 9 9 41886 41863 41939 41953 22326 22465 22069 21817 46616 34228 29910 0x5D00000162B0A870
0 0 11 0 8 0 3366 15032 15036 15033 15035 15 13 13 10 41782 41751 41818 41832 22287 22448 22023 21736 46698 34157 29986 0x4C000001628EA970
0 0 11 0 9 0 3366 15047 15051 15046 15042 10 10 10 10 41676 41853 41675 41615 22086 21851 21753 21362 46686 34216 29810 0x50000001629FCB70
0 0 11 0 10 0 3366 15057 15050 15055 15050 11 13 12 13 41986 41901 41792 41707 21830 22295 21621 21475 46663 34131 29833 0x5500000162948B70
0 0 14 0 0 0 3366 15019 15017 15006 15004 15 15 19 15 41657 41664 41608 41606 21014 21355 20902 20812 46458 34050 29709 0xCF000001629D3970
0 0 14 0 1 0 3366 15053 15052 15055 15052 11 11 11 13 41664 41612 41747 41750 21547 21639 21258 20719 46432 34254 29659 0x8B00000162AB9970
0 0 14 0 2 0 3366 14961 14958 14968 14963 11 9 11 9 41701 41760 41676 41563 21322 21478 21249 20620 46429 34209 29658 0xA600000162A5C170
0 0 14 0 3 0 3366 14968 14958 14964 14962 9 9 10 10 41779 41724 41799 41789 21370 21632 21047 20826 46499 34129 29751 0x3D00000162860770
0 0 14 0 4 0 3366 14965 14968 14963 14964 12 10 10 9 41577 41713 41634 41604 21671 21964 21511 20988 46435 34194 29589 0x9000000162B1A870
0 0 14 0 5 0 3366 14970 14974 14971 14958 10 10 8 8 41742 41922 41772 41841 21569 21854 21525 20948 46629 34248 29690 0x0900000162B27670
0 0 14 0 6 0 3366 15025 15026 15022 15026 12 10 9 8 41551 41615 41683 41570 21431 21608 21228 20817 46584 33963 29735 0x2200000162877A70
0 0 14 0 7 0 3366 14962 14966 14963 14969 10 8 7 10 42105 41956 41897 41877 21562 21929 21303 21169 46737 34310 29816 0x150000016291A470
0 0 14 0 8 0 3366 15027 15027 15024 15028 12 10 12 10 41763 41801 41736 41831 21379 21477 21089 20761 46671 34301 29727 0x6C000001628BFD70
0 0 14 0 9 0 3366 15057 15053 15058 15054 12 9 7 8 41844 41766 41777 41762 21175 21497 20953 20860 46707 34292 29692 0x5F000001628C9570
0 0 14 0 10 0 3366 15049 15047 15045 15044 6 9 5 6 41633 41634 41607 41761 21202 21490 21195 21002 46769 34437 29668 0xF400000162B1F570
0 0 13 0 0 0 3366 15016 15004 15024 15021 16 16 16 13 41741 41744 41817 41794 20972 21509 20685 20926 46400 33927 29731 0xB800000162AAA770
0 0 13 0 1 0 3366 15056 15056 15054 15048 13 12 15 13 41785 41850 41736 41861 21731 22039 21538 21173 46449 34201 29586 0xDE0000016295EC70
0 0 13 0 2 0 3366 14964 14966 14964 14961 14 12 13 13 41686 41803 41615 41688 21806 21982 21543 21060 46516 34300 29641 0x620000016288AF70
0 0 13 0 3 0 3366 14967 14967 14969 14962 11 11 9 9 41684 41782 41684 41786 21674 21999 21441 21224 46461 34282 29731 0xAA00000162943070
0 0 13 0 4 0 3366 14963 14969 14969 14960 7 10 9 9 41857 41817 41859 41817 21980 22223 21586 21426 46632 34377 29634 0xD600000162979270
0 0 13 0 5 0 3366 14977 15064 14968 14965 10 9 8 7 41826 41654 41705 41749 22015 22161 21638 21289 46540 34023 29675 0xB800000162A52070
0 0 13 0 6 0 3366 15012 15009 15007 15003 10 15 10 9 41740 41793 41729 41840 21943 22088 21713 21174 46651 34203 29722 0xEA0000016299D770
0 0 13 0 7 0 3366 14963 14965 14965 14962 11 7 9 7 41811 41914 41916 41789 21841 22052 21500 21240 46648 34228 29700 0x8C0000016284A570
0 0 13 0 8 0 3366 15019 15021 15031 15035 9 7 7 10 41869 41806 41740 41626 21629 21852 21444 21112 46690 34355 29644 0x5D000001629F2470
0 0 13 0 9 0 3366 15052 15054 15051 15058 10 13 8 10 41754 41649 41706 41740 21624 21689 21302 21056 46680 34463 29652 0xD4000001628FC070
0 0 13 0 10 0 3366 15047 15054 15053 15049 6 9 8 10 41822 41714 41858 41658 21527 21866 21185 21253 46739 34277 29667 0xBA00000162888D70
0 0 12 0 0 0 3366 15011 15008 15010 15009 26 18 13 18 41622 41705 41601 41544 21016 21567 20915 21047 46360 33941 29797 0x7E00000162910570
0 0 12 0 1 0 3366 15061 15049 15055 15058 14 16 16 14 41902 41780 41807 41740 21972 22251 21684 21548 46563 33964 29771 0xF600000162873270
0 0 12 0 2 0 3366 14960 15065 14965 14964 14 13 13 10 41954 41930 41870 41957 22086 22005 21674 21388 46520 33942 29823 0x6A00000162A55D70
0 0 12 0 3 0 3366 15030 15027 15024 15028 9 10 11 13 41702 41777 41829 41647 21969 22134 21723 21541 46464 34211 29896 0xAF000001628EE070
0 0 12 0 4 0 3366 14963 14966 14963 14962 10 7 8 8 41938 41926 41781 41924 22200 22336 21912 21671 46588 34223 29875 0xC2000001629EFD70
0 0 12 0 5 0 3366 14966 14965 14962 14965 11 12 9 12 41964 41796 41906 41835 22203 22317 21976 21559 46557 34098 29870 0x6A00000162986A70
0 0 12 0 6 0 3366 14997 15006 14993 15005 12 11 12 14 41770 41824 41854 41800 22047 22039 21728 21432 46560 34153 29876 0x1B000001628CE170
0 0 12 0 7 0 3366 14962 14968 14962 14965 7 8 7 8 41935 41829 41971 41806 21993 22246 21647 21476 46503 34088 29839 0xFD00000162A97D70
0 0 12 0 8 0 3366 15023 15025 15031 15025 10 8 10 8 41780 41654 41758 41668 21959 22114 21697 21395 46502 34308 29872 0xCA00000162AE3370
0 0 12 0 9 0 3366 15054 15058 15051 15055 10 9 13 8 41911 41883 42099 41804 21849 21847 21600 21246 46659 34352 29787 0x7000000162848870
0 0 12 0 10 0 3366 15047 15046 15055 15044 12 10 9 9 41853 41679 41738 41700 21547 21796 21349 21209 46641 34194 29837 0x0F00000162B24370
# Sector 2 LOG STOP run 01107042 at 1613591115
# Sector 3 LOG START run 01107042 type physics at 1613591122
0 0 20 0 0 0 3366 15064 15063 15061 15069 9 17 17 12 41990 41907 41953 42088 22111 22369 22078 21958 46563 34171 29978 0xAE000001628A0170
0 0 20 0 1 0 3366 15071 15066 15064 15051 11 13 11 13 42025 42156 41917 42042 22321 22596 22095 22522 46557 34066 29930 0x9100000162AC1170
0 0 20 0 2 0 3366 15067 15065 15065 15062 9 13 10 11 41973 41989 41941 41904 22777 23095 22824 22990 46574 34219 29924 0xE800000162A94670
0 0 20 0 3 0 3366 15050 15053 15056 15057 11 11 12 12 41780 41892 41761 41853 23109 23148 23005 22935 46523 34178 29893 0xF900000162884970
0 0 20 0 4 0 3366 15062 15059 15055 15060 11 11 13 10 42000 42068 41839 42069 23323 23454 23153 23160 46562 34011 29938 0x6C000001629C3B70
0 0 20 0 5 0 3366 15049 15055 15057 15052 10 11 12 10 42061 41988 41958 41896 23278 23365 23206 23333 46504 34165 29969 0xBC000001629C5570
0 0 20 0 6 0 3366 15053 15049 15056 15055 12 10 11 11 41950 41908 41927 41891 23396 23589 23253 23305 46672 34299 29982 0x0D00000162A1F270
0 0 20 0 7 0 3366 15053 15053 15058 15051 11 10 11 12 41979 42113 42023 42182 23242 23393 23272 23284 46628 34534 30039 0x8300000162987C70
0 0 20 0 8 0 3366 15059 15049 15053 15068 9 8 9 15 41874 41803 41951 41941 23194 23308 23110 23059 46753 34528 29914 0xD0000001628A9B70
0 0 20 0 9 0 3366 15060 15066 15064 15067 17 14 16 15 42004 42037 41963 41996 23143 23366 23040 22966 46658 34431 29941 0x6D00000162A7DF70
0 0 20 0 10 0 3366 15060 15062 15070 15067 10 11 11 10 41940 41905 41886 41914 23130 23250 23067 22855 46782 34370 29887 0xAB000001629C7D70
0 0 19 0 0 0 3366 8963 8946 8953 8949 109 110 121 88 42710 42684 42647 42722 21167 21260 21307 21161 46435 34066 29685 0x2600000162AF9F70
0 0 19 0 1 0 3366 8956 8953 8951 8958 71 66 100 63 42802 42869 42696 42883 21151 21379 21126 21048 46417 33957 29773 0xAD000001629B0770
0 0 19 0 2 0 3366 8958 8942 8958 8963 82 71 68 75 42782 42916 42898 42904 20972 21273 21127 21082 46339 34067 29731 0x4A00000162874D70
0 0 19 0 3 0 3366 8956 8958 8958 8958 57 68 60 68 43003 42752 42936 42933 21067 21132 21175 20984 46440 33982 29781 0xEA000001628C2370
0 0 19 0 4 0 3366 8944 8956 8949 8944 62 66 89 63 42816 42802 42658 42824 20988 21069 20925 20833 46515 33851 29779 0xE40000016299AE70
0 0 19 0 5 0 3366 8963 8969 8972 8965 51 60 55 67 42655 42643 42653 42789 21001 21023 20903 20727 46390 34065 29759 0x3500000162A8DE70
0 0 19 0 6 0 3366 8960 8963 8958 8958 69 59 54 61 42643 42696 42678 42746 20930 21037 21016 20901 46605 34093 29747 0x3A00000162848570
0 0 19 0 7 0 3366 8960 8967 8960 8965 43 51 65 46 42819 42791 42674 42621 20807 20926 20897 20909 46554 34191 29723 0x31000001629B5170
0 0 19 0 8 0 3366 8965 8958 8963 8958 52 52 47 42 42578 42696 42532 42676 20841 20848 20803 20795 46540 34168 29787 0xDA0000016295CA70
0 0 19 0 9 0 3366 8967 8960 8956 8958 44 49 16430 43 42839 42840 34521 42833 20793 20953 21037 20807 46618 34307 29746 0x2000000162938470
0 0 19 0 10 0 3366 8967 8969 8969 8960 49 43 53 39 42723 42702 42610 42605 20935 21328 21052 21025 46579 34006 29824 0x8000000162A86870
0 0 18 0 0 0 3366 8965 8963 8965 8963 99 90 100 87 42711 42613 42717 42736 20964 21168 20868 20998 46398 33994 29824 0x9B00000162893870
0 0 18 0 1 0 3366 8965 8967 8963 8963 72 79 75 76 42797 42625 42791 42679 20795 21042 20865 20731 46389 34185 29788 0x6C00000162A75A70
0 0 18 0 2 0 3366 8960 8960 8960 8967 66 58 75 68 42758 42780 42732 42652 20907 21122 20898 20817 46509 34134 29698 0xD800000162AEB870
0 0 18 0 3 0 3366 8960 8967 8967 8969 65 78 64 61 42640 42607 42476 42606 20743 20756 20665 20597 46414 34244 29774 0x3D00000162A26870
0 0 18 0 4 0 3366 8965 8963 8960 8963 68 115 50 53 42634 42608 42737 42719 20731 20948 20534 20495 46521 34006 29646 0xF200000162A05070
0 0 18 0 5 0 3366 8960 8963 8963 8960 62 53 64 57 42850 42716 42748 42673 20725 21049 20667 20635 46638 34102 29785 0x1900000162A05570
0 0 18 0 6 0 3366 8967 8967 8965 8969 76 59 65 54 42496 42513 42564 42582 20953 21068 20715 20477 46601 34225 29728 0x3800000162A7B670
0 0 18 0 7 0 3366 8963 8960 8963 8965 64 47 51 53 42842 42739 42667 42691 20908 21224 20688 20660 46552 33990 29743 0x8000000162A7EF70
0 0 18 0 8 0 3366 8963 8960 8963 8967 53 46 47 46 42655 42745 42814 42681 21154 21452 21056 20704 46681 34028 29702 0x8900000162B1F970
0 0 18 0 9 0 3366 8958 8960 8965 8967 52 57 1856 49 42807 42617 41632 42613 21097 21401 20837 20714 46463 34271 29631 0xB800000162A26F70
0 0 18 0 10 0 3366 8963 8958 8963 8965 42 41 47 35 42842 42775 42744 42655 21038 21172 21005 20700 46633 34150 29791 0x3900000162A73370
0 0 22 0 0 0 3366 14963 14964 14962 14963 14 14 12 12 41987 42088 41952 41919 21919 22408 21884 21840 46449 34347 29572 0x8700000162909270
0 0 22 0 1 0 3366 15060 15056 15057 15058 13 15 10 18 41977 41886 41876 41906 22736 23260 22540 22726 46370 34263 29608 0x170000016291B770
0 0 22 0 2 0 3366 15056 15053 15059 15059 14 15 10 13 41995 42108 42016 42054 23096 23455 22834 22928 46574 34101 29631 0xBF000001629DDA70
0 0 22 0 3 0 3366 15052 15055 15059 15059 11 8 13 14 41822 41907 41847 41979 23124 23394 22801 22925 46500 34264 29480 0x530000016291C370
0 0 22 0 4 0 3366 15063 15067 15062 15057 9 9 12 10 41882 41881 41877 41911 23142 23468 22871 23020 46484 34388 29541 0x0F000001629EE470
0 0 22 0 5 0 3366 15065 15064 15064 15062 12 11 9 10 41891 41820 41820 41576 23232 23541 23028 23073 46625 34260 29655 0x8500000162ACAF70
0 0 22 0 6 0 3366 15058 15062 15064 15061 11 11 16 10 41910 41956 41949 41855 23098 23527 22945 23002 46443 34436 29584 0x5400000162882B70
0 0 22 0 7 0 3366 15068 15063 15066 15063 8 10 10 8 41982 41965 41929 41983 23213 23544 23083 22990 46509 34384 29563 0xD3000001629B9D70
0 0 22 0 8 0 3366 15055 15061 15066 15055 10 9 9 6 41706 41762 41772 41688 23023 23243 22911 22651 46732 34616 29556 0xDF00000162910D70
0 0 22 0 9 0 3366 15047 15059 15068 15063 7 11 8 8 41746 41879 41799 42037 22786 23264 22504 22677 46590 34534 29587 0xA8000001629DF270
0 0 22 0 10 0 3366 15055 15056 15064 15055 14 12 10 11 42016 42031 41931 42046 22926 23083 22726 22729 46665 34603 29667 0x50000001628D7070
0 0 22 1 0 0 3366 15020 15010 15008 15006 15 15 18 12 41618 41656 41493 41689 20796 21160 20791 20799 46485 34128 29640 0x11000001629E0570
0 0 22 1 1 0 3366 15058 15059 15062 15056 17 13 10 13 41560 41574 41691 41600 20979 21023 20830 20577 46301 33960 29691 0x6A0000016296F470
0 0 22 1 2 0 3366 14958 14960 14966 14965 12 8 9 7 41915 41714 41724 41753 21172 21217 20895 20744 46423 34397 29699 0xF700000162A3D870
0 0 22 1 3 0 3366 14974 14968 14964 14968 12 11 14 11 41657 41737 41849 41700 21000 21127 20854 20650 46418 33994 29594 0xA600000162A0BC70
0 0 22 1 4 0 3366 14955 14968 14968 14970 10 7 9 9 41646 41831 41647 41575 21307 21400 20922 20709 46568 33944 29715 0x3000000162AA4F70
0 0 22 1 5 0 3366 14974 14992 14970 14997 8 7 7 7 41653 41749 41749 41629 21436 21445 21153 20977 46605 34091 29679 0x8A000001629DC870
0 0 22 1 6 0 3366 15000 15008 15001 14996 10 13 11 10 41708 41699 41718 41817 21129 21411 21054 20868 46539 34196 29655 0x30000001628E2070
0 0 22 1 7 0 3366 14972 14975 14979 14969 8 8 7 7 41956 41820 41812 41779 21357 21599 21246 20912 46663 34180 29692 0xC900000162A20970
0 0 22 1 8 0 3366 15031 15035 15029 15030 7 6 9 9 41668 41810 41664 41584 21517 21727 21388 20993 46540 34145 29544 0x98000001629C5A70
0 0 22 1 9 0 3366 15053 15053 15052 15053 11 11 8 7 41840 41923 41984 41842 21268 21632 20983 20982 46732 34307 29589 0x8B00000162B2C170
0 0 22 1 10 0 3366 15041 15047 15046 15046 10 10 9 8 41485 41581 41651 41672 21362 21535 21252 20936 46661 34337 29619 0x5A00000162894B70
# Sector 3 LOG STOP run 01107042 at 1613591136
# Sector 4 LOG START run 01107042 type physics at 1613591107
1 0 2 0 0 0 13464 14948 14909 0 0 0 0 0 0 46784 46854 0 0 19629 19581 0 0 46994 34910 29738 0x600000012C8B7370
1 0 2 0 1 0 13464 14859 14872 0 0 9 11 0 0 46845 46825 0 0 19885 19730 0 0 46993 34580 29722 0xEB0000012CA7AA70
1 0 2 0 2 0 13464 14905 14873 0 0 8 8 0 0 46840 46779 0 0 19846 19864 0 0 47027 34567 29915 0xC30000012CAC2C70
1 0 2 0 3 0 13464 14901 14855 0 0 7 6 0 0 47056 47031 0 0 19997 19869 0 0 46951 34299 29939 0xB000000162B09870
1 0 2 0 4 0 13464 14873 14944 0 0 10 10 0 0 46871 46832 0 0 20021 19964 0 0 46908 34640 29760 0x64000001628FD570
1 0 2 0 5 0 13464 14916 14877 0 0 11 9 0 0 46931 46868 0 0 20175 20108 0 0 46895 34536 29772 0x1200000162A95E70
1 0 2 0 6 0 13464 14925 14896 0 0 14 13 0 0 47015 46904 0 0 20092 19964 0 0 47047 34967 29860 0xE50000012C922C70
1 0 2 0 7 0 13464 14851 14844 0 0 12 9 0 0 46929 46956 0 0 20171 20085 0 0 47005 34491 29647 0xD30000012CA01870
1 0 2 0 8 0 13464 14876 14853 0 0 5 4 0 0 46885 46695 0 0 20109 20070 0 0 47021 34952 29797 0x630000012C8E9870
1 0 2 0 9 0 13464 14878 14912 0 0 4 7 0 0 46693 46729 0 0 20191 20129 0 0 46899 34898 29688 0xAE0000012CA8DC70
1 0 2 0 10 0 13464 14884 14852 0 0 8 7 0 0 46809 63375 0 0 19942 20040 0 0 46927 34492 29843 0x5A0000012C93DC70
1 0 2 0 11 0 13464 14890 14900 0 0 9 11 0 0 46952 46877 0 0 20171 20220 0 0 47134 34769 29734 0xBF0000012C8E9C70
1 0 2 0 12 0 13464 14973 14944 0 0 9 13 0 0 46957 46970 0 0 20058 20072 0 0 47100 34621 29869 0x220000012C989070
1 0 5 0 0 0 13464 14951 15013 0 0 0 0 0 0 46741 46831 0 0 19219 19127 0 0 46872 34498 29697 0x120000012C959470
1 0 5 0 1 0 13464 14957 14991 0 0 8 8 0 0 46567 46677 0 0 19387 19392 0 0 46917 34885 29739 0xC60000016238AA70
1 0 5 0 2 0 13464 14956 14966 0 0 10 9 0 0 46711 46812 0 0 19397 19280 0 0 46914 34577 29715 0x570000012C9F9F70
1 0 5 0 3 0 13464 14874 14877 0 0 7 6 0 0 46723 46701 0 0 19359 19402 0 0 46840 34825 29726 0x2600000162254970
1 0 5 0 4 0 13464 14863 15002 0 0 9 16 0 0 46782 46793 0 0 19523 19453 0 0 46955 34817 29704 0x130000012C9A9670
1 0 5 0 5 0 13464 14929 14982 0 0 6 27 0 0 46844 46760 0 0 19695 19626 0 0 47026 34788 29690 0x450000012C909370
1 0 5 0 6 0 13464 14852 15044 0 0 9 15 0 0 46996 46927 0 0 19614 19507 0 0 46975 34602 29735 0x5E0000012CB1C370
1 0 5 0 7 0 13464 14859 14922 0 0 7 6 0 0 46969 47029 0 0 19621 19542 0 0 46909 34660 29827 0x060000012CA81D70
1 0 5 0 8 0 13464 14861 14919 0 0 6 5 0 0 46727 46687 0 0 19667 19699 0 0 47128 35017 29660 0x3200000161549270
1 0 5 0 9 0 13464 14880 14943 0 0 6 7 0 0 46945 46859 0 0 19578 19540 0 0 46912 34985 29780 0xC60000012CA44770
1 0 5 0 10 0 13464 14901 14870 0 0 10 7 0 0 46790 46880 0 0 19665 19647 0 0 47072 35048 29667 0xFC0000012C878970
1 0 5 0 11 0 13464 14979 14892 0 0 10 5 0 0 46854 46834 0 0 19713 19595 0 0 47025 35125 29670 0xD30000012CA64E70
1 0 5 0 12 0 13464 14962 14910 0 0 11 8 0 0 46651 63175 0 0 19668 19534 0 0 47069 35061 29683 0xBF00000162370770
1 0 0 0 0 0 13464 14842 14949 0 0 0 0 0 0 46908 46757 0 0 19849 19701 0 0 46965 34557 29839 0x340000012CB1E770
1 0 0 0 1 0 13464 14866 14905 0 0 7 10 0 0 46987 46869 0 0 20054 19877 0 0 46894 34872 29892 0x4E000001615DCA70
1 0 0 0 2 0 13464 14873 14868 0 0 8 7 0 0 47001 47035 0 0 20081 19925 0 0 47004 34593 29778 0x4B0000016286D170
1 0 0 0 3 0 13464 14878 14910 0 0 8 7 0 0 46769 46788 0 0 20033 20012 0 0 47012 34883 29863 0x600000012CA5E670
1 0 0 0 4 0 13464 14834 14907 0 0 5 7 0 0 46919 46938 0 0 20052 19987 0 0 47082 34844 29844 0x440000012C9E8870
1 0 0 0 5 0 13464 14857 14920 0 0 7 9 0 0 46797 46773 0 0 20267 20164 0 0 46941 34980 29750 0x2D0000012CAC8A70
1 0 0 0 6 0 13464 14861 14912 0 0 7 9 0 0 46909 46907 0 0 20230 20154 0 0 47025 34420 29804 0x69000001629C9870
1 0 0 0 7 0 13464 14917 14905 0 0 9 7 0 0 46851 46817 0 0 20337 20126 0 0 47198 34974 29753 0x8A00000161529D70
1 0 0 0 8 0 13464 14864 14894 0 0 4 6 0 0 46971 46877 0 0 20246 20169 0 0 46979 34855 29836 0xB00000012C8B1D70
1 0 0 0 9 0 13464 15036 14879 0 0 17 8 0 0 46849 46842 0 0 20203 20242 0 0 47020 34941 29723 0x8B000001622FD170
1 0 0 0 10 0 13464 15040 14866 0 0 13 6 0 0 46815 46837 0 0 20251 20123 0 0 47140 35034 29768 0x420000012C9AD970
1 0 0 0 11 0 13464 14988 14972 0 0 13 10 0 0 46901 46934 0 0 20298 20278 0 0 46982 34513 29795 0xFE0000012C9FDB70
1 0 0 0 12 0 13464 14848 14944 0 0 3 7 0 0 46905 47006 0 0 20004 20039 0 0 47161 35030 29808 0x340000012CA8BF70
1 0 3 0 0 0 13464 14932 14938 0 0 1 1 0 0 46743 46733 0 0 19309 19336 0 0 46947 34550 29713 0x910000012C990A70
1 0 3 0 1 0 13464 15019 14918 0 0 14 8 0 0 46685 46703 0 0 19495 19426 0 0 46911 34772 29770 0x7F000001622ACD70
1 0 3 0 2 0 13464 14940 14886 0 0 7 7 0 0 46878 46845 0 0 19515 19413 0 0 46949 34744 29695 0x2800000161520370
1 0 3 0 3 0 13464 14944 14886 0 0 1 11 0 0 46913 46912 0 0 19439 19488 0 0 46961 34849 29674 0x6D00000162239770
1 0 3 0 4 0 13464 15018 14895 0 0 13 6 0 0 46892 46966 0 0 19561 19616 0 0 46743 34774 29645 0x700000012C88C070
1 0 3 0 5 0 13464 14933 14933 0 0 8 11 0 0 46794 46864 0 0 19705 19575 0 0 47048 34736 29794 0xBD000001629DC970
1 0 3 0 6 0 13464 14868 14950 0 0 5 8 0 0 46803 46751 0 0 19751 19619 0 0 46994 34483 29750 0xD80000012CAD7770
1 0 3 0 7 0 13464 15043 14955 0 0 12 10 0 0 46857 46859 0 0 19749 19616 0 0 46968 34831 29784 0x3E0000012C9E3470
1 0 3 0 8 0 13464 14862 14949 0 0 7 7 0 0 46785 46801 0 0 19769 19696 0 0 47046 34839 29775 0x990000012CADA070
1 0 3 0 9 0 13464 14956 14931 0 0 12 9 0 0 46862 46820 0 0 19695 19540 0 0 47042 34777 29699 0xDD0000012C8A9070
1 0 3 0 10 0 13464 14998 14857 0 0 8 6 0 0 46782 46842 0 0 19790 19711 0 0 46958 34815 29631 0xF20000012CA39F70
1 0 3 0 11 0 13464 14927 14870 0 0 7 7 0 0 46771 46865 0 0 19830 19679 0 0 47105 35178 29767 0xF20000012CA87C70
1 0 3 0 12 0 13464 15003 14841 0 0 8 4 0 0 46926 46865 0 0 19793 19818 0 0 47136 34530 29674 0x430000012C96F070
1 0 7 0 0 0 13464 14918 14962 0 0 0 1 0 0 46574 46571 0 0 19109 19123 0 0 46989 34882 29746 0xD10000012CA11270
1 0 7 0 1 0 13464 14941 14956 0 0 5 9 0 0 46716 46788 0 0 19099 19156 0 0 47027 35085 29748 0x950000012C9F7A70
1 0 7 0 2 0 13464 14922 14982 0 0 7 12 0 0 46827 46763 0 0 19125 18977 0 0 47190 34898 29672 0x270000012CA50470
1 0 7 0 3 0 13464 14853 14844 0 0 7 7 0 0 46882 46812 0 0 19268 19301 0 0 47003 35104 29791 0xDF0000012CA35970
1 0 7 0 4 0 13464 14824 14987 0 0 4 7 0 0 46797 46694 0 0 19296 19299 0 0 47147 34960 29713 0x6D0000016221A570
1 0 7 0 5 0 13464 14844 14911 0 0 8 7 0 0 46650 46662 0 0 19330 19308 0 0 47041 34783 29660 0xF30000012C8EA470
1 0 7 0 6 0 13464 14996 14971 0 0 9 11 0 0 46646 46655 0 0 19348 19377 0 0 47172 34741 29777 0x4D0000012C9D6A70
1 0 7 0 7 0 13464 14958 15005 0 0 7 13 0 0 46729 46778 0 0 19489 19410 0 0 47158 34705 29776 0xBF00000162A82570
1 0 7 0 8 0 13464 14823 14987 0 0 4 9 0 0 46656 46740 0 0 19427 19421 0 0 47107 35240 29862 0x7F0000012C916470
1 0 7 0 9 0 13464 14966 14810 0 0 7 3 0 0 46824 46905 0 0 19383 19394 0 0 47188 34500 29938 0x0E0000012CAE0770
1 0 7 0 10 0 13464 14848 15182 0 0 3 20 0 0 46735 46639 0 0 19477 19380 0 0 47288 34687 29707 0xE40000012C9B7870
1 0 7 0 11 0 13464 14976 14916 0 0 5 3 0 0 46544 46569 0 0 19436 19412 0 0 47197 35226 29879 0xD60000012C86E670
1 0 7 0 12 0 13464 14874 14866 0 0 7 5 0 0 46840 46816 0 0 19429 19313 0 0 47268 35081 29608 0x490000012CA07B70
1 0 6 0 0 0 13464 14926 15003 0 0 0 0 0 0 46809 46808 0 0 19781 19778 0 0 46835 34841 29744 0xC200000162361270
1 0 6 0 1 0 13464 14958 14875 0 0 10 6 0 0 46915 47104 0 0 19841 20001 0 0 46950 34632 29843 0x110000012C9EE170
1 0 6 0 2 0 13464 14922 14888 0 0 11 9 0 0 46601 46703 0 0 20060 20120 0 0 46951 34835 29851 0x4900000161580770
1 0 6 0 3 0 13464 14926 14857 0 0 12 6 0 0 46944 46982 0 0 20096 20116 0 0 47016 34550 29917 0xE90000016294F470
1 0 6 0 4 0 13464 14895 14915 0 0 9 8 0 0 46837 46892 0 0 20228 20177 0 0 47061 34777 29730 0x9F0000012CA76F70
1 0 6 0 5 0 13464 14864 14874 0 0 9 7 0 0 46970 47018 0 0 20341 20263 0 0 47086 34608 29866 0xAF0000012C8D2F70
1 0 6 0 6 0 13464 14864 14855 0 0 6 7 0 0 46738 46717 0 0 20164 20160 0 0 46977 34633 29747 0x7000000162399370
1 0 6 0 7 0 13464 14909 14874 0 0 10 8 0 0 46763 46780 0 0 20320 20343 0 0 47035 34829 29897 0x4A00000162221770
1 0 6 0 8 0 13464 14849 14947 0 0 8 10 0 0 47070 46993 0 0 20357 20316 0 0 47093 34843 29830 0x0A0000012C85C970
1 0 6 0 9 0 13464 14928 14983 0 0 10 11 0 0 46873 46873 0 0 20398 20323 0 0 46956 34696 29756 0x1700000162A13570
1 0 6 0 10 0 13464 14970 14960 0 0 11 10 0 0 46873 46848 0 0 20327 20370 0 0 47018 34942 29829 0x270000012C873D70
1 0 6 0 11 0 13464 14989 14925 0 0 10 6 0 0 46971 47053 0 0 20076 20376 0 0 47103 34612 29901 0xD10000012CB2B070
1 0 6 0 12 0 13464 14899 14851 0 0 6 4 0 0 46883 46889 0 0 20267 20043 0 0 47160 34560 29825 0xA100000162A8C470
1 0 1 1 0 0 13464 14850 14907 0 0 0 0 0 0 46872 46920 0 0 19649 19408 0 0 46960 34503 29902 0xFE0000012C9AA670
1 0 1 1 1 0 13464 14928 14889 0 0 14 11 0 0 46891 46815 0 0 19759 19667 0 0 46949 34768 29725 0xB30000012CA8AB70
1 0 1 1 2 0 13464 14842 14860 0 0 9 8 0 0 46935 47042 0 0 19740 19699 0 0 46894 34334 29792 0x6C00000162ACB970
1 0 1 1 3 0 13464 14850 14879 0 0 9 9 0 0 46911 46925 0 0 19821 19724 0 0 46869 34571 29856 0x16000001628F2570
1 0 1 1 4 0 13464 14976 14880 0 0 13 7 0 0 46880 46867 0 0 19942 19783 0 0 47027 34816 29761 0xA20000012C8FF270
1 0 1 1 5 0 13464 14881 14871 0 0 10 10 0 0 46821 46932 0 0 20014 19896 0 0 46834 34691 29859 0xA100000162995F70
1 0 1 1 6 0 13464 14959 14838 0 0 7 5 0 0 46829 46994 0 0 19986 19865 0 0 46922 34807 29885 0x89000001623D7970
1 0 1 1 7 0 13464 14876 14925 0 0 6 6 0 0 47010 46900 0 0 20055 19991 0 0 46908 34550 29853 0xBC0000012C8F1370
1 0 1 1 8 0 13464 14853 14908 0 0 8 12 0 0 47041 47011 0 0 19920 19965 0 0 46959 34491 29760 0xF1000001629ABE70
1 0 1 1 9 0 13464 14819 14877 0 0 8 9 0 0 46890 46786 0 0 20119 19971 0 0 47083 35022 29762 0x200000012CAF4E70
1 0 1 1 10 0 13464 14840 14858 0 0 6 6 0 0 46907 46872 0 0 20071 19961 0 0 47073 34579 29827 0x0C0000012C932370
1 0 1 1 11 0 13464 14907 14824 0 0 6 4 0 0 46782 46931 0 0 20087 20027 0 0 46982 34841 29790 0x970000012C9A1470
1 0 1 1 12 0 13464 14873 14893 0 0 5 4 0 0 47008 46986 0 0 19939 19903 0 0 47107 34615 29860 0x950000012CA8B770
1 0 4 1 0 0 13464 14996 14942 0 0 0 0 0 0 46794 46886 0 0 19093 18966 0 0 47021 34956 29668 0xE8000001614AB470
1 0 4 1 1 0 13464 14944 14873 0 0 9 8 0 0 46878 46819 0 0 19312 19154 0 0 47169 34538 29696 0x510000012CA7E070
1 0 4 1 2 0 13464 14944 14862 0 0 8 5 0 0 46699 46698 0 0 19273 19113 0 0 47036 35080 29645 0x4C0000012C9EC470
1 0 4 1 3 0 13464 14939 14866 0 0 9 7 0 0 46884 46895 0 0 19385 19249 0 0 47119 34662 29604 0xDD0000012CA17870
1 0 4 1 4 0 13464 14889 14985 0 0 8 9 0 0 46603 46720 0 0 19448 19347 0 0 47132 35301 29721 0x21000001615D4D70
1 0 4 1 5 0 13464 14901 14842 0 0 13 8 0 0 46802 46762 0 0 19496 19476 0 0 46998 34988 29808 0x0A0000012C86E270
1 0 4 1 6 0 13464 14956 14958 0 0 6 9 0 0 46923 46886 0 0 19556 19508 0 0 47120 34766 29695 0x6C0000012C9FF470
1 0 4 1 7 0 13464 14957 14864 0 0 9 7 0 0 46971 46975 0 0 19457 19455 0 0 47087 34583 29723 0x000000012C9FE570
1 0 4 1 8 0 13464 15094 14938 0 0 11 5 0 0 46810 46827 0 0 19458 19470 0 0 47124 34861 29800 0x7F0000012C8D4170
1 0 4 1 9 0 13464 15085 14888 0 0 7 5 0 0 46863 46897 0 0 19535 19472 0 0 47152 34709 29793 0x2E0000012C912B70
1 0 4 1 10 0 13464 14877 14932 0 0 9 9 0 0 46779 46912 0 0 19706 19540 0 0 47092 34665 29743 0x0F0000012CABFF70
1 0 4 1 11 0 13464 15018 14907 0 0 9 6 0 0 46734 46722 0 0 19502 19524 0 0 47131 35322 29718 0x400000012CB03B70
1 0 4 1 12 0 13464 14918 14864 0 0 7 5 0 0 46929 46978 0 0 19515 19485 0 0 47196 35055 29766 0x530000012CA5C170
# Sector 4 LOG STOP run 01107042 at 1613591113
# Sector 5 LOG START run 01107042 type physics at 1613591096
1 0 8 0 0 0 13464 14819 14897 0 0 7 8 0 0 46748 46761 0 0 19512 19375 0 0 47020 34870 29829 0x5000000161518770
1 0 8 0 1 0 13464 14923 14897 0 0 9 7 0 0 46962 46952 0 0 19584 19514 0 0 46957 34518 29901 0xE40000012C9F1C70
1 0 8 0 2 0 13464 14833 14852 0 0 4 6 0 0 46868 46768 0 0 19701 19651 0 0 46836 34194 29844 0xDE0000016289C970
1 0 8 0 3 0 13464 14834 14903 0 0 5 7 0 0 46962 46984 0 0 19627 19685 0 0 47075 34834 29835 0xA80000012C95DE70
1 0 8 0 4 0 13464 14833 14903 0 0 4 7 0 0 46798 46792 0 0 19873 19735 0 0 47084 34578 29778 0x450000012C994270
1 0 8 0 5 0 13464 14883 14871 0 0 5 7 0 0 46918 46921 0 0 19903 19849 0 0 46933 34696 29899 0xA90000016228A470
1 0 8 0 6 0 13464 14894 14912 0 0 6 10 0 0 46981 46995 0 0 19771 19681 0 0 46967 34541 29788 0x6E0000012C9EFE70
1 0 8 0 7 0 13464 14870 14912 0 0 7 8 0 0 47004 46937 0 0 19883 19808 0 0 46948 34916 29717 0xB8000001622B9270
1 0 8 0 8 0 13464 14843 14893 0 0 6 5 0 0 46705 46730 0 0 20031 19943 0 0 47073 34975 29707 0x1C0000012C8CB570
1 0 8 0 9 0 13464 14909 14929 0 0 7 10 0 0 46721 46833 0 0 19982 19978 0 0 47089 34492 29718 0x210000012C94AA70
1 0 8 0 10 0 13464 14819 14835 0 0 6 9 0 0 46814 46837 0 0 19903 19895 0 0 47104 34888 29954 0xE1000001622DC770
1 0 8 0 11 0 13464 14900 14879 0 0 6 8 0 0 46781 46766 0 0 20068 19847 0 0 47131 34984 29806 0x950000012C9A0770
1 0 8 0 12 0 13464 14904 14889 0 0 7 4 0 0 46950 46978 0 0 19949 19918 0 0 47285 34743 29825 0x000000012C99B370
1 0 8 1 0 0 13464 14789 14969 0 0 8 13 0 0 46916 46955 0 0 19353 19318 0 0 46868 34610 29810 0xF80000012C8F6770
1 0 8 1 1 0 13464 14819 14935 0 0 7 11 0 0 46973 46893 0 0 19599 19509 0 0 47009 34445 29622 0x75000001629A3C70
1 0 8 1 2 0 13464 14876 14955 0 0 11 10 0 0 46763 46722 0 0 19573 19418 0 0 46985 34492 29774 0xA40000012C899170
1 0 8 1 3 0 13464 14857 14892 0 0 8 5 0 0 46971 46885 0 0 19537 19449 0 0 46961 34545 29689 0xA90000012CAC0870
1 0 8 1 4 0 13464 14937 14935 0 0 10 11 0 0 46932 46939 0 0 19725 19692 0 0 46843 34493 29694 0x2E0000012CB31270
1 0 8 1 5 0 13464 14938 14898 0 0 6 9 0 0 46712 46848 0 0 19667 19787 0 0 46918 34867 29773 0x880000012C94EE70
1 0 8 1 6 0 13464 14931 14944 0 0 5 13 0 0 46930 46949 0 0 19794 19771 0 0 46957 34701 29720 0x13000001614B3070
1 0 8 1 7 0 13464 14953 14948 0 0 8 14 0 0 46807 46783 0 0 19712 19878 0 0 47039 34820 29810 0x410000012C987D70
1 0 8 1 8 0 13464 14936 14891 0 0 8 9 0 0 46873 46928 0 0 19890 19812 0 0 46901 34641 29702 0xD20000012C8A6C70
1 0 8 1 9 0 13464 14971 14897 0 0 9 8 0 0 46897 46906 0 0 19903 19710 0 0 46876 35128 29626 0xE30000012CA86170
1 0 8 1 10 0 13464 14944 14882 0 0 7 6 0 0 47013 46913 0 0 19915 19715 0 0 46994 34628 29722 0x3D0000012C8D0070
1 0 8 1 11 0 13464 14869 14842 0 0 4 7 0 0 46924 46859 0 0 19892 19745 0 0 47095 34835 29728 0x470000012CA57F70
1 0 8 1 12 0 13464 14862 14849 0 0 6 6 0 0 46690 46783 0 0 19709 19765 0 0 47191 35010 29721 0xE5000001614F2670
# Sector 5 LOG STOP run 01107042 at 1613591107
# Sector 6 LOG START run 01107042 type physics at 1613591087
0 1 1 0 0 0 3366 15000 14997 15002 15003 17 20 14 20 41813 41856 41870 41719 23275 23316 23032 22779 46368 34061 29659 0x150000016289E570
0 1 1 0 1 0 3366 15002 15001 14994 15002 17 12 17 13 41842 42030 42146 42154 23699 23716 23520 23138 46465 33975 29748 0x8F00000162A05C70
0 1 1 0 2 0 3366 15004 15002 15000 14996 13 10 13 14 42097 42164 42159 42037 24008 23982 23799 23373 46306 33931 29768 0x3200000162A4C270
0 1 1 0 3 0 3366 15014 15010 15016 15010 16 18 13 18 42134 42054 41981 41984 24251 24377 24045 23668 46411 33961 29781 0x50000001628B2670
0 1 1 0 4 0 3366 15003 14998 15014 15012 13 14 14 14 42224 42245 42103 42149 24147 24528 24084 23768 46464 33927 29719 0x5F00000162AC9E70
0 1 1 0 5 0 3366 14999 15003 15001 15002 14 15 11 11 42136 42122 42213 42164 24296 24487 24115 23970 46440 34020 29671 0x3100000162A54D70
0 1 1 0 6 0 3366 15004 15013 15010 15008 16 18 13 13 42055 42161 42008 42149 24130 24361 23975 23941 46493 33955 29867 0xFE000001628D8470
0 1 1 0 7 0 3366 15011 15009 15017 15010 11 11 11 11 42054 42042 41999 42002 23935 24220 23717 23663 46557 33979 29713 0x0800000162980270
0 1 1 0 8 0 3366 15017 15009 15013 15014 7 11 11 11 41966 41949 42023 41965 23783 24146 23597 23530 46635 33953 29788 0xBF00000162859B70
0 1 1 0 9 0 3366 15011 15010 15006 15014 13 10 10 10 41407 41956 42023 41893 23288 23855 23296 23362 46632 34177 29711 0xAF00000162B2CE70
0 1 1 0 10 0 3366 15001 15000 15005 15010 10 8 11 11 41935 41910 42087 41984 23199 23518 22935 23182 46659 34722 29665 0xF500000162951F70
0 1 0 0 0 0 3366 15036 15038 15048 15040 16 14 14 20 42097 41933 41957 42018 23592 23773 23229 23103 46538 34010 29752 0x7400000162A1D870
0 1 0 0 1 0 3366 15034 15042 15039 15040 14 12 11 13 42014 41897 42018 42096 23660 23805 23429 23189 46368 33956 29665 0x0C0000016290EC70
0 1 0 0 2 0 3366 15046 15048 15039 15042 14 16 19 18 41863 41956 41904 41905 23980 23873 23855 23336 46409 33835 29766 0x6C000001629A6D70
0 1 0 0 3 0 3366 15038 15043 15039 15049 13 17 20 12 42058 42204 42113 42040 24180 24297 24097 23541 46561 34072 29655 0xA200000162B10A70
0 1 0 0 4 0 3366 15036 15047 15042 15041 19 16 19 15 42031 41912 42125 42214 24425 24597 24184 23917 46338 34133 29783 0x3A0000016299B970
0 1 0 0 5 0 3366 15044 15039 15042 15032 13 12 15 12 41968 42053 42089 42031 24461 24512 24234 23943 46512 34064 29726 0x27000001628F1170
0 1 0 0 6 0 3366 15036 15042 15043 15039 14 17 14 13 42077 42174 41887 42076 24115 24361 24087 23969 46547 34303 29765 0x7000000162940170
0 1 0 0 7 0 3366 15042 15033 15041 15038 14 17 14 14 41834 41905 41985 41825 24269 24343 23923 23784 46579 33990 29710 0x1000000162AC3070
0 1 0 0 8 0 3366 15006 15009 15011 15004 11 10 10 12 42127 41991 41904 42181 23926 24124 23708 23712 46444 34215 29786 0x5200000162AC7170
0 1 0 0 9 0 3366 15007 15009 15013 15001 13 10 9 7 41985 42131 42253 42095 23627 24061 23360 23457 46712 34198 29729 0xC100000162850170
0 1 0 0 10 0 3366 15007 15008 15011 15013 11 11 11 13 42045 42030 42124 41973 23256 23706 23191 23331 46655 34244 29666 0x4F00000162B21170
0 1 5 0 0 0 3366 15007 15000 14997 15004 17 14 16 16 41896 42006 41937 41955 23026 22699 22800 22321 46423 34438 29901 0x040000016290A070
0 1 5 0 1 0 3366 15001 15004 15005 15006 15 14 11 12 41816 41834 41977 41765 23577 23579 23410 23108 46557 34344 29841 0x8A000001629FFA70
0 1 5 0 2 0 3366 15004 15004 14994 15004 17 17 13 14 42048 41949 42016 41987 23800 23907 23683 23347 46534 34095 29841 0xD500000162936070
0 1 5 0 3 0 3366 15003 15013 15010 15011 14 9 15 17 41982 41920 41937 41886 24137 24048 23966 23714 46433 34093 29868 0xB800000162979070
0 1 5 0 4 0 3366 15008 15010 15008 15005 11 16 16 13 42159 42083 42140 42125 23919 24255 23847 23676 46584 34194 29760 0xBB00000162A1D270
0 1 5 0 5 0 3366 15002 14998 15008 15012 22 18 18 17 41963 41866 41787 41831 23968 24080 23710 23636 46585 34112 29711 0x4600000162B0EA70
0 1 5 0 6 0 3366 15005 15007 14999 15002 15 14 12 13 41961 42101 42033 42021 23848 24058 23584 23572 46622 34163 29858 0x6900000162AC1A70
0 1 5 0 7 0 3366 15014 15019 15018 15015 17 16 17 15 41957 41931 41874 42091 23616 23966 23421 23535 46531 34310 29883 0xAE000001629FF570
0 1 5 0 8 0 3366 15021 15026 15028 15032 12 11 10 11 41965 41843 41821 41812 23396 23797 23198 23220 46687 34530 29661 0x5B00000162909670
0 1 5 0 9 0 3366 15026 15017 15023 15023 8 14 16 14 41860 42077 42039 41989 22972 23435 22823 22950 46584 34798 29817 0xC600000162B04E70
0 1 5 0 10 0 3366 15026 15030 15025 15022 13 13 8 10 41931 41795 41800 41853 22915 23273 22860 22827 46681 34437 29834 0x7D00000162A65E70
0 1 7 0 0 0 3366 15016 15015 15016 15020 19 20 19 23 41913 41929 41971 42026 22764 22676 22556 22139 46522 34083 29675 0x4000000162A89E70
0 1 7 0 1 0 3366 15022 15014 15011 15021 19 16 19 16 42137 42100 41945 41993 23265 23238 23037 22742 46460 34334 29679 0xF700000162AE6D70
0 1 7 0 2 0 3366 15020 15025 15022 15023 14 20 17 17 41761 41743 41875 42130 23621 23622 23397 23132 46420 34182 29688 0x6A00000162929070
0 1 7 0 3 0 3366 15029 15019 15021 15021 18 14 18 14 42094 42079 42131 42251 23849 24059 23607 23551 46459 34069 29644 0x8E00000162AF5E70
0 1 7 0 4 0 3366 15013 15022 15017 15013 17 14 19 16 42027 42058 42030 41815 23520 23991 23462 23461 46667 34312 29593 0xBD000001629CD070
0 1 7 0 5 0 3366 15015 15018 15015 15023 19 17 17 15 41916 42054 41965 41926 23816 23973 23590 23526 46584 34208 29622 0x480000016296CE70
0 1 7 0 6 0 3366 15018 15016 15013 15021 15 12 13 15 41805 41726 41832 41999 23634 24016 23406 23523 46540 34288 29727 0x1C0000016286AB70
0 1 7 0 7 0 3366 15012 15020 15019 15017 12 14 12 10 41802 41811 41854 41770 23294 23720 23159 23193 46670 34497 29673 0x3000000162A28770
0 1 7 0 8 0 3366 15034 15019 15019 15024 13 16 14 14 41942 42006 41944 42060 23058 23631 22966 23061 46696 34230 29663 0x4C0000016295C370
0 1 7 0 9 0 3366 15017 15014 15026 15020 13 13 10 11 41977 41924 41987 42033 22910 23351 22494 22835 46738 34377 29689 0xCE00000162A08B70
0 1 7 0 10 0 3366 15021 15017 15011 15016 8 10 11 9 41912 41929 41914 41841 22737 23164 22665 22631 46877 34587 29690 0x7E00000162A09E70
0 1 6 0 0 0 3366 15021 15027 15025 15022 23 24 20 19 41991 41956 41922 42107 22855 22826 22669 22282 46322 34149 29686 0x43000001628E5570
0 1 6 0 1 0 3366 15016 15023 15027 15022 17 16 19 19 41846 41917 41902 41895 23356 23393 23144 22967 46450 34292 29784 0x9900000162907370
0 1 6 0 2 0 3366 15015 15017 15022 15019 21 18 19 17 42133 42051 42088 42125 23763 23782 23548 23316 46464 33925 29906 0x9E00000162AABB70
0 1 6 0 3 0 3366 15020 15013 15022 15023 18 20 16 16 42024 41860 41945 41828 24045 24236 23924 23681 46491 34266 29844 0x550000016297A070
0 1 6 0 4 0 3366 15022 15018 15023 15018 13 14 14 14 42019 41930 41992 41905 23761 24150 23595 23580 46591 34133 29846 0xC200000162A2D370
0 1 6 0 5 0 3366 15019 15024 15020 15024 13 14 12 17 41957 42030 42028 42008 23902 23916 23797 23527 46636 34222 29820 0xEF000001628D9970
0 1 6 0 6 0 3366 15023 15023 15020 15023 11 13 32 12 42152 42059 42270 42087 23687 23884 23555 23573 46721 34347 29771 0x690000016285C070
0 1 6 0 7 0 3366 15023 15027 15023 15021 18 14 12 12 42065 42008 41892 41943 23450 23796 23174 23368 46605 34227 29730 0x1200000162923F70
0 1 6 0 8 0 3366 15016 15022 15022 15023 13 10 10 13 42024 42107 42031 42034 23130 23671 23048 23124 46587 34368 29820 0x1B0000016292F670
0 1 6 0 9 0 3366 15025 15028 15028 15026 9 13 12 11 41844 41936 41682 41867 22905 23327 22700 22956 46760 34351 29858 0x4D000001628B5170
0 1 6 0 10 0 3366 15030 15024 15022 15025 14 15 15 12 41860 41749 41917 41752 22773 23151 22667 22686 46747 34348 29812 0xE70000016293C270
# Sector 6 LOG STOP run 01107042 at 1613591094
# Sector 7 LOG START run 01107042 type physics at 1613591109
0 1 9 0 0 0 3366 15022 15026 15022 15017 16 20 14 18 41695 41770 41841 41802 22577 22468 22324 21968 46427 34258 29646 0xE100000162AEC070
0 1 9 0 1 0 3366 15026 15025 15022 15025 21 19 21 33 41818 41786 41770 41705 22999 22922 22844 22663 46516 34103 29738 0x40000001628AA770
0 1 9 0 2 0 3366 15025 15029 15032 15025 17 21 21 18 41929 41913 41987 41837 23315 23341 23195 22947 46457 34191 29592 0x7C00000162B23670
0 1 9 0 3 0 3366 15015 15018 15022 15025 22 15 19 19 42076 42090 41971 42134 23588 23851 23380 23281 46663 34230 29745 0x8C00000162936370
0 1 9 0 4 0 3366 15021 15022 15025 15022 14 22 17 15 42048 42055 41938 42008 23323 23749 23215 23069 46532 34400 29751 0x3700000162ADB070
0 1 9 0 5 0 3366 15022 15017 15021 15017 15 15 12 18 41884 41815 41667 41907 23586 23755 23172 23127 46588 34401 29592 0x7100000162982870
0 1 9 0 6 0 3366 15017 15021 15029 15012 12 11 15 11 41855 41873 41726 41812 23163 23584 22906 22963 46624 34162 29732 0x7B0000016289E770
0 1 9 0 7 0 3366 15027 15032 15026 15019 13 13 12 14 41939 41866 41855 41937 23088 23384 22795 22864 46716 34196 29567 0x050000016285D170
0 1 9 0 8 0 3366 15013 15015 15015 15015 9 10 12 10 41886 41962 41877 42004 22829 23043 22579 22538 46537 34260 29421 0x9600000162919670
0 1 9 0 9 0 3366 15048 15050 15041 15046 11 14 12 13 41802 41814 41812 41745 22613 23012 22436 22447 46624 34301 29668 0x5500000162ACC170
0 1 9 0 10 0 3366 15043 15035 15045 15040 12 10 9 11 41897 41929 41986 41875 22464 22890 22351 22424 46591 34285 29665 0x5A00000162AF1670
0 1 11 0 0 0 3366 15032 15035 15041 15036 14 16 11 18 41813 41819 41766 41776 22480 22307 22312 21772 46563 33925 29952 0xD600000162B2E470
0 1 11 0 1 0 3366 15038 15044 15041 15039 18 17 18 14 41690 41768 41613 41739 22753 23076 22446 22413 46435 34206 29858 0xC6000001629CE970
0 1 11 0 2 0 3366 15030 15029 15032 15029 18 20 16 18 42072 41920 41916 41983 23037 23132 22824 22665 46490 34171 29862 0x7400000162A3EA70
0 1 11 0 3 0 3366 15036 15031 15033 15034 11 12 11 15 41856 41964 42037 41856 23082 23451 22863 22850 46473 34173 30088 0xD000000162A06A70
0 1 11 0 4 0 3366 15032 15038 15034 15042 15 19 15 15 41829 41670 41871 41838 22805 23137 22600 22739 46417 34020 29969 0x1D00000162A73C70
0 1 11 0 5 0 3366 15028 15030 15035 15036 12 13 18 12 41876 41788 41831 41843 23056 23209 22740 22702 46488 33997 30070 0x1F00000162A34B70
0 1 11 0 6 0 3366 15042 15040 15048 15041 10 12 11 11 42028 41912 42034 41768 22863 23140 22609 22604 46593 34090 30015 0x2100000162AE3670
0 1 11 0 7 0 3366 15034 15043 15038 15029 14 12 14 13 41952 42163 42184 41968 22765 23013 22468 22458 46673 34501 29917 0xA700000162AAC370
0 1 11 0 8 0 3366 15050 15044 15051 15046 14 12 9 14 41712 41815 41782 41761 22286 22721 21896 22214 46620 34220 29993 0x4A00000162B2B270
0 1 11 0 9 0 3366 15043 15042 15042 15044 12 14 12 12 41877 41904 41998 41849 22151 22754 22152 22140 46640 34249 29932 0x6500000162905E70
0 1 11 0 10 0 3366 15049 15047 15042 15046 12 13 7 9 41920 41927 41905 42180 22149 22422 22049 21969 46749 34380 30032 0x1A00000162AA3970
0 1 12 0 0 0 3366 15046 15048 15042 15043 17 25 15 22 41960 41822 41909 41881 22237 22108 21936 21623 46577 34294 30037 0xFE00000162A03A70
0 1 12 0 1 0 3366 15046 15046 15048 15047 19 24 21 17 41970 41954 41911 41784 22446 22680 22243 22170 46472 34134 29756 0x6800000162A31870
0 1 12 0 2 0 3366 15018 15040 15044 15026 13 15 18 14 41896 41841 41763 41843 22950 22993 22497 22472 46517 34055 29981 0x6700000162AF4870
0 1 12 0 3 0 3366 15045 15047 15044 15042 13 23 13 13 41976 41986 42004 41966 22973 23320 22475 22628 46435 34370 30006 0x6C00000162856370
0 1 12 0 4 0 3366 15042 15043 15043 15034 17 19 13 15 41942 41827 41920 41804 22956 23205 22460 22511 46621 34049 29990 0x4A00000162A9D870
0 1 12 0 5 0 3366 15040 15040 15045 15045 16 19 21 12 42179 42129 41934 42158 22964 23213 22598 22498 46582 34260 30033 0xD800000162B1B670
0 1 12 0 6 0 3366 15046 15040 15042 15039 15 11 10 10 41969 41916 41954 41904 22750 23151 22299 22592 46594 34082 30022 0x3800000162883A70
0 1 12 0 7 0 3366 15040 15047 15041 15033 15 13 14 11 41614 41854 41830 41836 22606 22895 22171 22371 46479 34204 30014 0x7A00000162920870
0 1 12 0 8 0 3366 15045 15041 15040 15038 14 9 11 14 41813 41847 41864 41860 22300 22744 21887 22068 46597 34298 29926 0xFD000001629FA970
0 1 12 0 9 0 3366 15039 15039 15051 15042 14 14 11 15 41886 41782 41826 41830 22245 22660 22014 22082 46597 34426 30093 0x8C00000162AD7F70
0 1 12 0 10 0 3366 15046 15044 15041 15039 14 16 10 14 41866 41853 41905 42097 21839 22344 21741 21808 46589 34255 29796 0xB400000162AD8270
0 1 14 0 0 0 3366 15038 15036 15042 15046 15 18 20 17 41851 41935 41803 41899 22129 22280 22093 21646 46563 34539 29830 0x7300000162A41570
0 1 14 0 1 0 3366 15025 15026 15021 15031 16 18 14 16 41693 41747 41617 41594 21945 22506 21403 21853 46509 34114 29723 0xBA00000162ADFB70
0 1 14 0 2 0 3366 15017 15024 15026 15026 13 14 13 12 41858 41834 41806 41932 22282 22456 21703 21867 46440 34408 29748 0xB40000016291AC70
0 1 14 0 3 0 3366 15034 15029 15033 15031 11 17 15 14 41877 42067 41952 42027 22560 23061 22222 22477 46516 34288 29947 0x9F00000162878070
0 1 14 0 4 0 3366 15029 15024 15029 15031 13 13 9 13 41675 41609 41767 41788 22290 22592 21977 22167 46520 34109 29806 0xFE0000016296EE70
0 1 14 0 5 0 3366 15054 15045 15045 15040 16 13 14 15 41864 42001 41885 41854 22354 22611 21987 22048 46554 34238 29858 0x5D0000016290A370
0 1 14 0 6 0 3366 15044 15040 15038 15044 12 13 13 12 41837 41819 41856 41822 22397 22655 22009 22135 46707 34224 29874 0xD900000162921370
0 1 14 0 7 0 3366 15014 15019 15017 15021 14 12 8 12 41817 41888 41907 41891 22214 22376 21781 21930 46497 34139 29882 0x2F00000162943770
0 1 14 0 8 0 3366 15024 15019 15019 15021 14 14 10 14 41917 41873 41997 41839 21996 22404 21763 21881 46574 34621 29833 0xCE0000016287CF70
0 1 14 0 9 0 3366 15021 15033 15026 15020 12 12 12 10 41897 41801 41727 41878 21982 22359 21706 21794 46649 34281 29886 0x4C00000162A54170
0 1 14 0 10 0 3366 15055 15057 15049 15052 8 11 8 8 42058 41998 41979 41883 21512 21779 21253 21460 46754 34391 29820 0x4E0000016290AD70
0 1 13 0 0 0 3366 15050 15044 15046 15036 16 17 17 15 41653 41692 41666 41698 22276 22229 21967 21611 46459 34168 29730 0xD600000162B0D670
0 1 13 0 1 0 3366 15044 15056 15041 15041 16 18 11 12 41952 41951 41818 42001 22304 22661 21826 22059 46559 34095 29683 0x8700000162A01070
0 1 13 0 2 0 3366 15043 15039 15046 15044 19 22 20 19 42103 42000 41989 41921 22673 22964 22213 22364 46457 34100 29851 0xFB0000016299CA70
0 1 13 0 3 0 3366 15049 15046 15044 15038 14 15 14 15 41840 41928 41928 41986 22645 23022 22277 22532 46574 34331 29727 0xCF00000162A74170
0 1 13 0 4 0 3366 15045 15044 15050 15045 12 11 15 18 41808 41915 41832 41912 22732 22797 22307 22328 46649 34153 29701 0x2A000001628CD570
0 1 13 0 5 0 3366 15043 15050 15043 15049 12 13 11 11 41716 41709 41817 41860 22760 22936 22235 22175 46686 34093 29864 0xC000000162A49670
0 1 13 0 6 0 3366 15039 15051 15041 15036 11 12 9 11 41891 41883 41778 41876 22562 22925 22193 22283 46677 34364 29788 0x5000000162915570
0 1 13 0 7 0 3366 15041 15048 15039 15037 10 10 9 9 41886 41860 41578 41925 22491 22631 22182 22228 46560 34332 29807 0x33000001629A5B70
0 1 13 0 8 0 3366 15041 15043 15047 15036 14 10 7 14 41882 41920 41779 41942 22222 22722 21925 22065 46694 34354 29827 0x000000016293AD70
0 1 13 0 9 0 3366 15040 15033 15040 15004 10 11 7 10 41949 41884 41806 42017 22132 22519 22007 21969 46653 34449 29852 0x28000001628FED70
0 1 13 0 10 0 3366 15040 15040 15040 15037 8 12 10 11 41675 41755 41688 41748 21951 22243 21607 21635 46821 34346 29930 0xCF00000162919570
0 1 8 0 0 0 3366 15022 15015 15020 15017 21 27 20 23 41946 42058 41932 41964 22722 22576 22437 22061 46551 34410 29648 0x64000001629C7770
0 1 8 0 1 0 3366 15022 15020 15032 15020 20 15 24 18 41933 41808 41803 41734 23147 23166 23028 22717 46564 34065 29711 0x3500000162A64070
0 1 8 0 2 0 3366 15022 15020 15019 15020 18 20 23 17 41834 41803 41754 41646 23524 23619 23362 23081 46546 34191 29741 0xC8000001628C1970
0 1 8 0 3 0 3366 15024 15021 15034 15019 13 14 15 15 42205 42204 42230 42133 23734 23953 23553 23409 46477 34337 29696 0xC5000001629C7F70
0 1 8 0 4 0 3366 15017 15022 15022 15023 13 13 15 14 41918 41869 41789 41940 23540 23943 23352 23280 46435 34172 29649 0x94000001629A6670
0 1 8 0 5 0 3366 15026 15018 15016 15030 15 15 12 17 41891 41862 41882 41876 23583 23921 23351 23358 46541 34311 29618 0x9800000162983E70
0 1 8 0 6 0 3366 15019 15016 15024 15023 8 8 8 9 42148 42078 42142 42048 23351 23723 23108 23235 46588 34354 29545 0xA8000001628B2D70
0 1 8 0 7 0 3366 15016 15030 15016 15022 10 12 13 12 41903 41950 41955 42094 23258 23515 23019 23087 46602 34317 29649 0x2A00000162A16B70
0 1 8 0 8 0 3366 15021 15028 15035 15031 13 12 11 13 41960 41962 41902 41931 23087 23354 22846 22733 46659 34306 29627 0xDC0000016292B070
0 1 8 0 9 0 3366 15027 15034 15028 15028 12 13 13 10 41966 41824 41778 41865 22585 23133 22468 22613 46745 34243 29647 0x6D00000162AB7370
0 1 8 0 10 0 3366 15033 15032 15031 15026 10 7 8 7 41851 41886 41766 41847 22589 23037 22539 22565 46733 34174 29631 0x3F0000016294AF70
0 1 10 0 0 0 3366 15034 15033 15035 15036 18 18 15 15 41849 41778 41791 41877 22409 22202 22226 21808 46448 34117 29931 0x5C00000162A4C070
0 1 10 0 1 0 3366 15032 15034 15040 15030 13 16 16 12 41673 41846 41678 41648 22755 22781 22561 22426 46470 34092 29899 0x3A00000162AC4670
0 1 10 0 2 0 3366 15032 15028 15034 15028 20 12 16 16 41844 42063 41967 41976 23110 23251 22903 22831 46577 33913 30030 0x1800000162B14070
0 1 10 0 3 0 3366 15029 15033 15033 15033 19 19 12 14 41783 41805 41805 41885 23369 23713 23052 23209 46537 34031 29930 0x0A00000162AEC570
0 1 10 0 4 0 3366 15035 15039 15030 15033 15 15 14 15 41799 41814 41763 41870 23009 23340 22779 22777 46596 34162 29944 0xD400000162A27E70
0 1 10 0 5 0 3366 15033 15032 15036 15025 15 16 13 13 41914 41968 42050 41925 23128 23437 22981 22910 46567 34235 29907 0x900000016290BA70
0 1 10 0 6 0 3366 15039 15041 15034 15035 18 14 14 16 41973 42083 42004 42097 22855 23231 22732 22817 46687 34111 29977 0x28000001629D5670
0 1 10 0 7 0 3366 15036 15034 15037 15035 13 16 11 15 41944 41861 41912 42030 22879 23159 22628 22681 46614 34206 30010 0xDE000001629C3D70
0 1 10 0 8 0 3366 15044 15044 15041 15038 15 12 13 12 41802 41901 41714 41820 22411 22868 22289 22376 46602 34318 29912 0x150000016294D970
0 1 10 0 9 0 3366 15044 15049 15041 15043 13 12 11 13 41989 41940 42005 41951 22418 22849 22243 22279 46568 34181 29941 0x0000000162AAFE70
0 1 10 0 10 0 3366 15044 15044 15041 15040 7 8 11 10 41995 41946 41975 41977 22137 22546 22091 22158 46645 34690 29997 0x8A00000162AF7870
# Sector 7 LOG STOP run 01107042 at 1613591116
# Sector 8 LOG START run 01107042 type physics at 1613591121
0 1 20 0 0 0 3366 15038 15041 15033 15040 0 4 11 9 41969 41929 42036 42064 23286 23348 23349 23010 46376 34053 29601 0x5600000162907970
0 1 20 0 1 0 3366 15040 15040 15039 15039 13 14 15 11 41859 41891 42009 41819 23354 23473 23529 23021 46393 33968 29857 0x91000001629FB870
0 1 20 0 2 0 3366 15039 15035 15038 15034 14 17 14 14 41823 42053 42023 41945 23643 23737 23702 23105 46451 34062 29675 0x6000000162992C70
0 1 20 0 3 0 3366 15041 15038 15040 15039 14 18 17 11 41816 41905 41869 41863 23901 24020 23912 23551 46383 33992 29616 0xB000000162ACBD70
0 1 20 0 4 0 3366 15044 15039 15033 15041 15 15 15 14 42131 42226 42182 42319 24140 24366 24186 23824 46464 34083 29747 0x85000001629D3470
0 1 20 0 5 0 3366 15041 15040 15034 15036 13 12 17 15 42174 42203 42063 42178 24048 24233 23999 23871 46536 34022 29790 0x8E00000162A79670
0 1 20 0 6 0 3366 15041 15037 15042 15038 13 9 11 11 42182 42103 42109 42071 24095 24391 24202 24040 46541 34183 29803 0x1600000162AE3770
0 1 20 0 7 0 3366 15048 15043 15038 15050 13 10 8 12 42012 42065 42092 42128 23874 24092 23844 23790 46590 33997 29854 0xE500000162ADCD70
0 1 20 0 8 0 3366 15046 15047 15045 15033 13 12 12 10 42034 42025 41911 42021 23838 24103 23945 23785 46596 34511 29713 0x7C00000162B11D70
0 1 20 0 9 0 3366 15036 15042 15037 15037 9 11 9 11 41923 41959 41991 41875 23365 23771 23361 23487 46735 34238 29767 0x8100000162B0AC70
0 1 20 0 10 0 3366 15039 15038 15043 15040 10 10 15 15 41955 41874 41843 41891 23161 23468 23101 23144 46750 34150 29778 0x0800000162991B70
0 1 18 0 0 0 3366 8956 8944 8946 8949 125 138 125 142 42586 42597 42644 42723 21656 21847 21657 21533 46616 34143 29844 0x7700000162B2EC70
0 1 18 0 1 0 3366 8946 8951 8942 8946 102 109 88 112 42566 42626 42576 42767 21342 21672 21277 21328 46571 34174 29814 0xF700000162892970
0 1 18 0 2 0 3366 8951 8942 8953 8951 94 84 94 93 42696 42553 42562 42728 21602 21836 21614 21518 46505 34300 29869 0x5B000001628CB370
0 1 18 0 3 0 3366 8946 8951 8944 8949 69 93 84 89 42795 42828 42655 42766 21877 22174 21856 21698 46651 34247 29767 0xDC000001628F8C70
0 1 18 0 4 0 3366 8953 8949 8960 8960 84 84 85 98 42863 42829 42923 42911 21880 22343 21800 21804 46671 34340 29865 0x1C0000016287B270
0 1 18 0 5 0 3366 8956 8949 8946 8956 62 60 59 62 42846 42845 42723 42761 21713 21906 21688 21539 46579 34316 29917 0xE500000162992B70
0 1 18 0 6 0 3366 8956 8946 8956 8953 57 63 68 52 42972 42899 42695 42846 21423 21961 21293 21529 46533 34240 29782 0xF600000162862B70
0 1 18 0 7 0 3366 8951 8946 8949 8951 72 60 55 58 42757 42625 42789 42786 21634 21847 21367 21256 46660 34024 29837 0x3100000162AEAE70
0 1 18 0 8 0 3366 8960 8960 8963 8951 63 69 63 65 42888 43066 42776 42832 21311 21811 21261 21323 46748 34125 29797 0x2A00000162992170
0 1 18 0 9 0 3366 8949 8956 8949 8953 60 69 52 56 42884 42958 42995 42917 21535 21691 21275 21116 46767 34635 29820 0x9800000162AB9770
0 1 18 0 10 0 3366 8946 8953 8958 8953 48 38 43 45 42912 42900 42922 42984 21279 21588 21264 21117 46717 34957 29932 0x20000001629A5570
0 1 19 0 0 0 3366 8937 8937 8932 8935 105 158 2005 143 42889 42667 41714 42737 21686 21812 21804 21740 46555 34218 29753 0x2500000162A2BC70
0 1 19 0 1 0 3366 8932 8930 8935 8930 93 114 104 105 42778 42794 42697 42835 21617 21811 21742 21632 46499 33995 29853 0x2000000162AFAA70
0 1 19 0 2 0 3366 8935 8935 8935 8939 89 88 87 108 42953 43025 42896 42951 21882 21961 21974 21787 46508 34240 29846 0xD100000162893570
0 1 19 0 3 0 3366 8942 8949 8942 8953 97 490 65535 85 42786 42497 5661 42735 21911 22081 22764 21867 46449 34210 29769 0x5700000162A07E70
0 1 19 0 4 0 3366 8951 8942 8942 8942 83 80 84 58 42817 42855 42831 42786 21819 22010 21937 21846 46557 34409 29749 0x6000000162A35470
0 1 19 0 5 0 3366 8942 8951 8942 8951 80 80 75 76 42586 42688 42713 42810 21770 22135 21815 21837 46563 34469 29958 0xEF00000162A02770
0 1 19 0 6 0 3366 8939 8951 8942 8942 72 74 72 82 42973 42992 42922 42934 21551 21778 21486 21496 46703 34337 29944 0xDC0000016295FF70
0 1 19 0 7 0 3366 8939 8949 8949 8958 63 90 64 68 42783 42883 42798 42772 21412 21613 21465 21334 46706 34393 29795 0x8D000001628CE870
0 1 19 0 8 0 3366 8951 8953 8953 8949 56 61 60 70 42647 42700 42668 42696 21376 21559 21199 21372 46667 34179 29850 0x2700000162910670
0 1 19 0 9 0 3366 8951 8939 8942 8944 61 54 58 55 42743 42758 42694 42635 21152 21151 21265 20980 46715 34471 29899 0x7900000162A02E70
0 1 19 0 10 0 3366 8944 8942 8946 8953 65 78 55 96 42906 42652 42794 42686 21323 21433 21300 21205 46728 34329 29837 0xC5000001628BB970
0 1 22 0 0 0 3366 14999 14998 15001 14998 23 22 18 20 41828 41834 42053 41876 23036 22909 22850 22494 46547 34167 29811 0xA0000001629CA770
0 1 22 0 1 0 3366 15006 15003 14999 15005 13 18 11 19 41861 41939 41929 41945 23537 23615 23323 23082 46524 34296 29729 0x6800000162ABD070
0 1 22 0 2 0 3366 15009 15002 15003 14991 12 19 12 13 41958 41935 42058 42014 23716 23831 23707 23257 46486 34056 29792 0x4200000162A04570
0 1 22 0 3 0 3366 14993 15000 14995 15002 17 16 14 18 41869 42051 41976 41971 24208 24230 23946 23374 46474 34562 29784 0x3100000162A66670
0 1 22 0 4 0 3366 14999 14994 14992 14994 20 17 14 16 42081 41897 41888 41942 24111 24267 23862 23740 46526 34192 29784 0xE50000016288BB70
0 1 22 0 5 0 3366 15008 15000 14994 15012 20 15 17 18 41858 41948 42029 42039 24205 24437 24105 23928 46614 34107 29757 0x1F000001629C4E70
0 1 22 0 6 0 3366 14996 14993 14994 14990 13 12 14 15 41993 41997 42053 41962 24144 24400 23875 23768 46584 34029 29783 0xB2000001629D3570
0 1 22 0 7 0 3366 15005 15000 15001 15011 10 10 11 13 42117 41979 42017 42061 23727 24234 23725 23772 46615 34251 29798 0x910000016285CB70
0 1 22 0 8 0 3366 14998 14997 14998 14996 12 13 9 26 41966 41834 41842 41836 23645 24013 23478 23487 46669 34295 29802 0x02000001628AE670
0 1 22 0 9 0 3366 15001 14997 14994 14993 10 12 13 11 42093 41897 42091 41865 23048 23470 22856 23220 46715 34297 29735 0xF200000162AFD770
0 1 22 0 10 0 3366 15006 15005 14999 15005 9 17 14 12 41844 41830 41807 41750 22888 23320 22726 23003 46696 34390 29876 0xD000000162AFED70
0 1 22 1 0 0 3366 15048 15045 15040 15038 16 14 15 18 41792 41615 41634 41696 21830 21935 21813 21544 46543 34070 29758 0xBE0000016291F370
0 1 22 1 1 0 3366 15029 15035 15029 15027 13 14 13 15 41777 41709 41749 41634 21543 21972 21508 21470 46618 34088 29778 0x80000001629D9770
0 1 22 1 2 0 3366 15025 15021 15023 15023 10 14 11 14 42033 41880 41904 41767 21842 22292 21570 21612 46536 34398 29758 0xC30000016296B070
0 1 22 1 3 0 3366 15024 15018 15036 15021 13 14 15 12 41961 41940 41874 41802 22277 22762 21988 22005 46528 34417 29904 0x78000001628C0C70
0 1 22 1 4 0 3366 15028 15028 15021 15029 13 15 13 11 41880 42001 41782 41780 22093 22689 22093 21933 46518 34167 29832 0x8500000162A23170
0 1 22 1 5 0 3366 15050 15045 15043 15046 15 13 12 13 41770 41993 42008 41924 21953 22282 21777 21825 46701 34211 29783 0x25000001628B6670
0 1 22 1 6 0 3366 15047 15040 15045 15046 12 13 10 13 41854 41946 41874 41888 21937 22320 21518 21843 46601 34437 29781 0x61000001628D4470
0 1 22 1 7 0 3366 15021 15023 15017 15018 10 13 10 9 41863 41706 41776 41775 21892 22362 21755 21876 46664 34206 29855 0xE800000162A5EA70
0 1 22 1 8 0 3366 15030 15028 15025 15021 8 10 11 12 41881 41857 41847 41879 21654 21992 21353 21475 46862 34443 29852 0xE100000162AFD970
0 1 22 1 9 0 3366 15027 15023 15023 15030 10 11 12 13 41636 41800 41845 41560 21936 22292 21747 21656 46711 34333 29793 0xE30000016293E470
0 1 22 1 10 0 3366 15058 15055 15057 15056 9 9 9 11 41651 41828 41805 41656 21422 21993 21572 21440 46813 34466 29791 0x75000001628BAC70
# Sector 8 LOG STOP run 01107042 at 1613591135
# Sector 9 LOG START run 01107042 type physics at 1613591103
1 1 4 1 0 0 13464 14919 14949 0 0 2 1 0 0 46739 46697 0 0 18683 18797 0 0 46778 34356 29776 0xFD0000012C8BA070
1 1 4 1 1 0 13464 14864 15025 0 0 5 7 0 0 46667 46701 0 0 18848 18864 0 0 46903 34402 29752 0x1B00000162A42270
1 1 4 1 2 0 13464 14983 15009 0 0 10 9 0 0 46800 46772 0 0 18957 19152 0 0 46832 34684 29697 0xA00000012CA25F70
1 1 4 1 3 0 13464 14950 15013 0 0 5 11 0 0 46690 46654 0 0 19162 19245 0 0 46932 34770 29767 0x9B0000012CB19670
1 1 4 1 4 0 13464 14969 14892 0 0 7 6 0 0 46868 46852 0 0 19212 19306 0 0 46801 34709 29743 0x160000012CAFCA70
1 1 4 1 5 0 13464 14972 14923 0 0 11 4 0 0 46848 46750 0 0 19215 19206 0 0 46894 34844 29797 0x260000012C924C70
1 1 4 1 6 0 13464 14977 14901 0 0 8 5 0 0 47029 46997 0 0 19108 19228 0 0 46867 34559 29811 0xB00000012CAF7270
1 1 4 1 7 0 13464 15057 14973 0 0 9 7 0 0 46979 46943 0 0 19176 19221 0 0 47072 34562 29787 0x760000012C939F70
1 1 4 1 8 0 13464 14866 14890 0 0 6 7 0 0 46707 46740 0 0 19116 19306 0 0 46960 34739 29630 0xEB0000012CA3CE70
1 1 4 1 9 0 13464 14989 14871 0 0 9 6 0 0 46914 46896 0 0 19134 19146 0 0 46982 34447 29759 0x0500000162AC0B70
1 1 4 1 10 0 13464 14861 14861 0 0 6 5 0 0 46792 46655 0 0 19147 19262 0 0 47021 34334 29716 0x69000001629ACE70
1 1 4 1 11 0 13464 14947 14964 0 0 6 6 0 0 46864 46818 0 0 19178 19061 0 0 46975 34404 29780 0xF9000001629AF270
1 1 4 1 12 0 13464 14905 14854 0 0 7 4 0 0 46895 46775 0 0 19114 19171 0 0 47003 34686 29846 0x790000016296FA70
1 1 6 0 0 0 13464 14954 14863 0 0 1 1 0 0 46678 46820 0 0 19530 19685 0 0 47052 34941 29856 0x3F0000012CB30F70
1 1 6 0 1 0 13464 14909 14962 0 0 9 12 0 0 46828 46809 0 0 19816 19642 0 0 47089 34651 29905 0x880000012CB2B370
1 1 6 0 2 0 13464 14917 15070 0 0 10 16 0 0 46790 46798 0 0 20073 20076 0 0 47097 34823 29769 0x930000012C991970
1 1 6 0 3 0 13464 15069 15076 0 0 16 15 0 0 46862 46768 0 0 20303 19912 0 0 47033 34912 29746 0xAD0000012CAE1C70
1 1 6 0 4 0 13464 15035 14909 0 0 9 2 0 0 46957 46978 0 0 20119 20012 0 0 46900 34847 29832 0xDD0000012C8DDF70
1 1 6 0 5 0 13464 14945 14873 0 0 10 7 0 0 46954 46954 0 0 20221 20191 0 0 47032 34511 29915 0xE20000012CAAD670
1 1 6 0 6 0 13464 14969 14900 0 0 6 3 0 0 46788 46786 0 0 20063 20107 0 0 46958 34908 29937 0x350000012C8C5570
1 1 6 0 7 0 13464 14814 14958 0 0 4 7 0 0 46784 46791 0 0 19935 19863 0 0 46926 34898 29834 0xCC0000012C8A8D70
1 1 6 0 8 0 13464 14865 14951 0 0 7 9 0 0 46832 46868 0 0 20047 20101 0 0 46986 35205 29822 0x060000012CAC7970
1 1 6 0 9 0 13464 14888 15031 0 0 5 12 0 0 46806 46824 0 0 20008 20116 0 0 47130 34634 29834 0x450000012CA33A70
1 1 6 0 10 0 13464 14913 14966 0 0 7 7 0 0 46977 47045 0 0 20067 20076 0 0 47146 34299 29840 0xAF000001629F7070
1 1 6 0 11 0 13464 14845 14964 0 0 5 6 0 0 46848 46994 0 0 19890 20057 0 0 47084 34690 29915 0x6200000162AEF270
1 1 6 0 12 0 13464 14942 14930 0 0 7 7 0 0 46942 46995 0 0 19970 20069 0 0 47120 34672 29840 0xC9000001629F3E70
1 1 2 0 0 0 13464 15049 14866 0 0 1 1 0 0 46937 47011 0 0 19264 19328 0 0 46928 34414 29804 0xA20000012C97B370
1 1 2 0 1 0 13464 15048 14950 0 0 13 10 0 0 46872 46857 0 0 19522 19570 0 0 46809 34273 29726 0xF80000012CB06270
1 1 2 0 2 0 13464 14859 14882 0 0 8 7 0 0 46842 47012 0 0 19510 19664 0 0 46850 34603 29779 0x7C00000162900F70
1 1 2 0 3 0 13464 14891 14930 0 0 11 7 0 0 46993 47089 0 0 19700 19670 0 0 46886 34536 29747 0xF80000012C98A170
1 1 2 0 4 0 13464 14849 14918 0 0 6 8 0 0 46844 46769 0 0 19774 19749 0 0 46768 34654 29801 0xDA0000012C960570
1 1 2 0 5 0 13464 14851 14955 0 0 6 5 0 0 46986 47004 0 0 19877 19867 0 0 46958 34533 29833 0x520000012CA45D70
1 1 2 0 6 0 13464 14819 14966 0 0 3 9 0 0 46909 46923 0 0 19805 19796 0 0 46912 34888 29809 0x0E0000012C9AE170
1 1 2 0 7 0 13464 14942 14956 0 0 6 3 0 0 46836 46806 0 0 19782 19750 0 0 46797 34865 29827 0x230000012C9F5A70
1 1 2 0 8 0 13464 15057 14830 0 0 15 7 0 0 46834 46838 0 0 19870 19771 0 0 46910 34775 29789 0x170000012CA69E70
1 1 2 0 9 0 13464 14940 15012 0 0 11 5 0 0 46817 46774 0 0 19915 19805 0 0 46994 34567 29747 0x780000012C888C70
1 1 2 0 10 0 13464 14868 14956 0 0 6 7 0 0 46840 46949 0 0 19872 19930 0 0 46968 34732 29762 0xF60000012C9F9770
1 1 2 0 11 0 13464 14941 14942 0 0 7 6 0 0 46866 46794 0 0 19746 19824 0 0 46951 34556 29743 0x2E00000162AFD370
1 1 2 0 12 0 13464 14900 15004 0 0 9 8 0 0 46961 47008 0 0 19818 19936 0 0 46953 34744 29737 0xE900000162864F70
1 1 1 1 0 0 13464 14946 14888 0 0 0 0 0 0 46742 46844 0 0 19139 19284 0 0 47012 34299 29810 0xB30000012C91F870
1 1 1 1 1 0 13464 14871 14959 0 0 7 12 0 0 46807 46719 0 0 19565 19501 0 0 46905 34435 29757 0xE10000012CB03370
1 1 1 1 2 0 13464 14829 14842 0 0 5 6 0 0 46866 46814 0 0 19487 19588 0 0 46782 34918 29809 0xCB0000016234E970
1 1 1 1 3 0 13464 14863 14863 0 0 12 9 0 0 46881 46834 0 0 19638 19678 0 0 46934 34926 29735 0x770000012CAE2D70
1 1 1 1 4 0 13464 14864 14963 0 0 7 8 0 0 46893 46921 0 0 19686 19733 0 0 46775 34361 29785 0xBE000001629D5F70
1 1 1 1 5 0 13464 14927 14955 0 0 5 9 0 0 47048 47019 0 0 19734 19729 0 0 46928 34374 29888 0x77000001629F5270
1 1 1 1 6 0 13464 14844 14897 0 0 6 8 0 0 46682 46706 0 0 19767 19791 0 0 46827 34833 29754 0xC20000012C89DF70
1 1 1 1 7 0 13464 14848 14872 0 0 6 7 0 0 46806 46884 0 0 19834 19797 0 0 46881 34945 29789 0x8D00000162AAB570
1 1 1 1 8 0 13464 14851 14865 0 0 3 4 0 0 46766 46845 0 0 19767 19813 0 0 46981 34843 29673 0xC90000016235E370
1 1 1 1 9 0 13464 14850 14925 0 0 6 8 0 0 46787 46709 0 0 19766 19824 0 0 46927 34659 29742 0x7B0000012CAB3A70
1 1 1 1 10 0 13464 15015 14840 0 0 10 6 0 0 46900 46917 0 0 19861 19608 0 0 47082 34541 29763 0xD00000012C87CA70
1 1 1 1 11 0 13464 14967 14844 0 0 11 4 0 0 46849 46859 0 0 19710 19680 0 0 47058 34554 29824 0xED00000162AACE70
1 1 1 1 12 0 13464 14878 14994 0 0 8 9 0 0 47141 47040 0 0 19631 19679 0 0 47005 34474 29900 0xE200000162A1D170
1 1 5 0 0 0 13464 14895 14960 0 0 1 1 0 0 46959 46936 0 0 18861 18854 0 0 46958 34545 29808 0x060000012C960170
1 1 5 0 1 0 13464 14900 14950 0 0 10 8 0 0 46876 43804 0 0 19020 18981 0 0 47030 35042 30000 0x320000012C9B2370
1 1 5 0 2 0 13464 14886 14950 0 0 7 9 0 0 46678 46758 0 0 19005 19130 0 0 47058 34954 29806 0xE50000016231C470
1 1 5 0 3 0 13464 14881 14984 0 0 4 7 0 0 46845 46761 0 0 19133 19302 0 0 46917 34549 29937 0x580000012C89BC70
1 1 5 0 4 0 13464 14969 14988 0 0 9 10 0 0 46848 46808 0 0 19247 19339 0 0 47060 34694 29940 0x050000012C8DFD70
1 1 5 0 5 0 13464 14896 14986 0 0 7 10 0 0 46689 46659 0 0 19366 19393 0 0 47032 34778 29908 0xF6000001622FDD70
1 1 5 0 6 0 13464 14967 14943 0 0 6 6 0 0 46824 46750 0 0 19236 19315 0 0 46928 34673 29915 0x6000000162A50270
1 1 5 0 7 0 13464 14940 14961 0 0 5 6 0 0 47014 47115 0 0 19233 19292 0 0 47016 34566 30043 0x380000012C8AEC70
1 1 5 0 8 0 13464 14976 14951 0 0 5 8 0 0 46867 46969 0 0 19272 19286 0 0 47028 34607 29984 0x36000001629BE170
1 1 5 0 9 0 13464 15053 14905 0 0 11 8 0 0 46860 46645 0 0 19243 19363 0 0 47018 34725 29953 0xFB00000162287D70
1 1 5 0 10 0 13464 14994 14861 0 0 7 6 0 0 46912 46904 0 0 19156 19313 0 0 47161 34805 29937 0xF3000001615B6670
1 1 5 0 11 0 13464 14970 14872 0 0 6 6 0 0 46792 46779 0 0 19160 19326 0 0 47127 34580 29936 0x1500000162939670
1 1 5 0 12 0 13464 14866 14887 0 0 5 5 0 0 47147 46979 0 0 19180 19310 0 0 47121 34574 29885 0x6B00000162B13570
1 1 3 0 0 0 13464 14834 14992 0 0 0 0 0 0 46808 46723 0 0 18734 18944 0 0 47011 34959 29980 0x3D00000162273970
1 1 3 0 1 0 13464 14904 15075 0 0 11 15 0 0 46939 46635 0 0 19081 19143 0 0 46919 34549 29997 0xE000000162A1C270
1 1 3 0 2 0 13464 14928 14878 0 0 11 9 0 0 46713 46864 0 0 19246 19169 0 0 47054 34823 29894 0x0B0000012C8BD270
1 1 3 0 3 0 13464 14867 14838 0 0 8 7 0 0 46948 47014 0 0 19183 19444 0 0 46984 34588 30001 0xE30000016292FD70
1 1 3 0 4 0 13464 15020 14950 0 0 17 9 0 0 46859 46847 0 0 19395 19450 0 0 47012 34695 29913 0x8F0000012CA28A70
1 1 3 0 5 0 13464 15028 14830 0 0 11 6 0 0 46878 46890 0 0 19434 19485 0 0 47013 34907 29894 0xE60000012C94EC70
1 1 3 0 6 0 13464 14939 14936 0 0 5 5 0 0 46848 46943 0 0 19474 19503 0 0 46805 34619 29898 0xD30000012C8CBF70
1 1 3 0 7 0 13464 14918 14842 0 0 6 7 0 0 46987 46921 0 0 19391 19436 0 0 47028 34556 29932 0xEF0000012CB42E70
1 1 3 0 8 0 13464 14949 14974 0 0 9 8 0 0 46918 46880 0 0 19253 19433 0 0 47010 34715 29933 0x150000012C890170
1 1 3 0 9 0 13464 14859 15018 0 0 5 5 0 0 46823 46763 0 0 19347 19507 0 0 46974 34678 29927 0x270000012C8DC770
1 1 3 0 10 0 13464 14866 14873 0 0 7 7 0 0 47011 46973 0 0 19314 19450 0 0 46986 34281 29826 0x4E0000012C9AB370
1 1 3 0 11 0 13464 14939 14894 0 0 4 6 0 0 46662 46813 0 0 19271 19445 0 0 47029 34959 29952 0xD1000001628A1E70
1 1 3 0 12 0 13464 14885 14846 0 0 5 5 0 0 46745 46776 0 0 19265 19426 0 0 47069 34566 29865 0xE900000162A47670
1 1 7 0 0 0 13464 15028 14955 0 0 0 0 0 0 46671 46652 0 0 18610 18661 0 0 46886 34523 29687 0x780000012C9B2E70
1 1 7 0 1 0 13464 15062 14948 0 0 11 5 0 0 46663 46654 0 0 18567 18690 0 0 46839 34732 29659 0x7C0000012C9A1170
1 1 7 0 2 0 13464 14921 14886 0 0 7 9 0 0 46856 46880 0 0 18945 18911 0 0 46977 34656 29841 0x390000012C87DC70
1 1 7 0 3 0 13464 14984 15032 0 0 10 10 0 0 46732 46652 0 0 19016 19056 0 0 46854 34384 29762 0x3E0000012CAFAF70
1 1 7 0 4 0 13464 14986 14997 0 0 9 13 0 0 46852 46753 0 0 19080 19103 0 0 46908 34491 29738 0xA80000012C938870
1 1 7 0 5 0 13464 15002 14956 0 0 10 7 0 0 46549 46779 0 0 19188 19152 0 0 46876 34872 29855 0xA2000001622B5570
1 1 7 0 6 0 13464 14970 15045 0 0 8 8 0 0 46678 46731 0 0 19079 19081 0 0 46929 34539 29713 0x7E0000012C91E170
1 1 7 0 7 0 13464 15070 14941 0 0 8 5 0 0 46667 46625 0 0 18956 19112 0 0 46991 34843 29791 0x100000012C992B70
1 1 7 0 8 0 13464 14953 14956 0 0 6 8 0 0 46851 46808 0 0 19053 19172 0 0 46998 34744 29792 0xB80000012CA5C470
1 1 7 0 9 0 13464 15036 14912 0 0 6 4 0 0 46791 46856 0 0 19048 19115 0 0 46973 34361 29800 0xDE00000162AF9470
1 1 7 0 10 0 13464 15061 14952 0 0 9 5 0 0 46712 46659 0 0 19063 19042 0 0 47025 34781 29863 0x620000012C911370
1 1 7 0 11 0 13464 15044 14883 0 0 6 5 0 0 46829 46889 0 0 19097 19004 0 0 46933 34642 29774 0xF7000001628D4D70
1 1 7 0 12 0 13464 14955 14939 0 0 9 8 0 0 46750 46574 0 0 19069 18990 0 0 47053 34321 29833 0x5B00000162B09D70
1 1 0 0 0 0 13464 14997 14960 0 0 0 0 0 0 46936 47035 0 0 19410 19357 0 0 46922 34518 29832 0xC80000012CA43E70
1 1 0 0 1 0 13464 14912 14916 0 0 11 9 0 0 46824 46844 0 0 19712 19643 0 0 46907 34462 29796 0x520000012C88FA70
1 1 0 0 2 0 13464 14944 14964 0 0 10 13 0 0 46920 46866 0 0 19806 19723 0 0 47118 34523 29858 0xE00000012C88FC70
1 1 0 0 3 0 13464 14841 14929 0 0 5 7 0 0 46929 46856 0 0 19802 19921 0 0 46975 34811 29885 0x0200000162328070
1 1 0 0 4 0 13464 14961 14922 0 0 9 9 0 0 46991 46905 0 0 19945 19991 0 0 46982 34813 29827 0xC00000012CB2AD70
1 1 0 0 5 0 13464 14944 14984 0 0 14 16 0 0 46637 46760 0 0 19979 20051 0 0 47041 34733 29792 0x2A0000012C894C70
1 1 0 0 6 0 13464 14957 14865 0 0 9 4 0 0 46915 46911 0 0 19787 19913 0 0 46920 34528 29713 0xE40000012C909B70
1 1 0 0 7 0 13464 14856 14958 0 0 8 12 0 0 46847 46842 0 0 19889 19925 0 0 46969 34926 29807 0x4000000161500670
1 1 0 0 8 0 13464 14998 15056 0 0 6 9 0 0 46704 46720 0 0 19780 19796 0 0 47004 35034 29868 0x580000012CA34D70
1 1 0 0 9 0 13464 14859 14910 0 0 8 6 0 0 46802 46906 0 0 19735 19854 0 0 46984 34954 29899 0x700000012C92B370
1 1 0 0 10 0 13464 14878 14973 0 0 10 14 0 0 46839 46785 0 0 19856 20015 0 0 47105 34684 29899 0x880000012C874C70
1 1 0 0 11 0 13464 14956 14838 0 0 11 5 0 0 46877 46898 0 0 19781 20036 0 0 47154 34508 29865 0xC100000162A24570
1 1 0 0 12 0 13464 14921 14864 0 0 10 5 0 0 47044 47035 0 0 19995 19983 0 0 47129 34566 29840 0x9F00000162869970
# Sector 9 LOG STOP run 01107042 at 1613591109
# Sector 10 LOG START run 01107042 type physics at 1613591121
1 1 8 0 0 0 13464 14949 14937 0 0 11 9 0 0 46688 46695 0 0 18969 19109 0 0 46813 34707 29655 0x29000001614FBA70
1 1 8 0 1 0 13464 14825 14878 0 0 8 9 0 0 46858 46936 0 0 19348 19326 0 0 46818 34765 29798 0xC00000012C994570
1 1 8 0 2 0 13464 14954 14941 0 0 10 6 0 0 46967 46879 0 0 19460 19452 0 0 46864 34595 29790 0xDA0000012CA2E370
1 1 8 0 3 0 13464 14951 14922 0 0 10 7 0 0 46715 46704 0 0 19565 19535 0 0 46867 34841 29698 0x28000001623D7170
1 1 8 0 4 0 13464 15042 14965 0 0 14 7 0 0 46835 46803 0 0 19585 19597 0 0 46827 34782 29789 0x24000001623C0270
1 1 8 0 5 0 13464 14847 15055 0 0 4 8 0 0 46797 46684 0 0 19697 19735 0 0 46954 34750 29840 0xBE0000012CB23770
1 1 8 0 6 0 13464 14883 14849 0 0 7 6 0 0 46902 46887 0 0 19647 19676 0 0 47031 34500 29743 0x420000012CA4C570
1 1 8 0 7 0 13464 14875 14841 0 0 7 8 0 0 46831 46843 0 0 19677 19687 0 0 46982 34719 29797 0x300000012C898B70
1 1 8 0 8 0 13464 14853 14927 0 0 7 8 0 0 46859 46849 0 0 19503 19676 0 0 47145 35086 29890 0xCC000001615B2B70
1 1 8 0 9 0 13464 15038 14854 0 0 12 4 0 0 47034 46900 0 0 19639 19641 0 0 46919 34431 29668 0x230000012CB1CF70
1 1 8 0 10 0 13464 14982 14884 0 0 15 7 0 0 46896 46981 0 0 19722 19762 0 0 46878 34847 29804 0xD80000016229DB70
1 1 8 0 11 0 13464 14997 14874 0 0 11 11 0 0 46882 46784 0 0 19422 19634 0 0 47070 34684 29846 0xB100000162B10470
1 1 8 0 12 0 13464 14925 14852 0 0 8 5 0 0 46989 47066 0 0 19511 19571 0 0 47085 34908 29692 0xF60000016292C670
1 1 8 1 0 0 13464 15001 14876 0 0 18 8 0 0 46808 46859 0 0 18988 19071 0 0 47027 35026 29938 0x7B0000012CA2EB70
1 1 8 1 1 0 13464 14849 14848 0 0 8 8 0 0 46902 46894 0 0 19160 19277 0 0 47031 34638 29807 0xC0000001614D9E70
1 1 8 1 2 0 13464 14916 14954 0 0 6 8 0 0 46794 46823 0 0 19409 19405 0 0 47007 34419 29842 0x020000012CB24870
1 1 8 1 3 0 13464 15050 14854 0 0 11 7 0 0 46664 46773 0 0 19369 19528 0 0 46903 34534 29999 0xD70000012C96EA70
1 1 8 1 4 0 13464 14872 14890 0 0 8 7 0 0 47100 47043 0 0 19567 19510 0 0 46962 34631 29932 0x3D0000012C98F470
1 1 8 1 5 0 13464 14885 14959 0 0 8 10 0 0 46897 46878 0 0 19412 19469 0 0 47034 34788 29888 0x07000001628F3870
1 1 8 1 6 0 13464 14949 14949 0 0 10 7 0 0 46898 46886 0 0 19533 19364 0 0 46994 34997 29939 0x620000012CA5F570
1 1 8 1 7 0 13464 14870 14943 0 0 6 5 0 0 46803 46776 0 0 19608 19604 0 0 47040 34898 29807 0x8C0000012CA9FF70
1 1 8 1 8 0 13464 14877 14986 0 0 7 11 0 0 46780 46738 0 0 19627 19625 0 0 47009 34546 29904 0xB10000012C97BD70
1 1 8 1 9 0 13464 14855 14859 0 0 6 9 0 0 46849 46771 0 0 19535 19550 0 0 47000 35062 29881 0x5F000001615B8170
1 1 8 1 10 0 13464 14974 14944 0 0 12 7 0 0 46704 46915 0 0 19488 19448 0 0 47150 35007 29909 0xBD00000162290370
1 1 8 1 11 0 13464 14877 14987 0 0 6 9 0 0 47002 47007 0 0 19512 19483 0 0 47101 34680 29972 0x7000000162AA1D70
1 1 8 1 12 0 13464 14870 14877 0 0 7 5 0 0 46861 46919 0 0 19308 19465 0 0 47184 34403 29961 0x8C000001629ED670
# Sector 10 LOG STOP run 01107042 at 1613591132
