# Sector 1 LOG START run 01107041 type physics at 1613591000
0 0 0 0 0 0 3366 15281 15286 15282 15283 39 41 32 38 41854 41745 41738 41640 22239 22739 22164 22072 46463 34217 30065 0x35000001629E0A70
0 0 0 0 1 0 3366 15289 15287 15287 15291 31 31 25 37 41976 41889 41943 41814 22831 23194 22486 22741 46439 34086 29957 0xD200000162B1E970
0 0 0 0 2 0 3366 15282 15289 15285 15288 43 29 27 33 41835 41625 41710 41722 23201 23586 22854 23091 46524 34139 29912 0x4B00000162A7C370
0 0 0 0 3 0 3366 15286 15292 15286 15285 27 39 24 24 41879 42016 41997 41824 23191 23371 22820 23024 46587 34550 29849 0x680000016288F070
0 0 0 0 4 0 3366 15297 15294 15296 15293 27 28 21 22 41829 41624 41785 41670 23395 23698 22994 23123 46518 34075 29830 0x7C00000162A4E970
0 0 0 0 5 0 3366 15303 15291 15295 15302 24 29 30 23 41824 41718 41796 41844 23510 23860 23132 23274 46622 34221 29865 0x3300000162AFA470
0 0 0 0 6 0 3366 15300 15290 15304 15300 27 32 29 28 41737 41848 41866 41964 23558 23913 23271 23300 46689 34122 30020 0x88000001628D5270
0 0 0 0 7 0 3366 15292 15301 15297 15303 30 28 19 21 41816 41981 41900 41823 23486 23728 23249 23145 46483 34350 29920 0x3C00000162A81770
0 0 0 0 8 0 3366 15292 15291 15288 15288 23 26 21 29 41775 41865 41807 41909 23087 23520 22898 23025 46603 34210 29945 0x8100000162855370
0 0 0 0 9 0 3366 15288 15286 15293 15291 26 31 22 27 41932 41878 41897 41888 22958 23400 22959 23032 46631 34211 29879 0x5B0000016294F270
0 0 0 0 10 0 3366 15292 15294 15287 15288 36 37 25 32 41771 41794 41787 41627 23328 23459 23058 22991 46691 34206 30005 0x4000000162B1C670
0 0 1 0 0 0 3366 15223 15215 15226 15229 43 43 32 33 41686 41663 41667 41711 22155 22620 22013 22010 46405 34113 29824 0x3100000162A9E170
0 0 1 0 1 0 3366 15286 15284 15294 15290 32 36 30 35 41660 41705 41718 41734 22603 23219 22445 22575 46450 34177 29875 0x730000016296A570
0 0 1 0 2 0 3366 15289 15291 15287 15294 37 32 32 27 41688 41718 41752 41828 23205 23618 22915 22994 46517 34199 29861 0x0800000162978570
0 0 1 0 3 0 3366 15288 15288 15290 15286 31 49 34 28 41834 41629 41684 41663 23319 23600 22935 22983 46555 34374 29982 0x3400000162B01A70
0 0 1 0 4 0 3366 15284 15285 15294 15297 37 34 35 26 41879 41786 41902 41900 23253 23597 23005 23042 46548 34260 29982 0x3500000162A01670
0 0 1 0 5 0 3366 15288 15286 15286 15292 28 32 33 27 41718 41866 41754 41760 23348 23638 23049 23154 46422 34286 29947 0x2100000162976570
0 0 1 0 6 0 3366 15292 15294 15284 15295 32 37 29 30 41956 41847 41839 41873 23335 23686 23165 23130 46647 34182 29878 0xE300000162AAB770
0 0 1 0 7 0 3366 15298 15293 15298 15285 27 25 29 26 41908 41853 41885 41933 23171 23568 23045 23032 46656 34227 29887 0x83000001629D0170
0 0 1 0 8 0 3366 15292 15283 15295 15296 22 27 27 32 41899 41896 41893 41809 23062 23363 22988 22861 46685 34470 29935 0xE0000001628D6570
0 0 1 0 9 0 3366 15293 15283 15288 15286 30 22 19 22 41953 41845 41742 41912 22886 23354 22780 22920 46627 34541 29909 0xB4000001629A4F70
0 0 1 0 10 0 3366 15284 15291 15292 15292 33 33 33 35 41832 41767 41715 41741 23136 23222 22928 22799 46650 34590 29938 0x120000016285F970
0 0 5 0 0 0 3366 15200 15198 15196 15196 43 30 37 26 41729 41622 41453 41605 21767 22204 21602 21597 46619 34166 29710 0x04000001629F2770
0 0 5 0 1 0 3366 15285 15283 15287 15284 27 30 32 29 41974 41875 41837 41864 22383 23114 22205 22527 46530 34321 29608 0x3B00000162A72070
0 0 5 0 2 0 3366 15279 15281 15289 15289 28 31 25 27 41917 41955 41884 42039 22935 23282 22611 22722 46511 34276 29504 0x8500000162ABE070
0 0 5 0 3 0 3366 15303 15298 15297 15300 29 32 33 30 41688 41788 41722 41786 22831 23184 22631 22677 46510 34273 29683 0xA300000162994C70
0 0 5 0 4 0 3366 15298 15294 15296 15300 28 42 34 34 41764 41730 41876 41825 23038 23563 22906 22979 46567 34370 29652 0x340000016298D970
0 0 5 0 5 0 3366 15288 15298 15287 15293 45 29 38 38 41990 41895 41888 41913 23202 23620 22983 22944 46653 34110 29642 0x09000001629FC870
0 0 5 0 6 0 3366 15287 15293 15294 15291 26 37 25 32 41899 41905 41841 42008 22984 23370 22916 22957 46515 34385 29473 0x1700000162A55170
0 0 5 0 7 0 3366 15296 15292 15292 15302 39 32 25 26 42090 41917 41796 41891 22992 23249 22873 22691 46578 34295 29616 0xF300000162A2E770
0 0 5 0 8 0 3366 15298 15289 15283 15294 33 34 28 26 41776 41886 41709 41760 22988 23156 22954 22622 46467 34433 29573 0xD6000001629B3E70
0 0 5 0 9 0 3366 15287 15292 15287 15286 23 23 36 27 41831 41708 41721 41861 22503 22981 22321 22496 46698 34477 29455 0xE400000162B24670
0 0 5 0 10 0 3366 15285 15279 15282 15286 26 34 23 27 41667 41774 41788 41769 22740 23168 22665 22505 46707 34593 29512 0xF3000001628E4070
0 0 7 0 0 0 3366 15193 15198 15280 15199 28 30 33 34 41607 41597 41509 41636 21457 22054 21227 21377 46614 34355 29644 0x0500000162AE3970
0 0 7 0 1 0 3366 15282 15290 15198 15278 25 23 25 31 41892 41891 41851 41879 22160 22749 21944 22332 46513 33986 29513 0xF200000162B1C070
0 0 7 0 2 0 3366 15277 15282 15276 15277 47 34 35 30 41776 41698 41640 41733 22618 23058 22413 22577 46655 34046 29571 0x54000001629DDF70
0 0 7 0 3 0 3366 15285 15280 15286 15283 26 31 34 32 42041 41961 41878 41990 22484 23183 22376 22594 46572 34111 29524 0x50000001629ED270
0 0 7 0 4 0 3366 15279 15281 15278 15286 26 23 23 34 41881 41833 41734 41740 22893 23215 22628 22605 46592 34436 29588 0x1A00000162A69570
0 0 7 0 5 0 3366 15291 15298 15278 15295 36 32 29 33 41784 42061 41908 41947 22959 23358 22805 22664 46656 34161 29516 0x90000001629C1670
0 0 7 0 6 0 3366 15299 15285 15292 15285 37 33 27 29 41953 41793 42001 41836 22921 23158 22752 22612 46710 34294 29680 0xCF00000162865370
0 0 7 0 7 0 3366 15286 15301 15281 15295 30 38 28 28 41881 41817 41674 41843 22904 22826 22671 22237 46667 34273 29636 0x0F00000162941E70
0 0 7 0 8 0 3366 15220 15281 15287 15280 22 31 25 32 41902 41741 41753 41763 22827 22715 22613 22135 46770 34322 29542 0x4700000162AA1C70
0 0 7 0 9 0 3366 15280 15287 15277 15278 34 27 26 24 41726 41672 41701 41673 22203 22566 22173 22100 46766 34293 29614 0x2000000162B1BD70
0 0 7 0 10 0 3366 15283 15278 15282 15279 32 24 24 21 42003 41992 42019 41903 22427 22850 22130 22309 46793 34438 29543 0xD100000162925F70
0 0 6 0 0 0 3366 15196 15196 15192 15198 42 30 33 32 41942 41957 41845 41853 21564 22138 21436 21506 46479 34429 29542 0xB000000162A22370
0 0 6 0 1 0 3366 15286 15291 15288 15287 37 31 37 33 41709 41844 41838 41787 22389 23011 22035 22481 46482 34097 29606 0x3300000162938A70
0 0 6 0 2 0 3366 15285 15284 15283 15288 27 24 24 28 41762 41765 41616 41674 22765 23085 22523 22598 46508 34238 29534 0xC000000162B24970
0 0 6 0 3 0 3366 15276 15291 15284 15286 22 22 18 23 42040 41957 41934 41988 22796 23382 22582 22788 46491 34239 29664 0x5400000162A1F170
0 0 6 0 4 0 3366 15289 15289 15287 15294 23 19 22 21 41528 41687 41789 41732 22829 23458 22642 22795 46537 34223 29542 0x8300000162B1A670
0 0 6 0 5 0 3366 15285 15289 15291 15286 32 26 27 27 41847 41705 41831 41781 23049 23378 22960 22888 46527 34332 29604 0x710000016289B870
0 0 6 0 6 0 3366 15293 15287 15285 15288 30 24 25 29 41875 41768 41772 41803 23059 23279 22879 22720 46483 33981 29640 0x7A000001628B5070
0 0 6 0 7 0 3366 15279 15291 15289 15297 24 24 26 29 41913 41989 41938 41904 22936 23042 22805 22469 46607 34371 29686 0xFD00000162A29E70
0 0 6 0 8 0 3366 15293 15284 15289 15297 29 25 26 36 41917 41935 42057 42005 22771 22887 22756 22430 46639 34435 29619 0x18000001629CFE70
0 0 6 0 9 0 3366 15283 15279 15288 15283 19 23 22 22 41730 41601 41868 41666 22351 22816 22178 22347 46659 34274 29637 0xF300000162B26E70
0 0 6 0 10 0 3366 15280 15282 15276 15285 27 29 31 25 41818 41764 41795 41727 22554 22853 22357 22507 46713 34547 29578 0x1C000001629A8E70
# Sector 1 LOG STOP run 01107041 at 1613591007
# Sector 2 LOG START run 01107041 type physics at 1613590959
0 0 9 0 0 0 3366 15282 15242 15285 15241 43 39 48 32 41641 41787 41821 41801 21377 21998 21188 21389 46617 34323 29551 0xC700000162861F70
0 0 9 0 1 0 3366 15247 15288 15239 15292 33 35 31 34 41755 41612 41723 41737 22146 22588 21879 22105 46569 34195 29628 0x370000016296D170
0 0 9 0 2 0 3366 15290 15199 15290 15194 27 26 41 32 41963 41895 41841 41868 22482 22873 22189 22150 46623 34077 29606 0x0200000162918C70
0 0 9 0 3 0 3366 15197 15268 15191 15259 22 34 21 27 41921 41839 41813 41902 22394 22986 22349 22351 46511 34221 29587 0xCB00000162AAD270
0 0 9 0 4 0 3366 15254 15229 15258 15233 26 24 29 3 41878 41839 41838 41783 22570 23076 22374 22378 46587 34036 29640 0x58000001629BE370
0 0 9 0 5 0 3366 15233 15242 15234 15246 27 27 27 31 41958 41864 41924 41995 22813 22941 22601 22327 46670 34156 29529 0xA300000162B09670
0 0 9 0 6 0 3366 15247 15245 15233 15254 22 30 28 24 41929 42052 41841 41937 22773 22811 22556 22244 46562 34249 29604 0x2B00000162A0F770
0 0 9 0 7 0 3366 15251 15201 15251 15198 32 23 26 23 41850 41755 41613 41614 22764 22771 22445 22199 46590 34090 29573 0x7000000162B17770
0 0 9 0 8 0 3366 15209 15283 15201 15280 15 17 15 19 42037 41750 41896 41795 22623 22638 22359 22053 46615 34032 29666 0x23000001628E2E70
0 0 9 0 9 0 3366 15270 15268 15279 15279 19 34 20 30 41842 41746 41606 41615 22184 22349 22058 21708 46619 34467 29586 0xB600000162997770
0 0 9 0 10 0 3366 15306 15287 15310 15290 23 32 25 21 41718 41713 41668 41731 21972 22589 21669 21894 46753 34480 29526 0x3E00000162AA3670
0 0 8 0 0 0 3366 15283 15202 15281 15202 50 37 44 36 41664 41725 41782 41726 21390 21967 21161 21342 46487 34159 29635 0x94000001629B7F70
0 0 8 0 1 0 3366 15191 15273 15193 15287 26 32 26 26 41801 41633 41611 41776 22337 22776 21949 22265 46480 34257 29501 0x2200000162A03E70
0 0 8 0 2 0 3366 15285 15274 15280 15281 34 27 30 30 41798 41770 41891 41676 22531 22982 22357 22384 46639 34217 29531 0xB3000001629AFF70
0 0 8 0 3 0 3366 15284 15297 15284 15301 36 35 26 38 41873 41923 42015 41854 22622 23024 22324 22466 46540 34261 29611 0x5000000162A2FC70
0 0 8 0 4 0 3366 15295 15294 15299 15299 39 46 41 36 42016 41884 41891 41830 22835 23238 22554 22634 46626 34286 29569 0x28000001629A1970
0 0 8 0 5 0 3366 15288 15275 15295 15287 24 31 33 21 41828 41857 41766 41829 22983 23122 22834 22563 46672 34252 29511 0x98000001628A8570
0 0 8 0 6 0 3366 15284 15276 15270 15275 19 20 29 18 41987 41878 41887 41987 22866 22991 22698 22447 46768 34300 29609 0x0100000162974C70
0 0 8 0 7 0 3366 15270 15268 15273 15269 21 18 23 22 41797 41782 41859 41802 22843 22922 22611 22298 46643 34409 29629 0xE200000162B27370
0 0 8 0 8 0 3366 15271 15298 15282 15301 27 28 25 28 41759 41687 41666 41723 22823 22623 22502 22020 46694 34237 29603 0xB8000001628DE370
0 0 8 0 9 0 3366 15299 15301 15302 15317 27 22 27 27 41886 41878 41792 41833 22099 22551 22011 21997 46659 34238 29551 0x2300000162A1A270
0 0 8 0 10 0 3366 15302 15282 15306 15285 24 23 25 23 41767 41717 41751 41888 22011 22756 21724 21978 46811 34534 29571 0xEC000001628A4070
0 0 10 0 0 0 3366 15285 15242 15249 15246 45 40 43 35 41719 41709 41762 41723 21207 21676 20966 21188 46449 34191 29758 0xB500000162AE2C70
0 0 10 0 1 0 3366 15253 15287 15285 15293 31 32 46 38 41729 41893 41929 41844 21997 22416 21830 22003 46548 33946 29858 0x9C00000162ADE770
0 0 10 0 2 0 3366 15288 15197 15203 15201 44 27 29 28 41656 41797 41781 41665 22048 22416 21996 21785 46527 34188 29825 0xF8000001629C2170
0 0 10 0 3 0 3366 15187 15256 15259 15266 23 32 31 29 41653 41635 41714 41634 22174 22545 21945 22057 46650 34282 29789 0x9300000162A1B770
0 0 10 0 4 0 3366 15258 15228 15221 15221 31 24 26 29 41944 41895 41837 41808 22578 22766 22296 22191 46571 33915 29807 0x2B00000162B24C70
0 0 10 0 5 0 3366 15201 15198 15195 15201 27 31 25 32 41825 41777 41812 41829 22705 22642 22338 22110 46501 34149 29848 0x7B00000162B28670
0 0 10 0 6 0 3366 15260 15253 15256 15258 34 26 30 34 41968 41929 41935 42060 22554 22674 22490 22198 46493 34191 29831 0xA00000016287CD70
0 0 10 0 7 0 3366 15204 15203 15205 15208 20 22 17 16 41767 41759 41811 41797 22442 22513 22135 21998 46649 34312 29881 0xED00000162AEAA70
0 0 10 0 8 0 3366 15277 15278 15276 15311 21 21 25 33 41641 41829 41673 41722 22388 22555 22180 21925 46656 34206 29891 0x4E000001629B4E70
0 0 10 0 9 0 3366 15279 15281 15277 15276 21 18 20 20 41728 41694 41779 41809 22301 22384 22011 21618 46620 34025 29815 0x2C000001628CE070
0 0 10 0 10 0 3366 15285 15290 15282 15287 21 25 22 21 41675 41651 41787 41753 21685 22209 21581 21678 46713 34423 29891 0xF000000162ABA070
0 0 11 0 0 0 3366 15250 15242 15247 15244 45 34 42 36 41746 41851 41684 41642 21057 21497 20826 21006 46555 34075 29825 0x43000001629FC570
0 0 11 0 1 0 3366 15286 15283 15285 15291 37 29 31 29 41806 41666 41671 41701 21914 22285 21709 21688 46577 34217 29909 0x3B0000016297A270
0 0 11 0 2 0 3366 15208 15197 15195 15190 33 28 26 29 41875 41838 41662 41889 22072 22163 21953 21572 46492 34187 29789 0x4000000162B0DF70
0 0 11 0 3 0 3366 15258 15268 15254 15257 26 19 26 21 41962 41780 41743 41705 22100 22334 21917 21762 46584 34175 29928 0x63000001628E7C70
0 0 11 0 4 0 3366 15227 15235 15230 15230 44 31 30 27 41771 41717 41675 41746 22359 22449 22239 21916 46548 33946 29873 0xDF00000162A5EB70
0 0 11 0 5 0 3366 15202 15201 15203 15207 25 21 31 28 41900 41951 41967 41784 22380 22504 22206 21792 46420 34037 29879 0x7500000162ADF170
0 0 11 0 6 0 3366 15226 15225 15231 15226 24 31 24 26 41772 41829 41691 41703 22210 22464 21984 21703 46579 34409 29913 0xB800000162852B70
0 0 11 0 7 0 3366 15192 15191 15198 15197 22 20 23 23 41832 41811 41887 41901 22272 22412 22008 21750 46615 34227 29910 0x5D00000162B0A870
0 0 11 0 8 0 3366 15263 15268 15264 15267 35 33 32 27 41726 41697 41765 41779 22248 22393 21972 21676 46697 34153 29985 0x4C000001628EA970
0 0 11 0 9 0 3366 15278 15283 15278 15274 20 19 23 22 41624 41803 41623 41564 22040 21781 21694 21291 46688 34217 29808 0x50000001629FCB70
0 0 11 0 10 0 3366 15288 15282 15287 15282 24 25 22 24 41935 41850 41741 41656 21770 22254 21555 21429 46663 34132 29832 0x5500000162948B70
0 0 13 0 0 0 3366 15247 15236 15256 15252 40 39 38 33 41672 41675 41747 41725 20794 21330 20523 20741 46400 33929 29729 0xB800000162AAA770
0 0 13 0 1 0 3366 15288 15288 15286 15280 30 26 34 31 41722 41790 41673 41799 21612 21897 21407 21021 46452 34202 29586 0xDE0000016295EC70
0 0 13 0 2 0 3366 15195 15198 15196 15193 32 27 29 31 41626 41744 41555 41629 21694 21849 21426 20931 46516 34303 29640 0x620000016288AF70
0 0 13 0 3 0 3366 15199 15199 15201 15194 25 27 23 20 41626 41722 41627 41731 21565 21903 21336 21106 46462 34282 29731 0xAA00000162943070
0 0 13 0 4 0 3366 15195 15201 15200 15192 21 23 21 26 41801 41759 41803 41760 21897 22137 21487 21313 46633 34378 29633 0xD600000162979270
0 0 13 0 5 0 3366 15208 15296 15200 15197 25 21 16 19 41769 41600 41651 41696 21931 22078 21550 21192 46540 34022 29675 0xB800000162A52070
0 0 13 0 6 0 3366 15244 15241 15239 15235 26 35 25 25 41684 41736 41674 41785 21880 22011 21635 21098 46651 34204 29721 0xEA0000016299D770
0 0 13 0 7 0 3366 15195 15197 15196 15194 25 20 24 18 41758 41860 41863 41734 21779 21990 21434 21154 46648 34228 29701 0x8C0000016284A570
0 0 13 0 8 0 3366 15250 15253 15263 15267 25 18 17 24 41816 41755 41688 41572 21576 21786 21373 21040 46691 34355 29645 0x5D000001629F2470
0 0 13 0 9 0 3366 15284 15285 15283 15290 23 33 20 23 41700 41592 41653 41686 21564 21614 21240 20988 46681 34463 29651 0xD4000001628FC070
0 0 13 0 10 0 3366 15279 15286 15285 15281 16 19 16 17 41770 41664 41808 41606 21459 21819 21119 21190 46737 34276 29667 0xBA00000162888D70
0 0 14 0 0 0 3366 15251 15249 15237 15236 39 34 42 33 41590 41596 41539 41540 20845 21185 20723 20617 46458 34050 29708 0xCF000001629D3970
0 0 14 0 1 0 3366 15284 15284 15287 15284 30 25 28 28 41601 41550 41682 41688 21408 21448 21084 20543 46434 34254 29660 0x8B00000162AB9970
0 0 14 0 2 0 3366 15193 15190 15199 15195 24 22 23 20 41640 41698 41612 41503 21182 21331 21083 20478 46430 34209 29657 0xA600000162A5C170
0 0 14 0 3 0 3366 15199 15189 15196 15194 19 20 25 21 41721 41666 41740 41732 21244 21508 20920 20690 46499 34129 29750 0x3D00000162860770
0 0 14 0 4 0 3366 15197 15200 15195 15196 26 24 22 26 41520 41654 41576 41546 21562 21875 21400 20876 46435 34194 29587 0x9000000162B1A870
0 0 14 0 5 0 3366 15202 15206 15202 15190 22 22 20 20 41688 41866 41716 41785 21479 21753 21422 20843 46629 34249 29690 0x0900000162B27670
0 0 14 0 6 0 3366 15256 15258 15254 15258 28 27 26 21 41496 41559 41628 41515 21348 21519 21141 20731 46586 33963 29734 0x2200000162877A70
0 0 14 0 7 0 3366 15194 15197 15194 15201 24 18 16 23 42051 41904 41845 41822 21481 21849 21220 21080 46737 34310 29814 0x150000016291A470
0 0 14 0 8 0 3366 15259 15259 15256 15260 27 23 26 24 41708 41746 41681 41776 21303 21413 21006 20679 46671 34301 29726 0x6C000001628BFD70
0 0 14 0 9 0 3366 15288 15285 15290 15286 23 22 16 20 41788 41710 41724 41707 21110 21417 20890 20783 46707 34294 29692 0x5F000001628C9570
0 0 14 0 10 0 3366 15281 15279 15277 15275 17 18 16 15 41580 41581 41554 41709 21135 21423 21117 20923 46770 34437 29667 0xF400000162B1F570
0 0 12 0 0 0 3366 15242 15240 15241 15241 52 43 33 45 41555 41637 41535 41475 20855 21416 20747 20889 46359 33940 29798 0x7E00000162910570
0 0 12 0 1 0 3366 15293 15281 15287 15290 33 35 35 33 41841 41718 41746 41679 21858 22138 21567 21410 46563 33964 29770 0xF600000162873270
0 0 12 0 2 0 3366 15192 15297 15197 15195 34 30 33 23 41894 41872 41811 41900 21995 21901 21572 21274 46520 33943 29823 0x6A00000162A55D70
0 0 12 0 3 0 3366 15261 15259 15256 15260 19 21 29 31 41648 41723 41772 41589 21887 22048 21623 21447 46464 34211 29896 0xAF000001628EE070
0 0 12 0 4 0 3366 15195 15198 15194 15194 23 19 20 18 41882 41874 41727 41872 22128 22260 21826 21587 46588 34223 29875 0xC2000001629EFD70
0 0 12 0 5 0 3366 15197 15197 15194 15197 25 28 22 28 41909 41739 41851 41778 22130 22245 21896 21475 46558 34098 29869 0x6A00000162986A70
0 0 12 0 6 0 3366 15228 15238 15225 15236 25 26 26 31 41716 41769 41801 41746 21984 21977 21668 21359 46560 34153 29876 0x1B000001628CE170
0 0 12 0 7 0 3366 15194 15200 15193 15197 16 21 19 21 41884 41777 41920 41753 21931 22188 21583 21397 46503 34087 29838 0xFD00000162A97D70
0 0 12 0 8 0 3366 15255 15257 15263 15257 30 21 26 26 41726 41602 41704 41614 21904 22055 21637 21335 46502 34308 29872 0xCA00000162AE3370
0 0 12 0 9 0 3366 15286 15290 15282 15286 24 24 29 21 41857 41831 42045 41753 21793 21772 21545 21166 46660 34352 29787 0x7000000162848870
0 0 12 0 10 0 3366 15279 15278 15287 15276 26 25 20 17 41799 41624 41684 41647 21484 21741 21286 21157 46641 34192 29838 0x0F00000162B24370
# Sector 2 LOG STOP run 01107041 at 1613590967
# Sector 3 LOG START run 01107041 type physics at 1613590972
0 0 20 0 0 0 3366 15296 15294 15293 15301 35 35 39 30 41933 41852 41893 42033 22039 22290 22001 21866 46562 34172 29977 0xAE000001628A0170
0 0 20 0 1 0 3366 15303 15298 15296 15283 30 30 25 33 41969 42098 41863 41983 22234 22527 22010 22460 46557 34068 29931 0x9100000162AC1170
0 0 20 0 2 0 3366 15299 15297 15296 15294 22 30 25 27 41921 41936 41892 41852 22740 23052 22777 22950 46574 34218 29924 0xE800000162A94670
0 0 20 0 3 0 3366 15282 15285 15287 15289 27 23 29 31 41728 41841 41709 41800 23080 23117 22967 22902 46523 34178 29893 0xF900000162884970
0 0 20 0 4 0 3366 15294 15291 15287 15292 24 27 31 21 41950 42018 41787 42021 23300 23429 23122 23132 46562 34011 29939 0x6C000001629C3B70
0 0 20 0 5 0 3366 15281 15287 15289 15283 27 30 27 24 42011 41936 41907 41845 23248 23350 23180 23318 46504 34164 29969 0xBC000001629C5570
0 0 20 0 6 0 3366 15284 15280 15288 15287 29 26 25 27 41900 41859 41877 41840 23382 23564 23230 23290 46670 34300 29981 0x0D00000162A1F270
0 0 20 0 7 0 3366 15284 15285 15290 15283 24 23 28 29 41929 42063 41971 42131 23227 23379 23254 23272 46628 34534 30039 0x8300000162987C70
0 0 20 0 8 0 3366 15291 15281 15284 15300 27 24 24 36 41826 41756 41904 41889 23177 23295 23088 23031 46753 34528 29913 0xD0000001628A9B70
0 0 20 0 9 0 3366 15292 15298 15296 15299 35 29 31 31 41950 41988 41912 41945 23122 23341 23017 22950 46658 34432 29941 0x6D00000162A7DF70
0 0 20 0 10 0 3366 15292 15294 15302 15299 25 26 27 25 41890 41856 41836 41863 23117 23228 23048 22849 46782 34370 29886 0xAB000001629C7D70
0 0 19 0 0 0 3366 9194 9178 9185 9180 231 249 264 195 42591 42555 42517 42611 21036 21117 21192 21051 46435 34066 29683 0x2600000162AF9F70
0 0 19 0 1 0 3366 9187 9185 9183 9190 153 152 222 139 42703 42768 42575 42787 20998 21217 21020 20924 46419 33958 29772 0xAD000001629B0770
0 0 19 0 2 0 3366 9190 9173 9190 9194 170 162 148 156 42680 42814 42802 42809 20826 21135 21001 20964 46340 34068 29730 0x4A00000162874D70
0 0 19 0 3 0 3366 9187 9190 9190 9190 120 144 125 145 42919 42660 42848 42837 20940 21000 21061 20874 46440 33984 29781 0xEA000001628C2370
0 0 19 0 4 0 3366 9176 9187 9180 9176 134 135 188 131 42726 42713 42550 42735 20857 20940 20815 20720 46515 33851 29781 0xE40000016299AE70
0 0 19 0 5 0 3366 9194 9201 9204 9197 108 121 115 141 42574 42558 42570 42696 20875 20907 20790 20619 46391 34067 29758 0x3500000162A8DE70
0 0 19 0 6 0 3366 9192 9194 9190 9190 138 128 114 130 42556 42610 42598 42659 20830 20943 20929 20815 46606 34093 29746 0x3A00000162848570
0 0 19 0 7 0 3366 9192 9199 9192 9197 89 109 139 103 42745 42712 42584 42541 20712 20825 20812 20820 46554 34191 29721 0x31000001629B5170
0 0 19 0 8 0 3366 9197 9190 9194 9190 108 108 97 92 42499 42619 42457 42601 20742 20746 20721 20710 46539 34168 29786 0xDA0000016295CA70
0 0 19 0 9 0 3366 9199 9192 9187 9190 91 100 16923 89 42765 42764 34213 42761 20705 20867 20938 20727 46620 34305 29745 0x2000000162938470
0 0 19 0 10 0 3366 9199 9201 9201 9192 105 92 113 81 42646 42629 42531 42535 20861 21242 20982 20957 46580 34006 29823 0x8000000162A86870
0 0 18 0 0 0 3366 9197 9194 9197 9194 208 191 221 183 42594 42502 42595 42627 20777 20978 20705 20817 46399 33994 29823 0x9B00000162893870
0 0 18 0 1 0 3366 9197 9199 9194 9194 160 165 162 170 42694 42520 42688 42570 20604 20835 20680 20526 46390 34185 29788 0x6C00000162A75A70
0 0 18 0 2 0 3366 9192 9192 9192 9199 150 134 163 144 42656 42683 42630 42554 20726 20943 20722 20652 46510 34133 29697 0xD800000162AEB870
0 0 18 0 3 0 3366 9192 9199 9199 9201 136 158 132 125 42545 42509 42382 42518 20578 20610 20519 20444 46415 34245 29772 0x3D00000162A26870
0 0 18 0 4 0 3366 9197 9194 9192 9194 147 196 110 114 42536 42508 42648 42633 20572 20778 20391 20354 46521 34006 29646 0xF200000162A05070
0 0 18 0 5 0 3366 9192 9194 9194 9192 127 110 137 120 42759 42632 42654 42584 20586 20900 20535 20498 46641 34103 29785 0x1900000162A05570
0 0 18 0 6 0 3366 9199 9199 9197 9201 149 115 131 110 42404 42430 42475 42502 20819 20950 20592 20373 46602 34226 29728 0x3800000162A7B670
0 0 18 0 7 0 3366 9194 9192 9194 9197 130 105 110 112 42757 42658 42584 42610 20807 21108 20591 20562 46553 33991 29742 0x8000000162A7EF70
0 0 18 0 8 0 3366 9194 9192 9194 9199 114 95 104 90 42576 42672 42736 42609 21042 21345 20954 20597 46682 34027 29702 0x8900000162B1F970
0 0 18 0 9 0 3366 9190 9192 9197 9199 109 119 2100 100 42729 42535 41453 42537 21003 21325 20736 20626 46463 34272 29632 0xB800000162A26F70
0 0 18 0 10 0 3366 9194 9190 9194 9197 84 86 104 78 42770 42701 42666 42587 20948 21097 20922 20611 46634 34152 29791 0x3900000162A73370
0 0 22 0 0 0 3366 15195 15195 15194 15195 33 31 30 29 41926 42030 41894 41861 21829 22323 21790 21742 46449 34347 29572 0x8700000162909270
0 0 22 0 1 0 3366 15292 15288 15289 15289 30 35 28 43 41921 41829 41821 41844 22660 23194 22461 22660 46370 34263 29608 0x170000016291B770
0 0 22 0 2 0 3366 15287 15284 15291 15291 37 32 26 31 41939 42053 41963 42000 23053 23422 22773 22893 46573 34101 29632 0xBF000001629DDA70
0 0 22 0 3 0 3366 15284 15287 15290 15291 30 24 32 35 41769 41855 41792 41924 23070 23359 22747 22876 46500 34262 29480 0x530000016291C370
0 0 22 0 4 0 3366 15295 15299 15294 15289 21 23 28 23 41830 41829 41824 41860 23105 23432 22827 22982 46484 34389 29540 0x0F000001629EE470
0 0 22 0 5 0 3366 15297 15296 15295 15294 29 26 23 26 41839 41769 41770 41525 23201 23517 22997 23047 46625 34260 29655 0x8500000162ACAF70
0 0 22 0 6 0 3366 15290 15294 15296 15293 26 27 38 23 41860 41905 41895 41805 23076 23517 22920 22986 46441 34436 29584 0x5400000162882B70
0 0 22 0 7 0 3366 15300 15294 15298 15295 24 23 24 23 41933 41916 41880 41933 23187 23516 23055 22966 46508 34384 29562 0xD3000001629B9D70
0 0 22 0 8 0 3366 15286 15293 15297 15287 26 18 21 16 41654 41714 41723 41640 23004 23213 22886 22625 46731 34617 29553 0xDF00000162910D70
0 0 22 0 9 0 3366 15279 15291 15300 15295 19 28 22 17 41699 41828 41749 41989 22772 23239 22471 22652 46591 34534 29586 0xA8000001629DF270
0 0 22 0 10 0 3366 15286 15287 15296 15287 28 26 26 21 41965 41979 41878 41997 22900 23068 22701 22707 46664 34604 29669 0x50000001628D7070
0 0 22 1 0 0 3366 15251 15242 15240 15238 35 34 39 29 41551 41587 41422 41623 20604 20950 20603 20591 46485 34129 29642 0x11000001629E0570
0 0 22 1 1 0 3366 15290 15291 15294 15288 33 30 28 30 41494 41508 41626 41533 20785 20821 20643 20361 46301 33960 29689 0x6A0000016296F470
0 0 22 1 2 0 3366 15190 15192 15198 15197 30 20 20 18 41850 41651 41661 41691 21002 21050 20722 20572 46423 34397 29698 0xF700000162A3D870
0 0 22 1 3 0 3366 15205 15200 15196 15200 27 25 33 23 41596 41679 41786 41637 20855 20964 20699 20500 46419 33994 29593 0xA600000162A0BC70
0 0 22 1 4 0 3366 15187 15200 15200 15202 23 19 21 21 41586 41773 41588 41518 21174 21278 20785 20590 46569 33946 29715 0x3000000162AA4F70
0 0 22 1 5 0 3366 15206 15224 15201 15229 23 19 16 16 41594 41693 41693 41572 21329 21318 21026 20858 46605 34092 29679 0x8A000001629DC870
0 0 22 1 6 0 3366 15231 15240 15233 15227 23 31 25 23 41652 41641 41660 41760 21031 21329 20947 20776 46539 34196 29656 0x30000001628E2070
0 0 22 1 7 0 3366 15204 15207 15211 15201 17 20 19 19 41902 41767 41757 41725 21280 21521 21151 20810 46664 34180 29691 0xC900000162A20970
0 0 22 1 8 0 3366 15263 15267 15261 15262 20 14 23 23 41615 41758 41609 41530 21444 21665 21313 20933 46539 34146 29545 0x98000001629C5A70
0 0 22 1 9 0 3366 15285 15285 15283 15285 25 21 20 18 41786 41871 41931 41790 21201 21537 20908 20898 46732 34307 29589 0x8B00000162B2C170
0 0 22 1 10 0 3366 15273 15279 15277 15278 26 29 21 22 41429 41525 41596 41618 21275 21455 21167 20855 46661 34337 29620 0x5A00000162894B70
# Sector 3 LOG STOP run 01107041 at 1613590986
# Sector 4 LOG START run 01107041 type physics at 1613590958
1 0 2 0 0 0 13464 15180 15141 0 0 27 25 0 0 46739 46810 0 0 19538 19480 0 0 46996 34909 29737 0x600000012C8B7370
1 0 2 0 1 0 13464 15091 15104 0 0 22 25 0 0 46804 46780 0 0 19808 19644 0 0 46994 34580 29721 0xEB0000012CA7AA70
1 0 2 0 2 0 13464 15137 15105 0 0 20 21 0 0 46801 46740 0 0 19771 19788 0 0 47028 34568 29915 0xC30000012CAC2C70
1 0 2 0 3 0 13464 15133 15087 0 0 22 17 0 0 47015 46991 0 0 19935 19806 0 0 46951 34299 29940 0xB000000162B09870
1 0 2 0 4 0 13464 15105 15176 0 0 27 22 0 0 46830 46793 0 0 19968 19910 0 0 46909 34640 29760 0x64000001628FD570
1 0 2 0 5 0 13464 15148 15109 0 0 23 24 0 0 46892 46830 0 0 20138 20069 0 0 46896 34535 29770 0x1200000162A95E70
1 0 2 0 6 0 13464 15156 15128 0 0 30 28 0 0 46973 46862 0 0 20056 19926 0 0 47048 34967 29861 0xE50000012C922C70
1 0 2 0 7 0 13464 15083 15075 0 0 25 21 0 0 46891 46917 0 0 20135 20050 0 0 47005 34488 29647 0xD30000012CA01870
1 0 2 0 8 0 13464 15108 15085 0 0 16 14 0 0 46847 46659 0 0 20075 20031 0 0 47021 34952 29798 0x630000012C8E9870
1 0 2 0 9 0 13464 15110 15144 0 0 14 23 0 0 46656 46689 0 0 20158 20092 0 0 46899 34899 29687 0xAE0000012CA8DC70
1 0 2 0 10 0 13464 15115 15084 0 0 25 21 0 0 46768 63373 0 0 19903 19998 0 0 46929 34493 29842 0x5A0000012C93DC70
1 0 2 0 11 0 13464 15122 15132 0 0 21 25 0 0 46912 46836 0 0 20136 20184 0 0 47134 34769 29734 0xBF0000012C8E9C70
1 0 2 0 12 0 13464 15205 15176 0 0 25 26 0 0 46918 46931 0 0 20036 20050 0 0 47101 34620 29866 0x220000012C989070
1 0 5 0 0 0 13464 15183 15245 0 0 30 27 0 0 46691 46782 0 0 19060 18963 0 0 46871 34497 29696 0x120000012C959470
1 0 5 0 1 0 13464 15189 15223 0 0 22 21 0 0 46521 46631 0 0 19232 19238 0 0 46917 34886 29739 0xC60000016238AA70
1 0 5 0 2 0 13464 15188 15198 0 0 25 25 0 0 46667 46767 0 0 19243 19116 0 0 46914 34575 29716 0x570000012C9F9F70
1 0 5 0 3 0 13464 15106 15109 0 0 20 17 0 0 46679 46659 0 0 19231 19260 0 0 46840 34825 29726 0x2600000162254970
1 0 5 0 4 0 13464 15095 15233 0 0 20 33 0 0 46740 46748 0 0 19429 19354 0 0 46957 34817 29707 0x130000012C9A9670
1 0 5 0 5 0 13464 15160 15214 0 0 21 51 0 0 46803 46713 0 0 19626 19555 0 0 47026 34788 29690 0x450000012C909370
1 0 5 0 6 0 13464 15084 15276 0 0 23 31 0 0 46955 46883 0 0 19551 19443 0 0 46975 34602 29735 0x5E0000012CB1C370
1 0 5 0 7 0 13464 15090 15154 0 0 18 20 0 0 46930 46990 0 0 19559 19487 0 0 46909 34661 29826 0x060000012CA81D70
1 0 5 0 8 0 13464 15093 15151 0 0 18 16 0 0 46688 46648 0 0 19609 19646 0 0 47128 35018 29660 0x3200000161549270
1 0 5 0 9 0 13464 15112 15175 0 0 18 21 0 0 46908 46819 0 0 19523 19487 0 0 46913 34984 29779 0xC60000012CA44770
1 0 5 0 10 0 13464 15133 15102 0 0 25 22 0 0 46749 46839 0 0 19603 19588 0 0 47072 35048 29667 0xFC0000012C878970
1 0 5 0 11 0 13464 15211 15123 0 0 25 15 0 0 46816 46796 0 0 19641 19527 0 0 47025 35124 29671 0xD30000012CA64E70
1 0 5 0 12 0 13464 15194 15142 0 0 27 17 0 0 46608 63169 0 0 19605 19473 0 0 47069 35062 29682 0xBF00000162370770
1 0 3 0 0 0 13464 15164 15170 0 0 28 29 0 0 46694 46686 0 0 19169 19192 0 0 46948 34550 29713 0x910000012C990A70
1 0 3 0 1 0 13464 15251 15150 0 0 35 22 0 0 46636 46659 0 0 19372 19272 0 0 46911 34771 29769 0x7F000001622ACD70
1 0 3 0 2 0 13464 15172 15118 0 0 18 18 0 0 46835 46803 0 0 19401 19271 0 0 46950 34745 29695 0x2800000161520370
1 0 3 0 3 0 13464 15175 15118 0 0 5 25 0 0 46870 46867 0 0 19331 19367 0 0 46961 34848 29672 0x6D00000162239770
1 0 3 0 4 0 13464 15250 15127 0 0 30 19 0 0 46847 46926 0 0 19471 19527 0 0 46743 34773 29645 0x700000012C88C070
1 0 3 0 5 0 13464 15165 15165 0 0 18 26 0 0 46753 46823 0 0 19641 19504 0 0 47049 34737 29795 0xBD000001629DC970
1 0 3 0 6 0 13464 15100 15182 0 0 16 22 0 0 46764 46710 0 0 19689 19557 0 0 46994 34482 29748 0xD80000012CAD7770
1 0 3 0 7 0 13464 15274 15187 0 0 26 26 0 0 46816 46820 0 0 19695 19562 0 0 46967 34830 29782 0x3E0000012C9E3470
1 0 3 0 8 0 13464 15094 15180 0 0 21 19 0 0 46746 46763 0 0 19717 19644 0 0 47047 34839 29774 0x990000012CADA070
1 0 3 0 9 0 13464 15188 15162 0 0 24 21 0 0 46822 46781 0 0 19645 19488 0 0 47042 34778 29699 0xDD0000012C8A9070
1 0 3 0 10 0 13464 15230 15089 0 0 24 17 0 0 46742 46804 0 0 19734 19654 0 0 46957 34816 29632 0xF20000012CA39F70
1 0 3 0 11 0 13464 15159 15102 0 0 20 18 0 0 46732 46826 0 0 19771 19609 0 0 47104 35178 29767 0xF20000012CA87C70
1 0 3 0 12 0 13464 15235 15073 0 0 19 10 0 0 46887 46829 0 0 19740 19760 0 0 47137 34530 29674 0x430000012C96F070
1 0 0 0 0 0 13464 15073 15181 0 0 22 31 0 0 46866 46712 0 0 19770 19612 0 0 46965 34557 29840 0x340000012CB1E770
1 0 0 0 1 0 13464 15098 15137 0 0 18 26 0 0 46947 46826 0 0 19990 19804 0 0 46894 34870 29891 0x4E000001615DCA70
1 0 0 0 2 0 13464 15105 15099 0 0 24 21 0 0 46960 46996 0 0 20025 19860 0 0 47004 34594 29778 0x4B0000016286D170
1 0 0 0 3 0 13464 15110 15142 0 0 21 23 0 0 46728 46747 0 0 19980 19954 0 0 47012 34882 29865 0x600000012CA5E670
1 0 0 0 4 0 13464 15066 15138 0 0 17 21 0 0 46882 46900 0 0 20014 19937 0 0 47082 34844 29844 0x440000012C9E8870
1 0 0 0 5 0 13464 15088 15151 0 0 21 24 0 0 46759 46733 0 0 20238 20131 0 0 46941 34980 29749 0x2D0000012CAC8A70
1 0 0 0 6 0 13464 15092 15144 0 0 21 25 0 0 46870 46867 0 0 20199 20119 0 0 47026 34421 29805 0x69000001629C9870
1 0 0 0 7 0 13464 15149 15137 0 0 21 20 0 0 46812 46779 0 0 20309 20094 0 0 47198 34973 29753 0x8A00000161529D70
1 0 0 0 8 0 13464 15096 15126 0 0 15 17 0 0 46936 46841 0 0 20220 20136 0 0 46980 34856 29837 0xB00000012C8B1D70
1 0 0 0 9 0 13464 15267 15111 0 0 40 20 0 0 46806 46806 0 0 20172 20211 0 0 47019 34940 29725 0x8B000001622FD170
1 0 0 0 10 0 13464 15272 15097 0 0 33 17 0 0 46774 46799 0 0 20222 20089 0 0 47140 35034 29769 0x420000012C9AD970
1 0 0 0 11 0 13464 15220 15204 0 0 31 21 0 0 46862 46897 0 0 20278 20254 0 0 46982 34514 29795 0xFE0000012C9FDB70
1 0 0 0 12 0 13464 15080 15175 0 0 12 22 0 0 46870 46968 0 0 19984 20019 0 0 47161 35030 29808 0x340000012CA8BF70
1 0 7 0 0 0 13464 15150 15193 0 0 22 37 0 0 46521 46512 0 0 18904 18898 0 0 46990 34882 29746 0xD10000012CA11270
1 0 7 0 1 0 13464 15173 15188 0 0 16 25 0 0 46669 46739 0 0 18948 18946 0 0 47027 35086 29749 0x950000012C9F7A70
1 0 7 0 2 0 13464 15154 15214 0 0 19 28 0 0 46776 46711 0 0 18940 18797 0 0 47190 34897 29672 0x270000012CA50470
1 0 7 0 3 0 13464 15085 15075 0 0 20 20 0 0 46830 46760 0 0 19102 19104 0 0 47003 35106 29791 0xDF0000012CA35970
1 0 7 0 4 0 13464 15056 15219 0 0 17 21 0 0 46748 46644 0 0 19179 19157 0 0 47147 34960 29712 0x6D0000016221A570
1 0 7 0 5 0 13464 15076 15143 0 0 21 19 0 0 46605 46617 0 0 19260 19200 0 0 47041 34785 29659 0xF30000012C8EA470
1 0 7 0 6 0 13464 15228 15203 0 0 23 26 0 0 46602 46610 0 0 19281 19300 0 0 47172 34741 29779 0x4D0000012C9D6A70
1 0 7 0 7 0 13464 15190 15236 0 0 20 28 0 0 46687 46733 0 0 19413 19321 0 0 47159 34706 29776 0xBF00000162A82570
1 0 7 0 8 0 13464 15055 15218 0 0 13 23 0 0 46617 46698 0 0 19368 19334 0 0 47108 35241 29862 0x7F0000012C916470
1 0 7 0 9 0 13464 15198 15042 0 0 20 10 0 0 46783 46865 0 0 19318 19310 0 0 47189 34499 29938 0x0E0000012CAE0770
1 0 7 0 10 0 13464 15079 116 0 0 11 0 0 0 46695 50719 0 0 19396 19300 0 0 47289 34688 29714 0xE40000012C9B7870
1 0 7 0 11 0 13464 15207 15148 0 0 14 13 0 0 46503 46528 0 0 19367 19332 0 0 47198 35226 29879 0xD60000012C86E670
1 0 7 0 12 0 13464 15106 15098 0 0 16 14 0 0 46801 46775 0 0 19368 19275 0 0 47268 35082 29607 0x490000012CA07B70
1 0 6 0 0 0 13464 15158 15235 0 0 23 40 0 0 46768 46760 0 0 19693 19704 0 0 46835 34840 29744 0xC200000162361270
1 0 6 0 1 0 13464 15190 15107 0 0 28 16 0 0 46873 47066 0 0 19760 19935 0 0 46950 34632 29843 0x110000012C9EE170
1 0 6 0 2 0 13464 15154 15119 0 0 26 23 0 0 46562 46664 0 0 20017 20070 0 0 46951 34834 29852 0x4900000161580770
1 0 6 0 3 0 13464 15158 15089 0 0 27 15 0 0 46902 46944 0 0 20043 20061 0 0 47016 34551 29917 0xE90000016294F470
1 0 6 0 4 0 13464 15127 15147 0 0 23 22 0 0 46798 46853 0 0 20188 20141 0 0 47060 34775 29731 0x9F0000012CA76F70
1 0 6 0 5 0 13464 15096 15106 0 0 26 16 0 0 46929 46982 0 0 20315 20227 0 0 47087 34608 29866 0xAF0000012C8D2F70
1 0 6 0 6 0 13464 15095 15086 0 0 16 18 0 0 46702 46680 0 0 20142 20132 0 0 46978 34633 29747 0x7000000162399370
1 0 6 0 7 0 13464 15141 15106 0 0 26 20 0 0 46723 46743 0 0 20296 20317 0 0 47035 34828 29897 0x4A00000162221770
1 0 6 0 8 0 13464 15081 15179 0 0 20 26 0 0 47031 46954 0 0 20337 20288 0 0 47094 34843 29830 0x0A0000012C85C970
1 0 6 0 9 0 13464 15160 15215 0 0 24 27 0 0 46835 46832 0 0 20372 20298 0 0 46957 34697 29755 0x1700000162A13570
1 0 6 0 10 0 13464 15202 15192 0 0 26 25 0 0 46833 46807 0 0 20302 20342 0 0 47019 34944 29830 0x270000012C873D70
1 0 6 0 11 0 13464 15221 15157 0 0 25 14 0 0 46931 47017 0 0 20055 20353 0 0 47104 34612 29900 0xD10000012CB2B070
1 0 6 0 12 0 13464 15131 15082 0 0 16 14 0 0 46845 46853 0 0 20251 20021 0 0 47161 34560 29825 0xA100000162A8C470
1 0 1 1 0 0 13464 15081 15139 0 0 23 27 0 0 46827 46874 0 0 19549 19294 0 0 46960 34504 29902 0xFE0000012C9AA670
1 0 1 1 1 0 13464 15160 15121 0 0 35 26 0 0 46844 46772 0 0 19664 19571 0 0 46949 34768 29724 0xB30000012CA8AB70
1 0 1 1 2 0 13464 15073 15092 0 0 22 19 0 0 46894 47000 0 0 19657 19611 0 0 46893 34334 29792 0x6C00000162ACB970
1 0 1 1 3 0 13464 15082 15110 0 0 22 23 0 0 46870 46884 0 0 19753 19648 0 0 46869 34571 29856 0x16000001628F2570
1 0 1 1 4 0 13464 15208 15112 0 0 29 20 0 0 46839 46829 0 0 19888 19729 0 0 47027 34816 29760 0xA20000012C8FF270
1 0 1 1 5 0 13464 15113 15103 0 0 27 25 0 0 46779 46892 0 0 19974 19855 0 0 46834 34692 29859 0xA100000162995F70
1 0 1 1 6 0 13464 15190 15069 0 0 17 14 0 0 46791 46957 0 0 19944 19824 0 0 46922 34807 29887 0x89000001623D7970
1 0 1 1 7 0 13464 15107 15156 0 0 18 18 0 0 46972 46861 0 0 20019 19950 0 0 46909 34551 29854 0xBC0000012C8F1370
1 0 1 1 8 0 13464 15085 15140 0 0 21 25 0 0 47003 46972 0 0 19879 19927 0 0 46959 34491 29760 0xF1000001629ABE70
1 0 1 1 9 0 13464 15051 15109 0 0 21 23 0 0 46852 46747 0 0 20082 19932 0 0 47084 35023 29763 0x200000012CAF4E70
1 0 1 1 10 0 13464 15072 15090 0 0 15 15 0 0 46870 46833 0 0 20028 19926 0 0 47072 34578 29826 0x0C0000012C932370
1 0 1 1 11 0 13464 15139 15056 0 0 15 11 0 0 46744 46896 0 0 20050 19988 0 0 46982 34841 29790 0x970000012C9A1470
1 0 1 1 12 0 13464 15105 15125 0 0 11 13 0 0 46974 46950 0 0 19912 19873 0 0 47109 34615 29860 0x950000012CA8B770
1 0 4 1 0 0 13464 15228 15174 0 0 30 24 0 0 46743 46836 0 0 18914 18782 0 0 47021 34958 29669 0xE8000001614AB470
1 0 4 1 1 0 13464 15176 15105 0 0 21 21 0 0 46833 46775 0 0 19151 18991 0 0 47169 34538 29696 0x510000012CA7E070
1 0 4 1 2 0 13464 15176 15094 0 0 22 15 0 0 46652 46654 0 0 19086 18952 0 0 47036 35081 29645 0x4C0000012C9EC470
1 0 4 1 3 0 13464 15170 15098 0 0 26 22 0 0 46838 46847 0 0 19236 19110 0 0 47119 34662 29603 0xDD0000012CA17870
1 0 4 1 4 0 13464 15121 15217 0 0 23 20 0 0 46558 46676 0 0 19342 19258 0 0 47132 35301 29722 0x21000001615D4D70
1 0 4 1 5 0 13464 15133 15074 0 0 29 21 0 0 46758 46720 0 0 19421 19409 0 0 46998 34989 29808 0x0A0000012C86E270
1 0 4 1 6 0 13464 15188 15189 0 0 20 22 0 0 46881 46843 0 0 19480 19437 0 0 47120 34765 29695 0x6C0000012C9FF470
1 0 4 1 7 0 13464 15188 15095 0 0 22 16 0 0 46931 46937 0 0 19394 19397 0 0 47088 34584 29723 0x000000012C9FE570
1 0 4 1 8 0 13464 15326 15169 0 0 26 15 0 0 46768 46788 0 0 19402 19423 0 0 47124 34862 29798 0x7F0000012C8D4170
1 0 4 1 9 0 13464 15317 15120 0 0 21 15 0 0 46823 46858 0 0 19481 19420 0 0 47153 34708 29791 0x2E0000012C912B70
1 0 4 1 10 0 13464 15108 15163 0 0 20 24 0 0 46738 46871 0 0 19641 19491 0 0 47092 34665 29742 0x0F0000012CABFF70
1 0 4 1 11 0 13464 15250 15139 0 0 23 15 0 0 46694 46684 0 0 19437 19470 0 0 47132 35322 29718 0x400000012CB03B70
1 0 4 1 12 0 13464 15150 15095 0 0 19 13 0 0 46890 46941 0 0 19448 19418 0 0 47196 35054 29766 0x530000012CA5C170
# Sector 4 LOG STOP run 01107041 at 1613590964
# Sector 5 LOG START run 01107041 type physics at 1613590947
1 0 8 0 0 0 13464 15051 15129 0 0 22 24 0 0 46704 46716 0 0 19387 19245 0 0 47021 34871 29829 0x5000000161518770
1 0 8 0 1 0 13464 15154 15129 0 0 22 21 0 0 46920 46911 0 0 19480 19401 0 0 46958 34518 29901 0xE40000012C9F1C70
1 0 8 0 2 0 13464 15065 15084 0 0 15 17 0 0 46828 46729 0 0 19607 19540 0 0 46834 34194 29842 0xDE0000016289C970
1 0 8 0 3 0 13464 15066 15135 0 0 15 20 0 0 46923 46942 0 0 19543 19592 0 0 47075 34834 29834 0xA80000012C95DE70
1 0 8 0 4 0 13464 15065 15135 0 0 13 21 0 0 46759 46751 0 0 19817 19666 0 0 47084 34578 29778 0x450000012C994270
1 0 8 0 5 0 13464 15115 15103 0 0 15 17 0 0 46881 46886 0 0 19858 19795 0 0 46933 34696 29899 0xA90000016228A470
1 0 8 0 6 0 13464 15125 15144 0 0 14 24 0 0 46945 46955 0 0 19726 19634 0 0 46968 34541 29788 0x6E0000012C9EFE70
1 0 8 0 7 0 13464 15102 15144 0 0 19 23 0 0 46966 46897 0 0 19839 19762 0 0 46948 34915 29717 0xB8000001622B9270
1 0 8 0 8 0 13464 15075 15125 0 0 16 16 0 0 46669 46692 0 0 19994 19897 0 0 47074 34975 29706 0x1C0000012C8CB570
1 0 8 0 9 0 13464 15141 15160 0 0 20 24 0 0 46682 46793 0 0 19941 19931 0 0 47090 34492 29718 0x210000012C94AA70
1 0 8 0 10 0 13464 15050 15067 0 0 16 18 0 0 46777 46799 0 0 19857 19843 0 0 47103 34887 29953 0xE1000001622DC770
1 0 8 0 11 0 13464 15131 15111 0 0 15 19 0 0 46742 46727 0 0 20025 19794 0 0 47131 34986 29807 0x950000012C9A0770
1 0 8 0 12 0 13464 15136 15121 0 0 19 11 0 0 46911 46944 0 0 19914 19880 0 0 47286 34744 29825 0x000000012C99B370
1 0 8 1 0 0 13464 15021 15201 0 0 23 28 0 0 46870 46908 0 0 19219 19176 0 0 46868 34611 29810 0xF80000012C8F6770
1 0 8 1 1 0 13464 15051 15167 0 0 21 32 0 0 46931 46845 0 0 19473 19390 0 0 47010 34446 29621 0x75000001629A3C70
1 0 8 1 2 0 13464 15108 15186 0 0 28 25 0 0 46718 46678 0 0 19453 19297 0 0 46985 34491 29774 0xA40000012C899170
1 0 8 1 3 0 13464 15089 15124 0 0 22 15 0 0 46929 46844 0 0 19437 19345 0 0 46961 34545 29688 0xA90000012CAC0870
1 0 8 1 4 0 13464 15169 15167 0 0 24 30 0 0 46889 46895 0 0 19652 19621 0 0 46843 34493 29694 0x2E0000012CB31270
1 0 8 1 5 0 13464 15170 15130 0 0 19 25 0 0 46673 46807 0 0 19607 19722 0 0 46918 34867 29774 0x880000012C94EE70
1 0 8 1 6 0 13464 15162 15176 0 0 19 29 0 0 46890 46905 0 0 19736 19713 0 0 46958 34702 29720 0x13000001614B3070
1 0 8 1 7 0 13464 15185 15180 0 0 18 31 0 0 46768 46741 0 0 19654 19824 0 0 47040 34821 29810 0x410000012C987D70
1 0 8 1 8 0 13464 15168 15122 0 0 22 20 0 0 46834 46889 0 0 19839 19761 0 0 46901 34642 29701 0xD20000012C8A6C70
1 0 8 1 9 0 13464 15203 15129 0 0 26 22 0 0 46857 46869 0 0 19849 19654 0 0 46877 35126 29627 0xE30000012CA86170
1 0 8 1 10 0 13464 15176 15114 0 0 20 15 0 0 46975 46876 0 0 19860 19664 0 0 46993 34628 29721 0x3D0000012C8D0070
1 0 8 1 11 0 13464 15101 15073 0 0 13 16 0 0 46885 46822 0 0 19836 19692 0 0 47095 34835 29728 0x470000012CA57F70
1 0 8 1 12 0 13464 15094 15081 0 0 16 17 0 0 46652 46746 0 0 19668 19724 0 0 47191 35009 29720 0xE5000001614F2670
# Sector 5 LOG STOP run 01107041 at 1613590958
# Sector 6 LOG START run 01107041 type physics at 1613590937
0 1 1 0 0 0 3366 15231 15229 15234 15235 42 45 38 48 41754 41796 41811 41657 23221 23256 22963 22713 46369 34061 29660 0x150000016289E570
0 1 1 0 1 0 3366 15233 15232 15226 15234 43 27 39 35 41783 41975 42089 42099 23649 23664 23461 23065 46464 33973 29748 0x8F00000162A05C70
0 1 1 0 2 0 3366 15236 15233 15232 15228 33 26 32 30 42043 42112 42103 41982 23967 23932 23748 23309 46307 33930 29768 0x3200000162A4C270
0 1 1 0 3 0 3366 15246 15241 15247 15242 37 39 31 42 42080 41999 41928 41928 24227 24339 24016 23628 46412 33960 29781 0x50000001628B2670
0 1 1 0 4 0 3366 15234 15230 15245 15243 31 28 31 32 42172 42192 42051 42096 24134 24512 24062 23738 46464 33928 29719 0x5F00000162AC9E70
0 1 1 0 5 0 3366 15231 15235 15233 15234 33 39 25 24 42084 42067 42162 42115 24285 24461 24102 23926 46440 34021 29671 0x3100000162A54D70
0 1 1 0 6 0 3366 15236 15245 15241 15239 34 35 27 29 42004 42109 41958 42098 24109 24343 23957 23920 46493 33955 29867 0xFE000001628D8470
0 1 1 0 7 0 3366 15242 15241 15249 15241 28 28 26 28 42004 41991 41947 41952 23919 24194 23691 23635 46556 33979 29712 0x0800000162980270
0 1 1 0 8 0 3366 15249 15241 15244 15246 17 29 25 24 41918 41897 41973 41916 23763 24129 23575 23510 46635 33950 29790 0xBF00000162859B70
0 1 1 0 9 0 3366 15242 15242 15238 15246 27 25 25 23 41357 41905 41974 41845 23266 23840 23279 23339 46632 34177 29711 0xAF00000162B2CE70
0 1 1 0 10 0 3366 15233 15232 15236 15242 23 18 23 28 41886 41864 42039 41934 23173 23504 22914 23158 46659 34722 29665 0xF500000162951F70
0 1 0 0 0 0 3366 15268 15270 15280 15272 38 34 35 45 42042 41878 41901 41959 23539 23719 23181 23044 46536 34009 29752 0x7400000162A1D870
0 1 0 0 1 0 3366 15266 15274 15270 15271 38 33 31 29 41958 41838 41962 42041 23616 23750 23381 23124 46368 33957 29665 0x0C0000016290EC70
0 1 0 0 2 0 3366 15278 15280 15270 15274 31 39 45 43 41807 41900 41845 41846 23939 23819 23812 23278 46409 33836 29766 0x6C000001629A6D70
0 1 0 0 3 0 3366 15270 15275 15271 15280 32 33 46 26 42005 42150 42056 41988 24150 24260 24066 23501 46562 34072 29655 0xA200000162B10A70
0 1 0 0 4 0 3366 15268 15279 15274 15273 44 39 43 35 41975 41857 42068 42162 24403 24579 24160 23894 46338 34133 29783 0x3A0000016299B970
0 1 0 0 5 0 3366 15276 15271 15274 15264 34 33 39 33 41914 42000 42034 41978 24444 24497 24216 23925 46512 34064 29726 0x27000001628F1170
0 1 0 0 6 0 3366 15267 15274 15275 15271 33 44 34 32 42025 42120 41835 42024 24105 24342 24064 23958 46547 34303 29765 0x7000000162940170
0 1 0 0 7 0 3366 15273 15264 15273 15270 32 36 31 31 41784 41853 41935 41773 24250 24325 23900 23758 46579 33989 29709 0x1000000162AC3070
0 1 0 0 8 0 3366 15238 15241 15243 15235 24 26 24 33 42076 41939 41853 42129 23906 24107 23690 23687 46444 34215 29785 0x5200000162AC7170
0 1 0 0 9 0 3366 15239 15241 15245 15233 27 23 22 21 41934 42080 42204 42049 23606 24042 23342 23427 46712 34196 29729 0xC100000162850170
0 1 0 0 10 0 3366 15239 15240 15243 15244 23 25 25 28 41996 41981 42075 41924 23244 23691 23173 23310 46655 34244 29665 0x4F00000162B21170
0 1 5 0 0 0 3366 15239 15232 15228 15236 41 36 39 34 41836 41948 41878 41896 22957 22621 22726 22232 46423 34439 29901 0x040000016290A070
0 1 5 0 1 0 3366 15233 15236 15237 15238 36 35 31 29 41759 41777 41921 41710 23523 23515 23347 23045 46557 34344 29841 0x8A000001629FFA70
0 1 5 0 2 0 3366 15236 15236 15226 15236 36 37 30 41 41994 41892 41963 41932 23755 23861 23634 23289 46533 34095 29841 0xD500000162936070
0 1 5 0 3 0 3366 15235 15245 15241 15243 36 21 35 39 41929 41869 41883 41831 24105 24011 23936 23668 46433 34093 29869 0xB800000162979070
0 1 5 0 4 0 3366 15239 15241 15240 15237 30 37 37 33 42108 42029 42087 42072 23885 24224 23816 23640 46585 34194 29761 0xBB00000162A1D270
0 1 5 0 5 0 3366 15234 15230 15239 15244 50 40 42 37 41904 41810 41732 41777 23940 24048 23683 23605 46585 34111 29711 0x4600000162B0EA70
0 1 5 0 6 0 3366 15236 15239 15231 15233 37 33 28 27 41908 42049 41982 41970 23829 24039 23562 23558 46621 34163 29858 0x6900000162AC1A70
0 1 5 0 7 0 3366 15246 15251 15250 15247 37 38 38 31 41903 41876 41820 42039 23591 23937 23391 23501 46531 34310 29882 0xAE000001629FF570
0 1 5 0 8 0 3366 15253 15258 15260 15263 29 25 21 25 41913 41794 41772 41761 23369 23777 23177 23189 46686 34529 29660 0x5B00000162909670
0 1 5 0 9 0 3366 15258 15248 15255 15255 20 33 37 34 41813 42025 41986 41936 22952 23413 22790 22929 46584 34797 29814 0xC600000162B04E70
0 1 5 0 10 0 3366 15257 15262 15257 15254 31 31 19 25 41881 41745 41753 41803 22900 23258 22846 22802 46679 34437 29833 0x7D00000162A65E70
0 1 7 0 0 0 3366 15247 15247 15248 15251 46 51 43 54 41850 41865 41908 41961 22687 22572 22467 22049 46521 34085 29674 0x4000000162A89E70
0 1 7 0 1 0 3366 15254 15246 15243 15253 46 37 48 41 42076 42042 41883 41932 23206 23169 22969 22666 46461 34335 29679 0xF700000162AE6D70
0 1 7 0 2 0 3366 15252 15257 15254 15255 36 47 38 41 41705 41682 41818 42072 23569 23568 23341 23073 46420 34182 29688 0x6A00000162929070
0 1 7 0 3 0 3366 15261 15251 15253 15253 40 33 40 31 42036 42024 42074 42197 23818 24020 23574 23511 46459 34070 29644 0x8E00000162AF5E70
0 1 7 0 4 0 3366 15245 15254 15249 15244 34 28 39 35 41973 42004 41976 41762 23480 23959 23406 23424 46665 34311 29592 0xBD000001629CD070
0 1 7 0 5 0 3366 15247 15250 15246 15254 44 39 40 33 41858 41999 41911 41873 23780 23944 23555 23487 46584 34208 29622 0x480000016296CE70
0 1 7 0 6 0 3366 15250 15248 15245 15253 35 31 31 37 41750 41671 41779 41944 23611 23994 23369 23502 46540 34288 29727 0x1C0000016286AB70
0 1 7 0 7 0 3366 15243 15252 15251 15249 30 35 31 27 41750 41756 41800 41718 23264 23695 23126 23164 46670 34497 29670 0x3000000162A28770
0 1 7 0 8 0 3366 15266 15250 15251 15255 26 31 29 29 41892 41954 41891 42008 23018 23598 22922 23024 46695 34230 29662 0x4C0000016295C370
0 1 7 0 9 0 3366 15249 15246 15258 15252 31 30 26 24 41922 41871 41935 41982 22876 23324 22451 22795 46738 34378 29689 0xCE00000162A08B70
0 1 7 0 10 0 3366 15253 15249 15242 15247 21 23 24 25 41861 41879 41864 41789 22719 23143 22640 22603 46878 34587 29689 0x7E00000162A09E70
0 1 6 0 0 0 3366 15253 15259 15257 15254 56 57 42 46 41925 41891 41862 42044 22792 22736 22596 22201 46322 34150 29685 0x43000001628E5570
0 1 6 0 1 0 3366 15248 15255 15259 15254 44 40 46 46 41785 41859 41840 41834 23296 23324 23085 22882 46449 34293 29785 0x9900000162907370
0 1 6 0 2 0 3366 15247 15249 15254 15251 46 42 42 42 42074 41993 42030 42067 23714 23725 23498 23266 46464 33925 29904 0x9E00000162AABB70
0 1 6 0 3 0 3366 15252 15245 15253 15254 43 49 37 37 41967 41802 41891 41772 24012 24200 23897 23642 46491 34266 29844 0x550000016297A070
0 1 6 0 4 0 3366 15253 15250 15255 15250 28 35 32 34 41965 41876 41940 41851 23718 24118 23545 23541 46591 34133 29845 0xC200000162A2D370
0 1 6 0 5 0 3366 15251 15256 15252 15255 29 31 27 33 41906 41977 41978 41956 23876 23884 23772 23494 46635 34222 29821 0xEF000001628D9970
0 1 6 0 6 0 3366 15255 15255 15251 15255 28 28 58 27 42100 42007 42211 42034 23660 23868 23523 23546 46722 34347 29773 0x690000016285C070
0 1 6 0 7 0 3366 15255 15259 15254 15253 34 30 25 25 42015 41957 41842 41894 23420 23764 23147 23331 46603 34226 29728 0x1200000162923F70
0 1 6 0 8 0 3366 15248 15253 15254 15255 29 24 29 32 41972 42055 41977 41979 23096 23640 23014 23090 46588 34369 29820 0x1B0000016292F670
0 1 6 0 9 0 3366 15257 15260 15260 15258 24 32 30 28 41792 41882 41628 41814 22877 23292 22670 22915 46760 34351 29857 0x4D000001628B5170
0 1 6 0 10 0 3366 15262 15256 15254 15257 33 35 33 28 41809 41695 41866 41701 22758 23137 22647 22661 46747 34348 29812 0xE70000016293C270
# Sector 6 LOG STOP run 01107041 at 1613590945
# Sector 7 LOG START run 01107041 type physics at 1613590960
0 1 9 0 0 0 3366 15253 15258 15253 15248 45 50 32 44 41631 41706 41783 41737 22482 22358 22222 21861 46427 34258 29645 0xE100000162AEC070
0 1 9 0 1 0 3366 15258 15257 15254 15257 49 42 49 76 41754 41725 41706 41633 22920 22838 22759 22579 46516 34103 29737 0x40000001628AA770
0 1 9 0 2 0 3366 15257 15261 15264 15257 41 48 50 42 41871 41851 41924 41776 23245 23279 23120 22874 46457 34191 29591 0x7C00000162B23670
0 1 9 0 3 0 3366 15247 15250 15253 15257 47 38 42 46 42017 42031 41913 42074 23537 23808 23325 23228 46663 34231 29744 0x8C00000162936370
0 1 9 0 4 0 3366 15253 15254 15257 15254 35 49 40 39 41992 41997 41880 41950 23281 23706 23160 23027 46532 34400 29750 0x3700000162ADB070
0 1 9 0 5 0 3366 15254 15249 15253 15249 37 34 31 43 41829 41761 41614 41850 23548 23718 23145 23087 46588 34403 29593 0x7100000162982870
0 1 9 0 6 0 3366 15249 15253 15261 15244 31 26 40 28 41801 41822 41671 41761 23132 23550 22863 22928 46625 34163 29733 0x7B0000016289E770
0 1 9 0 7 0 3366 15258 15263 15258 15251 32 29 30 35 41885 41813 41802 41882 23039 23346 22754 22822 46717 34196 29567 0x050000016285D170
0 1 9 0 8 0 3366 15244 15247 15247 15247 22 26 26 26 41835 41911 41824 41951 22778 23001 22533 22494 46537 34260 29421 0x9600000162919670
0 1 9 0 9 0 3366 15280 15282 15273 15278 26 33 28 28 41750 41760 41758 41691 22567 22973 22387 22406 46624 34302 29668 0x5500000162ACC170
0 1 9 0 10 0 3366 15275 15267 15277 15272 27 22 23 28 41846 41881 41936 41824 22433 22867 22324 22391 46592 34287 29665 0x5A00000162AF1670
0 1 11 0 0 0 3366 15264 15267 15273 15268 36 38 33 45 41749 41756 41705 41714 22375 22186 22206 21662 46564 33926 29950 0xD600000162B2E470
0 1 11 0 1 0 3366 15270 15276 15273 15271 39 42 40 31 41628 41706 41549 41680 22651 22984 22351 22306 46437 34207 29857 0xC6000001629CE970
0 1 11 0 2 0 3366 15262 15261 15264 15261 39 44 39 40 42011 41858 41857 41922 22969 23050 22740 22581 46490 34172 29861 0x7400000162A3EA70
0 1 11 0 3 0 3366 15268 15263 15264 15266 28 26 24 35 41801 41911 41985 41798 23023 23399 22793 22792 46473 34174 30088 0xD000000162A06A70
0 1 11 0 4 0 3366 15264 15269 15265 15273 34 42 36 37 41772 41612 41814 41780 22751 23088 22541 22685 46418 34019 29968 0x1D00000162A73C70
0 1 11 0 5 0 3366 15259 15262 15266 15267 28 31 46 29 41821 41732 41770 41788 23012 23165 22688 22652 46489 33997 30070 0x1F00000162A34B70
0 1 11 0 6 0 3366 15274 15272 15279 15273 25 29 26 28 41975 41860 41981 41716 22826 23103 22561 22566 46593 34090 30013 0x2100000162AE3670
0 1 11 0 7 0 3366 15266 15275 15270 15261 30 29 31 34 41897 42109 42130 41914 22720 22976 22405 22406 46673 34502 29917 0xA700000162AAC370
0 1 11 0 8 0 3366 15282 15275 15283 15278 29 29 23 32 41659 41760 41730 41703 22228 22664 21830 22152 46621 34221 29992 0x4A00000162B2B270
0 1 11 0 9 0 3366 15275 15274 15273 15275 28 34 29 26 41822 41847 41943 41795 22094 22708 22091 22085 46639 34249 29932 0x6500000162905E70
0 1 11 0 10 0 3366 15280 15279 15274 15277 26 26 16 19 41868 41873 41856 42132 22106 22375 22010 21921 46749 34379 30029 0x1A00000162AA3970
0 1 12 0 0 0 3366 15278 15280 15273 15274 44 57 35 49 41893 41751 41845 41812 22115 21980 21828 21516 46577 34294 30038 0xFE00000162A03A70
0 1 12 0 1 0 3366 15278 15278 15280 15278 46 55 48 47 41904 41884 41843 41718 22333 22576 22131 22055 46471 34135 29756 0x6800000162A31870
0 1 12 0 2 0 3366 15250 15272 15276 15258 31 37 41 32 41838 41781 41700 41784 22867 22908 22404 22378 46517 34055 29981 0x6700000162AF4870
0 1 12 0 3 0 3366 15276 15279 15276 15274 31 48 28 31 41918 41926 41948 41911 22913 23269 22410 22565 46435 34369 30007 0x6C00000162856370
0 1 12 0 4 0 3366 15274 15275 15275 15266 40 44 31 38 41884 41768 41863 41745 22888 23145 22396 22437 46621 34050 29989 0x4A00000162A9D870
0 1 12 0 5 0 3366 15272 15272 15277 15277 35 44 43 29 42123 42069 41876 42105 22912 23160 22538 22437 46583 34260 30033 0xD800000162B1B670
0 1 12 0 6 0 3366 15278 15271 15274 15271 33 30 22 26 41915 41862 41902 41849 22696 23109 22251 22550 46595 34082 30021 0x3800000162883A70
0 1 12 0 7 0 3366 15272 15279 15273 15265 38 31 31 28 41557 41799 41776 41781 22546 22852 22103 22324 46480 34204 30013 0x7A00000162920870
0 1 12 0 8 0 3366 15277 15273 15272 15269 31 23 24 32 41756 41792 41809 41803 22239 22677 21812 21994 46596 34299 29926 0xFD000001629FA970
0 1 12 0 9 0 3366 15271 15271 15283 15273 38 32 25 32 41829 41725 41774 41774 22189 22606 21946 22019 46598 34426 30094 0x8C00000162AD7F70
0 1 12 0 10 0 3366 15278 15275 15272 15271 37 37 28 34 41809 41797 41854 42040 21798 22294 21696 21748 46588 34255 29796 0xB400000162AD8270
0 1 14 0 0 0 3366 15270 15268 15274 15277 38 44 45 35 41788 41867 41733 41834 21978 22145 21936 21511 46564 34539 29830 0x7300000162A41570
0 1 14 0 1 0 3366 15257 15257 15253 15263 38 40 33 36 41627 41680 41551 41526 21797 22364 21295 21688 46509 34116 29723 0xBA00000162ADFB70
0 1 14 0 2 0 3366 15249 15256 15258 15257 33 34 31 34 41793 41769 41743 41869 22157 22325 21598 21722 46441 34409 29748 0xB40000016291AC70
0 1 14 0 3 0 3366 15266 15260 15265 15263 27 37 39 35 41819 42006 41890 41967 22473 22975 22144 22384 46517 34289 29946 0x9F00000162878070
0 1 14 0 4 0 3366 15261 15256 15260 15263 31 31 22 31 41616 41550 41712 41727 22199 22500 21890 22069 46520 34110 29806 0xFE0000016296EE70
0 1 14 0 5 0 3366 15286 15277 15277 15272 38 33 32 35 41804 41944 41827 41795 22283 22537 21906 21966 46554 34239 29857 0x5D0000016290A370
0 1 14 0 6 0 3366 15276 15271 15269 15276 28 34 33 30 41783 41762 41799 41766 22343 22594 21940 22072 46707 34224 29875 0xD900000162921370
0 1 14 0 7 0 3366 15245 15251 15249 15253 30 29 18 30 41761 41834 41857 41834 22145 22314 21698 21865 46497 34139 29882 0x2F00000162943770
0 1 14 0 8 0 3366 15256 15251 15251 15253 29 32 26 30 41861 41814 41941 41781 21908 22318 21672 21797 46574 34621 29834 0xCE0000016287CF70
0 1 14 0 9 0 3366 15253 15265 15258 15252 29 30 32 26 41840 41745 41668 41822 21909 22284 21631 21704 46650 34281 29885 0x4C00000162A54170
0 1 14 0 10 0 3366 15287 15289 15280 15284 20 27 19 20 42005 41943 41925 41829 21452 21711 21175 21381 46756 34392 29820 0x4E0000016290AD70
0 1 13 0 0 0 3366 15282 15276 15278 15267 40 38 38 36 41590 41628 41600 41635 22144 22095 21833 21480 46459 34167 29729 0xD600000162B0D670
0 1 13 0 1 0 3366 15276 15287 15273 15273 33 42 27 31 41891 41886 41757 41938 22172 22531 21705 21920 46560 34096 29681 0x8700000162A01070
0 1 13 0 2 0 3366 15275 15271 15278 15276 45 47 45 37 42040 41934 41925 41860 22579 22864 22115 22248 46458 34101 29851 0xFB0000016299CA70
0 1 13 0 3 0 3366 15281 15278 15275 15270 34 37 35 34 41782 41871 41869 41927 22566 22959 22212 22467 46575 34332 29726 0xCF00000162A74170
0 1 13 0 4 0 3366 15277 15276 15281 15276 31 28 32 39 41751 41861 41775 41853 22662 22726 22235 22256 46649 34154 29702 0x2A000001628CD570
0 1 13 0 5 0 3366 15275 15282 15275 15281 27 30 23 26 41662 41654 41763 41806 22690 22868 22170 22107 46687 34093 29863 0xC000000162A49670
0 1 13 0 6 0 3366 15271 15283 15273 15267 25 32 26 28 41837 41827 41723 41822 22501 22879 22137 22226 46677 34364 29788 0x5000000162915570
0 1 13 0 7 0 3366 15272 15280 15271 15269 23 27 25 21 41833 41805 41523 41872 22436 22576 22113 22161 46561 34332 29806 0x33000001629A5B70
0 1 13 0 8 0 3366 15272 15275 15279 15268 31 25 19 31 41826 41865 41725 41885 22144 22646 21841 21992 46694 34354 29827 0x000000016293AD70
0 1 13 0 9 0 3366 15272 15265 15272 15235 25 29 24 25 41894 41827 41752 41963 22071 22445 21935 21894 46655 34450 29850 0x28000001628FED70
0 1 13 0 10 0 3366 15272 15272 15272 15268 26 33 28 26 41623 41700 41633 41695 21900 22188 21555 21571 46820 34345 29930 0xCF00000162919570
0 1 8 0 0 0 3366 15254 15247 15252 15249 51 64 48 56 41881 41990 41867 41897 22632 22476 22345 21966 46552 34410 29648 0x64000001629C7770
0 1 8 0 1 0 3366 15253 15252 15264 15252 49 32 58 40 41870 41750 41736 41674 23074 23083 22945 22634 46565 34065 29709 0x3500000162A64070
0 1 8 0 2 0 3366 15254 15252 15251 15252 46 48 55 44 41773 41740 41689 41585 23464 23559 23299 23012 46547 34191 29739 0xC8000001628C1970
0 1 8 0 3 0 3366 15255 15253 15266 15250 31 31 31 31 42152 42149 42173 42077 23691 23904 23515 23362 46478 34338 29695 0xC5000001629C7F70
0 1 8 0 4 0 3366 15249 15254 15254 15255 34 31 36 34 41863 41813 41736 41884 23495 23899 23304 23233 46435 34173 29648 0x94000001629A6670
0 1 8 0 5 0 3366 15258 15249 15248 15262 36 39 28 40 41838 41806 41829 41822 23554 23883 23315 23308 46542 34312 29618 0x9800000162983E70
0 1 8 0 6 0 3366 15251 15248 15255 15255 25 25 25 25 42097 42027 42092 41997 23325 23701 23073 23207 46589 34354 29546 0xA8000001628B2D70
0 1 8 0 7 0 3366 15248 15262 15248 15253 25 26 27 30 41849 41894 41901 42039 23223 23488 22978 23054 46601 34316 29649 0x2A00000162A16B70
0 1 8 0 8 0 3366 15253 15260 15266 15262 30 29 24 26 41909 41907 41851 41879 23050 23315 22795 22697 46658 34305 29626 0xDC0000016292B070
0 1 8 0 9 0 3366 15259 15266 15260 15260 27 27 27 26 41915 41773 41727 41815 22542 23093 22421 22574 46745 34243 29647 0x6D00000162AB7370
0 1 8 0 10 0 3366 15265 15264 15263 15258 24 20 21 19 41800 41838 41716 41798 22570 23013 22517 22539 46733 34175 29630 0x3F0000016294AF70
0 1 10 0 0 0 3366 15266 15265 15267 15268 43 42 38 35 41785 41712 41728 41815 22306 22092 22120 21708 46449 34118 29930 0x5C00000162A4C070
0 1 10 0 1 0 3366 15264 15266 15272 15262 32 41 37 27 41611 41783 41616 41589 22671 22688 22479 22332 46470 34091 29898 0x3A00000162AC4670
0 1 10 0 2 0 3366 15263 15260 15265 15260 41 29 35 35 41784 42006 41909 41917 23034 23173 22818 22749 46577 33914 30030 0x1800000162B14070
0 1 10 0 3 0 3366 15261 15264 15264 15265 42 48 31 33 41723 41744 41750 41828 23310 23653 22982 23141 46538 34032 29930 0x0A00000162AEC570
0 1 10 0 4 0 3366 15267 15271 15262 15265 37 39 31 40 41742 41757 41707 41811 22957 23292 22718 22728 46596 34163 29943 0xD400000162A27E70
0 1 10 0 5 0 3366 15264 15264 15268 15257 37 36 31 29 41859 41913 41996 41870 23091 23393 22937 22866 46567 34235 29906 0x900000016290BA70
0 1 10 0 6 0 3366 15271 15273 15266 15267 39 33 33 38 41918 42029 41952 42043 22826 23195 22694 22779 46688 34111 29978 0x28000001629D5670
0 1 10 0 7 0 3366 15267 15266 15269 15267 34 37 29 34 41888 41806 41858 41974 22836 23125 22579 22640 46614 34207 30009 0xDE000001629C3D70
0 1 10 0 8 0 3366 15275 15275 15273 15270 36 28 30 27 41746 41847 41659 41765 22357 22811 22223 22317 46602 34318 29911 0x150000016294D970
0 1 10 0 9 0 3366 15276 15281 15273 15275 30 30 24 31 41936 41887 41953 41897 22366 22807 22191 22229 46568 34181 29942 0x0000000162AAFE70
0 1 10 0 10 0 3366 15276 15276 15272 15272 21 23 26 23 41945 41898 41923 41925 22111 22514 22064 22113 46645 34690 29996 0x8A00000162AF7870
# Sector 7 LOG STOP run 01107041 at 1613590967
# Sector 8 LOG START run 01107041 type physics at 1613590973
0 1 19 0 0 0 3366 9169 9169 9164 9167 239 357 2282 318 42767 42506 41513 42590 21571 21714 21696 21639 46554 34217 29754 0x2500000162A2BC70
0 1 19 0 1 0 3366 9164 9162 9167 9162 200 239 227 235 42667 42675 42577 42711 21478 21682 21630 21515 46500 33996 29852 0x2000000162AFAA70
0 1 19 0 2 0 3366 9167 9167 9167 9171 203 189 180 237 42839 42921 42794 42830 21776 21851 21875 21687 46509 34242 29845 0xD100000162893570
0 1 19 0 3 0 3366 9173 9180 9173 9185 210 643 65535 187 42679 42369 1235 42630 21824 21994 22624 21787 46450 34212 29760 0x5700000162A07E70
0 1 19 0 4 0 3366 9183 9173 9173 9173 176 175 174 123 42715 42755 42731 42702 21736 21932 21869 21772 46557 34408 29747 0x6000000162A35470
0 1 19 0 5 0 3366 9173 9183 9173 9183 171 173 166 157 42488 42596 42613 42724 21701 22057 21754 21767 46560 34469 29955 0xEF00000162A02770
0 1 19 0 6 0 3366 9171 9183 9173 9173 144 156 153 172 42887 42900 42830 42839 21479 21701 21416 21424 46702 34338 29942 0xDC0000016295FF70
0 1 19 0 7 0 3366 9171 9180 9180 9190 135 168 133 140 42696 42791 42711 42685 21317 21527 21380 21257 46704 34393 29795 0x8D000001628CE870
0 1 19 0 8 0 3366 9183 9185 9185 9180 126 129 129 148 42563 42615 42580 42606 21268 21456 21108 21278 46667 34179 29849 0x2700000162910670
0 1 19 0 9 0 3366 9183 9171 9173 9176 133 113 119 120 42657 42681 42615 42553 21055 21056 21175 20885 46714 34472 29899 0x7900000162A02E70
0 1 19 0 10 0 3366 9176 9173 9178 9185 122 149 108 187 42828 42565 42718 42589 21259 21357 21239 21134 46728 34329 29837 0xC5000001628BB970
0 1 18 0 0 0 3366 9187 9176 9178 9180 259 302 272 316 42463 42454 42514 42575 21527 21716 21527 21408 46617 34143 29843 0x7700000162B2EC70
0 1 18 0 1 0 3366 9178 9183 9173 9178 217 229 196 245 42450 42507 42465 42640 21200 21520 21136 21183 46570 34175 29812 0xF700000162892970
0 1 18 0 2 0 3366 9183 9173 9185 9183 198 190 208 202 42586 42444 42448 42615 21480 21685 21518 21382 46506 34300 29868 0x5B000001628CB370
0 1 18 0 3 0 3366 9178 9183 9176 9180 154 200 178 191 42700 42720 42551 42661 21775 22060 21751 21596 46651 34249 29765 0xDC000001628F8C70
0 1 18 0 4 0 3366 9185 9180 9192 9192 181 176 189 204 42759 42729 42819 42805 21772 22227 21702 21704 46671 34341 29864 0x1C0000016287B270
0 1 18 0 5 0 3366 9187 9180 9178 9187 142 134 129 132 42755 42756 42634 42674 21620 21820 21596 21452 46579 34316 29917 0xE500000162992B70
0 1 18 0 6 0 3366 9187 9178 9187 9185 126 139 144 110 42889 42811 42604 42764 21359 21884 21226 21444 46534 34240 29781 0xF600000162862B70
0 1 18 0 7 0 3366 9183 9178 9180 9183 145 128 114 132 42671 42534 42707 42693 21537 21765 21269 21165 46659 34024 29835 0x3100000162AEAE70
0 1 18 0 8 0 3366 9192 9192 9194 9183 130 147 133 132 42802 42976 42687 42746 21214 21694 21153 21219 46748 34125 29796 0x2A00000162992170
0 1 18 0 9 0 3366 9180 9187 9180 9185 124 135 117 119 42803 42874 42913 42834 21443 21597 21188 21025 46768 34635 29819 0x9800000162AB9770
0 1 18 0 10 0 3366 9178 9185 9190 9185 102 80 96 98 42832 42830 42846 42909 21199 21494 21192 21025 46717 34959 29932 0x20000001629A5570
0 1 20 0 0 0 3366 15270 15272 15265 15272 27 29 31 25 41916 41875 41982 42012 23254 23295 23301 22944 46376 34052 29600 0x5600000162907970
0 1 20 0 1 0 3366 15272 15271 15271 15271 35 36 35 26 41803 41838 41957 41768 23316 23413 23487 22985 46393 33967 29857 0x91000001629FB870
0 1 20 0 2 0 3366 15271 15267 15270 15266 35 40 33 36 41767 41996 41966 41891 23606 23706 23666 23058 46450 34063 29675 0x6000000162992C70
0 1 20 0 3 0 3366 15272 15270 15271 15271 36 42 37 26 41760 41848 41813 41810 23871 23987 23884 23515 46380 33990 29616 0xB000000162ACBD70
0 1 20 0 4 0 3366 15276 15271 15264 15273 38 36 39 36 42075 42173 42128 42265 24118 24347 24165 23800 46463 34084 29747 0x85000001629D3470
0 1 20 0 5 0 3366 15273 15272 15265 15268 34 32 40 35 42121 42152 42008 42126 24034 24213 23981 23856 46537 34022 29791 0x8E00000162A79670
0 1 20 0 6 0 3366 15273 15269 15274 15270 33 23 25 27 42131 42053 42060 42022 24076 24381 24190 24018 46540 34182 29803 0x1600000162AE3770
0 1 20 0 7 0 3366 15279 15275 15269 15282 34 23 20 26 41960 42017 42044 42079 23859 24075 23829 23776 46590 33996 29851 0xE500000162ADCD70
0 1 20 0 8 0 3366 15278 15279 15277 15265 28 29 26 23 41984 41973 41861 41972 23823 24085 23918 23773 46596 34512 29712 0x7C00000162B11D70
0 1 20 0 9 0 3366 15268 15274 15269 15269 20 23 22 23 41874 41909 41942 41826 23350 23752 23345 23474 46734 34239 29768 0x8100000162B0AC70
0 1 20 0 10 0 3366 15271 15269 15275 15272 24 24 37 35 41906 41826 41791 41838 23152 23453 23090 23123 46750 34150 29777 0x0800000162991B70
0 1 22 0 0 0 3366 15231 15230 15233 15230 51 48 41 43 41766 41773 41994 41817 22976 22839 22773 22419 46547 34168 29812 0xA0000001629CA770
0 1 22 0 1 0 3366 15237 15235 15231 15236 36 45 30 44 41803 41878 41871 41884 23481 23546 23261 23016 46524 34296 29727 0x6800000162ABD070
0 1 22 0 2 0 3366 15241 15234 15235 15223 29 45 30 35 41904 41873 42004 41958 23674 23781 23665 23195 46486 34054 29793 0x4200000162A04570
0 1 22 0 3 0 3366 15224 15232 15227 15234 39 35 37 42 41813 41997 41920 41914 24179 24197 23923 23326 46474 34562 29783 0x3100000162A66670
0 1 22 0 4 0 3366 15231 15226 15224 15226 50 41 33 40 42021 41841 41834 41886 24088 24242 23829 23705 46526 34192 29784 0xE50000016288BB70
0 1 22 0 5 0 3366 15240 15232 15226 15244 44 35 38 38 41802 41895 41976 41986 24190 24407 24083 23891 46614 34108 29757 0x1F000001629C4E70
0 1 22 0 6 0 3366 15228 15225 15226 15222 31 28 34 36 41941 41946 42002 41908 24127 24383 23857 23751 46584 34029 29783 0xB2000001629D3570
0 1 22 0 7 0 3366 15237 15231 15233 15243 28 28 31 31 42067 41928 41965 42009 23702 24218 23700 23748 46615 34251 29797 0x910000016285CB70
0 1 22 0 8 0 3366 15230 15229 15230 15227 28 30 23 43 41914 41783 41793 41782 23623 23990 23448 23459 46668 34296 29802 0x02000001628AE670
0 1 22 0 9 0 3366 15233 15229 15226 15225 26 30 29 30 42043 41845 42041 41814 23030 23448 22827 23192 46716 34298 29734 0xF200000162AFD770
0 1 22 0 10 0 3366 15237 15237 15231 15237 26 40 37 31 41795 41775 41752 41697 22878 23304 22720 22985 46696 34391 29875 0xD000000162AFED70
0 1 22 1 0 0 3366 15279 15277 15272 15270 39 36 40 45 41726 41549 41568 41629 21685 21790 21669 21402 46543 34070 29757 0xBE0000016291F370
0 1 22 1 1 0 3366 15261 15266 15261 15259 29 35 32 33 41715 41645 41686 41569 21401 21821 21363 21323 46618 34088 29777 0x80000001629D9770
0 1 22 1 2 0 3366 15256 15252 15255 15255 27 37 24 31 41971 41813 41842 41701 21708 22139 21447 21459 46537 34398 29758 0xC30000016296B070
0 1 22 1 3 0 3366 15256 15249 15267 15253 33 32 35 29 41899 41879 41812 41742 22192 22651 21915 21899 46528 34417 29905 0x78000001628C0C70
0 1 22 1 4 0 3366 15259 15260 15253 15261 32 40 28 27 41821 41941 41724 41722 22000 22593 21991 21837 46519 34168 29832 0x8500000162A23170
0 1 22 1 5 0 3366 15282 15277 15275 15278 35 33 30 33 41712 41936 41951 41865 21880 22189 21687 21735 46702 34211 29784 0x25000001628B6670
0 1 22 1 6 0 3366 15279 15272 15277 15278 30 33 25 33 41796 41889 41819 41833 21880 22273 21479 21764 46601 34437 29781 0x61000001628D4470
0 1 22 1 7 0 3366 15252 15254 15249 15250 24 31 24 24 41810 41649 41723 41721 21823 22307 21674 21798 46664 34206 29855 0xE800000162A5EA70
0 1 22 1 8 0 3366 15262 15260 15257 15253 23 27 26 30 41826 41801 41789 41821 21567 21909 21280 21394 46862 34443 29852 0xE100000162AFD970
0 1 22 1 9 0 3366 15258 15255 15254 15261 26 30 28 31 41583 41745 41790 41504 21852 22214 21668 21569 46712 34335 29792 0xE30000016293E470
0 1 22 1 10 0 3366 15289 15287 15289 15288 22 20 21 27 41596 41775 41751 41602 21363 21935 21508 21365 46813 34465 29791 0x75000001628BAC70
# Sector 8 LOG STOP run 01107041 at 1613590987
# Sector 9 LOG START run 01107041 type physics at 1613590955
1 1 4 1 0 0 13464 15151 15180 0 0 22 27 0 0 46692 46649 0 0 18566 18677 0 0 46778 34357 29775 0xFD0000012C8BA070
1 1 4 1 1 0 13464 15095 15257 0 0 17 14 0 0 46623 46659 0 0 18734 18753 0 0 46904 34401 29753 0x1B00000162A42270
1 1 4 1 2 0 13464 15215 15241 0 0 27 23 0 0 46755 46729 0 0 18875 19056 0 0 46833 34685 29696 0xA00000012CA25F70
1 1 4 1 3 0 13464 15182 15245 0 0 15 28 0 0 46650 46609 0 0 19076 19163 0 0 46932 34769 29766 0x9B0000012CB19670
1 1 4 1 4 0 13464 15201 15124 0 0 19 14 0 0 46828 46815 0 0 19138 19229 0 0 46802 34709 29744 0x160000012CAFCA70
1 1 4 1 5 0 13464 15204 15155 0 0 27 14 0 0 46806 46712 0 0 19146 19126 0 0 46895 34845 29798 0x260000012C924C70
1 1 4 1 6 0 13464 15209 15132 0 0 22 17 0 0 46988 46958 0 0 19040 19150 0 0 46868 34560 29810 0xB00000012CAF7270
1 1 4 1 7 0 13464 15289 15205 0 0 23 21 0 0 46936 46902 0 0 19107 19148 0 0 47073 34562 29786 0x760000012C939F70
1 1 4 1 8 0 13464 15097 15122 0 0 15 18 0 0 46665 46697 0 0 19042 19224 0 0 46961 34740 29631 0xEB0000012CA3CE70
1 1 4 1 9 0 13464 15220 15102 0 0 20 16 0 0 46872 46855 0 0 19053 19060 0 0 46983 34447 29758 0x0500000162AC0B70
1 1 4 1 10 0 13464 15092 15093 0 0 16 15 0 0 46751 46615 0 0 19071 19176 0 0 47021 34333 29715 0x69000001629ACE70
1 1 4 1 11 0 13464 15179 15196 0 0 17 14 0 0 46823 46778 0 0 19087 18966 0 0 46976 34402 29779 0xF9000001629AF270
1 1 4 1 12 0 13464 15137 15086 0 0 16 13 0 0 46854 46735 0 0 19029 19091 0 0 47005 34686 29846 0x790000016296FA70
1 1 6 0 0 0 13464 15186 15094 0 0 29 24 0 0 46637 46781 0 0 19469 19633 0 0 47052 34942 29856 0x3F0000012CB30F70
1 1 6 0 1 0 13464 15140 15194 0 0 22 29 0 0 46788 46768 0 0 19773 19589 0 0 47090 34651 29905 0x880000012CB2B370
1 1 6 0 2 0 13464 15149 15302 0 0 24 40 0 0 46753 46753 0 0 20040 20044 0 0 47097 34823 29769 0x930000012C991970
1 1 6 0 3 0 13464 15301 15308 0 0 31 33 0 0 46821 46728 0 0 20280 19878 0 0 47034 34912 29747 0xAD0000012CAE1C70
1 1 6 0 4 0 13464 15266 15141 0 0 27 13 0 0 46916 46942 0 0 20096 19993 0 0 46901 34848 29832 0xDD0000012C8DDF70
1 1 6 0 5 0 13464 15176 15105 0 0 25 21 0 0 46915 46916 0 0 20194 20168 0 0 47032 34511 29914 0xE20000012CAAD670
1 1 6 0 6 0 13464 15201 15132 0 0 17 11 0 0 46751 46751 0 0 20036 20083 0 0 46958 34908 29936 0x350000012C8C5570
1 1 6 0 7 0 13464 15046 15189 0 0 10 19 0 0 46749 46753 0 0 19907 19836 0 0 46926 34900 29833 0xCC0000012C8A8D70
1 1 6 0 8 0 13464 15097 15183 0 0 17 19 0 0 46796 46831 0 0 20016 20071 0 0 46987 35203 29822 0x060000012CAC7970
1 1 6 0 9 0 13464 15120 15262 0 0 15 24 0 0 46771 46787 0 0 19980 20093 0 0 47130 34635 29834 0x450000012CA33A70
1 1 6 0 10 0 13464 15145 15198 0 0 19 16 0 0 46940 47008 0 0 20043 20056 0 0 47147 34299 29840 0xAF000001629F7070
1 1 6 0 11 0 13464 15077 15196 0 0 14 17 0 0 46813 46958 0 0 19863 20031 0 0 47084 34690 29914 0x6200000162AEF270
1 1 6 0 12 0 13464 15174 15162 0 0 19 25 0 0 46904 46956 0 0 19949 20048 0 0 47122 34670 29838 0xC9000001629F3E70
1 1 2 0 0 0 13464 15280 15098 0 0 38 27 0 0 46895 46969 0 0 19183 19246 0 0 46928 34414 29804 0xA20000012C97B370
1 1 2 0 1 0 13464 15280 15182 0 0 34 26 0 0 46827 46815 0 0 19463 19514 0 0 46809 34273 29726 0xF80000012CB06270
1 1 2 0 2 0 13464 15091 15113 0 0 19 24 0 0 46804 46974 0 0 19463 19618 0 0 46850 34603 29778 0x7C00000162900F70
1 1 2 0 3 0 13464 15123 15162 0 0 27 20 0 0 46953 47051 0 0 19661 19632 0 0 46886 34536 29746 0xF80000012C98A170
1 1 2 0 4 0 13464 15081 15150 0 0 16 17 0 0 46808 46731 0 0 19737 19711 0 0 46765 34655 29802 0xDA0000012C960570
1 1 2 0 5 0 13464 15083 15187 0 0 15 15 0 0 46950 46968 0 0 19841 19833 0 0 46958 34533 29833 0x520000012CA45D70
1 1 2 0 6 0 13464 15051 15198 0 0 11 23 0 0 46871 46883 0 0 19767 19756 0 0 46913 34889 29809 0x0E0000012C9AE170
1 1 2 0 7 0 13464 15174 15188 0 0 16 12 0 0 46799 46770 0 0 19740 19709 0 0 46798 34865 29828 0x230000012C9F5A70
1 1 2 0 8 0 13464 15288 15061 0 0 36 19 0 0 46792 46801 0 0 19828 19729 0 0 46911 34776 29788 0x170000012CA69E70
1 1 2 0 9 0 13464 15172 15244 0 0 26 15 0 0 46777 46738 0 0 19876 19764 0 0 46994 34566 29746 0x780000012C888C70
1 1 2 0 10 0 13464 15099 15188 0 0 15 18 0 0 46805 46913 0 0 19829 19890 0 0 46967 34731 29762 0xF60000012C9F9770
1 1 2 0 11 0 13464 15173 15174 0 0 22 15 0 0 46828 46757 0 0 19702 19785 0 0 46951 34556 29742 0x2E00000162AFD370
1 1 2 0 12 0 13464 15132 15235 0 0 24 21 0 0 46920 46969 0 0 19789 19907 0 0 46954 34744 29737 0xE900000162864F70
1 1 1 1 0 0 13464 15178 15120 0 0 41 29 0 0 46695 46799 0 0 19049 19196 0 0 47013 34298 29810 0xB30000012C91F870
1 1 1 1 1 0 13464 15103 15191 0 0 21 33 0 0 46767 46676 0 0 19506 19437 0 0 46905 34435 29756 0xE10000012CB03370
1 1 1 1 2 0 13464 15061 15074 0 0 18 18 0 0 46828 46776 0 0 19434 19536 0 0 46782 34920 29810 0xCB0000016234E970
1 1 1 1 3 0 13464 15095 15095 0 0 26 22 0 0 46841 46796 0 0 19594 19632 0 0 46934 34926 29733 0x770000012CAE2D70
1 1 1 1 4 0 13464 15095 15195 0 0 15 21 0 0 46857 46883 0 0 19644 19694 0 0 46775 34361 29784 0xBE000001629D5F70
1 1 1 1 5 0 13464 15158 15186 0 0 15 21 0 0 47012 46980 0 0 19696 19693 0 0 46928 34374 29888 0x77000001629F5270
1 1 1 1 6 0 13464 15076 15129 0 0 18 19 0 0 46644 46668 0 0 19722 19750 0 0 46826 34832 29755 0xC20000012C89DF70
1 1 1 1 7 0 13464 15080 15104 0 0 15 19 0 0 46768 46845 0 0 19793 19753 0 0 46879 34946 29788 0x8D00000162AAB570
1 1 1 1 8 0 13464 15083 15097 0 0 13 14 0 0 46730 46810 0 0 19722 19769 0 0 46982 34843 29671 0xC90000016235E370
1 1 1 1 9 0 13464 15082 15157 0 0 19 21 0 0 46749 46671 0 0 19722 19782 0 0 46928 34660 29742 0x7B0000012CAB3A70
1 1 1 1 10 0 13464 15247 15072 0 0 25 14 0 0 46861 46881 0 0 19820 19565 0 0 47082 34541 29762 0xD00000012C87CA70
1 1 1 1 11 0 13464 15199 15076 0 0 24 15 0 0 46810 46822 0 0 19659 19631 0 0 47056 34554 29824 0xED00000162AACE70
1 1 1 1 12 0 13464 15110 15226 0 0 18 20 0 0 47106 47002 0 0 19593 19638 0 0 47005 34474 29901 0xE200000162A1D170
1 1 5 0 0 0 13464 15127 15192 0 0 27 25 0 0 46912 46892 0 0 18746 18742 0 0 46960 34546 29808 0x060000012C960170
1 1 5 0 1 0 13464 15131 15182 0 0 25 25 0 0 46832 43743 0 0 18916 18886 0 0 47029 35041 30000 0x320000012C9B2370
1 1 5 0 2 0 13464 15117 15182 0 0 21 23 0 0 46637 46714 0 0 18921 19052 0 0 47059 34954 29805 0xE50000016231C470
1 1 5 0 3 0 13464 15112 15216 0 0 13 19 0 0 46808 46722 0 0 19053 19225 0 0 46917 34551 29937 0x580000012C89BC70
1 1 5 0 4 0 13464 15201 15220 0 0 21 26 0 0 46808 46767 0 0 19173 19271 0 0 47060 34695 29940 0x050000012C8DFD70
1 1 5 0 5 0 13464 15127 15218 0 0 19 26 0 0 46652 46617 0 0 19293 19330 0 0 47033 34778 29908 0xF6000001622FDD70
1 1 5 0 6 0 13464 15199 15175 0 0 14 17 0 0 46787 46711 0 0 19159 19248 0 0 46928 34673 29915 0x6000000162A50270
1 1 5 0 7 0 13464 15172 15193 0 0 15 17 0 0 46973 47076 0 0 19156 19216 0 0 47016 34565 30042 0x380000012C8AEC70
1 1 5 0 8 0 13464 15208 15183 0 0 15 19 0 0 46829 46928 0 0 19191 19205 0 0 47029 34607 29982 0x36000001629BE170
1 1 5 0 9 0 13464 15285 15137 0 0 25 23 0 0 46819 46604 0 0 19160 19283 0 0 47020 34727 29952 0xFB00000162287D70
1 1 5 0 10 0 13464 15226 15093 0 0 20 17 0 0 46872 46864 0 0 19076 19234 0 0 47162 34806 29937 0xF3000001615B6670
1 1 5 0 11 0 13464 15202 15104 0 0 14 17 0 0 46753 46741 0 0 19073 19242 0 0 47127 34581 29937 0x1500000162939670
1 1 5 0 12 0 13464 15098 15119 0 0 14 16 0 0 47110 46941 0 0 19120 19245 0 0 47122 34575 29884 0x6B00000162B13570
1 1 3 0 0 0 13464 15066 15224 0 0 25 31 0 0 46763 46678 0 0 18624 18830 0 0 47010 34959 29979 0x3D00000162273970
1 1 3 0 1 0 13464 15136 15307 0 0 24 38 0 0 46898 46589 0 0 18990 19060 0 0 46920 34550 29997 0xE000000162A1C270
1 1 3 0 2 0 13464 15159 15110 0 0 26 25 0 0 46672 46823 0 0 19172 19098 0 0 47054 34824 29894 0x0B0000012C8BD270
1 1 3 0 3 0 13464 15099 15070 0 0 19 17 0 0 46910 46976 0 0 19113 19375 0 0 46983 34589 30003 0xE30000016292FD70
1 1 3 0 4 0 13464 15252 15182 0 0 35 19 0 0 46816 46808 0 0 19330 19391 0 0 47013 34696 29912 0x8F0000012CA28A70
1 1 3 0 5 0 13464 15260 15062 0 0 25 19 0 0 46840 46851 0 0 19369 19430 0 0 47014 34907 29894 0xE60000012C94EC70
1 1 3 0 6 0 13464 15171 15167 0 0 17 15 0 0 46808 46905 0 0 19409 19446 0 0 46806 34620 29897 0xD30000012C8CBF70
1 1 3 0 7 0 13464 15150 15073 0 0 14 15 0 0 46949 46880 0 0 19314 19379 0 0 47029 34560 29932 0xEF0000012CB42E70
1 1 3 0 8 0 13464 15181 15206 0 0 23 23 0 0 46877 46840 0 0 19169 19375 0 0 47012 34716 29933 0x150000012C890170
1 1 3 0 9 0 13464 15091 15250 0 0 16 14 0 0 46785 46725 0 0 19268 19438 0 0 46973 34676 29928 0x270000012C8DC770
1 1 3 0 10 0 13464 15098 15105 0 0 19 16 0 0 46971 46936 0 0 19239 19386 0 0 46987 34282 29827 0x4E0000012C9AB370
1 1 3 0 11 0 13464 15171 15125 0 0 14 16 0 0 46623 46774 0 0 19195 19389 0 0 47029 34959 29952 0xD1000001628A1E70
1 1 3 0 12 0 13464 15116 15078 0 0 17 15 0 0 46705 46740 0 0 19210 19367 0 0 47070 34566 29865 0xE900000162A47670
1 1 7 0 0 0 13464 15260 15186 0 0 22 21 0 0 46621 46602 0 0 18404 18460 0 0 46886 34524 29687 0x780000012C9B2E70
1 1 7 0 1 0 13464 15293 15180 0 0 30 16 0 0 46614 46606 0 0 18380 18523 0 0 46840 34730 29658 0x7C0000012C9A1170
1 1 7 0 2 0 13464 15153 15117 0 0 19 19 0 0 46811 46834 0 0 18781 18811 0 0 46978 34657 29841 0x390000012C87DC70
1 1 7 0 3 0 13464 15215 15263 0 0 21 23 0 0 46687 46606 0 0 18880 18953 0 0 46855 34384 29762 0x3E0000012CAFAF70
1 1 7 0 4 0 13464 15218 15228 0 0 23 25 0 0 46806 46710 0 0 18976 19014 0 0 46909 34492 29737 0xA80000012C938870
1 1 7 0 5 0 13464 15234 15188 0 0 24 19 0 0 46505 46739 0 0 19103 19076 0 0 46877 34872 29855 0xA2000001622B5570
1 1 7 0 6 0 13464 15202 15277 0 0 21 20 0 0 46634 46690 0 0 18989 19013 0 0 46930 34539 29713 0x7E0000012C91E170
1 1 7 0 7 0 13464 15302 15173 0 0 21 17 0 0 46627 46586 0 0 18874 19041 0 0 46991 34844 29790 0x100000012C992B70
1 1 7 0 8 0 13464 15185 15188 0 0 15 18 0 0 46811 46765 0 0 18960 19105 0 0 46997 34741 29790 0xB80000012CA5C470
1 1 7 0 9 0 13464 15268 15143 0 0 17 11 0 0 46749 46814 0 0 18932 19029 0 0 46973 34361 29800 0xDE00000162AF9470
1 1 7 0 10 0 13464 15293 15184 0 0 22 13 0 0 46667 46617 0 0 18934 18967 0 0 47025 34781 29863 0x620000012C911370
1 1 7 0 11 0 13464 15276 15114 0 0 16 14 0 0 46784 46845 0 0 18939 18880 0 0 46934 34642 29773 0xF7000001628D4D70
1 1 7 0 12 0 13464 15187 15170 0 0 20 20 0 0 46702 46526 0 0 18916 18871 0 0 47054 34321 29832 0x5B00000162B09D70
1 1 0 0 0 0 13464 15229 15192 0 0 24 34 0 0 46894 46991 0 0 19330 19282 0 0 46921 34516 29832 0xC80000012CA43E70
1 1 0 0 1 0 13464 15144 15148 0 0 26 23 0 0 46784 46805 0 0 19659 19595 0 0 46907 34462 29797 0x520000012C88FA70
1 1 0 0 2 0 13464 15175 15196 0 0 26 34 0 0 46881 46823 0 0 19767 19684 0 0 47118 34523 29858 0xE00000012C88FC70
1 1 0 0 3 0 13464 15073 15161 0 0 18 19 0 0 46891 46818 0 0 19767 19886 0 0 46974 34812 29883 0x0200000162328070
1 1 0 0 4 0 13464 15193 15154 0 0 22 24 0 0 46953 46867 0 0 19913 19964 0 0 46982 34812 29827 0xC00000012CB2AD70
1 1 0 0 5 0 13464 15175 15216 0 0 31 33 0 0 46597 46720 0 0 19945 20023 0 0 47041 34733 29791 0x2A0000012C894C70
1 1 0 0 6 0 13464 15189 15097 0 0 25 14 0 0 46875 46876 0 0 19754 19883 0 0 46919 34527 29710 0xE40000012C909B70
1 1 0 0 7 0 13464 15088 15190 0 0 20 29 0 0 46811 46803 0 0 19851 19891 0 0 46968 34926 29806 0x4000000161500670
1 1 0 0 8 0 13464 15230 15288 0 0 19 23 0 0 46667 46681 0 0 19742 19762 0 0 47003 35034 29868 0x580000012CA34D70
1 1 0 0 9 0 13464 15091 15142 0 0 26 12 0 0 46762 46870 0 0 19701 19822 0 0 46987 34955 29898 0x700000012C92B370
1 1 0 0 10 0 13464 15110 15204 0 0 24 30 0 0 46801 46744 0 0 19822 19990 0 0 47104 34684 29898 0x880000012C874C70
1 1 0 0 11 0 13464 15188 15069 0 0 26 15 0 0 46838 46861 0 0 19743 20011 0 0 47153 34509 29864 0xC100000162A24570
1 1 0 0 12 0 13464 15153 15095 0 0 25 13 0 0 47005 47000 0 0 19980 19961 0 0 47129 34567 29839 0x9F00000162869970
# Sector 9 LOG STOP run 01107041 at 1613590960
# Sector 10 LOG START run 01107041 type physics at 1613590972
1 1 8 0 0 0 13464 15181 15169 0 0 28 25 0 0 46644 46652 0 0 18870 19013 0 0 46813 34707 29655 0x29000001614FBA70
1 1 8 0 1 0 13464 15057 15110 0 0 22 22 0 0 46817 46895 0 0 19272 19261 0 0 46819 34765 29799 0xC00000012C994570
1 1 8 0 2 0 13464 15186 15172 0 0 27 21 0 0 46926 46838 0 0 19396 19393 0 0 46863 34595 29791 0xDA0000012CA2E370
1 1 8 0 3 0 13464 15183 15154 0 0 25 20 0 0 46675 46664 0 0 19512 19484 0 0 46868 34841 29698 0x28000001623D7170
1 1 8 0 4 0 13464 15274 15197 0 0 32 17 0 0 46792 46767 0 0 19539 19557 0 0 46828 34783 29791 0x24000001623C0270
1 1 8 0 5 0 13464 15079 15287 0 0 15 21 0 0 46759 46646 0 0 19648 19699 0 0 46955 34749 29840 0xBE0000012CB23770
1 1 8 0 6 0 13464 15115 15081 0 0 17 16 0 0 46865 46850 0 0 19593 19626 0 0 47031 34501 29743 0x420000012CA4C570
1 1 8 0 7 0 13464 15107 15072 0 0 17 17 0 0 46794 46805 0 0 19627 19639 0 0 46983 34717 29797 0x300000012C898B70
1 1 8 0 8 0 13464 15085 15159 0 0 20 20 0 0 46820 46811 0 0 19444 19624 0 0 47145 35086 29891 0xCC000001615B2B70
1 1 8 0 9 0 13464 15270 15085 0 0 30 13 0 0 46992 46864 0 0 19583 19589 0 0 46920 34431 29669 0x230000012CB1CF70
1 1 8 0 10 0 13464 15214 15116 0 0 35 19 0 0 46853 46944 0 0 19667 19713 0 0 46879 34847 29803 0xD80000016229DB70
1 1 8 0 11 0 13464 15229 15106 0 0 24 21 0 0 46842 46743 0 0 19361 19588 0 0 47070 34684 29846 0xB100000162B10470
1 1 8 0 12 0 13464 15156 15084 0 0 21 15 0 0 46950 47029 0 0 19468 19524 0 0 47086 34909 29691 0xF60000016292C670
1 1 8 1 0 0 13464 15233 15108 0 0 44 25 0 0 46757 46816 0 0 18874 18959 0 0 47027 35026 29938 0x7B0000012CA2EB70
1 1 8 1 1 0 13464 15081 15080 0 0 24 22 0 0 46860 46852 0 0 19075 19193 0 0 47031 34638 29805 0xC0000001614D9E70
1 1 8 1 2 0 13464 15148 15186 0 0 19 23 0 0 46755 46784 0 0 19338 19337 0 0 47008 34420 29842 0x020000012CB24870
1 1 8 1 3 0 13464 15282 15086 0 0 28 17 0 0 46624 46736 0 0 19305 19471 0 0 46903 34534 29999 0xD70000012C96EA70
1 1 8 1 4 0 13464 15103 15122 0 0 22 24 0 0 47061 47004 0 0 19515 19458 0 0 46961 34631 29930 0x3D0000012C98F470
1 1 8 1 5 0 13464 15117 15191 0 0 21 21 0 0 46860 46839 0 0 19361 19417 0 0 47034 34788 29888 0x07000001628F3870
1 1 8 1 6 0 13464 15181 15181 0 0 25 19 0 0 46858 46848 0 0 19479 19309 0 0 46994 34997 29938 0x620000012CA5F570
1 1 8 1 7 0 13464 15102 15175 0 0 17 14 0 0 46764 46739 0 0 19550 19546 0 0 47040 34898 29806 0x8C0000012CA9FF70
1 1 8 1 8 0 13464 15109 15218 0 0 18 27 0 0 46741 46698 0 0 19568 19560 0 0 47009 34546 29903 0xB10000012C97BD70
1 1 8 1 9 0 13464 15087 15090 0 0 18 23 0 0 46812 46732 0 0 19470 19487 0 0 47001 35062 29881 0x5F000001615B8170
1 1 8 1 10 0 13464 15205 15176 0 0 27 20 0 0 46663 46876 0 0 19427 19390 0 0 47150 35007 29908 0xBD00000162290370
1 1 8 1 11 0 13464 15109 15219 0 0 17 21 0 0 46965 46966 0 0 19448 19420 0 0 47101 34682 29973 0x7000000162AA1D70
1 1 8 1 12 0 13464 15101 15109 0 0 18 14 0 0 46822 46882 0 0 19250 19416 0 0 47186 34403 29960 0x8C000001629ED670
# Sector 10 LOG STOP run 01107041 at 1613590983
