# Sector 1 LOG START run 01107038 type physics at 1613590615
0 0 0 0 0 0 3366 14817 14822 14818 14820 0 0 0 0 41955 41850 41839 41741 22275 22782 22194 22115 46462 34216 30066 0x35000001629E0A70
0 0 0 0 1 0 3366 14826 14824 14823 14827 3 4 3 9 42074 41985 42037 41911 22858 23226 22525 22765 46440 34086 29956 0xD200000162B1E970
0 0 0 0 2 0 3366 14818 14825 14821 14825 5 3 3 4 41935 41720 41803 41819 23215 23601 22879 23112 46524 34138 29913 0x4B00000162A7C370
0 0 0 0 3 0 3366 14823 14828 14823 14822 3 6 2 2 41975 42117 42092 41920 23204 23386 22835 23041 46587 34549 29849 0x680000016288F070
0 0 0 0 4 0 3366 14833 14830 14832 14830 3 4 2 2 41922 41719 41877 41762 23412 23707 23011 23135 46518 34075 29831 0x7C00000162A4E970
0 0 0 0 5 0 3366 14839 14827 14831 14838 2 3 4 2 41917 41813 41892 41935 23512 23864 23139 23274 46623 34221 29865 0x3300000162AFA470
0 0 0 0 6 0 3366 14836 14827 14841 14836 3 3 3 3 41830 41943 41960 42056 23557 23907 23273 23295 46690 34123 30022 0x88000001628D5270
0 0 0 0 7 0 3366 14829 14838 14834 14840 3 3 2 3 41912 42073 41989 41913 23477 23718 23243 23140 46483 34350 29921 0x3C00000162A81770
0 0 0 0 8 0 3366 14828 14827 14824 14824 2 3 2 4 41865 41957 41896 42002 23080 23505 22890 23020 46602 34210 29945 0x8100000162855370
0 0 0 0 9 0 3366 14825 14822 14829 14827 3 4 3 3 42023 41971 41985 41980 22945 23388 22955 23031 46632 34212 29880 0x5B0000016294F270
0 0 0 0 10 0 3366 14829 14830 14824 14824 4 4 2 3 41865 41890 41878 41720 23314 23437 23048 22964 46690 34207 30005 0x4000000162B1C670
0 0 1 0 0 0 3366 14759 14752 14762 14765 1 1 1 1 41791 41765 41767 41810 22190 22669 22045 22056 46404 34114 29825 0x3100000162A9E170
0 0 1 0 1 0 3366 14823 14821 14830 14827 4 5 3 5 41758 41806 41817 41834 22644 23250 22474 22604 46450 34177 29873 0x730000016296A570
0 0 1 0 2 0 3366 14825 14828 14824 14830 4 3 3 3 41787 41815 41850 41923 23218 23642 22935 23014 46517 34199 29863 0x0800000162978570
0 0 1 0 3 0 3366 14825 14825 14827 14822 3 1 4 3 41929 41723 41783 41758 23330 23615 22949 22999 46556 34374 29983 0x3400000162B01A70
0 0 1 0 4 0 3366 14820 14822 14831 14834 5 3 4 3 41981 41884 42000 41995 23267 23611 23019 23055 46548 34260 29982 0x3500000162A01670
0 0 1 0 5 0 3366 14824 14822 14822 14828 4 5 4 3 41813 41963 41851 41855 23350 23643 23054 23160 46423 34287 29947 0x2100000162976570
0 0 1 0 6 0 3366 14828 14830 14820 14832 4 5 3 3 42052 41945 41934 41967 23329 23690 23161 23127 46647 34183 29878 0xE300000162AAB770
0 0 1 0 7 0 3366 14835 14830 14834 14822 1 2 7 1 42002 41945 41977 42025 23165 23557 23041 23026 46655 34228 29887 0x83000001629D0170
0 0 1 0 8 0 3366 14828 14819 14831 14833 3 3 3 4 41990 41988 41985 41903 23050 23358 22972 22854 46685 34470 29935 0xE0000001628D6570
0 0 1 0 9 0 3366 14829 14819 14825 14822 3 3 2 2 42045 41934 41830 42001 22878 23348 22781 22907 46627 34538 29910 0xB4000001629A4F70
0 0 1 0 10 0 3366 14821 14828 14828 14828 4 4 5 4 41926 41861 41810 41837 23119 23198 22907 22768 46650 34591 29941 0x120000016285F970
0 0 5 0 0 0 3366 14736 14734 14732 14732 0 0 0 0 41835 41721 41555 41701 21810 22255 21647 21643 46620 34166 29710 0x04000001629F2770
0 0 5 0 1 0 3366 14821 14819 14823 14821 3 3 3 3 42072 41975 41937 41963 22421 23145 22236 22560 46531 34322 29608 0x3B00000162A72070
0 0 5 0 2 0 3366 14815 14817 14825 14826 3 4 4 3 42012 42052 41979 42134 22957 23299 22638 22740 46510 34274 29505 0x8500000162ABE070
0 0 5 0 3 0 3366 14839 14834 14834 14836 4 4 5 5 41784 41885 41820 41882 22857 23198 22649 22694 46509 34273 29683 0xA300000162994C70
0 0 5 0 4 0 3366 14834 14830 14832 14836 4 5 4 5 41859 41831 41973 41923 23059 23573 22926 22995 46566 34370 29654 0x340000016298D970
0 0 5 0 5 0 3366 14824 14835 14824 14830 7 4 6 5 42093 41991 41987 42011 23212 23631 23003 22957 46653 34109 29643 0x09000001629FC870
0 0 5 0 6 0 3366 14823 14829 14831 14827 3 5 2 4 41993 42003 41933 42104 22990 23370 22923 22959 46515 34385 29474 0x1700000162A55170
0 0 5 0 7 0 3366 14833 14829 14829 14838 4 3 2 2 42187 42014 41890 41984 22995 23238 22863 22682 46578 34296 29616 0xF300000162A2E770
0 0 5 0 8 0 3366 14835 14825 14820 14831 5 6 5 5 41869 41980 41803 41851 22988 23143 22950 22613 46466 34432 29574 0xD6000001629B3E70
0 0 5 0 9 0 3366 14823 14828 14824 14823 2 2 7 2 41923 41798 41818 41954 22495 22973 22311 22482 46697 34477 29456 0xE400000162B24670
0 0 5 0 10 0 3366 14822 14815 14818 14823 4 5 4 3 41760 41868 41878 41860 22728 23157 22661 22493 46706 34593 29513 0xF3000001628E4070
0 0 7 0 0 0 3366 14729 14734 14816 14735 0 0 0 0 41705 41699 41610 41737 21511 22124 21244 21431 46613 34355 29645 0x0500000162AE3970
0 0 7 0 1 0 3366 14819 14826 14734 14814 2 2 1 3 41985 41986 41945 41979 22197 22796 21983 22379 46513 33986 29513 0xF200000162B1C070
0 0 7 0 2 0 3366 14813 14819 14812 14813 6 5 5 5 41881 41798 41741 41831 22642 23097 22441 22612 46655 34044 29571 0x54000001629DDF70
0 0 7 0 3 0 3366 14822 14817 14823 14820 3 3 4 4 42136 42059 41977 42088 22507 23209 22386 22628 46573 34110 29525 0x50000001629ED270
0 0 7 0 4 0 3366 14815 14818 14814 14822 3 3 3 4 41976 41926 41826 41837 22918 23241 22653 22633 46592 34436 29589 0x1A00000162A69570
0 0 7 0 5 0 3366 14828 14835 14814 14831 3 5 4 3 41883 42159 42002 42044 22972 23378 22820 22692 46656 34162 29517 0x90000001629C1670
0 0 7 0 6 0 3366 14836 14821 14828 14821 7 6 4 4 42052 41889 42095 41931 22931 23163 22760 22614 46710 34294 29681 0xCF00000162865370
0 0 7 0 7 0 3366 14823 14838 14817 14831 7 6 5 6 41974 41916 41767 41934 22917 22833 22677 22253 46667 34272 29635 0x0F00000162941E70
0 0 7 0 8 0 3366 14756 14817 14823 14816 3 6 5 7 41993 41837 41845 41859 22834 22726 22617 22148 46769 34323 29544 0x4700000162AA1C70
0 0 7 0 9 0 3366 14816 14824 14813 14814 4 2 2 2 41822 41766 41793 41766 22194 22562 22178 22092 46766 34292 29615 0x2000000162B1BD70
0 0 7 0 10 0 3366 14820 14815 14819 14816 4 2 2 2 42097 42083 42110 41995 22425 22837 22135 22296 46792 34438 29544 0xD100000162925F70
0 0 6 0 0 0 3366 14732 14733 14729 14734 0 0 0 0 42048 42057 41945 41955 21626 22212 21486 21562 46479 34428 29543 0xB000000162A22370
0 0 6 0 1 0 3366 14822 14827 14824 14824 4 3 4 4 41811 41943 41939 41887 22429 23060 22079 22529 46481 34097 29607 0x3300000162938A70
0 0 6 0 2 0 3366 14821 14820 14819 14825 3 1 3 3 41858 41858 41710 41770 22798 23111 22547 22623 46507 34238 29535 0xC000000162B24970
0 0 6 0 3 0 3366 14812 14827 14821 14822 4 4 2 3 42132 42051 42025 42081 22815 23406 22593 22809 46491 34240 29661 0x5400000162A1F170
0 0 6 0 4 0 3366 14826 14825 14823 14831 3 2 2 2 41623 41779 41883 41826 22844 23481 22663 22816 46537 34223 29542 0x8300000162B1A670
0 0 6 0 5 0 3366 14821 14826 14828 14822 4 3 3 3 41944 41799 41925 41876 23062 23383 22970 22891 46527 34331 29605 0x710000016289B870
0 0 6 0 6 0 3366 14829 14823 14821 14824 4 3 4 4 41971 41861 41865 41899 23065 23287 22879 22725 46482 33980 29640 0x7A000001628B5070
0 0 6 0 7 0 3366 14815 14828 14825 14834 3 2 3 3 42004 42081 42031 41998 22946 23042 22809 22473 46608 34371 29687 0xFD00000162A29E70
0 0 6 0 8 0 3366 14829 14820 14826 14834 4 4 4 5 42010 42027 42149 42103 22771 22882 22753 22418 46639 34436 29620 0x18000001629CFE70
0 0 6 0 9 0 3366 14819 14815 14824 14819 3 2 2 2 41819 41692 41958 41756 22341 22802 22175 22337 46658 34274 29639 0xF300000162B26E70
0 0 6 0 10 0 3366 14816 14818 14813 14821 3 4 4 3 41911 41858 41889 41818 22539 22838 22355 22489 46713 34547 29580 0x1C000001629A8E70
# Sector 1 LOG STOP run 01107038 at 1613590623
# Sector 2 LOG START run 01107038 type physics at 1613590574
0 0 9 0 0 0 3366 14818 14778 14822 14777 0 0 0 0 41748 41892 41928 41902 21442 22075 21220 21443 46618 34324 29552 0xC700000162861F70
0 0 9 0 1 0 3366 14783 14824 14776 14828 5 5 4 5 41856 41714 41823 41838 22191 22645 21920 22165 46568 34195 29629 0x370000016296D170
0 0 9 0 2 0 3366 14827 14736 14826 14731 4 4 7 4 42059 41989 41941 41967 22523 22905 22219 22177 46623 34077 29607 0x0200000162918C70
0 0 9 0 3 0 3366 14734 14805 14728 14795 2 4 2 3 42014 41939 41906 41997 22417 23032 22374 22393 46510 34221 29587 0xCB00000162AAD270
0 0 9 0 4 0 3366 14790 14765 14794 14770 4 2 4 0 41973 41934 41935 41876 22596 23112 22403 22416 46587 34035 29642 0x58000001629BE370
0 0 9 0 5 0 3366 14769 14779 14770 14782 4 5 4 4 42053 41959 42020 42093 22839 22964 22623 22359 46669 34156 29529 0xA300000162B09670
0 0 9 0 6 0 3366 14784 14782 14770 14791 3 3 3 2 42022 42146 41935 42030 22786 22820 22568 22267 46562 34251 29605 0x2B00000162A0F770
0 0 9 0 7 0 3366 14788 14738 14787 14734 6 4 6 4 41947 41848 41709 41707 22774 22787 22457 22201 46590 34090 29575 0x7000000162B17770
0 0 9 0 8 0 3366 14745 14819 14737 14816 1 2 1 2 42126 41838 41986 41885 22634 22650 22364 22057 46614 34032 29666 0x23000001628E2E70
0 0 9 0 9 0 3366 14806 14804 14816 14815 3 5 3 4 41930 41843 41695 41710 22193 22358 22062 21717 46619 34465 29587 0xB600000162997770
0 0 9 0 10 0 3366 14842 14824 14847 14826 4 4 4 3 41808 41808 41760 41821 21973 22583 21673 21887 46754 34480 29528 0x3E00000162AA3670
0 0 8 0 0 0 3366 14820 14738 14817 14739 2 2 2 2 41774 41829 41887 41828 21443 22041 21193 21400 46487 34159 29637 0x94000001629B7F70
0 0 8 0 1 0 3366 14728 14809 14729 14824 2 8 2 4 41899 41732 41710 41874 22383 22829 21994 22327 46480 34257 29501 0x2200000162A03E70
0 0 8 0 2 0 3366 14821 14810 14816 14818 5 4 4 4 41899 41867 41987 41774 22570 23018 22379 22422 46639 34217 29532 0xB3000001629AFF70
0 0 8 0 3 0 3366 14820 14833 14821 14838 6 7 5 7 41973 42022 42108 41954 22651 23056 22346 22505 46540 34260 29612 0x5000000162A2FC70
0 0 8 0 4 0 3366 14832 14830 14836 14835 7 7 7 6 42116 41988 41993 41928 22856 23260 22577 22671 46627 34287 29570 0x28000001629A1970
0 0 8 0 5 0 3366 14825 14811 14831 14823 2 5 3 1 41920 41952 41864 41920 23003 23144 22857 22579 46672 34252 29509 0x98000001628A8570
0 0 8 0 6 0 3366 14820 14813 14806 14811 3 3 10 3 42076 41969 41978 42075 22864 22996 22708 22457 46768 34300 29610 0x0100000162974C70
0 0 8 0 7 0 3366 14807 14805 14810 14806 4 4 7 5 41889 41871 41950 41891 22849 22933 22624 22316 46643 34409 29629 0xE200000162B27370
0 0 8 0 8 0 3366 14808 14835 14818 14838 1 2 1 2 41852 41780 41759 41817 22825 22619 22503 22033 46694 34238 29603 0xB8000001628DE370
0 0 8 0 9 0 3366 14836 14837 14839 14853 2 2 3 3 41979 41970 41884 41924 22104 22548 22021 21997 46660 34238 29552 0x2300000162A1A270
0 0 8 0 10 0 3366 14839 14819 14842 14821 4 4 4 4 41857 41809 41844 41978 22009 22744 21718 21965 46813 34534 29571 0xEC000001628A4070
0 0 10 0 0 0 3366 14821 14778 14786 14782 1 1 1 1 41826 41813 41867 41823 21253 21748 21010 21254 46449 34192 29757 0xB500000162AE2C70
0 0 10 0 1 0 3366 14789 14824 14822 14829 4 3 6 4 41830 41993 42032 41947 22047 22471 21868 22055 46548 33946 29859 0x9C00000162ADE770
0 0 10 0 2 0 3366 14825 14734 14739 14737 5 2 3 3 41762 41893 41879 41765 22093 22456 22046 21828 46527 34189 29826 0xF8000001629C2170
0 0 10 0 3 0 3366 14724 14793 14796 14802 2 4 3 3 41748 41734 41813 41732 22202 22584 21977 22097 46651 34282 29792 0x9300000162A1B770
0 0 10 0 4 0 3366 14794 14764 14757 14758 6 5 6 6 42041 41990 41930 41906 22613 22796 22328 22234 46572 33916 29805 0x2B00000162B24C70
0 0 10 0 5 0 3366 14737 14734 14731 14737 4 5 4 5 41920 41876 41908 41929 22734 22671 22366 22156 46500 34148 29848 0x7B00000162B28670
0 0 10 0 6 0 3366 14796 14790 14792 14795 3 3 3 4 42064 42023 42032 42158 22567 22686 22503 22217 46494 34192 29832 0xA00000016287CD70
0 0 10 0 7 0 3366 14740 14740 14741 14744 3 3 3 2 41857 41850 41902 41888 22451 22534 22150 22013 46649 34312 29882 0xED00000162AEAA70
0 0 10 0 8 0 3366 14814 14815 14813 14847 2 2 4 4 41733 41922 41767 41817 22391 22560 22184 21922 46655 34207 29893 0x4E000001629B4E70
0 0 10 0 9 0 3366 14816 14818 14814 14813 3 3 3 2 41818 41784 41869 41899 22297 22391 22006 21623 46622 34025 29816 0x2C000001628CE070
0 0 10 0 10 0 3366 14821 14826 14819 14823 1 2 2 1 41765 41743 41878 41842 21690 22207 21593 21672 46712 34424 29893 0xF000000162ABA070
0 0 11 0 0 0 3366 14786 14778 14783 14781 0 0 0 0 41851 41951 41790 41745 21113 21578 20846 21056 46555 34075 29825 0x43000001629FC570
0 0 11 0 1 0 3366 14822 14819 14821 14827 6 5 5 5 41909 41768 41772 41801 21961 22347 21749 21743 46577 34215 29910 0x3B0000016297A270
0 0 11 0 2 0 3366 14744 14733 14732 14726 4 3 4 5 41976 41938 41759 41989 22124 22209 22015 21605 46491 34187 29789 0x4000000162B0DF70
0 0 11 0 3 0 3366 14794 14804 14791 14793 3 2 3 2 42056 41872 41840 41799 22149 22384 21962 21812 46583 34174 29930 0x63000001628E7C70
0 0 11 0 4 0 3366 14763 14771 14766 14767 5 3 4 4 41873 41815 41773 41842 22396 22490 22274 21959 46548 33947 29874 0xDF00000162A5EB70
0 0 11 0 5 0 3366 14739 14738 14739 14744 3 2 3 3 41996 42045 42065 41879 22410 22538 22234 21823 46421 34036 29878 0x7500000162ADF170
0 0 11 0 6 0 3366 14763 14762 14767 14763 2 5 3 3 41865 41926 41786 41799 22232 22501 22013 21736 46579 34409 29914 0xB800000162852B70
0 0 11 0 7 0 3366 14729 14727 14735 14734 4 2 3 2 41927 41903 41979 41994 22286 22430 22010 21765 46616 34228 29911 0x5D00000162B0A870
0 0 11 0 8 0 3366 14800 14804 14801 14803 4 4 3 3 41825 41795 41860 41874 22244 22405 21968 21697 46698 34154 29987 0x4C000001628EA970
0 0 11 0 9 0 3366 14815 14819 14814 14811 3 3 4 4 41715 41892 41713 41655 22040 21790 21694 21290 46688 34217 29811 0x50000001629FCB70
0 0 11 0 10 0 3366 14825 14819 14823 14818 3 3 3 4 42027 41941 41833 41746 21778 22246 21566 21426 46663 34132 29834 0x5500000162948B70
0 0 14 0 0 0 3366 14788 14786 14774 14773 0 0 0 0 41690 41697 41643 41638 20899 21276 20778 20683 46458 34050 29709 0xCF000001629D3970
0 0 14 0 1 0 3366 14821 14820 14823 14820 4 3 4 4 41702 41648 41783 41787 21484 21538 21184 20532 46432 34254 29659 0x8B00000162AB9970
0 0 14 0 2 0 3366 14729 14727 14736 14731 5 2 2 2 41737 41795 41711 41598 21245 21381 21159 20442 46430 34209 29656 0xA600000162A5C170
0 0 14 0 3 0 3366 14736 14726 14732 14730 2 2 2 3 41817 41761 41837 41826 21308 21583 20963 20712 46499 34128 29750 0x3D00000162860770
0 0 14 0 4 0 3366 14733 14737 14731 14732 3 3 2 3 41620 41754 41674 41645 21626 21944 21452 20912 46435 34194 29588 0x9000000162B1A870
0 0 14 0 5 0 3366 14738 14742 14739 14726 2 2 2 2 41783 41961 41810 41881 21526 21813 21480 20875 46629 34249 29689 0x0900000162B27670
0 0 14 0 6 0 3366 14793 14795 14790 14794 2 2 2 2 41593 41657 41725 41611 21401 21585 21183 20755 46585 33963 29735 0x2200000162877A70
0 0 14 0 7 0 3366 14731 14734 14731 14737 3 2 2 3 42144 41995 41936 41916 21530 21898 21256 21103 46737 34309 29814 0x150000016291A470
0 0 14 0 8 0 3366 14795 14795 14792 14797 5 5 5 4 41805 41839 41778 41870 21336 21439 21033 20696 46671 34301 29728 0x6C000001628BFD70
0 0 14 0 9 0 3366 14825 14821 14827 14822 3 3 2 3 41881 41802 41813 41799 21131 21449 20903 20796 46707 34292 29690 0x5F000001628C9570
0 0 14 0 10 0 3366 14817 14815 14814 14812 1 1 1 1 41670 41673 41644 41798 21151 21428 21129 20949 46769 34437 29668 0xF400000162B1F570
0 0 13 0 0 0 3366 14784 14772 14793 14789 0 0 0 0 41776 41779 41851 41826 20841 21419 20492 20788 46401 33928 29729 0xB800000162AAA770
0 0 13 0 1 0 3366 14825 14825 14822 14816 4 3 5 4 41825 41889 41774 41900 21682 21983 21473 21056 46451 34201 29586 0xDE0000016295EC70
0 0 13 0 2 0 3366 14732 14734 14732 14729 3 2 3 2 41724 41841 41653 41728 21753 21923 21480 20952 46516 34301 29639 0x620000016288AF70
0 0 13 0 3 0 3366 14735 14735 14737 14730 3 3 2 3 41724 41822 41724 41826 21629 21963 21384 21143 46461 34282 29731 0xAA00000162943070
0 0 13 0 4 0 3366 14731 14737 14737 14728 2 2 2 3 41897 41853 41901 41858 21947 22210 21540 21356 46632 34377 29634 0xD600000162979270
0 0 13 0 5 0 3366 14745 14832 14736 14733 3 3 2 2 41867 41693 41745 41789 21978 22134 21593 21235 46542 34021 29676 0xB800000162A52070
0 0 13 0 6 0 3366 14781 14777 14775 14771 4 5 3 3 41782 41837 41771 41880 21923 22057 21673 21115 46651 34204 29721 0xEA0000016299D770
0 0 13 0 7 0 3366 14732 14733 14733 14731 4 4 4 3 41855 41951 41957 41826 21801 22033 21462 21191 46648 34230 29701 0x8C0000016284A570
0 0 13 0 8 0 3366 14787 14790 14799 14803 3 1 1 3 41908 41845 41779 41665 21599 21805 21400 21056 46691 34355 29645 0x5D000001629F2470
0 0 13 0 9 0 3366 14820 14822 14819 14826 3 5 2 3 41794 41690 41746 41780 21585 21631 21248 21001 46680 34463 29650 0xD4000001628FC070
0 0 13 0 10 0 3366 14816 14823 14821 14817 1 3 3 1 41860 41754 41896 41696 21466 21821 21130 21193 46737 34277 29667 0xBA00000162888D70
0 0 12 0 0 0 3366 14779 14776 14778 14777 13 0 0 0 41661 41744 41638 41583 20903 21505 20765 20939 46360 33942 29799 0x7E00000162910570
0 0 12 0 1 0 3366 14829 14817 14823 14826 5 5 6 6 41945 41821 41849 41781 21921 22202 21616 21467 46564 33964 29771 0xF600000162873270
0 0 12 0 2 0 3366 14729 14834 14733 14732 5 6 5 3 41996 41970 41911 41997 22059 21947 21620 21303 46520 33943 29824 0x6A00000162A55D70
0 0 12 0 3 0 3366 14798 14795 14792 14797 3 1 4 5 41743 41819 41871 41690 21935 22102 21668 21481 46464 34211 29897 0xAF000001628EE070
0 0 12 0 4 0 3366 14732 14735 14731 14730 2 1 2 2 41979 41967 41822 41965 22169 22310 21881 21619 46588 34222 29875 0xC2000001629EFD70
0 0 12 0 5 0 3366 14734 14733 14730 14733 3 4 3 3 42003 41839 41946 41876 22174 22296 21939 21514 46558 34098 29871 0x6A00000162986A70
0 0 12 0 6 0 3366 14765 14774 14761 14773 5 5 5 5 41811 41864 41895 41842 22017 22018 21696 21383 46560 34154 29877 0x1B000001628CE170
0 0 12 0 7 0 3366 14731 14736 14730 14733 1 1 1 2 41974 41870 42011 41846 21955 22222 21602 21425 46503 34087 29839 0xFD00000162A97D70
0 0 12 0 8 0 3366 14791 14793 14799 14793 2 1 1 2 41822 41695 41799 41708 21921 22078 21652 21351 46502 34308 29874 0xCA00000162AE3370
0 0 12 0 9 0 3366 14823 14826 14819 14823 3 3 4 2 41950 41922 42138 41844 21799 21788 21555 21178 46660 34354 29788 0x7000000162848870
0 0 12 0 10 0 3366 14815 14814 14823 14813 5 4 2 3 41892 41716 41777 41737 21493 21751 21281 21163 46642 34190 29838 0x0F00000162B24370
# Sector 2 LOG STOP run 01107038 at 1613590582
# Sector 3 LOG START run 01107038 type physics at 1613590589
0 0 20 0 0 0 3366 14832 14831 14829 14837 0 0 0 0 42033 41950 41994 42130 22080 22332 22045 21899 46562 34171 29978 0xAE000001628A0170
0 0 20 0 1 0 3366 14839 14834 14832 14819 3 4 3 4 42068 42196 41959 42082 22276 22564 22039 22498 46557 34068 29930 0x9100000162AC1170
0 0 20 0 2 0 3366 14836 14833 14833 14830 2 4 3 3 42012 42031 41983 41946 22758 23065 22791 22969 46574 34220 29925 0xE800000162A94670
0 0 20 0 3 0 3366 14818 14821 14824 14826 3 3 5 4 41821 41933 41803 41896 23083 23120 22970 22912 46522 34178 29893 0xF900000162884970
0 0 20 0 4 0 3366 14831 14827 14824 14828 3 3 4 3 42042 42110 41883 42112 23302 23436 23131 23142 46562 34011 29938 0x6C000001629C3B70
0 0 20 0 5 0 3366 14818 14823 14825 14820 2 4 4 2 42104 42030 42001 41937 23255 23345 23182 23313 46505 34163 29969 0xBC000001629C5570
0 0 20 0 6 0 3366 14821 14817 14825 14823 4 3 4 3 41992 41949 41967 41931 23380 23558 23231 23277 46672 34300 29981 0x0D00000162A1F270
0 0 20 0 7 0 3366 14821 14822 14826 14819 2 3 4 3 42021 42154 42065 42224 23218 23369 23237 23258 46629 34534 30039 0x8300000162987C70
0 0 20 0 8 0 3366 14827 14817 14821 14836 2 2 2 5 41917 41848 41995 41985 23163 23279 23080 23023 46753 34528 29914 0xD0000001628A9B70
0 0 20 0 9 0 3366 14828 14835 14832 14835 5 6 6 6 42045 42076 42004 42037 23108 23327 23010 22927 46658 34432 29942 0x6D00000162A7DF70
0 0 20 0 10 0 3366 14828 14830 14838 14835 3 3 3 3 41981 41948 41927 41954 23096 23203 23036 22827 46782 34370 29887 0xAB000001629C7D70
0 0 19 0 0 0 3366 8731 8715 8721 8717 33 33 33 23 42786 42761 42730 42793 21090 21178 21267 21116 46435 34066 29685 0x2600000162AF9F70
0 0 19 0 1 0 3366 8724 8721 8719 8726 19 16 31 16 42861 42929 42767 42941 21052 21279 21070 20996 46419 33959 29774 0xAD000001629B0770
0 0 19 0 2 0 3366 8726 8710 8726 8731 26 20 19 23 42845 42978 42957 42967 20866 21199 21055 21041 46340 34067 29731 0x4A00000162874D70
0 0 19 0 3 0 3366 8724 8726 8726 8726 19 24 19 20 43058 42810 42991 42992 21000 21059 21124 20944 46439 33984 29782 0xEA000001628C2370
0 0 19 0 4 0 3366 8712 8724 8717 8712 19 23 25 19 42872 42857 42725 42882 20903 20979 20875 20785 46516 33850 29782 0xE40000016299AE70
0 0 19 0 5 0 3366 8731 8738 8740 8733 18 22 18 22 42707 42696 42707 42846 20934 20956 20842 20669 46390 34067 29759 0x3500000162A8DE70
0 0 19 0 6 0 3366 8728 8731 8726 8726 20 18 16 20 42706 42752 42736 42804 20867 20981 20973 20865 46605 34094 29746 0x3A00000162848570
0 0 19 0 7 0 3366 8728 8735 8728 8733 14 17 20 12 42869 42844 42734 42675 20744 20853 20851 20864 46555 34191 29722 0x31000001629B5170
0 0 19 0 8 0 3366 8733 8726 8731 8726 18 19 18 12 42631 42748 42583 42725 20773 20760 20751 20755 46540 34169 29787 0xDA0000016295CA70
0 0 19 0 9 0 3366 8735 8728 8724 8726 14 17 15564 16 42888 42888 34968 42880 20729 20883 20954 20753 46620 34305 29748 0x2000000162938470
0 0 19 0 10 0 3366 8735 8738 8738 8728 16 13 18 13 42775 42751 42663 42653 20867 21258 20995 20967 46580 34005 29824 0x8000000162A86870
0 0 18 0 0 0 3366 8733 8731 8733 8731 31 29 27 26 42775 42674 42784 42798 20832 21034 20760 20919 46400 33995 29823 0x9B00000162893870
0 0 18 0 1 0 3366 8733 8735 8731 8731 21 24 23 23 42852 42682 42845 42733 20662 20880 20731 20595 46391 34185 29788 0x6C00000162A75A70
0 0 18 0 2 0 3366 8728 8728 8728 8735 19 15 25 23 42813 42832 42787 42704 20756 20985 20762 20717 46510 34134 29699 0xD800000162AEB870
0 0 18 0 3 0 3366 8728 8735 8735 8738 21 29 22 22 42694 42663 42529 42656 20618 20624 20565 20489 46414 34245 29774 0x3D00000162A26870
0 0 18 0 4 0 3366 8733 8731 8728 8731 20 61 14 17 42690 42664 42785 42767 20635 20842 20433 20372 46520 34007 29646 0xF200000162A05070
0 0 18 0 5 0 3366 8728 8731 8731 8728 20 20 21 18 42902 42765 42802 42726 20645 20972 20586 20559 46640 34102 29784 0x1900000162A05570
0 0 18 0 6 0 3366 8735 8735 8733 8738 29 19 24 19 42554 42566 42619 42634 20881 21009 20654 20409 46602 34226 29728 0x3800000162A7B670
0 0 18 0 7 0 3366 8731 8728 8731 8733 23 14 16 18 42897 42791 42719 42744 20849 21149 20631 20608 46553 33990 29744 0x8000000162A7EF70
0 0 18 0 8 0 3366 8731 8728 8731 8735 19 19 15 17 42712 42798 42868 42732 21086 21398 20994 20633 46682 34029 29702 0x8900000162B1F970
0 0 18 0 9 0 3366 8726 8728 8733 8735 16 20 1594 19 42862 42671 41807 42663 21044 21355 20759 20663 46463 34271 29632 0xB800000162A26F70
0 0 18 0 10 0 3366 8731 8726 8731 8733 17 14 17 12 42889 42820 42791 42699 20971 21080 20943 20631 46634 34151 29792 0x3900000162A73370
0 0 22 0 0 0 3366 14731 14732 14730 14731 4 3 3 3 42027 42130 41992 41960 21873 22377 21830 21786 46449 34346 29571 0x8700000162909270
0 0 22 0 1 0 3366 14828 14824 14825 14826 3 4 3 4 42019 41930 41918 41949 22695 23233 22492 22696 46371 34262 29608 0x170000016291B770
0 0 22 0 2 0 3366 14824 14821 14827 14828 5 4 4 4 42039 42151 42057 42097 23075 23440 22796 22908 46574 34101 29632 0xBF000001629DDA70
0 0 22 0 3 0 3366 14820 14823 14827 14827 4 3 4 4 41866 41948 41890 42022 23094 23383 22763 22900 46500 34262 29479 0x530000016291C370
0 0 22 0 4 0 3366 14831 14836 14830 14825 2 2 3 2 41923 41922 41920 41953 23119 23445 22847 22998 46485 34389 29541 0x0F000001629EE470
0 0 22 0 5 0 3366 14833 14832 14832 14830 4 4 4 3 41933 41863 41862 41619 23214 23519 23004 23052 46625 34260 29656 0x8500000162ACAF70
0 0 22 0 6 0 3366 14827 14830 14832 14829 4 4 6 4 41953 41998 41994 41895 23073 23507 22919 22979 46441 34437 29585 0x5400000162882B70
0 0 22 0 7 0 3366 14837 14831 14834 14832 2 3 3 1 42024 42005 41972 42022 23190 23506 23046 22952 46508 34383 29562 0xD3000001629B9D70
0 0 22 0 8 0 3366 14823 14829 14834 14823 2 1 2 2 41747 41803 41813 41727 22991 23208 22876 22616 46731 34617 29554 0xDF00000162910D70
0 0 22 0 9 0 3366 14816 14827 14836 14832 2 3 2 1 41786 41922 41840 42078 22760 23223 22462 22635 46589 34534 29587 0xA8000001629DF270
0 0 22 0 10 0 3366 14823 14824 14832 14824 3 2 2 3 42056 42070 41970 42086 22887 23051 22691 22690 46664 34601 29670 0x50000001628D7070
0 0 22 1 0 0 3366 14788 14779 14776 14774 6 5 6 5 41650 41686 41526 41720 20653 20999 20631 20675 46484 34128 29640 0x11000001629E0570
0 0 22 1 1 0 3366 14827 14827 14831 14825 7 4 2 3 41593 41605 41721 41630 20855 20854 20699 20379 46301 33960 29690 0x6A0000016296F470
0 0 22 1 2 0 3366 14726 14728 14734 14733 4 4 4 2 41947 41744 41755 41784 21079 21097 20755 20612 46423 34397 29698 0xF700000162A3D870
0 0 22 1 3 0 3366 14742 14736 14732 14737 4 4 5 4 41695 41774 41883 41733 20907 21034 20749 20526 46418 33994 29592 0xA600000162A0BC70
0 0 22 1 4 0 3366 14723 14736 14736 14738 3 3 2 2 41684 41869 41685 41612 21255 21342 20837 20629 46569 33946 29715 0x3000000162AA4F70
0 0 22 1 5 0 3366 14742 14761 14738 14765 1 1 1 1 41690 41786 41785 41665 21398 21367 21087 20921 46605 34092 29679 0x8A000001629DC870
0 0 22 1 6 0 3366 14768 14777 14769 14764 4 4 4 4 41748 41739 41758 41855 21087 21390 21006 20823 46539 34196 29655 0x30000001628E2070
0 0 22 1 7 0 3366 14741 14743 14747 14737 3 3 2 3 41991 41857 41847 41817 21341 21556 21199 20849 46664 34180 29692 0xC900000162A20970
0 0 22 1 8 0 3366 14799 14803 14797 14799 1 1 2 2 41710 41849 41706 41626 21467 21698 21347 20934 46539 34146 29544 0x98000001629C5A70
0 0 22 1 9 0 3366 14821 14821 14820 14822 4 3 3 2 41880 41961 42021 41878 21215 21579 20926 20923 46732 34307 29589 0x8B00000162B2C170
0 0 22 1 10 0 3366 14809 14815 14814 14814 3 4 3 3 41522 41619 41686 41707 21295 21469 21180 20868 46661 34339 29619 0x5A00000162894B70
# Sector 3 LOG STOP run 01107038 at 1613590603
# Sector 4 LOG START run 01107038 type physics at 1613590574
1 0 2 0 0 0 13464 14716 14678 0 0 0 0 0 0 46816 46886 0 0 19559 19495 0 0 46994 34910 29738 0x600000012C8B7370
1 0 2 0 1 0 13464 14628 14640 0 0 0 0 0 0 46878 46857 0 0 19837 19667 0 0 46994 34580 29722 0xEB0000012CA7AA70
1 0 2 0 2 0 13464 14673 14642 0 0 0 0 0 0 46874 46813 0 0 19797 19810 0 0 47028 34567 29915 0xC30000012CAC2C70
1 0 2 0 3 0 13464 14670 14623 0 0 0 0 0 0 47089 47062 0 0 19956 19822 0 0 46952 34299 29940 0xB000000162B09870
1 0 2 0 4 0 13464 14642 14712 0 0 1 2 0 0 46905 46865 0 0 19986 19929 0 0 46909 34640 29760 0x64000001628FD570
1 0 2 0 5 0 13464 14685 14645 0 0 3 1 0 0 46963 46902 0 0 20157 20089 0 0 46896 34537 29771 0x1200000162A95E70
1 0 2 0 6 0 13464 14693 14664 0 0 3 3 0 0 47049 46937 0 0 20070 19941 0 0 47047 34966 29861 0xE50000012C922C70
1 0 2 0 7 0 13464 14620 14612 0 0 4 2 0 0 46961 46989 0 0 20150 20061 0 0 47005 34491 29646 0xD30000012CA01870
1 0 2 0 8 0 13464 14644 14622 0 0 0 0 0 0 46917 46727 0 0 20090 20047 0 0 47021 34952 29799 0x630000012C8E9870
1 0 2 0 9 0 13464 14646 14681 0 0 0 0 0 0 46723 46761 0 0 20173 20103 0 0 46899 34899 29687 0xAE0000012CA8DC70
1 0 2 0 10 0 13464 14652 14620 0 0 1 1 0 0 46840 63391 0 0 19917 20013 0 0 46928 34493 29842 0x5A0000012C93DC70
1 0 2 0 11 0 13464 14658 14668 0 0 1 2 0 0 46984 46910 0 0 20153 20198 0 0 47137 34771 29734 0xBF0000012C8E9C70
1 0 2 0 12 0 13464 14742 14712 0 0 5 2 0 0 46991 47003 0 0 20046 20058 0 0 47100 34620 29869 0x220000012C989070
1 0 5 0 0 0 13464 14719 14782 0 0 0 0 0 0 46769 46858 0 0 18994 18884 0 0 46872 34495 29697 0x120000012C959470
1 0 5 0 1 0 13464 14725 14760 0 0 0 0 0 0 46595 46705 0 0 19165 19188 0 0 46918 34886 29739 0xC60000016238AA70
1 0 5 0 2 0 13464 14724 14734 0 0 3 0 0 0 46740 46841 0 0 19176 19024 0 0 46914 34576 29717 0x570000012C9F9F70
1 0 5 0 3 0 13464 14642 14645 0 0 0 0 0 0 46749 46727 0 0 19169 19185 0 0 46841 34825 29727 0x2600000162254970
1 0 5 0 4 0 13464 14631 14770 0 0 3 5 0 0 46812 46824 0 0 19396 19316 0 0 46956 34817 29708 0x130000012C9A9670
1 0 5 0 5 0 13464 14697 14751 0 0 1 16 0 0 46874 46794 0 0 19619 19547 0 0 47026 34788 29690 0x450000012C909370
1 0 5 0 6 0 13464 14620 14813 0 0 2 4 0 0 47026 46959 0 0 19535 19420 0 0 46975 34603 29736 0x5E0000012CB1C370
1 0 5 0 7 0 13464 14627 14691 0 0 1 1 0 0 46998 47060 0 0 19538 19448 0 0 46909 34660 29826 0x060000012CA81D70
1 0 5 0 8 0 13464 14629 14687 0 0 1 0 0 0 46756 46716 0 0 19588 19614 0 0 47128 35017 29661 0x3200000161549270
1 0 5 0 9 0 13464 14649 14711 0 0 1 1 0 0 46973 46889 0 0 19486 19425 0 0 46912 34983 29780 0xC60000012CA44770
1 0 5 0 10 0 13464 14669 14639 0 0 2 0 0 0 46820 46910 0 0 19571 19545 0 0 47072 35048 29668 0xFC0000012C878970
1 0 5 0 11 0 13464 14748 14660 0 0 4 2 0 0 46886 46864 0 0 19609 19482 0 0 47025 35126 29672 0xD30000012CA64E70
1 0 5 0 12 0 13464 14731 14678 0 0 3 2 0 0 46684 63187 0 0 19586 19430 0 0 47070 35061 29683 0xBF00000162370770
1 0 3 0 0 0 13464 14700 14706 0 0 1 1 0 0 46771 46762 0 0 19158 19153 0 0 46947 34550 29713 0x910000012C990A70
1 0 3 0 1 0 13464 14787 14686 0 0 1 1 0 0 46716 46733 0 0 19375 19279 0 0 46910 34771 29770 0x7F000001622ACD70
1 0 3 0 2 0 13464 14709 14654 0 0 1 1 0 0 46906 46872 0 0 19366 19229 0 0 46950 34744 29697 0x2800000161520370
1 0 3 0 3 0 13464 14712 14654 0 0 0 1 0 0 46942 46943 0 0 19305 19320 0 0 46961 34848 29674 0x6D00000162239770
1 0 3 0 4 0 13464 14786 14663 0 0 3 1 0 0 46923 46996 0 0 19475 19505 0 0 46743 34773 29644 0x700000012C88C070
1 0 3 0 5 0 13464 14701 14701 0 0 1 3 0 0 46823 46896 0 0 19639 19503 0 0 47048 34735 29794 0xBD000001629DC970
1 0 3 0 6 0 13464 14636 14719 0 0 0 1 0 0 46832 46783 0 0 19700 19544 0 0 46995 34482 29749 0xD80000012CAD7770
1 0 3 0 7 0 13464 14811 14723 0 0 2 4 0 0 46889 46893 0 0 19693 19546 0 0 46968 34831 29784 0x3E0000012C9E3470
1 0 3 0 8 0 13464 14630 14717 0 0 1 1 0 0 46817 46833 0 0 19718 19629 0 0 47047 34840 29774 0x990000012CADA070
1 0 3 0 9 0 13464 14724 14699 0 0 4 3 0 0 46893 46850 0 0 19619 19449 0 0 47042 34777 29699 0xDD0000012C8A9070
1 0 3 0 10 0 13464 14766 14625 0 0 1 0 0 0 46813 46872 0 0 19718 19625 0 0 46957 34816 29633 0xF20000012CA39F70
1 0 3 0 11 0 13464 14696 14638 0 0 2 2 0 0 46801 46894 0 0 19758 19587 0 0 47105 35179 29767 0xF20000012CA87C70
1 0 3 0 12 0 13464 14771 14609 0 0 2 0 0 0 46957 46894 0 0 19755 19765 0 0 47137 34530 29675 0x430000012C96F070
1 0 0 0 0 0 13464 14610 14717 0 0 0 0 0 0 46939 46790 0 0 19792 19626 0 0 46965 34557 29840 0x340000012CB1E770
1 0 0 0 1 0 13464 14634 14673 0 0 0 0 0 0 47018 46903 0 0 20022 19834 0 0 46894 34870 29891 0x4E000001615DCA70
1 0 0 0 2 0 13464 14641 14636 0 0 1 1 0 0 47033 47069 0 0 20052 19882 0 0 47003 34594 29779 0x4B0000016286D170
1 0 0 0 3 0 13464 14646 14679 0 0 0 1 0 0 46800 46819 0 0 20001 19972 0 0 47011 34882 29863 0x600000012CA5E670
1 0 0 0 4 0 13464 14602 14675 0 0 1 2 0 0 46951 46970 0 0 20025 19951 0 0 47082 34844 29844 0x440000012C9E8870
1 0 0 0 5 0 13464 14625 14688 0 0 1 2 0 0 46829 46805 0 0 20251 20143 0 0 46941 34980 29750 0x2D0000012CAC8A70
1 0 0 0 6 0 13464 14629 14680 0 0 0 1 0 0 46941 46939 0 0 20213 20134 0 0 47025 34419 29804 0x69000001629C9870
1 0 0 0 7 0 13464 14685 14674 0 0 2 1 0 0 46883 46848 0 0 20319 20107 0 0 47198 34972 29753 0x8A00000161529D70
1 0 0 0 8 0 13464 14632 14662 0 0 1 1 0 0 47002 46908 0 0 20229 20147 0 0 46980 34854 29837 0xB00000012C8B1D70
1 0 0 0 9 0 13464 14804 14647 0 0 5 2 0 0 46885 46876 0 0 20187 20223 0 0 47019 34939 29725 0x8B000001622FD170
1 0 0 0 10 0 13464 14808 14634 0 0 4 0 0 0 46850 46868 0 0 20233 20101 0 0 47138 35035 29769 0x420000012C9AD970
1 0 0 0 11 0 13464 14756 14740 0 0 4 3 0 0 46937 46966 0 0 20291 20267 0 0 46981 34514 29797 0xFE0000012C9FDB70
1 0 0 0 12 0 13464 14616 14712 0 0 1 1 0 0 46936 47038 0 0 19991 20026 0 0 47161 35029 29807 0x340000012CA8BF70
1 0 7 0 0 0 13464 14686 14730 0 0 1 1 0 0 46577 46575 0 0 18583 18495 0 0 46990 34882 29748 0xD10000012CA11270
1 0 7 0 1 0 13464 14710 14724 0 0 0 0 0 0 46735 46812 0 0 18725 18489 0 0 47027 35086 29747 0x950000012C9F7A70
1 0 7 0 2 0 13464 14691 14750 0 0 1 3 0 0 46833 46774 0 0 18655 18441 0 0 47190 34897 29672 0x270000012CA50470
1 0 7 0 3 0 13464 14621 14612 0 0 1 0 0 0 46890 46819 0 0 18844 18755 0 0 47003 35105 29793 0xDF0000012CA35970
1 0 7 0 4 0 13464 14592 14755 0 0 0 0 0 0 46807 46707 0 0 19003 18880 0 0 47147 34961 29714 0x6D0000016221A570
1 0 7 0 5 0 13464 14612 14680 0 0 1 1 0 0 46665 46678 0 0 19113 18974 0 0 47041 34784 29660 0xF30000012C8EA470
1 0 7 0 6 0 13464 14764 14739 0 0 2 2 0 0 46665 46673 0 0 19183 19126 0 0 47172 34740 29779 0x4D0000012C9D6A70
1 0 7 0 7 0 13464 14727 14773 0 0 2 3 0 0 46749 46799 0 0 19291 19144 0 0 47159 34706 29777 0xBF00000162A82570
1 0 7 0 8 0 13464 14591 14755 0 0 0 2 0 0 46677 46762 0 0 19241 19152 0 0 47107 35240 29863 0x7F0000012C916470
1 0 7 0 9 0 13464 14734 14579 0 0 0 0 0 0 46846 46921 0 0 19130 19073 0 0 47190 34501 29937 0x0E0000012CAE0770
1 0 7 0 10 0 13464 14616 65189 0 0 0 2375 0 0 46755 45116 0 0 19229 19069 0 0 47289 34686 29703 0xE40000012C9B7870
1 0 7 0 11 0 13464 14744 14685 0 0 0 0 0 0 46560 46584 0 0 19221 19099 0 0 47198 35226 29881 0xD60000012C86E670
1 0 7 0 12 0 13464 14642 14634 0 0 1 0 0 0 46859 46834 0 0 19272 19095 0 0 47266 35082 29608 0x490000012CA07B70
1 0 6 0 0 0 13464 14694 14771 0 0 0 0 0 0 46840 46842 0 0 19711 19728 0 0 46834 34841 29744 0xC200000162361270
1 0 6 0 1 0 13464 14726 14643 0 0 0 0 0 0 46948 47135 0 0 19791 19961 0 0 46950 34631 29843 0x110000012C9EE170
1 0 6 0 2 0 13464 14690 14656 0 0 2 0 0 0 46636 46736 0 0 20040 20098 0 0 46951 34834 29850 0x4900000161580770
1 0 6 0 3 0 13464 14695 14625 0 0 1 1 0 0 46977 47012 0 0 20066 20082 0 0 47016 34551 29916 0xE90000016294F470
1 0 6 0 4 0 13464 14663 14683 0 0 2 2 0 0 46869 46922 0 0 20209 20156 0 0 47061 34776 29731 0x9F0000012CA76F70
1 0 6 0 5 0 13464 14632 14642 0 0 1 1 0 0 47003 47049 0 0 20328 20246 0 0 47086 34608 29866 0xAF0000012C8D2F70
1 0 6 0 6 0 13464 14632 14623 0 0 0 0 0 0 46770 46749 0 0 20152 20142 0 0 46977 34633 29747 0x7000000162399370
1 0 6 0 7 0 13464 14677 14642 0 0 3 1 0 0 46796 46813 0 0 20307 20327 0 0 47034 34830 29898 0x4A00000162221770
1 0 6 0 8 0 13464 14617 14715 0 0 1 3 0 0 47101 47026 0 0 20343 20301 0 0 47094 34843 29830 0x0A0000012C85C970
1 0 6 0 9 0 13464 14696 14751 0 0 1 1 0 0 46906 46906 0 0 20384 20309 0 0 46957 34697 29756 0x1700000162A13570
1 0 6 0 10 0 13464 14738 14728 0 0 3 1 0 0 46905 46880 0 0 20314 20352 0 0 47018 34942 29828 0x270000012C873D70
1 0 6 0 11 0 13464 14757 14694 0 0 3 1 0 0 47003 47084 0 0 20063 20364 0 0 47103 34612 29900 0xD10000012CB2B070
1 0 6 0 12 0 13464 14667 14619 0 0 0 0 0 0 46913 46920 0 0 20252 20029 0 0 47161 34559 29825 0xA100000162A8C470
1 0 1 1 0 0 13464 14618 14675 0 0 0 0 0 0 46902 46950 0 0 19559 19296 0 0 46960 34506 29902 0xFE0000012C9AA670
1 0 1 1 1 0 13464 14696 14657 0 0 1 1 0 0 46925 46847 0 0 19693 19593 0 0 46949 34768 29725 0xB30000012CA8AB70
1 0 1 1 2 0 13464 14610 14628 0 0 0 0 0 0 46967 47073 0 0 19683 19623 0 0 46894 34335 29792 0x6C00000162ACB970
1 0 1 1 3 0 13464 14619 14647 0 0 1 2 0 0 46942 46957 0 0 19776 19667 0 0 46869 34571 29857 0x16000001628F2570
1 0 1 1 4 0 13464 14744 14648 0 0 4 1 0 0 46914 46900 0 0 19906 19742 0 0 47028 34816 29761 0xA20000012C8FF270
1 0 1 1 5 0 13464 14649 14639 0 0 1 2 0 0 46855 46964 0 0 19994 19873 0 0 46834 34692 29860 0xA100000162995F70
1 0 1 1 6 0 13464 14727 14606 0 0 1 1 0 0 46860 47024 0 0 19962 19837 0 0 46922 34807 29887 0x89000001623D7970
1 0 1 1 7 0 13464 14644 14693 0 0 0 0 0 0 47042 46931 0 0 20033 19960 0 0 46908 34551 29854 0xBC0000012C8F1370
1 0 1 1 8 0 13464 14621 14676 0 0 2 4 0 0 47073 47044 0 0 19894 19933 0 0 46960 34492 29761 0xF1000001629ABE70
1 0 1 1 9 0 13464 14587 14645 0 0 1 2 0 0 46922 46818 0 0 20094 19935 0 0 47084 35023 29764 0x200000012CAF4E70
1 0 1 1 10 0 13464 14609 14626 0 0 1 1 0 0 46937 46902 0 0 20046 19928 0 0 47073 34579 29827 0x0C0000012C932370
1 0 1 1 11 0 13464 14675 14592 0 0 1 0 0 0 46813 46961 0 0 20064 19998 0 0 46982 34842 29791 0x970000012C9A1470
1 0 1 1 12 0 13464 14641 14662 0 0 1 1 0 0 47038 47018 0 0 19924 19887 0 0 47107 34619 29862 0x950000012CA8B770
1 0 4 1 0 0 13464 14764 14710 0 0 0 0 0 0 46818 46908 0 0 18816 18600 0 0 47021 34956 29669 0xE8000001614AB470
1 0 4 1 1 0 13464 14713 14641 0 0 1 1 0 0 46905 46846 0 0 19098 18882 0 0 47169 34539 29697 0x510000012CA7E070
1 0 4 1 2 0 13464 14712 14630 0 0 0 0 0 0 46721 46722 0 0 18978 18786 0 0 47036 35082 29647 0x4C0000012C9EC470
1 0 4 1 3 0 13464 14707 14634 0 0 1 0 0 0 46908 46918 0 0 19109 18953 0 0 47120 34662 29604 0xDD0000012CA17870
1 0 4 1 4 0 13464 14658 14753 0 0 1 1 0 0 46630 46746 0 0 19283 19155 0 0 47132 35301 29722 0x21000001615D4D70
1 0 4 1 5 0 13464 14670 14610 0 0 4 2 0 0 46831 46789 0 0 19379 19337 0 0 46998 34989 29810 0x0A0000012C86E270
1 0 4 1 6 0 13464 14724 14726 0 0 0 0 0 0 46951 46914 0 0 19460 19395 0 0 47121 34764 29694 0x6C0000012C9FF470
1 0 4 1 7 0 13464 14725 14632 0 0 4 2 0 0 47000 47003 0 0 19342 19322 0 0 47088 34585 29724 0x000000012C9FE570
1 0 4 1 8 0 13464 14863 14706 0 0 3 0 0 0 46838 46854 0 0 19357 19356 0 0 47125 34862 29800 0x7F0000012C8D4170
1 0 4 1 9 0 13464 14854 14656 0 0 1 0 0 0 46890 46923 0 0 19394 19300 0 0 47153 34709 29792 0x2E0000012C912B70
1 0 4 1 10 0 13464 14645 14700 0 0 2 3 0 0 46807 46940 0 0 19592 19396 0 0 47092 34665 29742 0x0F0000012CABFF70
1 0 4 1 11 0 13464 14786 14676 0 0 2 1 0 0 46763 46750 0 0 19387 19398 0 0 47131 35323 29718 0x400000012CB03B70
1 0 4 1 12 0 13464 14686 14632 0 0 2 1 0 0 46957 47004 0 0 19397 19378 0 0 47196 35055 29766 0x530000012CA5C170
# Sector 4 LOG STOP run 01107038 at 1613590580
# Sector 5 LOG START run 01107038 type physics at 1613590562
1 0 8 0 0 0 13464 14587 14665 0 0 0 0 0 0 46778 46792 0 0 19389 19236 0 0 47021 34872 29828 0x5000000161518770
1 0 8 0 1 0 13464 14691 14666 0 0 0 0 0 0 46994 46983 0 0 19503 19417 0 0 46958 34518 29902 0xE40000012C9F1C70
1 0 8 0 2 0 13464 14601 14621 0 0 0 0 0 0 46901 46799 0 0 19608 19542 0 0 46835 34195 29842 0xDE0000016289C970
1 0 8 0 3 0 13464 14602 14671 0 0 0 0 0 0 46992 47015 0 0 19565 19607 0 0 47075 34834 29835 0xA80000012C95DE70
1 0 8 0 4 0 13464 14601 14671 0 0 0 0 0 0 46828 46823 0 0 19824 19680 0 0 47085 34577 29778 0x450000012C994270
1 0 8 0 5 0 13464 14651 14639 0 0 0 0 0 0 46949 46954 0 0 19875 19819 0 0 46935 34696 29900 0xA90000016228A470
1 0 8 0 6 0 13464 14662 14681 0 0 1 2 0 0 47012 47028 0 0 19744 19648 0 0 46968 34541 29789 0x6E0000012C9EFE70
1 0 8 0 7 0 13464 14639 14681 0 0 1 1 0 0 47036 46969 0 0 19847 19772 0 0 46948 34916 29718 0xB8000001622B9270
1 0 8 0 8 0 13464 14611 14661 0 0 0 1 0 0 46737 46762 0 0 20000 19904 0 0 47073 34976 29706 0x1C0000012C8CB570
1 0 8 0 9 0 13464 14677 14697 0 0 1 2 0 0 46753 46866 0 0 19944 19933 0 0 47089 34492 29719 0x210000012C94AA70
1 0 8 0 10 0 13464 14587 14604 0 0 1 1 0 0 46844 46869 0 0 19860 19848 0 0 47104 34888 29954 0xE1000001622DC770
1 0 8 0 11 0 13464 14668 14647 0 0 1 1 0 0 46810 46797 0 0 20036 19807 0 0 47131 34986 29806 0x950000012C9A0770
1 0 8 0 12 0 13464 14672 14657 0 0 1 1 0 0 46982 47008 0 0 19930 19897 0 0 47285 34745 29824 0x000000012C99B370
1 0 8 1 0 0 13464 14557 14738 0 0 1 3 0 0 46946 46985 0 0 19205 19157 0 0 46868 34610 29810 0xF80000012C8F6770
1 0 8 1 1 0 13464 14587 14704 0 0 0 2 0 0 47003 46924 0 0 19478 19387 0 0 47010 34445 29620 0x75000001629A3C70
1 0 8 1 2 0 13464 14644 14723 0 0 3 1 0 0 46794 46753 0 0 19449 19266 0 0 46984 34492 29774 0xA40000012C899170
1 0 8 1 3 0 13464 14625 14661 0 0 1 1 0 0 47001 46913 0 0 19434 19331 0 0 46962 34545 29690 0xA90000012CAC0870
1 0 8 1 4 0 13464 14706 14703 0 0 1 3 0 0 46963 46971 0 0 19660 19620 0 0 46843 34492 29694 0x2E0000012CB31270
1 0 8 1 5 0 13464 14706 14666 0 0 0 1 0 0 46743 46880 0 0 19630 19733 0 0 46918 34867 29774 0x880000012C94EE70
1 0 8 1 6 0 13464 14699 14712 0 0 2 1 0 0 46959 46982 0 0 19745 19718 0 0 46956 34699 29720 0x13000001614B3070
1 0 8 1 7 0 13464 14721 14716 0 0 1 5 0 0 46839 46816 0 0 19661 19820 0 0 47039 34821 29809 0x410000012C987D70
1 0 8 1 8 0 13464 14704 14659 0 0 2 2 0 0 46905 46960 0 0 19844 19758 0 0 46901 34642 29702 0xD20000012C8A6C70
1 0 8 1 9 0 13464 14739 14665 0 0 2 2 0 0 46929 46939 0 0 19842 19636 0 0 46876 35128 29626 0xE30000012CA86170
1 0 8 1 10 0 13464 14712 14650 0 0 1 1 0 0 47044 46945 0 0 19858 19647 0 0 46994 34628 29721 0x3D0000012C8D0070
1 0 8 1 11 0 13464 14637 14610 0 0 0 0 0 0 46952 46891 0 0 19834 19680 0 0 47095 34834 29729 0x470000012CA57F70
1 0 8 1 12 0 13464 14631 14617 0 0 1 1 0 0 46722 46814 0 0 19681 19740 0 0 47191 35009 29721 0xE5000001614F2670
# Sector 5 LOG STOP run 01107038 at 1613590573
# Sector 6 LOG START run 01107038 type physics at 1613590553
0 1 1 0 0 0 3366 14768 14765 14770 14771 0 0 0 0 41857 41900 41912 41763 23244 23279 22989 22733 46369 34061 29661 0x150000016289E570
0 1 1 0 1 0 3366 14770 14769 14763 14771 5 3 6 3 41889 42073 42190 42199 23670 23686 23493 23096 46465 33974 29749 0x8F00000162A05C70
0 1 1 0 2 0 3366 14772 14770 14768 14765 3 3 4 4 42140 42206 42201 42078 23981 23952 23773 23331 46307 33931 29769 0x3200000162A4C270
0 1 1 0 3 0 3366 14783 14778 14784 14778 5 6 4 5 42180 42098 42024 42030 24235 24355 24029 23639 46412 33961 29781 0x50000001628B2670
0 1 1 0 4 0 3366 14771 14766 14782 14780 4 4 4 4 42267 42288 42147 42193 24122 24508 24061 23752 46465 33927 29720 0x5F00000162AC9E70
0 1 1 0 5 0 3366 14768 14771 14769 14770 5 5 4 3 42180 42167 42256 42206 24285 24462 24103 23943 46440 34021 29671 0x3100000162A54D70
0 1 1 0 6 0 3366 14772 14782 14778 14776 6 6 5 5 42100 42205 42051 42192 24107 24343 23953 23933 46493 33955 29866 0xFE000001628D8470
0 1 1 0 7 0 3366 14779 14777 14785 14778 2 2 1 1 42098 42086 42042 42047 23913 24196 23692 23647 46556 33980 29713 0x0800000162980270
0 1 1 0 8 0 3366 14785 14778 14781 14782 1 3 2 2 42007 41991 42065 42007 23760 24126 23583 23508 46635 33951 29788 0xBF00000162859B70
0 1 1 0 9 0 3366 14779 14779 14775 14782 4 4 3 3 41449 41995 42064 41934 23253 23831 23272 23332 46634 34176 29711 0xAF00000162B2CE70
0 1 1 0 10 0 3366 14769 14769 14773 14779 3 2 3 4 41976 41950 42128 42025 23162 23486 22903 23148 46659 34723 29665 0xF500000162951F70
0 1 0 0 0 0 3366 14804 14806 14816 14808 0 0 0 0 42139 41976 42000 42062 23550 23741 23185 23068 46538 34010 29752 0x7400000162A1D870
0 1 0 0 1 0 3366 14802 14810 14807 14808 4 4 4 3 42057 41940 42059 42140 23640 23779 23405 23153 46368 33958 29667 0x0C0000016290EC70
0 1 0 0 2 0 3366 14814 14816 14807 14810 4 6 6 6 41906 42001 41948 41949 23958 23851 23826 23300 46409 33835 29767 0x6C000001629A6D70
0 1 0 0 3 0 3366 14807 14811 14807 14817 4 5 6 3 42102 42247 42159 42082 24160 24274 24074 23509 46563 34073 29655 0xA200000162B10A70
0 1 0 0 4 0 3366 14804 14816 14811 14810 6 5 5 5 42076 41956 42169 42257 24402 24581 24161 23900 46338 34135 29783 0x3A0000016299B970
0 1 0 0 5 0 3366 14812 14807 14811 14800 3 4 4 3 42014 42097 42134 42074 24441 24495 24218 23920 46512 34065 29726 0x27000001628F1170
0 1 0 0 6 0 3366 14804 14811 14812 14808 5 6 4 5 42120 42219 41933 42121 24096 24345 24059 23955 46547 34304 29766 0x7000000162940170
0 1 0 0 7 0 3366 14810 14801 14809 14806 5 6 6 5 41879 41950 42028 41869 24248 24322 23891 23769 46579 33989 29710 0x1000000162AC3070
0 1 0 0 8 0 3366 14774 14777 14780 14772 3 3 3 4 42168 42032 41946 42225 23903 24102 23683 23695 46444 34215 29786 0x5200000162AC7170
0 1 0 0 9 0 3366 14775 14777 14781 14769 4 3 2 1 42027 42171 42295 42139 23598 24036 23331 23427 46710 34197 29730 0xC100000162850170
0 1 0 0 10 0 3366 14775 14777 14779 14781 4 4 4 4 42084 42069 42164 42014 23221 23683 23152 23303 46655 34244 29666 0x4F00000162B21170
0 1 5 0 0 0 3366 14775 14769 14765 14772 0 0 0 0 41939 42046 41978 41995 22987 22643 22755 22245 46424 34437 29900 0x040000016290A070
0 1 5 0 1 0 3366 14770 14772 14773 14774 5 4 3 3 41859 41879 42020 41809 23553 23545 23380 23070 46558 34345 29841 0x8A000001629FFA70
0 1 5 0 2 0 3366 14772 14773 14763 14773 4 6 3 4 42092 41992 42058 42031 23776 23879 23646 23311 46534 34095 29841 0xD500000162936070
0 1 5 0 3 0 3366 14772 14782 14778 14779 5 4 5 5 42027 41961 41979 41931 24108 24018 23939 23681 46433 34094 29869 0xB800000162979070
0 1 5 0 4 0 3366 14776 14778 14776 14773 3 3 3 3 42204 42128 42185 42169 23901 24225 23830 23664 46585 34194 29763 0xBB00000162A1D270
0 1 5 0 5 0 3366 14770 14766 14776 14781 7 7 6 5 42009 41910 41832 41874 23947 24060 23692 23619 46585 34111 29713 0x4600000162B0EA70
0 1 5 0 6 0 3366 14773 14776 14767 14770 5 5 4 4 42006 42144 42076 42063 23826 24044 23564 23570 46622 34163 29859 0x6900000162AC1A70
0 1 5 0 7 0 3366 14782 14788 14786 14783 6 6 6 6 42000 41974 41919 42134 23594 23948 23390 23507 46531 34310 29883 0xAE000001629FF570
0 1 5 0 8 0 3366 14789 14795 14796 14800 3 4 4 4 42008 41886 41863 41854 23368 23777 23171 23198 46687 34530 29660 0x5B00000162909670
0 1 5 0 9 0 3366 14794 14785 14791 14791 3 4 4 4 41902 42120 42083 42032 22952 23412 22793 22922 46584 34797 29816 0xC600000162B04E70
0 1 5 0 10 0 3366 14794 14798 14794 14790 4 4 2 3 41975 41837 41842 41893 22880 23251 22830 22790 46681 34438 29833 0x7D00000162A65E70
0 1 7 0 0 0 3366 14784 14783 14785 14788 1 1 1 1 41957 41973 42012 42069 22725 22601 22499 22048 46522 34085 29676 0x4000000162A89E70
0 1 7 0 1 0 3366 14790 14783 14780 14789 6 3 5 6 42182 42142 41990 42037 23234 23197 23004 22701 46461 34335 29680 0xF700000162AE6D70
0 1 7 0 2 0 3366 14789 14793 14790 14791 5 6 4 5 41805 41788 41919 42174 23595 23597 23361 23099 46421 34183 29689 0x6A00000162929070
0 1 7 0 3 0 3366 14797 14787 14789 14789 5 5 5 5 42140 42125 42177 42295 23827 24041 23581 23522 46459 34069 29645 0x8E00000162AF5E70
0 1 7 0 4 0 3366 14782 14790 14785 14781 5 4 5 7 42068 42098 42074 41860 23491 23976 23429 23438 46667 34311 29593 0xBD000001629CD070
0 1 7 0 5 0 3366 14784 14786 14783 14791 7 5 5 5 41960 42099 42009 41970 23795 23956 23575 23507 46584 34207 29623 0x480000016296CE70
0 1 7 0 6 0 3366 14787 14784 14781 14789 5 4 4 5 41848 41768 41875 42042 23621 23999 23387 23509 46540 34288 29728 0x1C0000016286AB70
0 1 7 0 7 0 3366 14780 14789 14787 14785 3 3 3 2 41846 41854 41897 41813 23271 23702 23133 23166 46671 34496 29673 0x3000000162A28770
0 1 7 0 8 0 3366 14802 14787 14788 14792 4 5 5 5 41985 42048 41985 42101 23023 23602 22931 23034 46696 34231 29665 0x4C0000016295C370
0 1 7 0 9 0 3366 14785 14783 14794 14789 4 4 4 4 42019 41967 42028 42074 22881 23328 22466 22806 46738 34377 29689 0xCE00000162A08B70
0 1 7 0 10 0 3366 14789 14786 14779 14784 1 2 4 2 41952 41970 41955 41882 22718 23134 22637 22594 46876 34586 29689 0x7E00000162A09E70
0 1 6 0 0 0 3366 14789 14795 14793 14791 0 0 0 0 42035 42001 41965 42148 22822 22766 22621 22207 46323 34150 29685 0x43000001628E5570
0 1 6 0 1 0 3366 14784 14791 14795 14790 5 5 6 6 41890 41963 41947 41940 23325 23354 23109 22924 46450 34293 29785 0x9900000162907370
0 1 6 0 2 0 3366 14783 14785 14790 14787 7 6 7 6 42178 42096 42133 42170 23731 23753 23509 23288 46465 33925 29904 0x9E00000162AABB70
0 1 6 0 3 0 3366 14789 14781 14790 14791 6 6 5 5 42068 41906 41989 41871 24025 24216 23905 23652 46492 34267 29845 0x550000016297A070
0 1 6 0 4 0 3366 14790 14787 14791 14787 4 5 4 5 42060 41974 42038 41949 23733 24144 23560 23563 46591 34133 29845 0xC200000162A2D370
0 1 6 0 5 0 3366 14788 14792 14788 14792 3 5 3 7 41999 42074 42072 42049 23891 23898 23785 23503 46635 34222 29820 0xEF000001628D9970
0 1 6 0 6 0 3366 14791 14791 14788 14791 3 3 17 2 42195 42102 42317 42129 23662 23871 23530 23553 46722 34347 29773 0x690000016285C070
0 1 6 0 7 0 3366 14792 14795 14791 14789 11 5 5 5 42108 42050 41935 41985 23425 23770 23156 23344 46604 34226 29730 0x1200000162923F70
0 1 6 0 8 0 3366 14784 14790 14791 14791 6 3 3 3 42066 42148 42072 42075 23103 23648 23020 23101 46587 34368 29821 0x1B0000016292F670
0 1 6 0 9 0 3366 14793 14797 14796 14794 2 4 2 4 41884 41978 41724 41907 22879 23307 22676 22917 46760 34352 29858 0x4D000001628B5170
0 1 6 0 10 0 3366 14798 14793 14790 14793 5 5 6 5 41904 41793 41960 41793 22748 23115 22641 22649 46747 34348 29812 0xE70000016293C270
# Sector 6 LOG STOP run 01107038 at 1613590560
# Sector 7 LOG START run 01107038 type physics at 1613590576
0 1 9 0 0 0 3366 14790 14794 14790 14785 0 0 0 0 41737 41812 41881 41841 22526 22388 22266 21862 46427 34257 29645 0xE100000162AEC070
0 1 9 0 1 0 3366 14794 14793 14790 14793 6 5 5 10 41861 41829 41814 41753 22956 22878 22795 22623 46516 34103 29738 0x40000001628AA770
0 1 9 0 2 0 3366 14793 14797 14800 14793 7 7 7 4 41973 41958 42032 41882 23279 23314 23146 22911 46457 34191 29591 0x7C00000162B23670
0 1 9 0 3 0 3366 14783 14786 14790 14793 8 4 6 5 42120 42131 42016 42179 23556 23822 23354 23254 46663 34231 29745 0x8C00000162936370
0 1 9 0 4 0 3366 14789 14790 14793 14790 5 8 5 4 42091 42101 41980 42051 23299 23721 23178 23048 46532 34400 29751 0x3700000162ADB070
0 1 9 0 5 0 3366 14790 14785 14789 14786 5 4 4 6 41928 41859 41711 41952 23570 23743 23161 23109 46588 34401 29594 0x7100000162982870
0 1 9 0 6 0 3366 14785 14789 14798 14780 3 3 4 3 41899 41916 41772 41856 23147 23567 22883 22942 46625 34163 29732 0x7B0000016289E770
0 1 9 0 7 0 3366 14795 14800 14794 14788 4 4 3 4 41983 41909 41898 41981 23060 23354 22769 22837 46717 34196 29567 0x050000016285D170
0 1 9 0 8 0 3366 14781 14783 14783 14783 3 4 4 3 41929 42006 41920 42046 22803 23016 22550 22511 46538 34260 29421 0x9600000162919670
0 1 9 0 9 0 3366 14816 14818 14809 14814 3 5 3 4 41845 41856 41854 41789 22583 22991 22409 22423 46624 34301 29668 0x5500000162ACC170
0 1 9 0 10 0 3366 14811 14803 14813 14808 3 2 4 4 41940 41970 42028 41919 22436 22869 22326 22403 46589 34287 29665 0x5A00000162AF1670
0 1 11 0 0 0 3366 14800 14803 14810 14804 0 0 0 0 41851 41859 41806 41818 22421 22212 22232 21648 46567 33925 29954 0xD600000162B2E470
0 1 11 0 1 0 3366 14806 14812 14809 14807 6 5 5 3 41731 41810 41652 41779 22689 23029 22364 22344 46436 34207 29860 0xC6000001629CE970
0 1 11 0 2 0 3366 14799 14797 14800 14797 6 7 6 6 42115 41965 41958 42024 22992 23094 22762 22616 46490 34171 29861 0x7400000162A3EA70
0 1 11 0 3 0 3366 14804 14799 14801 14802 4 4 4 5 41898 42005 42078 41898 23047 23428 22820 22817 46473 34174 30086 0xD000000162A06A70
0 1 11 0 4 0 3366 14800 14806 14802 14810 5 6 5 5 41872 41715 41915 41881 22773 23115 22559 22704 46417 34020 29969 0x1D00000162A73C70
0 1 11 0 5 0 3366 14796 14798 14803 14804 2 2 4 3 41918 41831 41875 41885 23053 23191 22719 22683 46489 33998 30070 0x1F00000162A34B70
0 1 11 0 6 0 3366 14810 14808 14816 14809 2 5 2 3 42070 41956 42077 41812 22858 23126 22592 22588 46594 34091 30014 0x2100000162AE3670
0 1 11 0 7 0 3366 14802 14811 14806 14797 5 4 5 6 41996 42207 42227 42013 22749 23001 22437 22444 46673 34501 29917 0xA700000162AAC370
0 1 11 0 8 0 3366 14818 14812 14819 14814 4 4 2 4 41757 41859 41824 41803 22265 22696 21856 22185 46621 34220 29992 0x4A00000162B2B270
0 1 11 0 9 0 3366 14811 14810 14810 14812 4 3 4 3 41918 41948 42039 41889 22120 22737 22114 22117 46640 34250 29933 0x6500000162905E70
0 1 11 0 10 0 3366 14817 14815 14810 14814 4 4 3 3 41963 41970 41946 42222 22121 22391 22027 21944 46749 34379 30032 0x1A00000162AA3970
0 1 12 0 0 0 3366 14814 14816 14810 14811 1 1 1 1 41999 41863 41946 41920 22154 21990 21825 21472 46577 34295 30039 0xFE00000162A03A70
0 1 12 0 1 0 3366 14814 14814 14817 14815 5 8 5 5 42011 41997 41953 41825 22385 22622 22129 22086 46471 34134 29756 0x6800000162A31870
0 1 12 0 2 0 3366 14786 14809 14813 14795 5 6 6 4 41938 41885 41805 41882 22902 22955 22415 22405 46516 34055 29981 0x6700000162AF4870
0 1 12 0 3 0 3366 14813 14815 14812 14810 4 10 4 4 42017 42031 42047 42008 22945 23294 22422 22588 46435 34368 30007 0x6C00000162856370
0 1 12 0 4 0 3366 14811 14812 14811 14802 5 5 4 4 41986 41872 41962 41848 22924 23176 22417 22468 46621 34049 29990 0x4A00000162A9D870
0 1 12 0 5 0 3366 14808 14808 14813 14813 4 5 9 5 42225 42174 41980 42202 22957 23196 22573 22484 46583 34260 30034 0xD800000162B1B670
0 1 12 0 6 0 3366 14814 14808 14811 14807 3 3 3 3 42014 41961 41996 41947 22740 23139 22279 22580 46594 34082 30021 0x3800000162883A70
0 1 12 0 7 0 3366 14808 14815 14810 14801 4 4 4 3 41660 41898 41873 41878 22582 22879 22141 22353 46480 34204 30014 0x7A00000162920870
0 1 12 0 8 0 3366 14814 14810 14808 14806 4 3 3 4 41856 41888 41906 41902 22276 22717 21845 22042 46596 34298 29925 0xFD000001629FA970
0 1 12 0 9 0 3366 14807 14807 14819 14810 4 5 4 4 41930 41827 41870 41874 22231 22636 21975 22061 46598 34427 30093 0x8C00000162AD7F70
0 1 12 0 10 0 3366 14815 14812 14809 14807 5 5 4 4 41909 41899 41949 42140 21821 22324 21723 21779 46588 34255 29796 0xB400000162AD8270
0 1 14 0 0 0 3366 14806 14805 14810 14814 1 1 1 1 41886 41969 41838 41935 22027 22191 21980 21510 46564 34540 29832 0x7300000162A41570
0 1 14 0 1 0 3366 14793 14794 14789 14800 6 6 4 5 41729 41782 41651 41628 21809 22452 21205 21758 46509 34115 29724 0xBA00000162ADFB70
0 1 14 0 2 0 3366 14785 14792 14794 14794 4 4 3 3 41895 41869 41844 41968 22205 22367 21552 21764 46440 34410 29749 0xB40000016291AC70
0 1 14 0 3 0 3366 14802 14797 14801 14799 1 4 4 3 41918 42109 41994 42068 22511 23023 22148 22424 46516 34289 29947 0x9F00000162878070
0 1 14 0 4 0 3366 14797 14792 14797 14800 4 4 2 4 41716 41649 41806 41827 22244 22542 21906 22107 46520 34110 29807 0xFE0000016296EE70
0 1 14 0 5 0 3366 14823 14813 14813 14808 5 4 4 4 41909 42044 41928 41897 22327 22588 21948 21999 46555 34238 29857 0x5D0000016290A370
0 1 14 0 6 0 3366 14812 14808 14806 14813 3 4 4 3 41882 41865 41901 41867 22392 22655 21980 22123 46707 34224 29875 0xD900000162921370
0 1 14 0 7 0 3366 14782 14788 14785 14789 3 3 2 4 41862 41933 41951 41934 22186 22355 21739 21911 46498 34139 29882 0x2F00000162943770
0 1 14 0 8 0 3366 14792 14788 14787 14789 4 5 4 3 41960 41915 42038 41880 21959 22379 21709 21853 46574 34621 29834 0xCE0000016287CF70
0 1 14 0 9 0 3366 14789 14801 14794 14789 3 4 4 3 41938 41845 41770 41921 21950 22336 21668 21753 46649 34281 29886 0x4C00000162A54170
0 1 14 0 10 0 3366 14824 14826 14817 14820 2 3 3 3 42100 42040 42021 41925 21490 21749 21215 21427 46755 34391 29821 0x4E0000016290AD70
0 1 13 0 0 0 3366 14818 14812 14815 14804 0 0 0 0 41690 41729 41702 41735 22192 22114 21849 21462 46460 34169 29731 0xD600000162B0D670
0 1 13 0 1 0 3366 14812 14824 14809 14809 5 4 2 4 41989 41990 41855 42037 22229 22585 21673 21982 46558 34097 29681 0x8700000162A01070
0 1 13 0 2 0 3366 14812 14808 14815 14812 7 7 7 6 42145 42041 42030 41962 22620 22909 22112 22292 46458 34101 29852 0xFB0000016299CA70
0 1 13 0 3 0 3366 14817 14815 14812 14806 4 4 5 4 41883 41970 41969 42027 22612 22989 22212 22496 46575 34332 29727 0xCF00000162A74170
0 1 13 0 4 0 3366 14813 14813 14818 14813 4 4 5 6 41851 41956 41874 41956 22700 22761 22256 22286 46650 34154 29702 0x2A000001628CD570
0 1 13 0 5 0 3366 14811 14818 14812 14817 4 5 3 5 41759 41753 41859 41903 22743 22917 22213 22146 46687 34093 29863 0xC000000162A49670
0 1 13 0 6 0 3366 14807 14819 14809 14804 3 4 3 4 41933 41927 41821 41920 22548 22915 22175 22275 46678 34364 29789 0x5000000162915570
0 1 13 0 7 0 3366 14809 14817 14807 14805 2 2 2 2 41927 41903 41621 41967 22470 22611 22153 22200 46560 34332 29807 0x33000001629A5B70
0 1 13 0 8 0 3366 14809 14811 14815 14804 6 4 3 6 41924 41960 41819 41983 22195 22694 21881 22044 46693 34353 29828 0x000000016293AD70
0 1 13 0 9 0 3366 14808 14801 14808 14772 2 3 1 2 41990 41927 41849 42059 22104 22495 21974 21932 46654 34449 29851 0x28000001628FED70
0 1 13 0 10 0 3366 14808 14808 14808 14805 3 3 4 3 41719 41800 41731 41792 21928 22224 21580 21606 46821 34345 29931 0xCF00000162919570
0 1 8 0 0 0 3366 14790 14784 14788 14785 0 0 0 0 41989 42102 41973 42006 22674 22501 22385 21956 46552 34410 29650 0x64000001629C7770
0 1 8 0 1 0 3366 14790 14788 14801 14788 5 4 7 5 41977 41850 41849 41778 23113 23126 22980 22667 46564 34063 29712 0x3500000162A64070
0 1 8 0 2 0 3366 14790 14789 14787 14788 5 6 6 5 41880 41848 41801 41690 23492 23593 23325 23047 46547 34191 29741 0xC8000001628C1970
0 1 8 0 3 0 3366 14792 14789 14803 14787 5 5 4 4 42248 42246 42272 42175 23709 23923 23531 23381 46478 34338 29697 0xC5000001629C7F70
0 1 8 0 4 0 3366 14785 14790 14791 14791 4 4 5 4 41960 41910 41832 41981 23516 23918 23333 23257 46436 34171 29650 0x94000001629A6670
0 1 8 0 5 0 3366 14794 14786 14785 14798 6 6 3 6 41935 41905 41924 41920 23572 23908 23327 23333 46542 34311 29619 0x9800000162983E70
0 1 8 0 6 0 3366 14788 14784 14792 14791 2 1 1 2 42190 42121 42185 42091 23327 23712 23089 23221 46589 34354 29546 0xA8000001628B2D70
0 1 8 0 7 0 3366 14784 14798 14785 14790 2 2 2 3 41944 41992 41997 42137 23236 23492 22996 23066 46602 34317 29652 0x2A00000162A16B70
0 1 8 0 8 0 3366 14789 14796 14803 14799 5 4 4 4 42005 42005 41945 41974 23070 23326 22812 22706 46659 34305 29626 0xDC0000016292B070
0 1 8 0 9 0 3366 14795 14802 14796 14797 5 5 5 5 42008 41868 41822 41908 22565 23108 22442 22589 46745 34244 29648 0x6D00000162AB7370
0 1 8 0 10 0 3366 14801 14800 14799 14795 3 1 1 1 41894 41927 41808 41888 22562 23005 22519 22538 46734 34175 29631 0x3F0000016294AF70
0 1 10 0 0 0 3366 14802 14801 14803 14805 0 0 0 0 41890 41818 41830 41915 22358 22113 22145 21679 46449 34118 29931 0x5C00000162A4C070
0 1 10 0 1 0 3366 14800 14803 14809 14798 4 5 4 3 41715 41886 41719 41688 22702 22741 22476 22342 46470 34092 29899 0x3A00000162AC4670
0 1 10 0 2 0 3366 14800 14796 14802 14796 7 5 6 6 41887 42103 42009 42016 23058 23221 22844 22789 46578 33914 30030 0x1800000162B14070
0 1 10 0 3 0 3366 14797 14801 14801 14801 6 6 4 4 41828 41850 41849 41927 23330 23693 23003 23173 46539 34032 29929 0x0A00000162AEC570
0 1 10 0 4 0 3366 14803 14807 14798 14801 6 6 4 6 41842 41858 41805 41913 22980 23318 22738 22751 46596 34163 29944 0xD400000162A27E70
0 1 10 0 5 0 3366 14801 14800 14804 14793 5 5 5 5 41957 42011 42092 41968 23114 23427 22959 22893 46567 34236 29908 0x900000016290BA70
0 1 10 0 6 0 3366 14808 14809 14803 14803 7 6 7 7 42017 42127 42048 42141 22839 23219 22715 22799 46688 34111 29978 0x28000001629D5670
0 1 10 0 7 0 3366 14804 14802 14805 14804 3 4 3 5 41987 41905 41956 42074 22852 23140 22602 22661 46614 34207 30010 0xDE000001629C3D70
0 1 10 0 8 0 3366 14812 14812 14809 14806 5 4 4 3 41847 41943 41757 41862 22386 22841 22253 22356 46602 34318 29912 0x150000016294D970
0 1 10 0 9 0 3366 14813 14818 14810 14811 5 4 4 4 42032 41983 42046 41995 22378 22821 22206 22250 46568 34181 29942 0x0000000162AAFE70
0 1 10 0 10 0 3366 14813 14812 14809 14808 1 2 4 3 42037 41989 42016 42019 22113 22525 22071 22127 46645 34690 29997 0x8A00000162AF7870
# Sector 7 LOG STOP run 01107038 at 1613590583
# Sector 8 LOG START run 01107038 type physics at 1613590587
0 1 20 0 0 0 3366 14807 14809 14801 14808 0 0 0 0 42011 41972 42079 42105 23267 23313 23311 22963 46376 34053 29601 0x5600000162907970
0 1 20 0 1 0 3366 14809 14808 14808 14807 4 5 4 3 41900 41936 42054 41861 23318 23436 23500 22979 46393 33967 29859 0x91000001629FB870
0 1 20 0 2 0 3366 14807 14803 14807 14802 3 4 4 4 41866 42095 42065 41989 23610 23715 23675 23067 46451 34062 29676 0x6000000162992C70
0 1 20 0 3 0 3366 14809 14806 14808 14807 5 4 5 2 41857 41949 41912 41904 23870 24001 23885 23522 46381 33990 29614 0xB000000162ACBD70
0 1 20 0 4 0 3366 14812 14808 14801 14809 4 4 5 3 42174 42268 42227 42362 24113 24340 24165 23797 46465 34084 29748 0x85000001629D3470
0 1 20 0 5 0 3366 14810 14808 14802 14804 4 5 6 5 42215 42244 42108 42222 24027 24209 23984 23850 46537 34022 29790 0x8E00000162A79670
0 1 20 0 6 0 3366 14809 14805 14810 14807 4 2 3 3 42226 42146 42153 42115 24075 24377 24180 24021 46541 34183 29804 0x1600000162AE3770
0 1 20 0 7 0 3366 14816 14812 14806 14819 5 3 3 4 42056 42107 42133 42172 23845 24070 23820 23774 46591 33996 29852 0xE500000162ADCD70
0 1 20 0 8 0 3366 14814 14815 14814 14802 4 4 4 3 42077 42067 41953 42064 23811 24068 23910 23767 46595 34512 29713 0x7C00000162B11D70
0 1 20 0 9 0 3366 14804 14810 14806 14805 3 4 3 3 41963 41999 42031 41916 23335 23740 23332 23462 46735 34238 29768 0x8100000162B0AC70
0 1 20 0 10 0 3366 14807 14806 14811 14809 3 3 5 5 41993 41914 41886 41932 23134 23440 23072 23112 46750 34151 29778 0x0800000162991B70
0 1 18 0 0 0 3366 8724 8712 8715 8717 43 37 36 37 42660 42679 42722 42807 21526 21711 21558 21409 46617 34143 29846 0x7700000162B2EC70
0 1 18 0 1 0 3366 8715 8719 8710 8715 34 32 28 30 42629 42693 42635 42835 21125 21528 21081 21186 46571 34175 29815 0xF700000162892970
0 1 18 0 2 0 3366 8719 8710 8721 8719 30 23 25 27 42757 42611 42625 42788 21423 21691 21449 21369 46505 34300 29870 0x5B000001628CB370
0 1 18 0 3 0 3366 8715 8719 8712 8717 20 35 26 27 42854 42891 42717 42829 21785 22070 21773 21594 46653 34247 29767 0xDC000001628F8C70
0 1 18 0 4 0 3366 8721 8717 8728 8728 26 27 28 34 42929 42894 42988 42982 21799 22278 21736 21730 46672 34341 29865 0x1C0000016287B270
0 1 18 0 5 0 3366 8724 8717 8715 8724 18 15 17 20 42907 42903 42783 42820 21681 21882 21650 21494 46578 34316 29918 0xE500000162992B70
0 1 18 0 6 0 3366 8724 8715 8724 8721 19 19 22 16 43031 42961 42756 42902 21390 21956 21254 21502 46534 34240 29783 0xF600000162862B70
0 1 18 0 7 0 3366 8719 8715 8717 8719 25 16 16 17 42819 42684 42842 42841 21599 21819 21322 21217 46661 34024 29836 0x3100000162AEAE70
0 1 18 0 8 0 3366 8728 8728 8731 8719 20 24 20 23 42946 43124 42832 42889 21240 21773 21196 21258 46749 34126 29797 0x2A00000162992170
0 1 18 0 9 0 3366 8717 8724 8717 8721 22 27 18 20 42939 43014 43049 42972 21488 21634 21225 21041 46768 34635 29820 0x9800000162AB9770
0 1 18 0 10 0 3366 8715 8721 8726 8721 16 15 13 18 42964 42948 42973 43035 21240 21547 21236 21070 46716 34959 29933 0x20000001629A5570
0 1 19 0 0 0 3366 8705 8705 8701 8703 28 43 1623 41 42963 42762 41952 42826 21595 21723 21741 21677 46555 34219 29753 0x2500000162A2BC70
0 1 19 0 1 0 3366 8701 8698 8703 8698 29 39 33 27 42841 42867 42765 42908 21480 21685 21669 21556 46501 33996 29855 0x2000000162AFAA70
0 1 19 0 2 0 3366 8703 8703 8703 8708 25 28 29 33 43017 43088 42955 43022 21783 21836 21901 21705 46510 34241 29846 0xD100000162893570
0 1 19 0 3 0 3366 8710 8717 8710 8721 30 388 65535 20 42854 42586 8769 42798 21831 21997 22619 21808 46451 34213 29776 0x5700000162A07E70
0 1 19 0 4 0 3366 8719 8710 8710 8710 24 26 29 18 42884 42922 42897 42845 21779 21956 21920 21806 46557 34412 29750 0x6000000162A35470
0 1 19 0 5 0 3366 8710 8719 8710 8719 28 27 24 25 42653 42754 42775 42873 21740 22107 21792 21816 46562 34467 29953 0xEF00000162A02770
0 1 19 0 6 0 3366 8708 8719 8710 8710 20 21 20 29 43035 43059 42989 43003 21552 21752 21468 21477 46703 34338 29944 0xDC0000016295FF70
0 1 19 0 7 0 3366 8708 8717 8717 8726 20 40 20 25 42842 42944 42859 42835 21368 21584 21431 21311 46706 34394 29796 0x8D000001628CE870
0 1 19 0 8 0 3366 8719 8721 8721 8717 17 17 19 20 42703 42758 42725 42760 21306 21491 21146 21331 46668 34179 29850 0x2700000162910670
0 1 19 0 9 0 3366 8719 8708 8710 8712 24 16 22 19 42799 42812 42745 42688 21095 21063 21218 20923 46715 34473 29901 0x7900000162A02E70
0 1 19 0 10 0 3366 8712 8710 8715 8721 29 24 21 33 42960 42714 42847 42756 21301 21387 21275 21172 46728 34329 29839 0xC5000001628BB970
0 1 22 0 0 0 3366 14768 14766 14769 14766 7 6 7 6 41872 41878 42095 41920 23007 22862 22806 22440 46547 34168 29812 0xA0000001629CA770
0 1 22 0 1 0 3366 14774 14771 14768 14773 4 5 3 6 41904 41983 41969 41988 23506 23581 23282 23047 46525 34295 29729 0x6800000162ABD070
0 1 22 0 2 0 3366 14777 14770 14771 14759 4 4 3 4 41999 41979 42101 42057 23699 23801 23680 23215 46487 34056 29792 0x4200000162A04570
0 1 22 0 3 0 3366 14761 14768 14763 14770 5 6 4 5 41914 42094 42019 42016 24182 24211 23931 23324 46475 34562 29784 0x3100000162A66670
0 1 22 0 4 0 3366 14767 14762 14760 14762 7 5 4 5 42127 41943 41930 41987 24095 24248 23845 23716 46527 34192 29783 0xE50000016288BB70
0 1 22 0 5 0 3366 14776 14768 14762 14780 7 6 7 7 41903 41992 42074 42083 24194 24411 24087 23894 46614 34108 29757 0x1F000001629C4E70
0 1 22 0 6 0 3366 14764 14761 14762 14758 4 4 4 4 42037 42040 42098 42006 24124 24383 23856 23764 46584 34029 29783 0xB2000001629D3570
0 1 22 0 7 0 3366 14773 14768 14769 14779 3 2 4 3 42160 42022 42061 42105 23704 24224 23702 23764 46616 34251 29799 0x910000016285CB70
0 1 22 0 8 0 3366 14766 14766 14766 14764 5 5 3 15 42009 41878 41883 41879 23616 23993 23446 23467 46670 34296 29802 0x02000001628AE670
0 1 22 0 9 0 3366 14769 14766 14762 14761 2 2 3 3 42135 41940 42134 41908 23028 23449 22828 23189 46717 34298 29736 0xF200000162AFD770
0 1 22 0 10 0 3366 14774 14773 14768 14773 1 4 2 2 41886 41873 41850 41792 22852 23295 22694 22976 46696 34390 29876 0xD000000162AFED70
0 1 22 1 0 0 3366 14816 14813 14808 14806 5 5 4 6 41826 41649 41667 41729 21688 21791 21691 21393 46543 34070 29759 0xBE0000016291F370
0 1 22 1 1 0 3366 14797 14803 14797 14795 4 5 4 5 41805 41739 41780 41664 21347 21845 21291 21329 46618 34088 29779 0x80000001629D9770
0 1 22 1 2 0 3366 14793 14789 14791 14791 3 4 3 4 42064 41912 41934 41797 21686 22170 21382 21473 46537 34399 29759 0xC30000016296B070
0 1 22 1 3 0 3366 14793 14786 14804 14789 4 4 4 3 41997 41976 41912 41838 22194 22701 21886 21907 46528 34418 29905 0x78000001628C0C70
0 1 22 1 4 0 3366 14796 14796 14789 14797 3 4 3 2 41919 42040 41820 41817 22026 22634 22029 21867 46520 34168 29833 0x8500000162A23170
0 1 22 1 5 0 3366 14818 14813 14812 14814 5 4 4 5 41812 42033 42047 41964 21923 22247 21730 21778 46702 34211 29783 0x25000001628B6670
0 1 22 1 6 0 3366 14816 14808 14814 14814 4 5 3 4 41899 41990 41917 41932 21937 22322 21499 21831 46601 34438 29782 0x61000001628D4470
0 1 22 1 7 0 3366 14789 14791 14785 14786 2 4 2 2 41907 41750 41817 41817 21879 22360 21748 21862 46665 34207 29856 0xE800000162A5EA70
0 1 22 1 8 0 3366 14798 14796 14793 14789 2 3 2 3 41921 41899 41885 41920 21615 21960 21304 21453 46862 34443 29852 0xE100000162AFD970
0 1 22 1 9 0 3366 14795 14791 14791 14798 4 4 4 4 41678 41841 41886 41602 21910 22256 21712 21622 46711 34333 29793 0xE30000016293E470
0 1 22 1 10 0 3366 14826 14823 14825 14824 1 1 3 2 41690 41868 41843 41696 21412 21963 21552 21406 46814 34464 29792 0x75000001628BAC70
# Sector 8 LOG STOP run 01107038 at 1613590601
# Sector 9 LOG START run 01107038 type physics at 1613590570
1 1 4 1 0 0 13464 14687 14717 0 0 1 1 0 0 46758 46718 0 0 18361 18521 0 0 46778 34357 29775 0xFD0000012C8BA070
1 1 4 1 1 0 13464 14632 14794 0 0 0 0 0 0 46688 46723 0 0 18622 18678 0 0 46903 34402 29753 0x1B00000162A42270
1 1 4 1 2 0 13464 14752 14777 0 0 2 2 0 0 46828 46799 0 0 18845 19039 0 0 46834 34686 29697 0xA00000012CA25F70
1 1 4 1 3 0 13464 14718 14781 0 0 0 2 0 0 46718 46685 0 0 19073 19172 0 0 46932 34771 29766 0x9B0000012CB19670
1 1 4 1 4 0 13464 14738 14660 0 0 3 1 0 0 46898 46881 0 0 19140 19241 0 0 46802 34708 29742 0x160000012CAFCA70
1 1 4 1 5 0 13464 14740 14691 0 0 2 0 0 0 46879 46780 0 0 19141 19127 0 0 46895 34845 29799 0x260000012C924C70
1 1 4 1 6 0 13464 14745 14669 0 0 2 0 0 0 47059 47025 0 0 19019 19151 0 0 46868 34560 29811 0xB00000012CAF7270
1 1 4 1 7 0 13464 14826 14741 0 0 2 1 0 0 47008 46972 0 0 19083 19130 0 0 47073 34562 29786 0x760000012C939F70
1 1 4 1 8 0 13464 14634 14658 0 0 1 2 0 0 46732 46770 0 0 19025 19216 0 0 46961 34739 29630 0xEB0000012CA3CE70
1 1 4 1 9 0 13464 14757 14639 0 0 3 1 0 0 46941 46924 0 0 19022 19054 0 0 46983 34446 29759 0x0500000162AC0B70
1 1 4 1 10 0 13464 14629 14630 0 0 0 0 0 0 46820 46684 0 0 19053 19168 0 0 47022 34333 29716 0x69000001629ACE70
1 1 4 1 11 0 13464 14715 14732 0 0 1 1 0 0 46891 46844 0 0 19084 18964 0 0 46976 34404 29780 0xF9000001629AF270
1 1 4 1 12 0 13464 14674 14622 0 0 0 0 0 0 46922 46801 0 0 19038 19104 0 0 47005 34687 29846 0x790000016296FA70
1 1 6 0 0 0 13464 14722 14631 0 0 1 1 0 0 46709 46850 0 0 19438 19604 0 0 47052 34943 29856 0x3F0000012CB30F70
1 1 6 0 1 0 13464 14677 14730 0 0 1 1 0 0 46858 46841 0 0 19787 19576 0 0 47089 34651 29905 0x880000012CB2B370
1 1 6 0 2 0 13464 14686 14838 0 0 0 6 0 0 46824 46831 0 0 20047 20053 0 0 47097 34824 29770 0x930000012C991970
1 1 6 0 3 0 13464 14837 14844 0 0 4 4 0 0 46895 46803 0 0 20288 19890 0 0 47033 34913 29746 0xAD0000012CAE1C70
1 1 6 0 4 0 13464 14803 14677 0 0 1 0 0 0 46989 47008 0 0 20099 19995 0 0 46901 34849 29832 0xDD0000012C8DDF70
1 1 6 0 5 0 13464 14713 14641 0 0 2 1 0 0 46987 46986 0 0 20195 20168 0 0 47032 34511 29914 0xE20000012CAAD670
1 1 6 0 6 0 13464 14738 14668 0 0 0 0 0 0 46819 46817 0 0 20042 20085 0 0 46958 34908 29938 0x350000012C8C5570
1 1 6 0 7 0 13464 14582 14726 0 0 1 1 0 0 46814 46822 0 0 19913 19842 0 0 46927 34901 29833 0xCC0000012C8A8D70
1 1 6 0 8 0 13464 14633 14720 0 0 2 3 0 0 46864 46901 0 0 20028 20085 0 0 46987 35204 29822 0x060000012CAC7970
1 1 6 0 9 0 13464 14657 14799 0 0 0 5 0 0 46836 46856 0 0 19994 20102 0 0 47130 34635 29834 0x450000012CA33A70
1 1 6 0 10 0 13464 14681 14735 0 0 1 1 0 0 47010 47076 0 0 20055 20065 0 0 47147 34299 29839 0xAF000001629F7070
1 1 6 0 11 0 13464 14613 14732 0 0 0 2 0 0 46879 47026 0 0 19874 20038 0 0 47085 34691 29913 0x6200000162AEF270
1 1 6 0 12 0 13464 14710 14698 0 0 1 3 0 0 46970 47025 0 0 19927 20035 0 0 47123 34672 29840 0xC9000001629F3E70
1 1 2 0 0 0 13464 14817 14634 0 0 0 1 0 0 46972 47043 0 0 19155 19216 0 0 46927 34414 29805 0xA20000012C97B370
1 1 2 0 1 0 13464 14816 14719 0 0 0 0 0 0 46905 46890 0 0 19466 19517 0 0 46809 34274 29727 0xF80000012CB06270
1 1 2 0 2 0 13464 14627 14650 0 0 1 1 0 0 46874 47045 0 0 19475 19629 0 0 46850 34604 29778 0x7C00000162900F70
1 1 2 0 3 0 13464 14660 14699 0 0 2 1 0 0 47025 47120 0 0 19672 19644 0 0 46887 34537 29747 0xF80000012C98A170
1 1 2 0 4 0 13464 14617 14687 0 0 0 0 0 0 46876 46800 0 0 19743 19716 0 0 46767 34655 29802 0xDA0000012C960570
1 1 2 0 5 0 13464 14619 14724 0 0 0 0 0 0 47018 47035 0 0 19843 19837 0 0 46958 34532 29834 0x520000012CA45D70
1 1 2 0 6 0 13464 14587 14735 0 0 0 1 0 0 46936 46955 0 0 19776 19766 0 0 46913 34891 29810 0x0E0000012C9AE170
1 1 2 0 7 0 13464 14710 14725 0 0 0 0 0 0 46867 46835 0 0 19752 19722 0 0 46797 34864 29827 0x230000012C9F5A70
1 1 2 0 8 0 13464 14825 14598 0 0 4 1 0 0 46869 46866 0 0 19848 19747 0 0 46911 34776 29789 0x170000012CA69E70
1 1 2 0 9 0 13464 14708 14781 0 0 1 0 0 0 46851 46805 0 0 19892 19782 0 0 46994 34568 29746 0x780000012C888C70
1 1 2 0 10 0 13464 14636 14724 0 0 0 1 0 0 46871 46980 0 0 19850 19911 0 0 46967 34730 29763 0xF60000012C9F9770
1 1 2 0 11 0 13464 14709 14710 0 0 2 0 0 0 46899 46825 0 0 19720 19804 0 0 46951 34557 29742 0x2E00000162AFD370
1 1 2 0 12 0 13464 14669 14772 0 0 2 3 0 0 46993 47039 0 0 19791 19886 0 0 46954 34744 29738 0xE900000162864F70
1 1 1 1 0 0 13464 14715 14657 0 0 0 0 0 0 46776 46874 0 0 19010 19161 0 0 47013 34299 29810 0xB30000012C91F870
1 1 1 1 1 0 13464 14639 14727 0 0 1 1 0 0 46837 46752 0 0 19509 19438 0 0 46905 34436 29757 0xE10000012CB03370
1 1 1 1 2 0 13464 14597 14611 0 0 0 0 0 0 46897 46847 0 0 19447 19548 0 0 46782 34920 29810 0xCB0000016234E970
1 1 1 1 3 0 13464 14631 14631 0 0 2 2 0 0 46913 46865 0 0 19607 19647 0 0 46934 34926 29735 0x770000012CAE2D70
1 1 1 1 4 0 13464 14632 14731 0 0 1 1 0 0 46924 46954 0 0 19653 19701 0 0 46776 34361 29785 0xBE000001629D5F70
1 1 1 1 5 0 13464 14695 14723 0 0 1 2 0 0 47078 47050 0 0 19700 19696 0 0 46929 34374 29888 0x77000001629F5270
1 1 1 1 6 0 13464 14612 14665 0 0 0 1 0 0 46714 46738 0 0 19733 19759 0 0 46827 34834 29754 0xC20000012C89DF70
1 1 1 1 7 0 13464 14616 14640 0 0 1 1 0 0 46837 46918 0 0 19807 19764 0 0 46879 34945 29788 0x8D00000162AAB570
1 1 1 1 8 0 13464 14619 14634 0 0 0 0 0 0 46797 46876 0 0 19743 19788 0 0 46981 34843 29672 0xC90000016235E370
1 1 1 1 9 0 13464 14618 14693 0 0 1 1 0 0 46818 46741 0 0 19736 19801 0 0 46928 34660 29742 0x7B0000012CAB3A70
1 1 1 1 10 0 13464 14783 14609 0 0 2 1 0 0 46933 46948 0 0 19842 19586 0 0 47082 34541 29763 0xD00000012C87CA70
1 1 1 1 11 0 13464 14735 14613 0 0 3 0 0 0 46882 46889 0 0 19677 19651 0 0 47057 34554 29823 0xED00000162AACE70
1 1 1 1 12 0 13464 14646 14762 0 0 2 3 0 0 47173 47071 0 0 19593 19643 0 0 47006 34474 29900 0xE200000162A1D170
1 1 5 0 0 0 13464 14664 14728 0 0 1 1 0 0 46986 46961 0 0 18625 18644 0 0 46959 34547 29808 0x060000012C960170
1 1 5 0 1 0 13464 14668 14718 0 0 0 0 0 0 46906 43847 0 0 18882 18856 0 0 47030 35042 30001 0x320000012C9B2370
1 1 5 0 2 0 13464 14654 14719 0 0 0 0 0 0 46706 46788 0 0 18918 19051 0 0 47058 34955 29806 0xE50000016231C470
1 1 5 0 3 0 13464 14649 14752 0 0 0 0 0 0 46875 46793 0 0 19070 19239 0 0 46917 34550 29937 0x580000012C89BC70
1 1 5 0 4 0 13464 14737 14756 0 0 2 3 0 0 46880 46841 0 0 19181 19284 0 0 47060 34695 29940 0x050000012C8DFD70
1 1 5 0 5 0 13464 14664 14754 0 0 1 2 0 0 46719 46690 0 0 19303 19334 0 0 47032 34777 29907 0xF6000001622FDD70
1 1 5 0 6 0 13464 14736 14712 0 0 1 1 0 0 46853 46780 0 0 19173 19251 0 0 46928 34674 29916 0x6000000162A50270
1 1 5 0 7 0 13464 14709 14729 0 0 0 0 0 0 47043 47145 0 0 19150 19217 0 0 47017 34566 30042 0x380000012C8AEC70
1 1 5 0 8 0 13464 14744 14720 0 0 1 1 0 0 46895 47000 0 0 19197 19214 0 0 47030 34607 29983 0x36000001629BE170
1 1 5 0 9 0 13464 14821 14673 0 0 4 1 0 0 46891 46675 0 0 19161 19290 0 0 47019 34726 29952 0xFB00000162287D70
1 1 5 0 10 0 13464 14762 14629 0 0 1 1 0 0 46943 46934 0 0 19079 19244 0 0 47162 34806 29937 0xF3000001615B6670
1 1 5 0 11 0 13464 14738 14640 0 0 1 1 0 0 46820 46809 0 0 19080 19255 0 0 47127 34582 29936 0x1500000162939670
1 1 5 0 12 0 13464 14634 14655 0 0 2 0 0 0 47176 47009 0 0 19126 19270 0 0 47122 34575 29884 0x6B00000162B13570
1 1 3 0 0 0 13464 14602 14760 0 0 0 0 0 0 46832 46752 0 0 18531 18739 0 0 47012 34959 29979 0x3D00000162273970
1 1 3 0 1 0 13464 14672 14843 0 0 0 4 0 0 46968 46666 0 0 18964 19040 0 0 46920 34550 29997 0xE000000162A1C270
1 1 3 0 2 0 13464 14696 14647 0 0 3 2 0 0 46746 46895 0 0 19181 19107 0 0 47054 34823 29894 0x0B0000012C8BD270
1 1 3 0 3 0 13464 14635 14606 0 0 1 1 0 0 46978 47046 0 0 19133 19395 0 0 46984 34590 30002 0xE30000016292FD70
1 1 3 0 4 0 13464 14788 14718 0 0 5 2 0 0 46892 46877 0 0 19344 19404 0 0 47013 34696 29913 0x8F0000012CA28A70
1 1 3 0 5 0 13464 14796 14598 0 0 2 1 0 0 46910 46921 0 0 19377 19440 0 0 47013 34908 29893 0xE60000012C94EC70
1 1 3 0 6 0 13464 14707 14704 0 0 0 0 0 0 46877 46974 0 0 19422 19459 0 0 46805 34619 29898 0xD30000012C8CBF70
1 1 3 0 7 0 13464 14687 14610 0 0 2 2 0 0 47016 46949 0 0 19326 19394 0 0 47029 34559 29931 0xEF0000012CB42E70
1 1 3 0 8 0 13464 14717 14742 0 0 1 1 0 0 46951 46911 0 0 19188 19401 0 0 47010 34716 29932 0x150000012C890170
1 1 3 0 9 0 13464 14627 14786 0 0 0 1 0 0 46853 46794 0 0 19279 19451 0 0 46973 34676 29929 0x270000012C8DC770
1 1 3 0 10 0 13464 14634 14641 0 0 1 1 0 0 47041 47003 0 0 19249 19402 0 0 46987 34282 29826 0x4E0000012C9AB370
1 1 3 0 11 0 13464 14707 14662 0 0 0 1 0 0 46691 46842 0 0 19205 19411 0 0 47029 34960 29952 0xD1000001628A1E70
1 1 3 0 12 0 13464 14653 14615 0 0 0 0 0 0 46775 46807 0 0 19225 19374 0 0 47070 34566 29865 0xE900000162A47670
1 1 7 0 0 0 13464 14796 14723 0 0 0 0 0 0 46666 46645 0 0 18056 18139 0 0 46887 34524 29688 0x780000012C9B2E70
1 1 7 0 1 0 13464 14830 14716 0 0 0 0 0 0 46671 46658 0 0 18127 18309 0 0 46840 34731 29659 0x7C0000012C9A1170
1 1 7 0 2 0 13464 14689 14654 0 0 1 0 0 0 46871 46894 0 0 18693 18752 0 0 46977 34657 29841 0x390000012C87DC70
1 1 7 0 3 0 13464 14752 14800 0 0 2 2 0 0 46754 46676 0 0 18856 18934 0 0 46855 34385 29763 0x3E0000012CAFAF70
1 1 7 0 4 0 13464 14755 14765 0 0 2 5 0 0 46879 46778 0 0 18957 19001 0 0 46908 34491 29739 0xA80000012C938870
1 1 7 0 5 0 13464 14771 14724 0 0 3 2 0 0 46574 46803 0 0 19044 19048 0 0 46876 34872 29855 0xA2000001622B5570
1 1 7 0 6 0 13464 14738 14813 0 0 1 1 0 0 46701 46755 0 0 18942 18968 0 0 46930 34539 29713 0x7E0000012C91E170
1 1 7 0 7 0 13464 14839 14710 0 0 2 0 0 0 46691 46648 0 0 18814 18997 0 0 46991 34843 29790 0x100000012C992B70
1 1 7 0 8 0 13464 14721 14724 0 0 2 2 0 0 46871 46829 0 0 18889 19049 0 0 46996 34744 29791 0xB80000012CA5C470
1 1 7 0 9 0 13464 14804 14680 0 0 1 1 0 0 46812 46873 0 0 18872 18956 0 0 46973 34361 29801 0xDE00000162AF9470
1 1 7 0 10 0 13464 14829 14720 0 0 2 1 0 0 46733 46678 0 0 18874 18928 0 0 47025 34781 29864 0x620000012C911370
1 1 7 0 11 0 13464 14812 14651 0 0 2 1 0 0 46847 46905 0 0 18895 18831 0 0 46934 34643 29774 0xF7000001628D4D70
1 1 7 0 12 0 13464 14723 14707 0 0 3 2 0 0 46769 46592 0 0 18892 18865 0 0 47054 34323 29833 0x5B00000162B09D70
1 1 0 0 0 0 13464 14766 14728 0 0 0 0 0 0 46966 47068 0 0 19309 19255 0 0 46922 34517 29832 0xC80000012CA43E70
1 1 0 0 1 0 13464 14680 14684 0 0 1 1 0 0 46856 46876 0 0 19666 19604 0 0 46907 34462 29796 0x520000012C88FA70
1 1 0 0 2 0 13464 14712 14732 0 0 0 3 0 0 46953 46900 0 0 19777 19695 0 0 47118 34523 29858 0xE00000012C88FC70
1 1 0 0 3 0 13464 14609 14697 0 0 0 1 0 0 46960 46888 0 0 19777 19896 0 0 46975 34812 29883 0x0200000162328070
1 1 0 0 4 0 13464 14730 14691 0 0 2 2 0 0 47024 46939 0 0 19916 19967 0 0 46983 34814 29827 0xC00000012CB2AD70
1 1 0 0 5 0 13464 14712 14753 0 0 6 6 0 0 46671 46793 0 0 19949 20024 0 0 47041 34734 29792 0x2A0000012C894C70
1 1 0 0 6 0 13464 14725 14633 0 0 0 0 0 0 46947 46942 0 0 19764 19887 0 0 46920 34528 29711 0xE40000012C909B70
1 1 0 0 7 0 13464 14624 14726 0 0 2 3 0 0 46880 46876 0 0 19862 19899 0 0 46969 34927 29807 0x4000000161500670
1 1 0 0 8 0 13464 14766 14824 0 0 0 2 0 0 46735 46753 0 0 19756 19773 0 0 47004 35034 29869 0x580000012CA34D70
1 1 0 0 9 0 13464 14628 14679 0 0 2 0 0 0 46834 46936 0 0 19718 19838 0 0 46988 34957 29899 0x700000012C92B370
1 1 0 0 10 0 13464 14646 14741 0 0 4 5 0 0 46871 46815 0 0 19839 20001 0 0 47106 34685 29897 0x880000012C874C70
1 1 0 0 11 0 13464 14724 14606 0 0 2 0 0 0 46910 46930 0 0 19758 20021 0 0 47153 34507 29865 0xC100000162A24570
1 1 0 0 12 0 13464 14689 14632 0 0 2 0 0 0 47076 47064 0 0 19945 19940 0 0 47129 34567 29840 0x9F00000162869970
# Sector 9 LOG STOP run 01107038 at 1613590576
# Sector 10 LOG START run 01107038 type physics at 1613590589
1 1 8 0 0 0 13464 14718 14705 0 0 0 0 0 0 46719 46726 0 0 18816 18967 0 0 46813 34708 29655 0x29000001614FBA70
1 1 8 0 1 0 13464 14593 14646 0 0 0 0 0 0 46889 46966 0 0 19266 19260 0 0 46818 34766 29799 0xC00000012C994570
1 1 8 0 2 0 13464 14723 14709 0 0 0 0 0 0 47001 46909 0 0 19411 19410 0 0 46863 34596 29789 0xDA0000012CA2E370
1 1 8 0 3 0 13464 14719 14690 0 0 1 1 0 0 46747 46734 0 0 19529 19502 0 0 46868 34841 29698 0x28000001623D7170
1 1 8 0 4 0 13464 14810 14733 0 0 4 2 0 0 46869 46835 0 0 19551 19565 0 0 46827 34783 29791 0x24000001623C0270
1 1 8 0 5 0 13464 14615 14824 0 0 0 2 0 0 46827 46716 0 0 19658 19704 0 0 46955 34751 29841 0xBE0000012CB23770
1 1 8 0 6 0 13464 14652 14618 0 0 1 1 0 0 46933 46918 0 0 19607 19638 0 0 47031 34500 29743 0x420000012CA4C570
1 1 8 0 7 0 13464 14643 14609 0 0 2 2 0 0 46863 46874 0 0 19641 19656 0 0 46983 34719 29798 0x300000012C898B70
1 1 8 0 8 0 13464 14621 14695 0 0 0 1 0 0 46891 46881 0 0 19466 19646 0 0 47146 35086 29891 0xCC000001615B2B70
1 1 8 0 9 0 13464 14807 14622 0 0 3 1 0 0 47068 46930 0 0 19604 19608 0 0 46919 34431 29669 0x230000012CB1CF70
1 1 8 0 10 0 13464 14751 14652 0 0 6 3 0 0 46930 47012 0 0 19691 19735 0 0 46879 34846 29804 0xD80000016229DB70
1 1 8 0 11 0 13464 14765 14642 0 0 3 3 0 0 46912 46814 0 0 19382 19610 0 0 47067 34683 29846 0xB100000162B10470
1 1 8 0 12 0 13464 14693 14620 0 0 1 0 0 0 47022 47096 0 0 19477 19517 0 0 47086 34909 29692 0xF60000016292C670
1 1 8 1 0 0 13464 14769 14644 0 0 5 1 0 0 46839 46888 0 0 18799 18896 0 0 47027 35027 29939 0x7B0000012CA2EB70
1 1 8 1 1 0 13464 14618 14617 0 0 1 1 0 0 46933 46923 0 0 19062 19184 0 0 47031 34638 29806 0xC0000001614D9E70
1 1 8 1 2 0 13464 14684 14722 0 0 0 1 0 0 46826 46855 0 0 19347 19352 0 0 47007 34421 29842 0x020000012CB24870
1 1 8 1 3 0 13464 14818 14622 0 0 3 1 0 0 46696 46805 0 0 19321 19486 0 0 46903 34535 29999 0xD70000012C96EA70
1 1 8 1 4 0 13464 14640 14658 0 0 1 1 0 0 47132 47076 0 0 19528 19469 0 0 46963 34631 29933 0x3D0000012C98F470
1 1 8 1 5 0 13464 14653 14727 0 0 2 3 0 0 46928 46908 0 0 19369 19423 0 0 47034 34787 29889 0x07000001628F3870
1 1 8 1 6 0 13464 14718 14717 0 0 3 1 0 0 46930 46917 0 0 19488 19324 0 0 46994 34997 29938 0x620000012CA5F570
1 1 8 1 7 0 13464 14638 14711 0 0 0 0 0 0 46834 46807 0 0 19563 19561 0 0 47040 34899 29808 0x8C0000012CA9FF70
1 1 8 1 8 0 13464 14645 14755 0 0 1 2 0 0 46812 46773 0 0 19589 19584 0 0 47009 34547 29905 0xB10000012C97BD70
1 1 8 1 9 0 13464 14624 14627 0 0 1 2 0 0 46880 46803 0 0 19486 19507 0 0 47001 35062 29882 0x5F000001615B8170
1 1 8 1 10 0 13464 14742 14712 0 0 3 1 0 0 46737 46945 0 0 19447 19411 0 0 47151 35006 29908 0xBD00000162290370
1 1 8 1 11 0 13464 14645 14755 0 0 0 1 0 0 47032 47038 0 0 19461 19438 0 0 47102 34683 29973 0x7000000162AA1D70
1 1 8 1 12 0 13464 14638 14646 0 0 0 0 0 0 46893 46948 0 0 19264 19421 0 0 47186 34403 29961 0x8C000001629ED670
# Sector 10 LOG STOP run 01107038 at 1613590599
