# Sector 1 LOG START run 01107039 type physics at 1613590761
0 0 0 0 0 0 3366 14933 14938 14934 14936 10 10 8 10 41930 41824 41813 41716 22245 22761 22148 22072 46461 34216 30065 0x35000001629E0A70
0 0 0 0 1 0 3366 14942 14939 14939 14943 7 9 6 13 42050 41962 42015 41889 22854 23224 22473 22750 46439 34086 29957 0xD200000162B1E970
0 0 0 0 2 0 3366 14934 14941 14937 14940 11 6 6 7 41913 41699 41782 41798 23215 23604 22861 23103 46526 34139 29913 0x4B00000162A7C370
0 0 0 0 3 0 3366 14939 14944 14939 14938 7 10 5 5 41953 42093 42069 41898 23203 23382 22813 23031 46587 34550 29850 0x680000016288F070
0 0 0 0 4 0 3366 14949 14946 14948 14946 7 8 5 5 41900 41697 41855 41740 23408 23713 23003 23135 46518 34075 29830 0x7C00000162A4E970
0 0 0 0 5 0 3366 14955 14943 14947 14954 5 7 8 4 41895 41791 41870 41915 23517 23871 23141 23282 46623 34221 29865 0x3300000162AFA470
0 0 0 0 6 0 3366 14952 14942 14957 14952 7 8 7 7 41808 41922 41939 42035 23560 23922 23270 23304 46689 34123 30021 0x88000001628D5270
0 0 0 0 7 0 3366 14945 14954 14950 14956 7 7 4 5 41890 42052 41968 41893 23480 23729 23249 23145 46482 34351 29920 0x3C00000162A81770
0 0 0 0 8 0 3366 14944 14943 14940 14940 5 7 5 7 41845 41937 41876 41982 23085 23511 22891 23024 46602 34209 29946 0x8100000162855370
0 0 0 0 9 0 3366 14941 14938 14945 14943 7 7 6 7 42003 41951 41965 41960 22952 23397 22951 23033 46632 34213 29878 0x5B0000016294F270
0 0 0 0 10 0 3366 14945 14946 14940 14940 9 9 4 7 41844 41869 41857 41700 23327 23452 23051 22982 46690 34205 30005 0x4000000162B1C670
0 0 1 0 0 0 3366 14875 14868 14878 14881 11 11 8 8 41765 41740 41741 41786 22153 22645 21999 22007 46405 34114 29824 0x3100000162A9E170
0 0 1 0 1 0 3366 14939 14937 14946 14943 9 9 8 9 41735 41782 41791 41811 22609 23244 22428 22598 46450 34177 29874 0x730000016296A570
0 0 1 0 2 0 3366 14941 14944 14940 14946 8 8 7 6 41765 41793 41828 41901 23208 23640 22918 23005 46517 34200 29863 0x0800000162978570
0 0 1 0 3 0 3366 14940 14941 14943 14938 6 6 7 7 41909 41701 41761 41737 23325 23618 22941 23000 46554 34374 29983 0x3400000162B01A70
0 0 1 0 4 0 3366 14936 14937 14947 14949 10 8 9 6 41956 41861 41978 41972 23260 23609 23006 23052 46548 34260 29983 0x3500000162A01670
0 0 1 0 5 0 3366 14940 14938 14938 14944 7 8 8 7 41790 41941 41828 41833 23351 23646 23056 23158 46423 34287 29946 0x2100000162976570
0 0 1 0 6 0 3366 14944 14946 14936 14948 8 8 7 7 42030 41924 41913 41945 23330 23698 23162 23142 46647 34182 29878 0xE300000162AAB770
0 0 1 0 7 0 3366 14951 14946 14950 14938 5 5 7 6 41981 41924 41957 42004 23177 23564 23050 23029 46655 34228 29887 0x83000001629D0170
0 0 1 0 8 0 3366 14944 14935 14947 14949 5 7 7 7 41969 41967 41964 41881 23050 23369 22987 22854 46684 34470 29935 0xE0000001628D6570
0 0 1 0 9 0 3366 14945 14935 14941 14938 6 6 5 5 42024 41913 41810 41979 22889 23353 22791 22909 46626 34537 29908 0xB4000001629A4F70
0 0 1 0 10 0 3366 14937 14943 14944 14944 8 8 8 10 41903 41838 41788 41814 23128 23210 22919 22790 46649 34591 29939 0x120000016285F970
0 0 5 0 0 0 3366 14852 14850 14848 14848 11 8 8 6 41807 41696 41529 41677 21748 22218 21567 21602 46620 34167 29711 0x04000001629F2770
0 0 5 0 1 0 3366 14937 14935 14939 14937 6 7 7 7 42049 41951 41912 41938 22386 23138 22172 22538 46531 34321 29608 0x3B00000162A72070
0 0 5 0 2 0 3366 14931 14933 14941 14942 7 7 7 7 41988 42031 41954 42112 22948 23295 22617 22736 46510 34276 29504 0x8500000162ABE070
0 0 5 0 3 0 3366 14955 14950 14949 14952 8 9 9 8 41761 41862 41797 41859 22842 23198 22625 22688 46510 34273 29683 0xA300000162994C70
0 0 5 0 4 0 3366 14950 14946 14948 14952 8 11 8 9 41836 41810 41952 41901 23051 23580 22909 22995 46566 34370 29653 0x340000016298D970
0 0 5 0 5 0 3366 14940 14951 14940 14946 10 7 8 7 42070 41969 41964 41989 23208 23636 23007 22955 46653 34109 29643 0x09000001629FC870
0 0 5 0 6 0 3366 14939 14945 14947 14943 6 10 6 9 41971 41981 41911 42082 22985 23384 22915 22969 46515 34385 29474 0x1700000162A55170
0 0 5 0 7 0 3366 14949 14945 14944 14954 10 8 6 6 42167 41991 41867 41963 23002 23242 22879 22687 46579 34293 29617 0xF300000162A2E770
0 0 5 0 8 0 3366 14951 14941 14936 14947 9 10 7 7 41848 41958 41780 41830 22996 23153 22949 22612 46467 34432 29575 0xD6000001629B3E70
0 0 5 0 9 0 3366 14939 14944 14940 14939 5 5 11 6 41902 41777 41796 41932 22502 22979 22328 22491 46696 34476 29455 0xE400000162B24670
0 0 5 0 10 0 3366 14938 14931 14934 14939 7 8 7 7 41738 41847 41858 41839 22738 23165 22663 22499 46708 34594 29513 0xF3000001628E4070
0 0 7 0 0 0 3366 14845 14850 14932 14851 6 6 8 7 41678 41669 41583 41708 21411 22067 21097 21312 46614 34355 29645 0x0500000162AE3970
0 0 7 0 1 0 3366 14934 14942 14850 14930 5 5 4 6 41962 41962 41922 41952 22154 22779 21888 22350 46513 33986 29514 0xF200000162B1C070
0 0 7 0 2 0 3366 14929 14935 14928 14929 11 9 9 8 41857 41775 41718 41806 22634 23087 22407 22594 46655 34045 29572 0x54000001629DDF70
0 0 7 0 3 0 3366 14938 14933 14938 14935 6 7 9 7 42113 42036 41954 42064 22480 23200 22350 22611 46573 34111 29525 0x50000001629ED270
0 0 7 0 4 0 3366 14931 14934 14930 14938 7 6 5 8 41952 41903 41805 41815 22897 23231 22630 22616 46592 34436 29588 0x1A00000162A69570
0 0 7 0 5 0 3366 14944 14951 14930 14947 9 8 8 9 41864 42139 41981 42024 22970 23370 22813 22673 46654 34162 29517 0x90000001629C1670
0 0 7 0 6 0 3366 14952 14937 14944 14937 12 10 7 8 42029 41867 42073 41909 22935 23165 22740 22607 46710 34294 29680 0xCF00000162865370
0 0 7 0 7 0 3366 14939 14954 14933 14947 9 12 8 8 41951 41893 41746 41913 22918 22819 22682 22239 46666 34274 29635 0x0F00000162941E70
0 0 7 0 8 0 3366 14872 14933 14939 14932 6 8 8 9 41971 41815 41823 41837 22838 22720 22611 22127 46770 34322 29544 0x4700000162AA1C70
0 0 7 0 9 0 3366 14932 14940 14929 14930 9 6 6 5 41802 41745 41770 41746 22193 22566 22182 22095 46765 34293 29615 0x2000000162B1BD70
0 0 7 0 10 0 3366 14936 14931 14935 14932 8 6 5 5 42076 42062 42089 41974 22415 22842 22127 22299 46792 34438 29544 0xD100000162925F70
0 0 6 0 0 0 3366 14848 14849 14845 14850 10 7 7 6 42019 42029 41917 41926 21538 22163 21375 21493 46479 34429 29543 0xB000000162A22370
0 0 6 0 1 0 3366 14938 14943 14940 14940 8 8 8 8 41788 41919 41915 41862 22374 23038 22002 22503 46482 34097 29607 0x3300000162938A70
0 0 6 0 2 0 3366 14937 14936 14935 14941 7 7 7 7 41836 41836 41688 41748 22768 23095 22515 22611 46508 34238 29535 0xC000000162B24970
0 0 6 0 3 0 3366 14928 14943 14937 14938 4 5 4 5 42110 42029 42003 42058 22789 23407 22575 22799 46491 34239 29663 0x5400000162A1F170
0 0 6 0 4 0 3366 14942 14941 14939 14947 6 5 5 4 41601 41758 41861 41804 22834 23480 22647 22812 46537 34223 29542 0x8300000162B1A670
0 0 6 0 5 0 3366 14937 14942 14944 14938 6 7 7 7 41921 41777 41904 41854 23061 23380 22975 22890 46527 34331 29604 0x710000016289B870
0 0 6 0 6 0 3366 14945 14939 14937 14940 8 6 6 8 41949 41840 41843 41877 23073 23285 22881 22714 46483 33980 29640 0x7A000001628B5070
0 0 6 0 7 0 3366 14931 14944 14941 14950 6 5 6 6 41982 42060 42009 41976 22947 23039 22809 22460 46608 34372 29687 0xFD00000162A29E70
0 0 6 0 8 0 3366 14945 14936 14941 14950 9 6 7 11 41990 42005 42129 42081 22781 22881 22757 22411 46639 34436 29620 0x18000001629CFE70
0 0 6 0 9 0 3366 14935 14931 14940 14935 4 5 4 5 41799 41672 41937 41735 22342 22808 22180 22335 46659 34274 29638 0xF300000162B26E70
0 0 6 0 10 0 3366 14932 14934 14929 14937 8 7 7 7 41890 41835 41868 41797 22539 22845 22346 22500 46713 34547 29580 0x1C000001629A8E70
# Sector 1 LOG STOP run 01107039 at 1613590769
# Sector 2 LOG START run 01107039 type physics at 1613590720
0 0 9 0 0 0 3366 14934 14894 14937 14893 11 9 13 7 41719 41862 41899 41872 21339 22017 21081 21343 46617 34323 29552 0xC700000162861F70
0 0 9 0 1 0 3366 14899 14940 14892 14944 9 9 8 8 41830 41689 41799 41813 22142 22613 21836 22124 46569 34195 29630 0x370000016296D170
0 0 9 0 2 0 3366 14942 14851 14942 14846 7 7 11 7 42037 41967 41919 41944 22492 22893 22185 22156 46623 34077 29608 0x0200000162918C70
0 0 9 0 3 0 3366 14850 14921 14844 14911 5 8 4 5 41992 41914 41884 41975 22398 23022 22344 22374 46511 34222 29587 0xCB00000162AAD270
0 0 9 0 4 0 3366 14906 14881 14910 14886 7 6 6 0 41950 41912 41912 41855 22592 23104 22388 22391 46587 34036 29642 0x58000001629BE370
0 0 9 0 5 0 3366 14885 14894 14886 14898 6 8 7 9 42031 41938 41997 42070 22838 22953 22602 22339 46670 34156 29531 0xA300000162B09670
0 0 9 0 6 0 3366 14899 14898 14886 14907 7 7 8 6 42000 42124 41913 42008 22779 22820 22550 22236 46562 34250 29605 0x2B00000162A0F770
0 0 9 0 7 0 3366 14903 14854 14903 14850 9 6 6 6 41925 41826 41686 41685 22777 22776 22453 22188 46590 34089 29575 0x7000000162B17770
0 0 9 0 8 0 3366 14861 14935 14853 14932 3 5 3 4 42104 41817 41964 41863 22631 22641 22352 22029 46614 34032 29666 0x23000001628E2E70
0 0 9 0 9 0 3366 14922 14920 14932 14931 4 10 6 9 41907 41819 41674 41686 22196 22344 22051 21679 46618 34468 29586 0xB600000162997770
0 0 9 0 10 0 3366 14958 14939 14962 14942 7 8 7 5 41786 41785 41738 41798 21952 22586 21653 21887 46753 34480 29527 0x3E00000162AA3670
0 0 8 0 0 0 3366 14936 14854 14933 14855 15 11 13 10 41745 41800 41859 41799 21353 21983 21057 21315 46487 34159 29637 0x94000001629B7F70
0 0 8 0 1 0 3366 14844 14925 14845 14940 5 11 5 7 41873 41707 41685 41849 22334 22805 21901 22282 46480 34257 29502 0x2200000162A03E70
0 0 8 0 2 0 3366 14937 14926 14932 14934 9 6 7 7 41876 41844 41966 41751 22527 23011 22338 22396 46638 34217 29532 0xB3000001629AFF70
0 0 8 0 3 0 3366 14936 14949 14937 14954 10 12 7 12 41948 41999 42085 41929 22626 23047 22297 22488 46540 34259 29613 0x5000000162A2FC70
0 0 8 0 4 0 3366 14948 14946 14952 14951 11 13 12 10 42094 41964 41970 41906 22843 23256 22578 22658 46626 34286 29569 0x28000001629A1970
0 0 8 0 5 0 3366 14941 14927 14947 14939 7 10 8 6 41900 41932 41843 41899 22998 23140 22858 22574 46672 34252 29511 0x98000001628A8570
0 0 8 0 6 0 3366 14936 14929 14922 14927 4 5 12 3 42054 41948 41958 42055 22870 22994 22694 22437 46769 34300 29610 0x0100000162974C70
0 0 8 0 7 0 3366 14923 14920 14925 14922 7 6 9 8 41867 41850 41929 41871 22845 22934 22615 22298 46643 34410 29630 0xE200000162B27370
0 0 8 0 8 0 3366 14924 14951 14934 14953 6 7 6 6 41831 41759 41737 41796 22821 22610 22493 22004 46694 34237 29603 0xB8000001628DE370
0 0 8 0 9 0 3366 14952 14953 14954 14969 6 5 6 6 41959 41950 41862 41903 22109 22544 22022 21984 46661 34237 29553 0x2300000162A1A270
0 0 8 0 10 0 3366 14955 14935 14958 14937 6 7 7 7 41836 41787 41822 41956 21996 22745 21713 21971 46812 34536 29571 0xEC000001628A4070
0 0 10 0 0 0 3366 14937 14894 14902 14898 12 11 12 9 41796 41782 41836 41793 21138 21687 20864 21158 46449 34191 29758 0xB500000162AE2C70
0 0 10 0 1 0 3366 14905 14939 14938 14945 7 7 11 10 41805 41968 42006 41921 21999 22442 21796 22014 46548 33946 29858 0x9C00000162ADE770
0 0 10 0 2 0 3366 14940 14850 14855 14853 11 6 5 6 41737 41869 41857 41742 22050 22423 22003 21777 46527 34188 29826 0xF8000001629C2170
0 0 10 0 3 0 3366 14840 14909 14912 14918 4 9 8 8 41725 41709 41789 41709 22177 22558 21939 22059 46652 34282 29791 0x9300000162A1B770
0 0 10 0 4 0 3366 14910 14880 14873 14874 9 6 10 8 42019 41967 41908 41883 22609 22776 22303 22190 46570 33917 29807 0x2B00000162B24C70
0 0 10 0 5 0 3366 14853 14850 14847 14853 8 6 5 7 41899 41852 41885 41903 22724 22658 22338 22117 46501 34149 29848 0x7B00000162B28670
0 0 10 0 6 0 3366 14912 14906 14908 14911 9 6 6 9 42041 42000 42008 42134 22550 22687 22483 22187 46494 34191 29831 0xA00000016287CD70
0 0 10 0 7 0 3366 14856 14856 14857 14860 5 6 5 5 41836 41829 41880 41866 22449 22517 22129 21986 46648 34313 29880 0xED00000162AEAA70
0 0 10 0 8 0 3366 14930 14931 14928 14963 5 7 8 7 41711 41900 41745 41795 22384 22543 22166 21895 46656 34206 29893 0x4E000001629B4E70
0 0 10 0 9 0 3366 14931 14934 14930 14928 5 5 6 5 41797 41763 41847 41878 22285 22380 21989 21589 46620 34026 29815 0x2C000001628CE070
0 0 10 0 10 0 3366 14937 14942 14935 14939 6 6 5 5 41743 41721 41856 41821 21663 22206 21569 21676 46712 34424 29890 0xF000000162ABA070
0 0 11 0 0 0 3366 14902 14894 14899 14897 13 7 11 9 41820 41919 41758 41712 20969 21499 20654 20930 46555 34075 29825 0x43000001629FC570
0 0 11 0 1 0 3366 14938 14935 14937 14943 12 7 9 7 41882 41740 41745 41774 21906 22302 21667 21673 46577 34217 29909 0x3B0000016297A270
0 0 11 0 2 0 3366 14860 14849 14848 14842 7 8 6 8 41951 41913 41735 41963 22075 22152 21953 21517 46491 34187 29788 0x4000000162B0DF70
0 0 11 0 3 0 3366 14910 14920 14907 14909 7 4 7 4 42034 41848 41815 41778 22116 22337 21913 21750 46584 34175 29929 0x63000001628E7C70
0 0 11 0 4 0 3366 14879 14887 14882 14883 11 8 9 8 41852 41792 41750 41819 22366 22463 22241 21904 46547 33946 29873 0xDF00000162A5EB70
0 0 11 0 5 0 3366 14855 14853 14855 14860 5 5 7 7 41973 42022 42042 41857 22391 22506 22201 21764 46420 34036 29878 0x7500000162ADF170
0 0 11 0 6 0 3366 14879 14878 14883 14879 6 7 6 7 41842 41903 41763 41775 22201 22476 21956 21688 46579 34410 29914 0xB800000162852B70
0 0 11 0 7 0 3366 14845 14843 14851 14850 7 4 5 5 41904 41881 41957 41970 22266 22411 21981 21725 46616 34227 29911 0x5D00000162B0A870
0 0 11 0 8 0 3366 14916 14920 14917 14919 8 7 7 7 41802 41771 41837 41851 22225 22379 21946 21653 46698 34156 29986 0x4C000001628EA970
0 0 11 0 9 0 3366 14931 14935 14930 14927 5 6 7 7 41691 41870 41691 41632 22027 21751 21683 21238 46688 34217 29810 0x50000001629FCB70
0 0 11 0 10 0 3366 14941 14935 14939 14934 7 7 7 7 42004 41921 41810 41725 21760 22251 21539 21424 46663 34132 29834 0x5500000162948B70
0 0 14 0 0 0 3366 14904 14901 14890 14888 12 8 12 8 41655 41662 41606 41602 20753 21132 20607 20518 46459 34051 29710 0xCF000001629D3970
0 0 14 0 1 0 3366 14937 14936 14939 14936 8 6 7 7 41672 41620 41753 41756 21413 21420 21075 20322 46434 34255 29660 0x8B00000162AB9970
0 0 14 0 2 0 3366 14845 14843 14852 14847 8 5 6 6 41705 41764 41679 41567 21123 21275 21037 20224 46431 34209 29657 0xA600000162A5C170
0 0 14 0 3 0 3366 14852 14842 14848 14846 4 5 6 6 41787 41732 41807 41795 21211 21498 20847 20548 46499 34128 29750 0x3D00000162860770
0 0 14 0 4 0 3366 14849 14852 14847 14848 8 7 6 5 41593 41728 41647 41618 21559 21898 21359 20779 46435 34194 29588 0x9000000162B1A870
0 0 14 0 5 0 3366 14854 14858 14855 14842 4 5 4 4 41757 41936 41784 41854 21449 21749 21416 20731 46629 34249 29689 0x0900000162B27670
0 0 14 0 6 0 3366 14909 14910 14906 14910 7 7 5 4 41569 41633 41700 41585 21325 21510 21076 20621 46585 33963 29735 0x2200000162877A70
0 0 14 0 7 0 3366 14847 14850 14847 14853 6 4 5 5 42120 41970 41911 41891 21471 21855 21197 21015 46738 34311 29815 0x150000016291A470
0 0 14 0 8 0 3366 14911 14911 14908 14912 7 7 7 6 41780 41815 41753 41845 21288 21404 20940 20604 46672 34301 29727 0x6C000001628BFD70
0 0 14 0 9 0 3366 14941 14937 14943 14938 6 6 4 5 41857 41779 41791 41773 21091 21399 20830 20716 46708 34294 29691 0x5F000001628C9570
0 0 14 0 10 0 3366 14933 14931 14929 14928 4 5 3 3 41647 41648 41620 41774 21096 21387 21053 20896 46769 34437 29667 0xF400000162B1F570
0 0 13 0 0 0 3366 14900 14888 14908 14905 11 10 10 8 41741 41742 41817 41790 20665 21317 20215 20608 46401 33929 29730 0xB800000162AAA770
0 0 13 0 1 0 3366 14940 14941 14938 14932 7 6 10 8 41796 41861 41746 41872 21624 21899 21400 20902 46450 34202 29587 0xDE0000016295EC70
0 0 13 0 2 0 3366 14848 14850 14848 14845 9 7 8 8 41698 41814 41627 41700 21684 21842 21395 20808 46516 34302 29641 0x620000016288AF70
0 0 13 0 3 0 3366 14851 14851 14853 14846 5 7 5 5 41697 41793 41695 41800 21563 21908 21305 21022 46461 34281 29731 0xAA00000162943070
0 0 13 0 4 0 3366 14847 14853 14853 14844 4 6 5 6 41874 41833 41875 41833 21896 22184 21461 21257 46633 34377 29634 0xD600000162979270
0 0 13 0 5 0 3366 14861 14948 14852 14849 6 5 4 5 41841 41671 41719 41764 21925 22080 21523 21135 46542 34022 29675 0xB800000162A52070
0 0 13 0 6 0 3366 14896 14893 14891 14887 7 10 7 5 41757 41812 41746 41856 21860 22021 21611 21012 46651 34204 29722 0xEA0000016299D770
0 0 13 0 7 0 3366 14848 14849 14849 14846 6 4 5 4 41829 41929 41934 41803 21763 22004 21401 21127 46649 34228 29703 0x8C0000016284A570
0 0 13 0 8 0 3366 14903 14906 14915 14919 6 4 4 6 41886 41824 41756 41643 21565 21769 21354 20981 46691 34355 29644 0x5D000001629F2470
0 0 13 0 9 0 3366 14936 14938 14935 14942 6 8 5 6 41771 41666 41723 41756 21553 21586 21205 20941 46681 34463 29651 0xD4000001628FC070
0 0 13 0 10 0 3366 14931 14938 14937 14933 4 3 3 3 41837 41729 41872 41671 21432 21808 21080 21163 46740 34275 29664 0xBA00000162888D70
0 0 12 0 0 0 3366 14895 14892 14894 14893 20 12 8 9 41627 41710 41603 41548 20746 21409 20564 20805 46361 33941 29799 0x7E00000162910570
0 0 12 0 1 0 3366 14945 14933 14939 14942 7 11 11 9 41917 41795 41822 41754 21868 22127 21541 21354 46563 33964 29771 0xF600000162873270
0 0 12 0 2 0 3366 14845 14950 14849 14848 9 9 9 6 41967 41945 41886 41970 22008 21879 21547 21201 46520 33943 29824 0x6A00000162A55D70
0 0 12 0 3 0 3366 14914 14911 14908 14913 6 6 8 9 41719 41793 41844 41663 21890 22058 21604 21406 46464 34211 29897 0xAF000001628EE070
0 0 12 0 4 0 3366 14847 14851 14847 14846 7 4 4 3 41957 41944 41799 41942 22130 22265 21819 21549 46588 34222 29874 0xC2000001629EFD70
0 0 12 0 5 0 3366 14850 14849 14846 14849 6 7 6 6 41981 41815 41923 41852 22140 22238 21892 21425 46558 34099 29870 0x6A00000162986A70
0 0 12 0 6 0 3366 14881 14890 14877 14889 8 8 8 9 41788 41842 41872 41819 21969 21981 21634 21317 46559 34154 29876 0x1B000001628CE170
0 0 12 0 7 0 3366 14847 14852 14846 14849 3 5 4 6 41952 41848 41988 41823 21932 22191 21557 21352 46503 34087 29839 0xFD00000162A97D70
0 0 12 0 8 0 3366 14907 14909 14915 14909 7 5 6 5 41798 41671 41775 41686 21891 22052 21619 21303 46502 34308 29873 0xCA00000162AE3370
0 0 12 0 9 0 3366 14938 14942 14935 14939 7 6 7 6 41927 41899 42115 41821 21782 21747 21527 21122 46659 34353 29788 0x7000000162848870
0 0 12 0 10 0 3366 14931 14930 14939 14929 9 8 6 4 41870 41693 41755 41715 21456 21740 21237 21156 46641 34193 29839 0x0F00000162B24370
# Sector 2 LOG STOP run 01107039 at 1613590728
# Sector 3 LOG START run 01107039 type physics at 1613590734
0 0 20 0 0 0 3366 14948 14947 14945 14953 9 12 11 8 42006 41924 41969 42105 22055 22289 22010 21822 46562 34171 29977 0xAE000001628A0170
0 0 20 0 1 0 3366 14955 14950 14948 14935 7 7 6 8 42044 42172 41934 42057 22251 22542 21979 22477 46557 34067 29929 0x9100000162AC1170
0 0 20 0 2 0 3366 14952 14949 14949 14946 5 9 7 7 41992 42010 41961 41923 22769 23062 22771 22967 46574 34219 29924 0xE800000162A94670
0 0 20 0 3 0 3366 14934 14937 14940 14942 7 5 8 8 41800 41912 41782 41874 23091 23123 22963 22907 46523 34179 29893 0xF900000162884970
0 0 20 0 4 0 3366 14946 14943 14940 14944 6 7 7 5 42023 42090 41862 42092 23301 23436 23128 23146 46562 34011 29939 0x6C000001629C3B70
0 0 20 0 5 0 3366 14934 14939 14941 14936 7 7 7 6 42083 42009 41980 41916 23251 23356 23183 23323 46503 34164 29969 0xBC000001629C5570
0 0 20 0 6 0 3366 14937 14933 14941 14939 7 6 7 6 41970 41928 41947 41912 23376 23570 23235 23289 46671 34300 29982 0x0D00000162A1F270
0 0 20 0 7 0 3366 14937 14938 14942 14935 6 6 6 7 41999 42133 42044 42203 23225 23384 23258 23263 46629 34534 30039 0x8300000162987C70
0 0 20 0 8 0 3366 14943 14933 14937 14952 6 5 6 8 41897 41827 41974 41964 23176 23292 23086 23028 46753 34528 29915 0xD0000001628A9B70
0 0 20 0 9 0 3366 14944 14950 14948 14951 11 10 10 9 42024 42057 41984 42017 23117 23335 23015 22936 46658 34432 29941 0x6D00000162A7DF70
0 0 20 0 10 0 3366 14944 14946 14954 14951 6 6 6 6 41960 41925 41906 41933 23105 23213 23041 22840 46782 34370 29886 0xAB000001629C7D70
0 0 19 0 0 0 3366 8847 8830 8837 8833 64 61 67 50 42741 42717 42684 42753 20987 21076 21197 21062 46435 34067 29685 0x2600000162AF9F70
0 0 19 0 1 0 3366 8840 8837 8835 8842 40 36 59 36 42819 42888 42724 42904 20933 21153 21025 20923 46420 33959 29774 0xAD000001629B0770
0 0 19 0 2 0 3366 8842 8826 8842 8847 47 41 39 44 42805 42940 42920 42930 20737 21085 20975 20983 46341 34069 29731 0x4A00000162874D70
0 0 19 0 3 0 3366 8840 8842 8842 8842 34 39 34 38 43020 42773 42956 42955 20909 20945 21046 20883 46441 33985 29781 0xEA000001628C2370
0 0 19 0 4 0 3366 8828 8840 8833 8828 36 41 52 38 42832 42818 42681 42841 20794 20844 20794 20710 46516 33851 29782 0xE40000016299AE70
0 0 19 0 5 0 3366 8847 8854 8856 8849 31 37 32 38 42669 42657 42667 42805 20813 20839 20743 20574 46391 34067 29759 0x3500000162A8DE70
0 0 19 0 6 0 3366 8844 8847 8842 8842 39 35 32 36 42667 42717 42700 42769 20755 20876 20903 20804 46605 34094 29746 0x3A00000162848570
0 0 19 0 7 0 3366 8844 8851 8844 8849 24 30 39 25 42834 42809 42696 42640 20645 20756 20773 20806 46555 34192 29721 0x31000001629B5170
0 0 19 0 8 0 3366 8849 8842 8847 8842 31 32 28 25 42594 42712 42548 42691 20681 20661 20694 20711 46539 34168 29787 0xDA0000016295CA70
0 0 19 0 9 0 3366 8851 8844 8840 8842 27 29 15408 27 42854 42855 35037 42848 20635 20800 20875 20697 46619 34306 29747 0x2000000162938470
0 0 19 0 10 0 3366 8851 8854 8854 8844 29 25 33 22 42742 42719 42630 42622 20798 21206 20953 20924 46580 34004 29823 0x8000000162A86870
0 0 18 0 0 0 3366 8849 8847 8849 8847 58 54 56 49 42722 42625 42733 42751 20637 20861 20603 20810 46399 33995 29824 0x9B00000162893870
0 0 18 0 1 0 3366 8849 8851 8847 8847 40 44 43 43 42805 42633 42798 42688 20499 20703 20574 20435 46390 34186 29789 0x6C00000162A75A70
0 0 18 0 2 0 3366 8844 8844 8844 8851 37 33 44 40 42767 42788 42743 42661 20581 20814 20607 20586 46511 34135 29699 0xD800000162AEB870
0 0 18 0 3 0 3366 8844 8851 8851 8854 37 50 37 37 42649 42619 42485 42615 20439 20436 20416 20330 46416 34245 29772 0x3D00000162A26870
0 0 18 0 4 0 3366 8849 8847 8844 8847 40 81 27 31 42647 42621 42744 42725 20483 20690 20277 20180 46521 34007 29646 0xF200000162A05070
0 0 18 0 5 0 3366 8844 8847 8847 8844 37 34 36 35 42860 42723 42757 42683 20508 20835 20441 20418 46639 34102 29785 0x1900000162A05570
0 0 18 0 6 0 3366 8851 8851 8849 8854 47 35 40 34 42513 42526 42578 42594 20760 20903 20527 20255 46602 34226 29729 0x3800000162A7B670
0 0 18 0 7 0 3366 8847 8844 8847 8849 41 29 30 33 42860 42754 42682 42707 20750 21050 20531 20519 46553 33991 29743 0x8000000162A7EF70
0 0 18 0 8 0 3366 8847 8844 8847 8851 32 31 28 29 42677 42763 42833 42697 21002 21313 20906 20528 46682 34028 29702 0x8900000162B1F970
0 0 18 0 9 0 3366 8842 8844 8849 8851 31 35 1704 30 42828 42636 41721 42631 20997 21292 20651 20589 46463 34272 29631 0xB800000162A26F70
0 0 18 0 10 0 3366 8847 8842 8847 8849 26 24 28 21 42855 42788 42758 42668 20903 20980 20882 20575 46634 34151 29791 0x3900000162A73370
0 0 22 0 0 0 3366 14847 14848 14846 14847 6 7 7 7 42002 42103 41967 41933 21816 22337 21766 21722 46450 34346 29572 0x8700000162909270
0 0 22 0 1 0 3366 14944 14940 14941 14942 7 8 6 8 41995 41904 41894 41924 22661 23217 22429 22672 46371 34262 29608 0x170000016291B770
0 0 22 0 2 0 3366 14940 14937 14943 14944 9 9 6 8 42016 42129 42037 42076 23064 23435 22789 22898 46573 34102 29632 0xBF000001629DDA70
0 0 22 0 3 0 3366 14936 14939 14943 14943 7 6 7 8 41842 41926 41867 41999 23073 23378 22740 22893 46500 34263 29480 0x530000016291C370
0 0 22 0 4 0 3366 14947 14951 14946 14941 5 6 7 5 41902 41901 41898 41931 23109 23450 22833 23005 46485 34388 29541 0x0F000001629EE470
0 0 22 0 5 0 3366 14949 14948 14948 14946 7 8 6 6 41912 41843 41840 41597 23206 23523 23001 23061 46625 34260 29655 0x8500000162ACAF70
0 0 22 0 6 0 3366 14942 14946 14948 14945 7 7 10 6 41932 41977 41971 41874 23069 23513 22918 22987 46442 34437 29585 0x5400000162882B70
0 0 22 0 7 0 3366 14953 14947 14950 14948 6 7 7 7 42004 41984 41950 42001 23200 23511 23069 22965 46509 34382 29564 0xD3000001629B9D70
0 0 22 0 8 0 3366 14939 14945 14950 14939 6 4 4 3 41728 41782 41791 41708 23003 23213 22891 22618 46731 34616 29555 0xDF00000162910D70
0 0 22 0 9 0 3366 14932 14943 14952 14947 4 7 5 4 41766 41900 41818 42057 22766 23232 22474 22650 46589 34534 29587 0xA8000001629DF270
0 0 22 0 10 0 3366 14939 14940 14948 14940 8 6 8 6 42035 42049 41948 42065 22893 23057 22697 22694 46665 34602 29669 0x50000001628D7070
0 0 22 1 0 0 3366 14904 14895 14892 14890 9 10 11 8 41607 41643 41482 41677 20447 20784 20402 20507 46486 34129 29642 0x11000001629E0570
0 0 22 1 1 0 3366 14943 14943 14946 14941 10 7 7 7 41554 41567 41683 41592 20691 20648 20537 20136 46301 33960 29690 0x6A0000016296F470
0 0 22 1 2 0 3366 14842 14844 14850 14849 8 6 6 4 41913 41710 41720 41748 20946 20922 20580 20436 46423 34399 29699 0xF700000162A3D870
0 0 22 1 3 0 3366 14858 14852 14848 14853 7 7 8 6 41659 41738 41847 41695 20784 20870 20587 20338 46418 33994 29593 0xA600000162A0BC70
0 0 22 1 4 0 3366 14839 14852 14852 14854 6 5 6 5 41653 41837 41653 41583 21137 21222 20704 20457 46568 33945 29715 0x3000000162AA4F70
0 0 22 1 5 0 3366 14858 14876 14854 14881 5 3 3 4 41661 41756 41756 41634 21345 21228 20975 20802 46605 34092 29679 0x8A000001629DC870
0 0 22 1 6 0 3366 14884 14892 14885 14880 5 8 7 5 41719 41708 41727 41825 20999 21297 20906 20700 46539 34195 29655 0x30000001628E2070
0 0 22 1 7 0 3366 14857 14859 14863 14853 4 5 5 5 41963 41827 41817 41786 21298 21506 21106 20760 46663 34180 29692 0xC900000162A20970
0 0 22 1 8 0 3366 14915 14919 14913 14915 5 2 4 5 41685 41823 41678 41598 21388 21659 21301 20863 46540 34146 29545 0x98000001629C5A70
0 0 22 1 9 0 3366 14937 14937 14936 14938 6 6 5 4 41853 41935 41996 41852 21170 21526 20874 20868 46732 34308 29589 0x8B00000162B2C170
0 0 22 1 10 0 3366 14925 14931 14930 14930 7 8 5 5 41497 41592 41661 41681 21264 21422 21126 20814 46662 34337 29619 0x5A00000162894B70
# Sector 3 LOG STOP run 01107039 at 1613590748
# Sector 4 LOG START run 01107039 type physics at 1613590719
1 0 2 0 0 0 13464 14832 14793 0 0 6 5 0 0 46796 46866 0 0 19489 19417 0 0 46995 34909 29738 0x600000012C8B7370
1 0 2 0 1 0 13464 14744 14756 0 0 4 3 0 0 46860 46839 0 0 19790 19611 0 0 46993 34580 29722 0xEB0000012CA7AA70
1 0 2 0 2 0 13464 14789 14757 0 0 4 4 0 0 46855 46795 0 0 19752 19761 0 0 47028 34568 29916 0xC30000012CAC2C70
1 0 2 0 3 0 13464 14785 14739 0 0 1 1 0 0 47071 47045 0 0 19918 19782 0 0 46952 34300 29940 0xB000000162B09870
1 0 2 0 4 0 13464 14757 14828 0 0 4 5 0 0 46888 46847 0 0 19953 19895 0 0 46909 34640 29760 0x64000001628FD570
1 0 2 0 5 0 13464 14801 14761 0 0 6 4 0 0 46946 46885 0 0 20138 20067 0 0 46895 34536 29770 0x1200000162A95E70
1 0 2 0 6 0 13464 14809 14780 0 0 8 7 0 0 47031 46920 0 0 20050 19918 0 0 47047 34967 29861 0xE50000012C922C70
1 0 2 0 7 0 13464 14736 14728 0 0 7 4 0 0 46945 46970 0 0 20129 20039 0 0 47003 34489 29648 0xD30000012CA01870
1 0 2 0 8 0 13464 14760 14738 0 0 1 1 0 0 46900 46711 0 0 20072 20023 0 0 47022 34952 29798 0x630000012C8E9870
1 0 2 0 9 0 13464 14762 14796 0 0 2 3 0 0 46708 46744 0 0 20155 20081 0 0 46899 34899 29688 0xAE0000012CA8DC70
1 0 2 0 10 0 13464 14768 14736 0 0 5 3 0 0 46824 63388 0 0 19897 19990 0 0 46928 34492 29842 0x5A0000012C93DC70
1 0 2 0 11 0 13464 14774 14784 0 0 5 6 0 0 46967 46892 0 0 20140 20180 0 0 47136 34769 29734 0xBF0000012C8E9C70
1 0 2 0 12 0 13464 14857 14828 0 0 6 6 0 0 46974 46986 0 0 20039 20056 0 0 47100 34621 29866 0x220000012C989070
1 0 5 0 0 0 13464 14835 14897 0 0 5 7 0 0 46745 46835 0 0 18844 18720 0 0 46871 34498 29695 0x120000012C959470
1 0 5 0 1 0 13464 14841 14875 0 0 4 4 0 0 46574 46684 0 0 19047 19075 0 0 46917 34885 29740 0xC60000016238AA70
1 0 5 0 2 0 13464 14840 14850 0 0 7 5 0 0 46719 46819 0 0 19064 18903 0 0 46914 34576 29715 0x570000012C9F9F70
1 0 5 0 3 0 13464 14758 14761 0 0 3 2 0 0 46729 46707 0 0 19074 19077 0 0 46840 34825 29727 0x2600000162254970
1 0 5 0 4 0 13464 14747 14886 0 0 6 10 0 0 46794 46804 0 0 19317 19233 0 0 46956 34816 29706 0x130000012C9A9670
1 0 5 0 5 0 13464 14813 14867 0 0 4 19 0 0 46855 46774 0 0 19556 19486 0 0 47026 34788 29691 0x450000012C909370
1 0 5 0 6 0 13464 14736 14928 0 0 6 9 0 0 47007 46939 0 0 19476 19358 0 0 46976 34603 29735 0x5E0000012CB1C370
1 0 5 0 7 0 13464 14743 14807 0 0 4 3 0 0 46981 47040 0 0 19476 19391 0 0 46910 34661 29826 0x060000012CA81D70
1 0 5 0 8 0 13464 14745 14803 0 0 3 2 0 0 46738 46699 0 0 19531 19560 0 0 47129 35017 29660 0x3200000161549270
1 0 5 0 9 0 13464 14765 14827 0 0 3 4 0 0 46955 46869 0 0 19430 19366 0 0 46914 34985 29779 0xC60000012CA44770
1 0 5 0 10 0 13464 14785 14754 0 0 5 3 0 0 46802 46892 0 0 19517 19489 0 0 47072 35048 29668 0xFC0000012C878970
1 0 5 0 11 0 13464 14863 14776 0 0 7 2 0 0 46866 46848 0 0 19540 19417 0 0 47025 35124 29670 0xD30000012CA64E70
1 0 5 0 12 0 13464 14847 14794 0 0 6 3 0 0 46664 63178 0 0 19537 19377 0 0 47069 35061 29682 0xBF00000162370770
1 0 0 0 0 0 13464 14726 14833 0 0 3 6 0 0 46920 46770 0 0 19730 19556 0 0 46965 34557 29840 0x340000012CB1E770
1 0 0 0 1 0 13464 14750 14789 0 0 3 5 0 0 47000 46884 0 0 19982 19788 0 0 46895 34872 29893 0x4E000001615DCA70
1 0 0 0 2 0 13464 14757 14752 0 0 4 3 0 0 47016 47051 0 0 20018 19843 0 0 47005 34594 29778 0x4B0000016286D170
1 0 0 0 3 0 13464 14762 14795 0 0 4 4 0 0 46784 46803 0 0 19972 19939 0 0 47012 34883 29864 0x600000012CA5E670
1 0 0 0 4 0 13464 14718 14791 0 0 3 4 0 0 46934 46952 0 0 20003 19920 0 0 47082 34845 29843 0x440000012C9E8870
1 0 0 0 5 0 13464 14741 14804 0 0 4 4 0 0 46813 46789 0 0 20239 20127 0 0 46941 34980 29749 0x2D0000012CAC8A70
1 0 0 0 6 0 13464 14745 14796 0 0 3 5 0 0 46925 46922 0 0 20201 20115 0 0 47025 34419 29805 0x69000001629C9870
1 0 0 0 7 0 13464 14801 14790 0 0 4 4 0 0 46866 46833 0 0 20308 20093 0 0 47198 34972 29752 0x8A00000161529D70
1 0 0 0 8 0 13464 14748 14778 0 0 3 4 0 0 46984 46890 0 0 20218 20132 0 0 46980 34855 29837 0xB00000012C8B1D70
1 0 0 0 9 0 13464 14920 14763 0 0 9 3 0 0 46867 46860 0 0 20170 20206 0 0 47019 34940 29724 0x8B000001622FD170
1 0 0 0 10 0 13464 14924 14750 0 0 7 2 0 0 46832 46852 0 0 20219 20083 0 0 47139 35034 29769 0x420000012C9AD970
1 0 0 0 11 0 13464 14872 14856 0 0 9 6 0 0 46920 46950 0 0 20281 20259 0 0 46982 34514 29794 0xFE0000012C9FDB70
1 0 0 0 12 0 13464 14732 14828 0 0 1 4 0 0 46921 47021 0 0 19988 20023 0 0 47161 35030 29808 0x340000012CA8BF70
1 0 3 0 0 0 13464 14816 14822 0 0 6 8 0 0 46749 46740 0 0 19037 19021 0 0 46948 34550 29712 0x910000012C990A70
1 0 3 0 1 0 13464 14903 14802 0 0 8 4 0 0 46695 46713 0 0 19288 19167 0 0 46911 34771 29770 0x7F000001622ACD70
1 0 3 0 2 0 13464 14825 14770 0 0 3 4 0 0 46887 46853 0 0 19285 19128 0 0 46950 34743 29697 0x2800000161520370
1 0 3 0 3 0 13464 14828 14770 0 0 0 4 0 0 46923 46923 0 0 19227 19234 0 0 46961 34849 29673 0x6D00000162239770
1 0 3 0 4 0 13464 14902 14779 0 0 6 3 0 0 46904 46977 0 0 19401 19430 0 0 46743 34774 29645 0x700000012C88C070
1 0 3 0 5 0 13464 14817 14817 0 0 4 6 0 0 46806 46878 0 0 19585 19444 0 0 47048 34737 29794 0xBD000001629DC970
1 0 3 0 6 0 13464 14752 14835 0 0 3 4 0 0 46815 46765 0 0 19647 19484 0 0 46995 34483 29748 0xD80000012CAD7770
1 0 3 0 7 0 13464 14927 14839 0 0 6 5 0 0 46870 46873 0 0 19643 19489 0 0 46970 34832 29782 0x3E0000012C9E3470
1 0 3 0 8 0 13464 14746 14833 0 0 3 3 0 0 46799 46814 0 0 19672 19580 0 0 47047 34840 29774 0x990000012CADA070
1 0 3 0 9 0 13464 14840 14815 0 0 7 5 0 0 46874 46832 0 0 19570 19398 0 0 47042 34778 29699 0xDD0000012C8A9070
1 0 3 0 10 0 13464 14882 14741 0 0 5 2 0 0 46795 46855 0 0 19671 19571 0 0 46957 34815 29633 0xF20000012CA39F70
1 0 3 0 11 0 13464 14812 14754 0 0 4 4 0 0 46783 46877 0 0 19708 19521 0 0 47105 35178 29767 0xF20000012CA87C70
1 0 3 0 12 0 13464 14887 14725 0 0 4 2 0 0 46939 46877 0 0 19724 19729 0 0 47137 34531 29675 0x430000012C96F070
1 0 7 0 0 0 13464 14802 14846 0 0 6 9 0 0 46541 46540 0 0 18369 18261 0 0 46992 34884 29747 0xD10000012CA11270
1 0 7 0 1 0 13464 14826 14840 0 0 3 4 0 0 46712 46786 0 0 18603 18323 0 0 47028 35085 29748 0x950000012C9F7A70
1 0 7 0 2 0 13464 14806 14866 0 0 3 7 0 0 46808 46746 0 0 18529 18304 0 0 47191 34898 29673 0x270000012CA50470
1 0 7 0 3 0 13464 14737 14728 0 0 2 2 0 0 46862 46791 0 0 18717 18598 0 0 47005 35104 29792 0xDF0000012CA35970
1 0 7 0 4 0 13464 14708 14871 0 0 1 2 0 0 46781 46681 0 0 18919 18772 0 0 47146 34962 29711 0x6D0000016221A570
1 0 7 0 5 0 13464 14728 14795 0 0 4 3 0 0 46642 46654 0 0 19034 18879 0 0 47041 34785 29659 0xF30000012C8EA470
1 0 7 0 6 0 13464 14880 14855 0 0 5 6 0 0 46642 46649 0 0 19102 19033 0 0 47173 34741 29777 0x4D0000012C9D6A70
1 0 7 0 7 0 13464 14843 14889 0 0 3 7 0 0 46727 46776 0 0 19215 19061 0 0 47159 34706 29776 0xBF00000162A82570
1 0 7 0 8 0 13464 14707 14871 0 0 2 4 0 0 46654 46741 0 0 19188 19101 0 0 47107 35240 29862 0x7F0000012C916470
1 0 7 0 9 0 13464 14850 14694 0 0 3 1 0 0 46825 46902 0 0 19081 19021 0 0 47190 34500 29938 0x0E0000012CAE0770
1 0 7 0 10 0 13464 14732 65305 0 0 1 5362 0 0 46734 43359 0 0 19164 19017 0 0 47288 34686 29700 0xE40000012C9B7870
1 0 7 0 11 0 13464 14860 14801 0 0 2 1 0 0 46539 46562 0 0 19138 18986 0 0 47197 35225 29879 0xD60000012C86E670
1 0 7 0 12 0 13464 14758 14750 0 0 4 3 0 0 46836 46811 0 0 19192 19001 0 0 47268 35082 29607 0x490000012CA07B70
1 0 6 0 0 0 13464 14810 14887 0 0 5 9 0 0 46822 46822 0 0 19640 19673 0 0 46834 34841 29744 0xC200000162361270
1 0 6 0 1 0 13464 14842 14759 0 0 6 3 0 0 46930 47117 0 0 19735 19916 0 0 46950 34632 29844 0x110000012C9EE170
1 0 6 0 2 0 13464 14806 14772 0 0 5 4 0 0 46617 46720 0 0 20016 20073 0 0 46951 34834 29851 0x4900000161580770
1 0 6 0 3 0 13464 14810 14741 0 0 6 2 0 0 46960 46996 0 0 20033 20050 0 0 47016 34551 29916 0xE90000016294F470
1 0 6 0 4 0 13464 14779 14799 0 0 4 4 0 0 46854 46907 0 0 20189 20138 0 0 47061 34776 29731 0x9F0000012CA76F70
1 0 6 0 5 0 13464 14748 14758 0 0 4 3 0 0 46986 47033 0 0 20319 20228 0 0 47086 34608 29866 0xAF0000012C8D2F70
1 0 6 0 6 0 13464 14748 14739 0 0 3 3 0 0 46754 46733 0 0 20144 20130 0 0 46977 34632 29747 0x7000000162399370
1 0 6 0 7 0 13464 14793 14758 0 0 5 3 0 0 46779 46797 0 0 20297 20318 0 0 47035 34828 29897 0x4A00000162221770
1 0 6 0 8 0 13464 14733 14831 0 0 4 6 0 0 47085 47010 0 0 20334 20287 0 0 47094 34843 29831 0x0A0000012C85C970
1 0 6 0 9 0 13464 14812 14867 0 0 6 5 0 0 46889 46890 0 0 20375 20298 0 0 46957 34696 29756 0x1700000162A13570
1 0 6 0 10 0 13464 14854 14844 0 0 7 6 0 0 46889 46864 0 0 20308 20338 0 0 47018 34944 29829 0x270000012C873D70
1 0 6 0 11 0 13464 14873 14810 0 0 6 2 0 0 46987 47068 0 0 20058 20356 0 0 47104 34612 29900 0xD10000012CB2B070
1 0 6 0 12 0 13464 14783 14735 0 0 5 4 0 0 46897 46905 0 0 20255 20026 0 0 47161 34559 29825 0xA100000162A8C470
1 0 1 1 0 0 13464 14734 14791 0 0 5 7 0 0 46882 46931 0 0 19477 19202 0 0 46960 34506 29901 0xFE0000012C9AA670
1 0 1 1 1 0 13464 14812 14773 0 0 9 6 0 0 46905 46828 0 0 19631 19527 0 0 46949 34768 29725 0xB30000012CA8AB70
1 0 1 1 2 0 13464 14726 14744 0 0 4 3 0 0 46950 47055 0 0 19629 19564 0 0 46894 34334 29793 0x6C00000162ACB970
1 0 1 1 3 0 13464 14734 14763 0 0 4 4 0 0 46924 46939 0 0 19730 19617 0 0 46869 34571 29857 0x16000001628F2570
1 0 1 1 4 0 13464 14860 14764 0 0 7 3 0 0 46897 46883 0 0 19872 19705 0 0 47028 34817 29761 0xA20000012C8FF270
1 0 1 1 5 0 13464 14765 14755 0 0 5 5 0 0 46838 46946 0 0 19971 19848 0 0 46835 34690 29859 0xA100000162995F70
1 0 1 1 6 0 13464 14843 14722 0 0 3 2 0 0 46844 47008 0 0 19937 19810 0 0 46922 34807 29886 0x89000001623D7970
1 0 1 1 7 0 13464 14760 14809 0 0 2 2 0 0 47025 46914 0 0 20007 19933 0 0 46908 34550 29853 0xBC0000012C8F1370
1 0 1 1 8 0 13464 14737 14792 0 0 5 7 0 0 47056 47027 0 0 19865 19905 0 0 46960 34491 29761 0xF1000001629ABE70
1 0 1 1 9 0 13464 14703 14761 0 0 4 5 0 0 46906 46801 0 0 20071 19910 0 0 47083 35023 29764 0x200000012CAF4E70
1 0 1 1 10 0 13464 14725 14742 0 0 3 2 0 0 46921 46886 0 0 20024 19907 0 0 47072 34579 29826 0x0C0000012C932370
1 0 1 1 11 0 13464 14791 14708 0 0 3 2 0 0 46796 46945 0 0 20045 19976 0 0 46982 34842 29791 0x970000012C9A1470
1 0 1 1 12 0 13464 14757 14777 0 0 1 3 0 0 47023 47004 0 0 19918 19876 0 0 47109 34616 29860 0x950000012CA8B770
1 0 4 1 0 0 13464 14880 14826 0 0 6 4 0 0 46791 46883 0 0 18639 18404 0 0 47021 34958 29668 0xE8000001614AB470
1 0 4 1 1 0 13464 14828 14757 0 0 5 4 0 0 46883 46825 0 0 18988 18760 0 0 47169 34539 29698 0x510000012CA7E070
1 0 4 1 2 0 13464 14828 14746 0 0 3 2 0 0 46699 46699 0 0 18834 18658 0 0 47036 35081 29645 0x4C0000012C9EC470
1 0 4 1 3 0 13464 14823 14750 0 0 3 3 0 0 46886 46897 0 0 18996 18845 0 0 47119 34661 29603 0xDD0000012CA17870
1 0 4 1 4 0 13464 14773 14869 0 0 4 4 0 0 46609 46723 0 0 19195 19076 0 0 47133 35301 29722 0x21000001615D4D70
1 0 4 1 5 0 13464 14785 14726 0 0 6 5 0 0 46810 46770 0 0 19309 19265 0 0 46998 34989 29809 0x0A0000012C86E270
1 0 4 1 6 0 13464 14840 14842 0 0 3 4 0 0 46931 46894 0 0 19382 19316 0 0 47121 34765 29694 0x6C0000012C9FF470
1 0 4 1 7 0 13464 14841 14748 0 0 6 4 0 0 46980 46984 0 0 19277 19259 0 0 47088 34584 29723 0x000000012C9FE570
1 0 4 1 8 0 13464 14979 14822 0 0 5 2 0 0 46818 46835 0 0 19296 19298 0 0 47125 34862 29800 0x7F0000012C8D4170
1 0 4 1 9 0 13464 14969 14772 0 0 4 1 0 0 46871 46904 0 0 19333 19247 0 0 47153 34710 29792 0x2E0000012C912B70
1 0 4 1 10 0 13464 14761 14816 0 0 4 6 0 0 46788 46921 0 0 19528 19337 0 0 47092 34665 29742 0x0F0000012CABFF70
1 0 4 1 11 0 13464 14902 14791 0 0 5 3 0 0 46743 46731 0 0 19321 19336 0 0 47133 35323 29717 0x400000012CB03B70
1 0 4 1 12 0 13464 14802 14748 0 0 6 3 0 0 46937 46986 0 0 19334 19317 0 0 47196 35055 29766 0x530000012CA5C170
# Sector 4 LOG STOP run 01107039 at 1613590725
# Sector 5 LOG START run 01107039 type physics at 1613590708
1 0 8 0 0 0 13464 14703 14781 0 0 2 4 0 0 46758 46772 0 0 19288 19127 0 0 47021 34873 29828 0x5000000161518770
1 0 8 0 1 0 13464 14807 14782 0 0 4 4 0 0 46975 46966 0 0 19435 19338 0 0 46958 34518 29902 0xE40000012C9F1C70
1 0 8 0 2 0 13464 14717 14737 0 0 3 3 0 0 46882 46781 0 0 19546 19471 0 0 46835 34194 29844 0xDE0000016289C970
1 0 8 0 3 0 13464 14718 14787 0 0 1 3 0 0 46975 46997 0 0 19508 19542 0 0 47075 34834 29835 0xA80000012C95DE70
1 0 8 0 4 0 13464 14717 14787 0 0 1 2 0 0 46811 46804 0 0 19787 19632 0 0 47084 34578 29777 0x450000012C994270
1 0 8 0 5 0 13464 14767 14755 0 0 2 2 0 0 46933 46937 0 0 19842 19783 0 0 46934 34695 29899 0xA90000016228A470
1 0 8 0 6 0 13464 14778 14796 0 0 3 5 0 0 46996 47010 0 0 19711 19609 0 0 46968 34541 29789 0x6E0000012C9EFE70
1 0 8 0 7 0 13464 14754 14796 0 0 3 6 0 0 47020 46952 0 0 19815 19734 0 0 46948 34915 29718 0xB8000001622B9270
1 0 8 0 8 0 13464 14727 14777 0 0 3 3 0 0 46720 46745 0 0 19974 19868 0 0 47073 34976 29707 0x1C0000012C8CB570
1 0 8 0 9 0 13464 14793 14813 0 0 4 6 0 0 46735 46848 0 0 19913 19900 0 0 47089 34492 29719 0x210000012C94AA70
1 0 8 0 10 0 13464 14703 14719 0 0 3 4 0 0 46828 46853 0 0 19828 19807 0 0 47104 34887 29954 0xE1000001622DC770
1 0 8 0 11 0 13464 14784 14763 0 0 3 4 0 0 46792 46779 0 0 20010 19770 0 0 47130 34986 29807 0x950000012C9A0770
1 0 8 0 12 0 13464 14788 14773 0 0 3 2 0 0 46965 46993 0 0 19913 19878 0 0 47285 34743 29824 0x000000012C99B370
1 0 8 1 0 0 13464 14673 14854 0 0 4 7 0 0 46923 46964 0 0 19092 19035 0 0 46868 34611 29810 0xF80000012C8F6770
1 0 8 1 1 0 13464 14703 14819 0 0 3 6 0 0 46984 46904 0 0 19390 19306 0 0 47009 34445 29620 0x75000001629A3C70
1 0 8 1 2 0 13464 14760 14839 0 0 7 4 0 0 46775 46734 0 0 19368 19183 0 0 46985 34491 29774 0xA40000012C899170
1 0 8 1 3 0 13464 14741 14777 0 0 4 3 0 0 46983 46895 0 0 19364 19257 0 0 46962 34546 29688 0xA90000012CAC0870
1 0 8 1 4 0 13464 14822 14819 0 0 4 7 0 0 46945 46952 0 0 19604 19565 0 0 46843 34493 29694 0x2E0000012CB31270
1 0 8 1 5 0 13464 14822 14782 0 0 3 4 0 0 46726 46863 0 0 19587 19683 0 0 46918 34867 29773 0x880000012C94EE70
1 0 8 1 6 0 13464 14815 14828 0 0 2 8 0 0 46943 46965 0 0 19704 19674 0 0 46958 34701 29720 0x13000001614B3070
1 0 8 1 7 0 13464 14837 14832 0 0 4 8 0 0 46821 46798 0 0 19617 19778 0 0 47040 34819 29810 0x410000012C987D70
1 0 8 1 8 0 13464 14820 14775 0 0 4 4 0 0 46887 46943 0 0 19805 19719 0 0 46901 34642 29701 0xD20000012C8A6C70
1 0 8 1 9 0 13464 14855 14781 0 0 6 5 0 0 46911 46921 0 0 19802 19590 0 0 46878 35128 29626 0xE30000012CA86170
1 0 8 1 10 0 13464 14828 14766 0 0 3 3 0 0 47028 46927 0 0 19818 19611 0 0 46995 34628 29721 0x3D0000012C8D0070
1 0 8 1 11 0 13464 14753 14726 0 0 1 1 0 0 46935 46873 0 0 19792 19636 0 0 47095 34836 29729 0x470000012CA57F70
1 0 8 1 12 0 13464 14746 14733 0 0 2 1 0 0 46704 46799 0 0 19655 19714 0 0 47190 35009 29720 0xE5000001614F2670
# Sector 5 LOG STOP run 01107039 at 1613590719
# Sector 6 LOG START run 01107039 type physics at 1613590699
0 1 1 0 0 0 3366 14884 14881 14886 14887 10 10 8 11 41833 41875 41887 41737 23219 23256 22965 22700 46368 34061 29661 0x150000016289E570
0 1 1 0 1 0 3366 14886 14885 14878 14886 11 7 10 7 41864 42048 42164 42175 23663 23665 23471 23066 46465 33975 29748 0x8F00000162A05C70
0 1 1 0 2 0 3366 14888 14886 14884 14881 7 6 7 7 42117 42184 42178 42055 23977 23931 23754 23292 46307 33931 29769 0x3200000162A4C270
0 1 1 0 3 0 3366 14898 14894 14900 14894 10 9 8 10 42156 42076 42001 42008 24234 24341 24018 23616 46412 33961 29781 0x50000001628B2670
0 1 1 0 4 0 3366 14887 14882 14898 14896 8 7 8 9 42245 42266 42125 42170 24131 24512 24064 23758 46465 33927 29719 0x5F00000162AC9E70
0 1 1 0 5 0 3366 14883 14887 14885 14886 9 10 8 6 42158 42145 42235 42186 24289 24468 24110 23937 46440 34020 29672 0x3100000162A54D70
0 1 1 0 6 0 3366 14888 14897 14894 14892 9 12 7 8 42078 42184 42030 42171 24118 24355 23963 23939 46494 33955 29867 0xFE000001628D8470
0 1 1 0 7 0 3366 14895 14893 14901 14894 7 6 6 7 42075 42064 42021 42026 23926 24204 23695 23656 46557 33979 29712 0x0800000162980270
0 1 1 0 8 0 3366 14901 14894 14897 14898 4 7 6 6 41986 41969 42044 41986 23762 24133 23586 23514 46635 33951 29789 0xBF00000162859B70
0 1 1 0 9 0 3366 14895 14895 14890 14898 7 6 7 7 41428 41975 42044 41913 23260 23845 23274 23334 46633 34177 29711 0xAF00000162B2CE70
0 1 1 0 10 0 3366 14885 14884 14889 14895 7 5 6 7 41955 41930 42108 42005 23173 23495 22908 23154 46659 34722 29665 0xF500000162951F70
0 1 0 0 0 0 3366 14920 14922 14932 14924 8 8 10 11 42117 41952 41976 42038 23554 23736 23181 23054 46537 34011 29752 0x7400000162A1D870
0 1 0 0 1 0 3366 14918 14926 14923 14924 8 8 7 7 42033 41916 42036 42116 23627 23762 23392 23121 46369 33957 29665 0x0C0000016290EC70
0 1 0 0 2 0 3366 14930 14932 14923 14926 9 10 11 10 41883 41977 41924 41924 23950 23836 23820 23267 46410 33836 29768 0x6C000001629A6D70
0 1 0 0 3 0 3366 14923 14927 14923 14933 9 11 12 6 42080 42225 42136 42061 24159 24261 24070 23503 46562 34073 29655 0xA200000162B10A70
0 1 0 0 4 0 3366 14920 14932 14926 14926 11 10 10 9 42054 41935 42147 42235 24411 24587 24166 23912 46339 34134 29782 0x3A0000016299B970
0 1 0 0 5 0 3366 14928 14923 14927 14916 7 7 8 6 41992 42076 42112 42052 24444 24497 24225 23918 46512 34065 29726 0x27000001628F1170
0 1 0 0 6 0 3366 14920 14926 14928 14923 8 11 8 8 42099 42198 41911 42100 24109 24352 24076 23965 46547 34304 29766 0x7000000162940170
0 1 0 0 7 0 3366 14926 14917 14925 14922 9 10 9 9 41857 41928 42007 41846 24251 24335 23899 23766 46579 33989 29709 0x1000000162AC3070
0 1 0 0 8 0 3366 14890 14893 14895 14888 5 7 6 7 42148 42011 41924 42203 23909 24109 23690 23702 46445 34216 29786 0x5200000162AC7170
0 1 0 0 9 0 3366 14891 14893 14897 14885 7 7 7 5 42007 42150 42274 42119 23609 24044 23345 23437 46710 34199 29730 0xC100000162850170
0 1 0 0 10 0 3366 14891 14893 14895 14897 7 7 7 7 42065 42050 42144 41994 23232 23688 23160 23304 46655 34244 29666 0x4F00000162B21170
0 1 5 0 0 0 3366 14891 14885 14881 14888 11 10 9 10 41913 42022 41953 41970 22965 22597 22727 22177 46424 34438 29900 0x040000016290A070
0 1 5 0 1 0 3366 14885 14888 14889 14890 9 9 7 7 41835 41854 41995 41784 23533 23519 23349 23042 46558 34344 29842 0x8A000001629FFA70
0 1 5 0 2 0 3366 14888 14888 14879 14889 9 10 7 7 42069 41967 42034 42008 23762 23870 23643 23272 46534 34095 29841 0xD500000162936070
0 1 5 0 3 0 3366 14888 14898 14894 14895 9 6 10 11 42003 41940 41956 41909 24116 24002 23943 23669 46434 34094 29870 0xB800000162979070
0 1 5 0 4 0 3366 14892 14894 14892 14889 7 10 9 9 42181 42104 42163 42147 23896 24227 23826 23661 46585 34194 29762 0xBB00000162A1D270
0 1 5 0 5 0 3366 14886 14882 14892 14896 13 12 10 10 41986 41887 41810 41853 23950 24061 23688 23623 46585 34111 29712 0x4600000162B0EA70
0 1 5 0 6 0 3366 14889 14891 14883 14886 10 8 7 7 41984 42123 42054 42041 23843 24041 23573 23571 46622 34163 29857 0x6900000162AC1A70
0 1 5 0 7 0 3366 14898 14904 14902 14899 9 10 11 9 41978 41953 41897 42112 23600 23961 23401 23520 46531 34310 29881 0xAE000001629FF570
0 1 5 0 8 0 3366 14905 14910 14912 14916 7 7 7 7 41987 41865 41842 41831 23379 23773 23181 23195 46687 34529 29659 0x5B00000162909670
0 1 5 0 9 0 3366 14910 14901 14907 14907 5 8 10 8 41882 42098 42061 42009 22955 23421 22796 22929 46584 34798 29816 0xC600000162B04E70
0 1 5 0 10 0 3366 14910 14914 14909 14906 7 7 5 7 41953 41816 41821 41873 22891 23255 22839 22797 46679 34438 29833 0x7D00000162A65E70
0 1 7 0 0 0 3366 14900 14899 14900 14904 10 13 10 14 41929 41946 41987 42043 22679 22546 22460 21972 46522 34084 29675 0x4000000162A89E70
0 1 7 0 1 0 3366 14906 14899 14895 14905 12 8 11 10 42156 42117 41963 42013 23205 23167 22961 22664 46462 34335 29678 0xF700000162AE6D70
0 1 7 0 2 0 3366 14904 14909 14906 14907 10 11 10 10 41781 41763 41894 42149 23578 23561 23346 23053 46421 34183 29688 0x6A00000162929070
0 1 7 0 3 0 3366 14913 14903 14905 14905 11 8 10 8 42118 42102 42152 42271 23825 24027 23575 23502 46459 34069 29645 0x8E00000162AF5E70
0 1 7 0 4 0 3366 14897 14906 14901 14897 9 8 10 9 42045 42077 42054 41839 23483 23966 23412 23424 46665 34311 29593 0xBD000001629CD070
0 1 7 0 5 0 3366 14900 14902 14899 14907 12 11 9 10 41938 42076 41988 41947 23793 23955 23568 23498 46584 34207 29622 0x480000016296CE70
0 1 7 0 6 0 3366 14903 14900 14897 14905 9 7 7 9 41826 41746 41853 42020 23629 24004 23392 23514 46540 34288 29728 0x1C0000016286AB70
0 1 7 0 7 0 3366 14896 14904 14903 14901 7 7 7 7 41824 41833 41876 41791 23271 23704 23133 23173 46670 34497 29673 0x3000000162A28770
0 1 7 0 8 0 3366 14918 14903 14903 14908 8 10 8 8 41962 42026 41965 42081 23028 23604 22931 23032 46695 34230 29664 0x4C0000016295C370
0 1 7 0 9 0 3366 14901 14899 14910 14905 7 7 7 6 41998 41945 42006 42052 22882 23327 22467 22807 46739 34378 29689 0xCE00000162A08B70
0 1 7 0 10 0 3366 14905 14901 14895 14900 4 5 7 6 41931 41949 41934 41859 22722 23145 22642 22602 46876 34586 29690 0x7E00000162A09E70
0 1 6 0 0 0 3366 14905 14911 14909 14907 14 14 12 11 42009 41974 41939 42123 22792 22710 22594 22147 46323 34149 29686 0x43000001628E5570
0 1 6 0 1 0 3366 14900 14907 14911 14906 11 10 11 11 41864 41936 41919 41914 23301 23326 23077 22869 46450 34291 29785 0x9900000162907370
0 1 6 0 2 0 3366 14899 14901 14906 14903 12 12 12 11 42154 42072 42109 42146 23715 23735 23496 23253 46465 33924 29904 0x9E00000162AABB70
0 1 6 0 3 0 3366 14905 14897 14906 14907 11 12 11 9 42045 41882 41967 41849 24020 24205 23893 23640 46492 34266 29845 0x550000016297A070
0 1 6 0 4 0 3366 14906 14903 14907 14902 8 8 8 9 42039 41951 42013 41927 23731 24136 23545 23555 46591 34134 29847 0xC200000162A2D370
0 1 6 0 5 0 3366 14904 14908 14904 14908 7 7 6 12 41977 42050 42052 42028 23881 23894 23783 23504 46636 34222 29819 0xEF000001628D9970
0 1 6 0 6 0 3366 14907 14907 14904 14907 6 7 22 6 42173 42081 42293 42106 23664 23873 23536 23560 46721 34346 29773 0x690000016285C070
0 1 6 0 7 0 3366 14907 14911 14907 14905 15 8 6 7 42085 42028 41913 41964 23426 23767 23157 23346 46603 34226 29730 0x1200000162923F70
0 1 6 0 8 0 3366 14900 14906 14907 14907 10 6 7 7 42045 42126 42050 42053 23102 23644 23027 23106 46587 34369 29822 0x1B0000016292F670
0 1 6 0 9 0 3366 14909 14912 14912 14910 5 8 8 8 41864 41957 41703 41887 22879 23307 22678 22932 46760 34352 29858 0x4D000001628B5170
0 1 6 0 10 0 3366 14914 14908 14906 14909 9 10 9 8 41884 41772 41939 41772 22756 23124 22649 22661 46748 34348 29812 0xE70000016293C270
# Sector 6 LOG STOP run 01107039 at 1613590707
# Sector 7 LOG START run 01107039 type physics at 1613590722
0 1 9 0 0 0 3366 14906 14910 14906 14901 10 11 8 12 41708 41784 41853 41813 22482 22306 22208 21760 46427 34257 29646 0xE100000162AEC070
0 1 9 0 1 0 3366 14910 14909 14906 14909 13 10 13 21 41835 41802 41786 41724 22907 22832 22741 22558 46516 34103 29738 0x40000001628AA770
0 1 9 0 2 0 3366 14909 14913 14916 14909 12 11 13 9 41948 41932 42006 41855 23251 23274 23117 22871 46457 34191 29591 0x7C00000162B23670
0 1 9 0 3 0 3366 14899 14902 14906 14909 14 9 12 10 42098 42109 41992 42156 23547 23808 23335 23229 46662 34231 29744 0x8C00000162936370
0 1 9 0 4 0 3366 14905 14906 14909 14906 9 15 11 10 42068 42077 41958 42028 23288 23715 23164 23026 46533 34401 29751 0x3700000162ADB070
0 1 9 0 5 0 3366 14906 14901 14905 14901 11 9 8 11 41905 41837 41689 41928 23565 23733 23149 23104 46587 34401 29593 0x7100000162982870
0 1 9 0 6 0 3366 14901 14905 14913 14896 8 5 10 6 41877 41896 41750 41834 23144 23564 22880 22941 46624 34163 29732 0x7B0000016289E770
0 1 9 0 7 0 3366 14911 14916 14910 14904 8 8 7 8 41960 41887 41876 41958 23051 23367 22756 22838 46717 34196 29568 0x050000016285D170
0 1 9 0 8 0 3366 14897 14899 14899 14899 6 6 8 6 41907 41983 41898 42023 22794 23011 22533 22500 46536 34260 29421 0x9600000162919670
0 1 9 0 9 0 3366 14932 14934 14925 14930 7 10 7 8 41823 41835 41831 41765 22573 22987 22398 22413 46624 34301 29668 0x5500000162ACC170
0 1 9 0 10 0 3366 14927 14919 14929 14924 5 5 6 7 41917 41951 42006 41895 22438 22869 22324 22396 46589 34287 29666 0x5A00000162AF1670
0 1 11 0 0 0 3366 14916 14919 14925 14920 10 8 10 9 41825 41830 41774 41785 22350 22114 22153 21532 46564 33926 29953 0xD600000162B2E470
0 1 11 0 1 0 3366 14922 14928 14925 14923 11 11 11 8 41703 41783 41626 41751 22611 22970 22261 22264 46437 34206 29858 0xC6000001629CE970
0 1 11 0 2 0 3366 14915 14913 14916 14913 10 12 9 10 42090 41938 41933 42000 22946 23048 22705 22553 46489 34173 29862 0x7400000162A3EA70
0 1 11 0 3 0 3366 14920 14915 14917 14918 8 7 7 9 41873 41981 42055 41874 23021 23393 22771 22774 46473 34175 30086 0xD000000162A06A70
0 1 11 0 4 0 3366 14916 14922 14918 14926 8 10 9 9 41847 41690 41889 41856 22747 23092 22519 22676 46417 34019 29968 0x1D00000162A73C70
0 1 11 0 5 0 3366 14912 14914 14919 14920 6 6 11 7 41895 41807 41850 41862 23033 23174 22688 22670 46488 33997 30071 0x1F00000162A34B70
0 1 11 0 6 0 3366 14926 14924 14932 14925 5 9 6 6 42048 41934 42055 41789 22841 23122 22577 22588 46594 34091 30014 0x2100000162AE3670
0 1 11 0 7 0 3366 14918 14927 14922 14913 7 7 8 9 41973 42184 42204 41989 22743 22988 22413 22423 46673 34501 29917 0xA700000162AAC370
0 1 11 0 8 0 3366 14934 14928 14935 14930 8 8 5 8 41734 41836 41802 41781 22244 22678 21820 22166 46620 34220 29991 0x4A00000162B2B270
0 1 11 0 9 0 3366 14927 14926 14926 14928 7 8 7 6 41896 41923 42016 41867 22101 22723 22087 22108 46639 34249 29933 0x6500000162905E70
0 1 11 0 10 0 3366 14933 14931 14926 14930 8 8 4 6 41939 41945 41924 42199 22120 22383 22013 21936 46749 34380 30032 0x1A00000162AA3970
0 1 12 0 0 0 3366 14930 14932 14926 14927 10 14 8 13 41967 41831 41916 41888 22058 21888 21691 21331 46578 34295 30039 0xFE00000162A03A70
0 1 12 0 1 0 3366 14930 14930 14932 14931 12 14 10 10 41979 41964 41919 41794 22284 22542 21991 21971 46471 34135 29756 0x6800000162A31870
0 1 12 0 2 0 3366 14902 14924 14929 14911 8 9 10 9 41910 41857 41778 41857 22856 22894 22331 22324 46517 34055 29981 0x6700000162AF4870
0 1 12 0 3 0 3366 14929 14931 14928 14926 10 14 8 7 41993 42005 42021 41984 22917 23256 22353 22548 46436 34369 30006 0x6C00000162856370
0 1 12 0 4 0 3366 14927 14928 14927 14918 11 11 7 10 41962 41846 41938 41823 22895 23148 22362 22425 46622 34049 29990 0x4A00000162A9D870
0 1 12 0 5 0 3366 14924 14924 14929 14929 9 11 15 7 42201 42150 41956 42178 22929 23181 22540 22458 46583 34259 30033 0xD800000162B1B670
0 1 12 0 6 0 3366 14930 14924 14927 14923 10 7 5 6 41991 41938 41974 41925 22723 23135 22259 22577 46594 34082 30021 0x3800000162883A70
0 1 12 0 7 0 3366 14924 14931 14925 14917 10 9 8 7 41637 41874 41849 41855 22576 22861 22096 22334 46480 34205 30014 0x7A00000162920870
0 1 12 0 8 0 3366 14929 14926 14924 14922 8 7 6 8 41831 41865 41881 41878 22245 22688 21786 22008 46597 34299 29925 0xFD000001629FA970
0 1 12 0 9 0 3366 14923 14923 14935 14926 8 7 6 9 41909 41804 41848 41850 22201 22626 21945 22036 46598 34426 30095 0x8C00000162AD7F70
0 1 12 0 10 0 3366 14930 14928 14925 14923 10 10 6 8 41887 41874 41927 42117 21808 22315 21706 21751 46588 34255 29796 0xB400000162AD8270
0 1 14 0 0 0 3366 14922 14921 14926 14930 10 11 9 9 41854 41936 41805 41902 21908 22105 21827 21395 46564 34541 29832 0x7300000162A41570
0 1 14 0 1 0 3366 14909 14910 14905 14916 9 10 8 9 41692 41745 41614 41590 21669 22327 20987 21637 46509 34116 29725 0xBA00000162ADFB70
0 1 14 0 2 0 3366 14901 14908 14910 14910 7 7 8 7 41864 41839 41811 41938 22122 22276 21422 21656 46440 34410 29749 0xB40000016291AC70
0 1 14 0 3 0 3366 14918 14913 14917 14915 7 8 8 8 41892 42082 41968 42039 22460 22963 22065 22354 46516 34289 29947 0x9F00000162878070
0 1 14 0 4 0 3366 14913 14908 14913 14916 9 7 5 7 41689 41623 41780 41801 22191 22488 21834 22047 46520 34110 29806 0xFE0000016296EE70
0 1 14 0 5 0 3366 14938 14929 14929 14924 9 8 8 7 41882 42019 41902 41869 22295 22551 21895 21937 46554 34239 29858 0x5D0000016290A370
0 1 14 0 6 0 3366 14928 14924 14922 14929 6 8 7 7 41859 41840 41878 41843 22372 22629 21951 22095 46707 34223 29874 0xD900000162921370
0 1 14 0 7 0 3366 14898 14904 14901 14905 8 6 5 6 41836 41907 41929 41911 22166 22321 21689 21884 46497 34139 29882 0x2F00000162943770
0 1 14 0 8 0 3366 14908 14904 14903 14905 8 9 6 8 41934 41890 42013 41855 21919 22336 21633 21796 46574 34622 29833 0xCE0000016287CF70
0 1 14 0 9 0 3366 14905 14917 14910 14904 7 8 7 7 41915 41820 41745 41897 21919 22309 21631 21717 46649 34280 29887 0x4C00000162A54170
0 1 14 0 10 0 3366 14940 14942 14933 14936 4 7 4 4 42076 42016 41995 41901 21460 21714 21160 21376 46755 34391 29821 0x4E0000016290AD70
0 1 13 0 0 0 3366 14934 14928 14931 14920 10 10 10 9 41659 41697 41669 41701 22092 22015 21717 21322 46459 34169 29730 0xD600000162B0D670
0 1 13 0 1 0 3366 14928 14940 14925 14925 9 10 7 8 41958 41958 41823 42005 22092 22480 21499 21876 46560 34096 29682 0x8700000162A01070
0 1 13 0 2 0 3366 14927 14923 14930 14928 12 13 11 11 42116 42012 42002 41933 22560 22841 22008 22213 46458 34100 29851 0xFB0000016299CA70
0 1 13 0 3 0 3366 14933 14930 14928 14922 9 9 8 9 41857 41945 41944 42000 22576 22948 22133 22449 46574 34332 29726 0xCF00000162A74170
0 1 13 0 4 0 3366 14929 14928 14934 14929 7 7 8 10 41825 41932 41849 41929 22664 22727 22192 22240 46649 34154 29702 0x2A000001628CD570
0 1 13 0 5 0 3366 14927 14934 14928 14933 8 8 7 8 41735 41729 41835 41879 22722 22886 22163 22109 46687 34094 29863 0xC000000162A49670
0 1 13 0 6 0 3366 14923 14935 14925 14920 7 8 7 7 41911 41905 41799 41897 22533 22895 22150 22251 46678 34364 29789 0x5000000162915570
0 1 13 0 7 0 3366 14925 14933 14923 14921 5 6 5 5 41905 41879 41597 41945 22447 22591 22107 22172 46560 34332 29808 0x33000001629A5B70
0 1 13 0 8 0 3366 14925 14927 14931 14920 8 7 6 7 41900 41938 41795 41959 22159 22664 21819 22001 46695 34353 29828 0x000000016293AD70
0 1 13 0 9 0 3366 14924 14917 14924 14888 6 6 6 7 41966 41903 41824 42035 22078 22468 21945 21908 46655 34449 29851 0x28000001628FED70
0 1 13 0 10 0 3366 14924 14924 14924 14921 5 8 6 6 41695 41776 41708 41769 21917 22200 21559 21576 46820 34346 29931 0xCF00000162919570
0 1 8 0 0 0 3366 14906 14900 14904 14901 11 14 11 13 41961 42074 41946 41978 22630 22427 22330 21855 46552 34410 29649 0x64000001629C7770
0 1 8 0 1 0 3366 14906 14904 14916 14904 11 8 16 10 41950 41824 41820 41752 23068 23080 22931 22605 46562 34065 29711 0x3500000162A64070
0 1 8 0 2 0 3366 14906 14905 14903 14904 11 13 13 9 41854 41823 41775 41665 23473 23554 23293 23006 46547 34191 29740 0xC8000001628C1970
0 1 8 0 3 0 3366 14908 14905 14918 14903 7 8 6 7 42225 42224 42248 42151 23699 23917 23514 23362 46478 34338 29696 0xC5000001629C7F70
0 1 8 0 4 0 3366 14901 14906 14906 14907 8 8 10 8 41938 41889 41810 41959 23506 23918 23308 23245 46436 34173 29650 0x94000001629A6670
0 1 8 0 5 0 3366 14910 14902 14901 14914 10 10 7 12 41912 41882 41902 41897 23566 23896 23315 23315 46543 34310 29618 0x9800000162983E70
0 1 8 0 6 0 3366 14904 14900 14908 14907 6 7 6 6 42169 42099 42163 42069 23337 23718 23089 23220 46589 34354 29546 0xA8000001628B2D70
0 1 8 0 7 0 3366 14900 14914 14901 14906 7 6 7 6 41924 41970 41976 42115 23229 23499 22990 23065 46602 34318 29649 0x2A00000162A16B70
0 1 8 0 8 0 3366 14905 14912 14919 14915 8 8 7 8 41981 41982 41922 41953 23066 23328 22808 22705 46658 34306 29627 0xDC0000016292B070
0 1 8 0 9 0 3366 14911 14918 14912 14912 7 7 8 7 41987 41845 41800 41887 22556 23108 22425 22577 46745 34243 29647 0x6D00000162AB7370
0 1 8 0 10 0 3366 14917 14916 14915 14911 7 5 5 5 41872 41907 41786 41866 22566 23011 22528 22535 46733 34175 29631 0x3F0000016294AF70
0 1 10 0 0 0 3366 14918 14917 14919 14920 10 10 8 8 41860 41788 41800 41886 22291 22017 22065 21554 46448 34118 29931 0x5C00000162A4C070
0 1 10 0 1 0 3366 14916 14918 14924 14914 8 10 9 7 41686 41857 41690 41660 22634 22666 22372 22216 46470 34092 29898 0x3A00000162AC4670
0 1 10 0 2 0 3366 14916 14912 14918 14912 12 8 8 10 41861 42078 41983 41991 23021 23178 22777 22736 46578 33914 30029 0x1800000162B14070
0 1 10 0 3 0 3366 14913 14917 14917 14917 11 12 7 8 41803 41825 41824 41904 23319 23676 22965 23139 46539 34033 29931 0x0A00000162AEC570
0 1 10 0 4 0 3366 14919 14923 14914 14917 10 11 8 10 41818 41834 41781 41889 22958 23295 22695 22723 46596 34163 29944 0xD400000162A27E70
0 1 10 0 5 0 3366 14917 14916 14920 14909 10 10 8 8 41935 41988 42070 41945 23104 23419 22943 22880 46567 34236 29907 0x900000016290BA70
0 1 10 0 6 0 3366 14923 14925 14919 14919 11 9 9 10 41994 42105 42026 42119 22842 23222 22709 22792 46687 34111 29977 0x28000001629D5670
0 1 10 0 7 0 3366 14920 14918 14921 14920 8 8 8 10 41965 41882 41934 42051 22846 23136 22589 22648 46614 34207 30009 0xDE000001629C3D70
0 1 10 0 8 0 3366 14928 14928 14925 14922 9 7 7 7 41823 41921 41733 41840 22371 22832 22222 22326 46602 34318 29912 0x150000016294D970
0 1 10 0 9 0 3366 14928 14934 14926 14927 8 8 7 8 42009 41961 42024 41972 22371 22817 22197 22238 46569 34181 29942 0x0000000162AAFE70
0 1 10 0 10 0 3366 14928 14928 14925 14924 7 6 7 6 42015 41967 41995 41997 22121 22524 22066 22117 46646 34690 29997 0x8A00000162AF7870
# Sector 7 LOG STOP run 01107039 at 1613590729
# Sector 8 LOG START run 01107039 type physics at 1613590733
0 1 20 0 0 0 3366 14923 14925 14917 14924 7 6 7 5 41988 41949 42056 42082 23264 23300 23300 22961 46376 34052 29601 0x5600000162907970
0 1 20 0 1 0 3366 14925 14924 14924 14923 8 8 8 7 41878 41913 42030 41840 23322 23452 23494 22966 46392 33968 29858 0x91000001629FB870
0 1 20 0 2 0 3366 14923 14919 14922 14918 8 10 8 8 41843 42071 42041 41966 23606 23725 23671 23053 46452 34063 29675 0x6000000162992C70
0 1 20 0 3 0 3366 14925 14922 14924 14923 9 9 9 5 41836 41926 41891 41882 23881 24007 23888 23511 46383 33990 29615 0xB000000162ACBD70
0 1 20 0 4 0 3366 14928 14923 14917 14925 9 8 8 8 42152 42249 42206 42341 24126 24353 24171 23805 46464 34084 29746 0x85000001629D3470
0 1 20 0 5 0 3366 14926 14924 14918 14920 9 9 11 11 42195 42224 42086 42201 24034 24204 23988 23852 46537 34024 29790 0x8E00000162A79670
0 1 20 0 6 0 3366 14925 14921 14926 14922 7 6 6 6 42205 42124 42131 42095 24079 24385 24192 24028 46541 34183 29804 0x1600000162AE3770
0 1 20 0 7 0 3366 14932 14928 14922 14935 10 6 5 7 42031 42085 42114 42150 23856 24083 23829 23777 46591 33996 29852 0xE500000162ADCD70
0 1 20 0 8 0 3366 14930 14931 14929 14918 7 7 7 6 42056 42046 41933 42042 23824 24077 23924 23774 46596 34512 29713 0x7C00000162B11D70
0 1 20 0 9 0 3366 14920 14926 14921 14921 6 6 6 6 41943 41979 42011 41897 23352 23753 23349 23477 46735 34238 29767 0x8100000162B0AC70
0 1 20 0 10 0 3366 14923 14922 14927 14925 7 6 10 9 41974 41895 41865 41911 23145 23446 23083 23121 46750 34150 29778 0x0800000162991B70
0 1 18 0 0 0 3366 8840 8828 8830 8833 76 76 71 79 42609 42624 42669 42751 21387 21562 21445 21284 46617 34145 29845 0x7700000162B2EC70
0 1 18 0 1 0 3366 8830 8835 8826 8830 60 63 52 64 42579 42640 42586 42781 20971 21395 20929 21056 46572 34176 29814 0xF700000162892970
0 1 18 0 2 0 3366 8835 8826 8837 8835 53 47 52 54 42710 42566 42577 42741 21280 21562 21303 21248 46506 34301 29869 0x5B000001628CB370
0 1 18 0 3 0 3366 8830 8835 8828 8833 42 61 48 51 42815 42849 42673 42786 21683 21968 21687 21492 46653 34247 29766 0xDC000001628F8C70
0 1 18 0 4 0 3366 8837 8833 8844 8844 49 49 52 58 42888 42854 42947 42941 21728 22207 21660 21658 46672 34341 29865 0x1C0000016287B270
0 1 18 0 5 0 3366 8840 8833 8830 8840 36 35 34 36 42870 42868 42747 42784 21621 21825 21587 21439 46579 34317 29918 0xE500000162992B70
0 1 18 0 6 0 3366 8840 8830 8840 8837 36 36 43 28 42998 42927 42723 42869 21357 21921 21213 21463 46534 34240 29781 0xF600000162862B70
0 1 18 0 7 0 3366 8835 8830 8833 8835 41 31 31 33 42786 42652 42813 42809 21552 21790 21265 21172 46659 34025 29836 0x3100000162AEAE70
0 1 18 0 8 0 3366 8844 8844 8847 8835 38 43 38 39 42908 43087 42794 42851 21166 21724 21111 21169 46749 34125 29798 0x2A00000162992170
0 1 18 0 9 0 3366 8833 8840 8833 8837 39 46 32 35 42907 42982 43016 42939 21459 21598 21171 20976 46768 34635 29821 0x9800000162AB9770
0 1 18 0 10 0 3366 8830 8837 8842 8837 28 25 27 29 42931 42918 42942 43004 21203 21501 21209 21019 46719 34958 29933 0x20000001629A5570
0 1 19 0 0 0 3366 8821 8821 8817 8819 58 90 1810 83 42919 42709 41822 42775 21504 21639 21680 21611 46554 34218 29753 0x2500000162A2BC70
0 1 19 0 1 0 3366 8817 8814 8819 8814 55 69 62 57 42797 42819 42719 42862 21381 21562 21602 21475 46500 33996 29854 0x2000000162AFAA70
0 1 19 0 2 0 3366 8819 8819 8819 8823 50 51 53 62 42975 43048 42916 42979 21691 21732 21838 21630 46509 34242 29846 0xD100000162893570
0 1 19 0 3 0 3366 8826 8833 8826 8837 56 431 65535 49 42809 42531 7450 42758 21748 21907 22503 21747 46450 34211 29772 0x5700000162A07E70
0 1 19 0 4 0 3366 8835 8826 8826 8826 50 48 51 33 42844 42884 42862 42810 21725 21893 21890 21756 46556 34412 29748 0x6000000162A35470
0 1 19 0 5 0 3366 8826 8835 8826 8835 50 52 47 47 42615 42720 42741 42840 21694 22063 21770 21792 46563 34469 29954 0xEF00000162A02770
0 1 19 0 6 0 3366 8823 8835 8826 8826 43 44 42 51 43003 43024 42953 42967 21522 21721 21445 21450 46703 34337 29943 0xDC0000016295FF70
0 1 19 0 7 0 3366 8823 8833 8833 8842 36 62 37 43 42809 42909 42823 42798 21319 21543 21396 21280 46706 34394 29798 0x8D000001628CE870
0 1 19 0 8 0 3366 8835 8837 8837 8833 33 35 36 39 42665 42722 42686 42720 21223 21410 21086 21279 46668 34178 29851 0x2700000162910670
0 1 19 0 9 0 3366 8835 8823 8826 8828 39 33 36 34 42762 42777 42711 42653 21039 20953 21176 20865 46714 34472 29901 0x7900000162A02E70
0 1 19 0 10 0 3366 8828 8826 8830 8837 45 43 35 56 42925 42679 42813 42718 21276 21352 21265 21144 46729 34329 29838 0xC5000001628BB970
0 1 22 0 0 0 3366 14884 14882 14885 14882 14 13 12 12 41845 41853 42069 41894 22981 22828 22771 22387 46547 34169 29813 0xA0000001629CA770
0 1 22 0 1 0 3366 14890 14887 14883 14889 7 10 6 12 41879 41958 41946 41962 23488 23552 23261 23006 46524 34294 29728 0x6800000162ABD070
0 1 22 0 2 0 3366 14893 14886 14887 14875 7 11 7 9 41977 41955 42078 42034 23682 23785 23666 23179 46486 34055 29794 0x4200000162A04570
0 1 22 0 3 0 3366 14877 14884 14879 14886 10 10 8 9 41890 42072 41996 41993 24190 24198 23932 23321 46475 34562 29785 0x3100000162A66670
0 1 22 0 4 0 3366 14883 14878 14876 14878 12 11 8 9 42104 41920 41909 41965 24092 24249 23841 23722 46526 34192 29785 0xE50000016288BB70
0 1 22 0 5 0 3366 14892 14884 14878 14896 12 10 10 11 41881 41970 42052 42061 24200 24411 24099 23902 46614 34108 29758 0x1F000001629C4E70
0 1 22 0 6 0 3366 14880 14877 14878 14874 8 7 9 8 42015 42019 42076 41984 24135 24391 23863 23763 46585 34029 29783 0xB2000001629D3570
0 1 22 0 7 0 3366 14889 14884 14885 14895 6 6 7 7 42139 42000 42039 42082 23709 24229 23705 23761 46616 34251 29798 0x910000016285CB70
0 1 22 0 8 0 3366 14882 14882 14882 14880 6 8 5 20 41987 41856 41863 41858 23620 23998 23457 23470 46669 34295 29801 0x02000001628AE670
0 1 22 0 9 0 3366 14885 14881 14878 14877 7 7 6 7 42114 41918 42113 41887 23030 23455 22838 23197 46716 34297 29735 0xF200000162AFD770
0 1 22 0 10 0 3366 14890 14889 14883 14889 5 7 8 8 41864 41852 41829 41771 22863 23302 22702 22988 46696 34390 29875 0xD000000162AFED70
0 1 22 1 0 0 3366 14932 14929 14924 14922 10 9 10 11 41788 41611 41629 41693 21532 21655 21564 21239 46544 34071 29760 0xBE0000016291F370
0 1 22 1 1 0 3366 14913 14919 14913 14911 7 9 7 9 41768 41700 41741 41625 21151 21704 21062 21188 46618 34089 29778 0x80000001629D9770
0 1 22 1 2 0 3366 14909 14905 14907 14907 6 7 6 8 42032 41878 41900 41763 21541 22057 21210 21344 46536 34399 29759 0xC30000016296B070
0 1 22 1 3 0 3366 14909 14902 14920 14905 8 8 8 7 41969 41949 41882 41809 22118 22616 21773 21817 46529 34417 29906 0x78000001628C0C70
0 1 22 1 4 0 3366 14912 14912 14905 14913 7 9 7 6 41892 42014 41793 41790 21978 22588 21959 21807 46520 34168 29833 0x8500000162A23170
0 1 22 1 5 0 3366 14934 14929 14927 14930 9 9 8 9 41784 42006 42020 41935 21873 22187 21646 21709 46702 34211 29784 0x25000001628B6670
0 1 22 1 6 0 3366 14932 14924 14929 14930 8 9 7 8 41873 41966 41892 41907 21910 22293 21458 21791 46602 34437 29781 0x61000001628D4470
0 1 22 1 7 0 3366 14905 14907 14901 14902 6 8 5 6 41883 41725 41794 41793 21831 22328 21687 21832 46665 34206 29854 0xE800000162A5EA70
0 1 22 1 8 0 3366 14914 14912 14909 14905 4 6 6 7 41894 41871 41857 41894 21537 21901 21181 21365 46862 34444 29853 0xE100000162AFD970
0 1 22 1 9 0 3366 14911 14907 14907 14914 6 7 8 7 41653 41816 41861 41578 21870 22230 21676 21577 46711 34333 29792 0xE30000016293E470
0 1 22 1 10 0 3366 14942 14939 14941 14940 6 7 6 6 41666 41845 41820 41674 21379 21940 21531 21370 46814 34464 29792 0x75000001628BAC70
# Sector 8 LOG STOP run 01107039 at 1613590747
# Sector 9 LOG START run 01107039 type physics at 1613590715
1 1 4 1 0 0 13464 14803 14833 0 0 6 8 0 0 46736 46695 0 0 18223 18400 0 0 46779 34358 29775 0xFD0000012C8BA070
1 1 4 1 1 0 13464 14748 14910 0 0 1 1 0 0 46667 46703 0 0 18542 18614 0 0 46903 34403 29752 0x1B00000162A42270
1 1 4 1 2 0 13464 14867 14893 0 0 6 5 0 0 46809 46779 0 0 18797 18988 0 0 46834 34686 29696 0xA00000012CA25F70
1 1 4 1 3 0 13464 14834 14897 0 0 2 5 0 0 46701 46665 0 0 19013 19127 0 0 46933 34770 29766 0x9B0000012CB19670
1 1 4 1 4 0 13464 14853 14776 0 0 5 3 0 0 46882 46866 0 0 19106 19212 0 0 46802 34709 29744 0x160000012CAFCA70
1 1 4 1 5 0 13464 14856 14807 0 0 5 1 0 0 46862 46763 0 0 19113 19094 0 0 46896 34846 29798 0x260000012C924C70
1 1 4 1 6 0 13464 14861 14785 0 0 4 2 0 0 47041 47009 0 0 18970 19117 0 0 46869 34561 29811 0xB00000012CAF7270
1 1 4 1 7 0 13464 14941 14857 0 0 7 4 0 0 46990 46954 0 0 19028 19076 0 0 47073 34563 29787 0x760000012C939F70
1 1 4 1 8 0 13464 14750 14774 0 0 4 4 0 0 46714 46749 0 0 18963 19163 0 0 46960 34741 29631 0xEB0000012CA3CE70
1 1 4 1 9 0 13464 14873 14755 0 0 5 3 0 0 46922 46905 0 0 18937 18987 0 0 46982 34447 29758 0x0500000162AC0B70
1 1 4 1 10 0 13464 14745 14745 0 0 3 3 0 0 46801 46665 0 0 18987 19102 0 0 47020 34334 29716 0x69000001629ACE70
1 1 4 1 11 0 13464 14831 14848 0 0 3 3 0 0 46872 46827 0 0 19027 18908 0 0 46976 34405 29779 0xF9000001629AF270
1 1 4 1 12 0 13464 14790 14738 0 0 3 1 0 0 46904 46784 0 0 18998 19074 0 0 47005 34687 29846 0x790000016296FA70
1 1 6 0 0 0 13464 14838 14747 0 0 8 6 0 0 46692 46833 0 0 19402 19576 0 0 47052 34942 29856 0x3F0000012CB30F70
1 1 6 0 1 0 13464 14793 14846 0 0 4 6 0 0 46841 46824 0 0 19769 19542 0 0 47090 34652 29906 0x880000012CB2B370
1 1 6 0 2 0 13464 14801 14954 0 0 4 10 0 0 46807 46815 0 0 20042 20049 0 0 47097 34824 29770 0x930000012C991970
1 1 6 0 3 0 13464 14953 14960 0 0 8 10 0 0 46879 46788 0 0 20289 19889 0 0 47034 34912 29747 0xAD0000012CAE1C70
1 1 6 0 4 0 13464 14919 14793 0 0 4 2 0 0 46974 46994 0 0 20104 20001 0 0 46901 34848 29832 0xDD0000012C8DDF70
1 1 6 0 5 0 13464 14829 14757 0 0 5 4 0 0 46971 46970 0 0 20195 20174 0 0 47032 34511 29915 0xE20000012CAAD670
1 1 6 0 6 0 13464 14854 14784 0 0 3 2 0 0 46804 46802 0 0 20040 20087 0 0 46958 34908 29938 0x350000012C8C5570
1 1 6 0 7 0 13464 14698 14842 0 0 1 4 0 0 46799 46807 0 0 19917 19844 0 0 46926 34897 29834 0xCC0000012C8A8D70
1 1 6 0 8 0 13464 14749 14836 0 0 5 5 0 0 46848 46884 0 0 20025 20080 0 0 46987 35204 29821 0x060000012CAC7970
1 1 6 0 9 0 13464 14773 14915 0 0 2 8 0 0 46822 46840 0 0 19991 20103 0 0 47130 34635 29835 0x450000012CA33A70
1 1 6 0 10 0 13464 14797 14850 0 0 3 2 0 0 46994 47061 0 0 20056 20064 0 0 47148 34300 29840 0xAF000001629F7070
1 1 6 0 11 0 13464 14729 14848 0 0 3 4 0 0 46864 47010 0 0 19872 20042 0 0 47085 34690 29914 0x6200000162AEF270
1 1 6 0 12 0 13464 14826 14814 0 0 4 6 0 0 46954 47009 0 0 19932 20046 0 0 47122 34671 29839 0xC9000001629F3E70
1 1 2 0 0 0 13464 14933 14750 0 0 9 6 0 0 46954 47026 0 0 19100 19161 0 0 46928 34413 29804 0xA20000012C97B370
1 1 2 0 1 0 13464 14932 14835 0 0 7 6 0 0 46888 46872 0 0 19442 19496 0 0 46809 34274 29727 0xF80000012CB06270
1 1 2 0 2 0 13464 14743 14766 0 0 2 3 0 0 46859 47029 0 0 19465 19619 0 0 46850 34604 29778 0x7C00000162900F70
1 1 2 0 3 0 13464 14776 14814 0 0 6 5 0 0 47009 47105 0 0 19665 19639 0 0 46887 34536 29747 0xF80000012C98A170
1 1 2 0 4 0 13464 14733 14803 0 0 2 2 0 0 46861 46785 0 0 19743 19717 0 0 46766 34656 29802 0xDA0000012C960570
1 1 2 0 5 0 13464 14735 14839 0 0 2 2 0 0 47003 47020 0 0 19846 19839 0 0 46958 34532 29833 0x520000012CA45D70
1 1 2 0 6 0 13464 14703 14850 0 0 3 4 0 0 46923 46940 0 0 19774 19766 0 0 46911 34890 29807 0x0E0000012C9AE170
1 1 2 0 7 0 13464 14826 14841 0 0 2 1 0 0 46852 46820 0 0 19746 19719 0 0 46797 34865 29828 0x230000012C9F5A70
1 1 2 0 8 0 13464 14941 14714 0 0 8 3 0 0 46852 46855 0 0 19840 19738 0 0 46911 34776 29789 0x170000012CA69E70
1 1 2 0 9 0 13464 14824 14897 0 0 5 2 0 0 46833 46790 0 0 19880 19774 0 0 46994 34568 29745 0x780000012C888C70
1 1 2 0 10 0 13464 14752 14840 0 0 3 3 0 0 46856 46965 0 0 19843 19904 0 0 46967 34731 29761 0xF60000012C9F9770
1 1 2 0 11 0 13464 14825 14826 0 0 5 2 0 0 46883 46810 0 0 19708 19794 0 0 46951 34558 29744 0x2E00000162AFD370
1 1 2 0 12 0 13464 14785 14888 0 0 5 6 0 0 46977 47024 0 0 19791 19882 0 0 46954 34744 29738 0xE900000162864F70
1 1 1 1 0 0 13464 14831 14773 0 0 9 5 0 0 46758 46858 0 0 18945 19100 0 0 47013 34298 29809 0xB30000012C91F870
1 1 1 1 1 0 13464 14755 14843 0 0 4 8 0 0 46821 46735 0 0 19484 19412 0 0 46905 34436 29757 0xE10000012CB03370
1 1 1 1 2 0 13464 14713 14726 0 0 2 2 0 0 46882 46830 0 0 19432 19536 0 0 46782 34920 29809 0xCB0000016234E970
1 1 1 1 3 0 13464 14747 14747 0 0 6 4 0 0 46897 46850 0 0 19598 19639 0 0 46934 34926 29734 0x770000012CAE2D70
1 1 1 1 4 0 13464 14748 14847 0 0 3 5 0 0 46908 46937 0 0 19650 19702 0 0 46776 34362 29785 0xBE000001629D5F70
1 1 1 1 5 0 13464 14811 14839 0 0 2 5 0 0 47062 47034 0 0 19701 19696 0 0 46929 34374 29887 0x77000001629F5270
1 1 1 1 6 0 13464 14728 14781 0 0 3 3 0 0 46698 46721 0 0 19728 19755 0 0 46826 34833 29754 0xC20000012C89DF70
1 1 1 1 7 0 13464 14732 14756 0 0 3 5 0 0 46820 46900 0 0 19801 19760 0 0 46879 34946 29789 0x8D00000162AAB570
1 1 1 1 8 0 13464 14735 14750 0 0 1 1 0 0 46781 46860 0 0 19732 19781 0 0 46982 34844 29673 0xC90000016235E370
1 1 1 1 9 0 13464 14734 14809 0 0 3 4 0 0 46803 46725 0 0 19724 19790 0 0 46927 34660 29741 0x7B0000012CAB3A70
1 1 1 1 10 0 13464 14899 14725 0 0 6 3 0 0 46916 46932 0 0 19834 19577 0 0 47082 34541 29762 0xD00000012C87CA70
1 1 1 1 11 0 13464 14851 14728 0 0 4 2 0 0 46866 46873 0 0 19664 19637 0 0 47058 34554 29823 0xED00000162AACE70
1 1 1 1 12 0 13464 14762 14878 0 0 3 6 0 0 47157 47055 0 0 19589 19641 0 0 47006 34473 29902 0xE200000162A1D170
1 1 5 0 0 0 13464 14779 14844 0 0 7 5 0 0 46964 46942 0 0 18522 18550 0 0 46960 34546 29807 0x060000012C960170
1 1 5 0 1 0 13464 14784 14834 0 0 5 4 0 0 46888 43823 0 0 18824 18804 0 0 47031 35041 30001 0x320000012C9B2370
1 1 5 0 2 0 13464 14770 14835 0 0 4 3 0 0 46689 46771 0 0 18879 19019 0 0 47058 34955 29806 0xE50000016231C470
1 1 5 0 3 0 13464 14765 14868 0 0 1 4 0 0 46859 46776 0 0 19032 19201 0 0 46917 34551 29938 0x580000012C89BC70
1 1 5 0 4 0 13464 14853 14872 0 0 5 7 0 0 46863 46824 0 0 19157 19265 0 0 47060 34695 29940 0x050000012C8DFD70
1 1 5 0 5 0 13464 14780 14870 0 0 4 5 0 0 46704 46673 0 0 19282 19307 0 0 47034 34780 29908 0xF6000001622FDD70
1 1 5 0 6 0 13464 14851 14827 0 0 2 3 0 0 46837 46763 0 0 19148 19216 0 0 46928 34674 29915 0x6000000162A50270
1 1 5 0 7 0 13464 14824 14845 0 0 2 2 0 0 47025 47129 0 0 19102 19173 0 0 47016 34567 30043 0x380000012C8AEC70
1 1 5 0 8 0 13464 14860 14835 0 0 4 3 0 0 46878 46983 0 0 19154 19168 0 0 47030 34607 29984 0x36000001629BE170
1 1 5 0 9 0 13464 14937 14789 0 0 6 6 0 0 46875 46658 0 0 19102 19236 0 0 47019 34726 29953 0xFB00000162287D70
1 1 5 0 10 0 13464 14878 14745 0 0 4 2 0 0 46926 46917 0 0 19030 19199 0 0 47162 34805 29937 0xF3000001615B6670
1 1 5 0 11 0 13464 14854 14756 0 0 3 3 0 0 46805 46792 0 0 19032 19211 0 0 47127 34581 29937 0x1500000162939670
1 1 5 0 12 0 13464 14750 14771 0 0 3 2 0 0 47160 46992 0 0 19097 19255 0 0 47121 34575 29883 0x6B00000162B13570
1 1 3 0 0 0 13464 14718 14876 0 0 5 8 0 0 46813 46730 0 0 18441 18646 0 0 47010 34959 29979 0x3D00000162273970
1 1 3 0 1 0 13464 14788 14959 0 0 5 10 0 0 46950 46649 0 0 18913 18997 0 0 46920 34551 29997 0xE000000162A1C270
1 1 3 0 2 0 13464 14812 14762 0 0 6 6 0 0 46729 46879 0 0 19151 19080 0 0 47054 34824 29893 0x0B0000012C8BD270
1 1 3 0 3 0 13464 14751 14722 0 0 4 3 0 0 46962 47029 0 0 19103 19367 0 0 46984 34588 30002 0xE30000016292FD70
1 1 3 0 4 0 13464 14904 14834 0 0 9 5 0 0 46876 46861 0 0 19327 19389 0 0 47014 34695 29912 0x8F0000012CA28A70
1 1 3 0 5 0 13464 14912 14714 0 0 6 4 0 0 46895 46904 0 0 19356 19426 0 0 47013 34907 29894 0xE60000012C94EC70
1 1 3 0 6 0 13464 14823 14820 0 0 2 2 0 0 46862 46958 0 0 19397 19437 0 0 46807 34620 29898 0xD30000012C8CBF70
1 1 3 0 7 0 13464 14803 14726 0 0 5 4 0 0 47000 46931 0 0 19291 19379 0 0 47030 34558 29932 0xEF0000012CB42E70
1 1 3 0 8 0 13464 14833 14858 0 0 3 3 0 0 46933 46895 0 0 19145 19381 0 0 47011 34717 29933 0x150000012C890170
1 1 3 0 9 0 13464 14743 14902 0 0 3 3 0 0 46837 46778 0 0 19233 19414 0 0 46973 34678 29929 0x270000012C8DC770
1 1 3 0 10 0 13464 14750 14757 0 0 4 4 0 0 47024 46985 0 0 19212 19372 0 0 46987 34281 29826 0x4E0000012C9AB370
1 1 3 0 11 0 13464 14823 14778 0 0 2 2 0 0 46675 46825 0 0 19169 19391 0 0 47029 34960 29952 0xD1000001628A1E70
1 1 3 0 12 0 13464 14769 14730 0 0 3 2 0 0 46758 46789 0 0 19206 19353 0 0 47069 34565 29865 0xE900000162A47670
1 1 7 0 0 0 13464 14912 14839 0 0 4 4 0 0 46629 46608 0 0 17746 17921 0 0 46887 34524 29688 0x780000012C9B2E70
1 1 7 0 1 0 13464 14946 14832 0 0 6 2 0 0 46642 46630 0 0 17932 18207 0 0 46841 34733 29658 0x7C0000012C9A1170
1 1 7 0 2 0 13464 14805 14770 0 0 3 4 0 0 46849 46871 0 0 18590 18697 0 0 46978 34657 29842 0x390000012C87DC70
1 1 7 0 3 0 13464 14868 14916 0 0 4 5 0 0 46733 46653 0 0 18739 18841 0 0 46855 34386 29762 0x3E0000012CAFAF70
1 1 7 0 4 0 13464 14871 14881 0 0 4 8 0 0 46856 46757 0 0 18847 18921 0 0 46909 34491 29738 0xA80000012C938870
1 1 7 0 5 0 13464 14886 14840 0 0 7 4 0 0 46553 46783 0 0 18943 18986 0 0 46876 34872 29855 0xA2000001622B5570
1 1 7 0 6 0 13464 14854 14929 0 0 3 4 0 0 46681 46736 0 0 18841 18874 0 0 46930 34540 29714 0x7E0000012C91E170
1 1 7 0 7 0 13464 14954 14825 0 0 4 3 0 0 46669 46625 0 0 18703 18909 0 0 46991 34844 29789 0x100000012C992B70
1 1 7 0 8 0 13464 14837 14840 0 0 4 2 0 0 46847 46805 0 0 18757 18950 0 0 46998 34743 29793 0xB80000012CA5C470
1 1 7 0 9 0 13464 14920 14796 0 0 3 1 0 0 46786 46850 0 0 18725 18817 0 0 46973 34361 29801 0xDE00000162AF9470
1 1 7 0 10 0 13464 14945 14836 0 0 5 3 0 0 46709 46654 0 0 18740 18845 0 0 47025 34782 29862 0x620000012C911370
1 1 7 0 11 0 13464 14928 14767 0 0 3 2 0 0 46823 46882 0 0 18767 18716 0 0 46932 34644 29772 0xF7000001628D4D70
1 1 7 0 12 0 13464 14839 14823 0 0 5 5 0 0 46745 46568 0 0 18787 18794 0 0 47055 34322 29832 0x5B00000162B09D70
1 1 0 0 0 0 13464 14882 14844 0 0 4 9 0 0 46950 47050 0 0 19258 19207 0 0 46923 34516 29832 0xC80000012CA43E70
1 1 0 0 1 0 13464 14796 14800 0 0 6 6 0 0 46839 46860 0 0 19642 19583 0 0 46907 34462 29797 0x520000012C88FA70
1 1 0 0 2 0 13464 14828 14848 0 0 4 7 0 0 46937 46884 0 0 19770 19685 0 0 47119 34523 29858 0xE00000012C88FC70
1 1 0 0 3 0 13464 14725 14813 0 0 2 2 0 0 46946 46872 0 0 19770 19891 0 0 46975 34812 29885 0x0200000162328070
1 1 0 0 4 0 13464 14845 14807 0 0 4 5 0 0 47008 46921 0 0 19917 19967 0 0 46983 34815 29828 0xC00000012CB2AD70
1 1 0 0 5 0 13464 14828 14869 0 0 9 10 0 0 46655 46776 0 0 19947 20025 0 0 47041 34734 29791 0x2A0000012C894C70
1 1 0 0 6 0 13464 14841 14749 0 0 3 1 0 0 46931 46929 0 0 19759 19885 0 0 46922 34528 29711 0xE40000012C909B70
1 1 0 0 7 0 13464 14740 14842 0 0 4 6 0 0 46864 46860 0 0 19860 19898 0 0 46969 34927 29807 0x4000000161500670
1 1 0 0 8 0 13464 14882 14940 0 0 3 5 0 0 46720 46736 0 0 19752 19771 0 0 47004 35034 29868 0x580000012CA34D70
1 1 0 0 9 0 13464 14744 14794 0 0 6 1 0 0 46820 46920 0 0 19713 19831 0 0 46986 34955 29898 0x700000012C92B370
1 1 0 0 10 0 13464 14762 14857 0 0 6 9 0 0 46855 46801 0 0 19836 20002 0 0 47106 34685 29898 0x880000012C874C70
1 1 0 0 11 0 13464 14840 14722 0 0 5 2 0 0 46894 46914 0 0 19750 20020 0 0 47154 34509 29866 0xC100000162A24570
1 1 0 0 12 0 13464 14805 14748 0 0 5 2 0 0 47060 47049 0 0 19946 19944 0 0 47129 34567 29839 0x9F00000162869970
# Sector 9 LOG STOP run 01107039 at 1613590721
# Sector 10 LOG START run 01107039 type physics at 1613590734
1 1 8 0 0 0 13464 14834 14821 0 0 5 4 0 0 46701 46708 0 0 18743 18896 0 0 46814 34708 29656 0x29000001614FBA70
1 1 8 0 1 0 13464 14709 14762 0 0 4 5 0 0 46872 46949 0 0 19233 19233 0 0 46819 34766 29799 0xC00000012C994570
1 1 8 0 2 0 13464 14838 14825 0 0 4 3 0 0 46984 46894 0 0 19393 19394 0 0 46864 34596 29790 0xDA0000012CA2E370
1 1 8 0 3 0 13464 14835 14806 0 0 4 3 0 0 46731 46719 0 0 19516 19493 0 0 46868 34841 29698 0x28000001623D7170
1 1 8 0 4 0 13464 14926 14849 0 0 8 4 0 0 46852 46819 0 0 19545 19563 0 0 46828 34783 29791 0x24000001623C0270
1 1 8 0 5 0 13464 14731 14940 0 0 2 5 0 0 46812 46700 0 0 19651 19703 0 0 46955 34749 29841 0xBE0000012CB23770
1 1 8 0 6 0 13464 14768 14733 0 0 3 3 0 0 46917 46901 0 0 19596 19631 0 0 47031 34500 29743 0x420000012CA4C570
1 1 8 0 7 0 13464 14759 14725 0 0 5 5 0 0 46847 46859 0 0 19629 19646 0 0 46983 34719 29798 0x300000012C898B70
1 1 8 0 8 0 13464 14737 14811 0 0 3 4 0 0 46875 46864 0 0 19444 19632 0 0 47146 35086 29891 0xCC000001615B2B70
1 1 8 0 9 0 13464 14923 14738 0 0 6 1 0 0 47050 46915 0 0 19582 19593 0 0 46919 34431 29670 0x230000012CB1CF70
1 1 8 0 10 0 13464 14866 14768 0 0 11 5 0 0 46913 46997 0 0 19672 19723 0 0 46879 34847 29804 0xD80000016229DB70
1 1 8 0 11 0 13464 14881 14758 0 0 5 6 0 0 46895 46797 0 0 19359 19598 0 0 47068 34683 29846 0xB100000162B10470
1 1 8 0 12 0 13464 14809 14736 0 0 5 2 0 0 47006 47081 0 0 19468 19500 0 0 47086 34910 29692 0xF60000016292C670
1 1 8 1 0 0 13464 14885 14760 0 0 10 3 0 0 46818 46869 0 0 18710 18811 0 0 47028 35026 29938 0x7B0000012CA2EB70
1 1 8 1 1 0 13464 14734 14733 0 0 4 5 0 0 46914 46906 0 0 19019 19144 0 0 47031 34637 29806 0xC0000001614D9E70
1 1 8 1 2 0 13464 14800 14838 0 0 2 4 0 0 46809 46840 0 0 19318 19329 0 0 47007 34421 29842 0x020000012CB24870
1 1 8 1 3 0 13464 14934 14738 0 0 7 3 0 0 46678 46787 0 0 19297 19467 0 0 46903 34535 29999 0xD70000012C96EA70
1 1 8 1 4 0 13464 14756 14774 0 0 3 4 0 0 47116 47059 0 0 19517 19456 0 0 46961 34630 29931 0x3D0000012C98F470
1 1 8 1 5 0 13464 14769 14843 0 0 6 6 0 0 46913 46893 0 0 19357 19411 0 0 47033 34787 29888 0x07000001628F3870
1 1 8 1 6 0 13464 14833 14833 0 0 7 4 0 0 46914 46901 0 0 19468 19308 0 0 46994 34997 29939 0x620000012CA5F570
1 1 8 1 7 0 13464 14754 14827 0 0 2 2 0 0 46818 46790 0 0 19545 19541 0 0 47040 34898 29807 0x8C0000012CA9FF70
1 1 8 1 8 0 13464 14761 14870 0 0 3 6 0 0 46795 46755 0 0 19567 19555 0 0 47010 34547 29904 0xB10000012C97BD70
1 1 8 1 9 0 13464 14740 14743 0 0 4 5 0 0 46863 46786 0 0 19455 19482 0 0 46999 35062 29880 0x5F000001615B8170
1 1 8 1 10 0 13464 14858 14828 0 0 6 3 0 0 46720 46928 0 0 19425 19392 0 0 47151 35007 29909 0xBD00000162290370
1 1 8 1 11 0 13464 14761 14871 0 0 2 4 0 0 47016 47023 0 0 19432 19411 0 0 47102 34681 29973 0x7000000162AA1D70
1 1 8 1 12 0 13464 14754 14762 0 0 3 2 0 0 46877 46933 0 0 19243 19399 0 0 47186 34403 29960 0x8C000001629ED670
# Sector 10 LOG STOP run 01107039 at 1613590745
