# Sector 1 LOG START run 01107040 type physics at 1613590889
0 0 0 0 0 0 3366 15165 15170 15166 15168 26 26 21 25 41877 41769 41760 41662 22187 22710 22098 22017 46461 34217 30066 0x35000001629E0A70
0 0 0 0 1 0 3366 15173 15171 15171 15175 19 19 17 25 42001 41914 41965 41837 22803 23190 22441 22718 46440 34085 29956 0xD200000162B1E970
0 0 0 0 2 0 3366 15166 15173 15169 15172 28 18 17 20 41861 41649 41733 41748 23190 23583 22826 23083 46525 34138 29912 0x4B00000162A7C370
0 0 0 0 3 0 3366 15170 15176 15171 15169 18 27 15 14 41903 42043 42021 41849 23182 23365 22789 23013 46586 34549 29849 0x680000016288F070
0 0 0 0 4 0 3366 15181 15178 15180 15177 17 19 14 13 41853 41649 41809 41694 23388 23698 22984 23118 46518 34075 29829 0x7C00000162A4E970
0 0 0 0 5 0 3366 15187 15175 15179 15186 16 18 21 14 41849 41743 41822 41869 23509 23861 23124 23272 46623 34221 29865 0x3300000162AFA470
0 0 0 0 6 0 3366 15184 15174 15188 15184 19 20 18 19 41763 41874 41892 41988 23553 23913 23260 23298 46689 34123 30020 0x88000001628D5270
0 0 0 0 7 0 3366 15177 15186 15181 15187 21 18 11 14 41842 42005 41923 41848 23479 23721 23245 23138 46484 34350 29921 0x3C00000162A81770
0 0 0 0 8 0 3366 15176 15175 15172 15172 16 17 14 20 41799 41890 41831 41934 23081 23512 22880 23014 46602 34210 29943 0x8100000162855370
0 0 0 0 9 0 3366 15172 15170 15177 15175 16 20 13 19 41956 41903 41920 41913 22951 23402 22964 23036 46631 34212 29879 0x5B0000016294F270
0 0 0 0 10 0 3366 15177 15178 15172 15172 23 23 16 19 41797 41819 41811 41652 23321 23454 23052 22980 46690 34206 30006 0x4000000162B1C670
0 0 1 0 0 0 3366 15107 15100 15110 15113 29 28 21 20 41710 41685 41689 41733 22101 22585 21950 21951 46406 34115 29823 0x3100000162A9E170
0 0 1 0 1 0 3366 15170 15168 15178 15174 22 24 20 24 41683 41731 41742 41759 22566 23205 22397 22565 46449 34177 29874 0x730000016296A570
0 0 1 0 2 0 3366 15173 15175 15171 15178 24 21 22 17 41714 41743 41778 41853 23187 23616 22897 22981 46516 34199 29861 0x0800000162978570
0 0 1 0 3 0 3366 15172 15172 15175 15170 19 17 22 19 41860 41652 41711 41688 23300 23598 22916 22979 46556 34373 29983 0x3400000162B01A70
0 0 1 0 4 0 3366 15168 15169 15178 15181 26 21 21 18 41906 41812 41928 41925 23238 23588 22990 23035 46548 34259 29982 0x3500000162A01670
0 0 1 0 5 0 3366 15172 15170 15170 15176 19 22 22 17 41743 41892 41780 41786 23337 23630 23041 23148 46423 34286 29946 0x2100000162976570
0 0 1 0 6 0 3366 15176 15178 15168 15180 19 24 19 19 41982 41874 41865 41898 23319 23686 23150 23130 46647 34182 29878 0xE300000162AAB770
0 0 1 0 7 0 3366 15182 15177 15182 15170 18 16 20 16 41934 41878 41909 41959 23166 23555 23044 23018 46655 34228 29887 0x83000001629D0170
0 0 1 0 8 0 3366 15176 15167 15179 15180 15 18 18 22 41923 41921 41917 41834 23052 23358 22988 22853 46685 34470 29934 0xE0000001628D6570
0 0 1 0 9 0 3366 15177 15167 15172 15170 19 13 13 15 41978 41869 41766 41935 22882 23351 22785 22912 46626 34539 29910 0xB4000001629A4F70
0 0 1 0 10 0 3366 15168 15175 15176 15176 21 21 23 24 41856 41792 41741 41766 23134 23210 22922 22791 46650 34590 29938 0x120000016285F970
0 0 5 0 0 0 3366 15084 15082 15080 15080 30 21 24 17 41752 41642 41475 41624 21684 22157 21499 21534 46619 34167 29710 0x04000001629F2770
0 0 5 0 1 0 3366 15169 15167 15171 15168 18 20 20 18 41998 41898 41860 41887 22331 23098 22130 22493 46532 34322 29608 0x3B00000162A72070
0 0 5 0 2 0 3366 15163 15165 15173 15174 18 21 17 17 41939 41981 41907 42063 22915 23275 22591 22711 46510 34275 29505 0x8500000162ABE070
0 0 5 0 3 0 3366 15187 15182 15181 15184 18 22 22 20 41713 41813 41748 41810 22810 23177 22591 22665 46510 34273 29683 0xA300000162994C70
0 0 5 0 4 0 3366 15182 15178 15180 15184 20 28 22 24 41786 41758 41903 41852 23021 23556 22887 22967 46567 34370 29653 0x340000016298D970
0 0 5 0 5 0 3366 15172 15182 15171 15177 27 22 25 25 42019 41921 41914 41939 23193 23615 22982 22934 46652 34108 29643 0x09000001629FC870
0 0 5 0 6 0 3366 15171 15177 15178 15175 16 26 16 21 41923 41930 41864 42034 22971 23367 22898 22948 46515 34385 29473 0x1700000162A55170
0 0 5 0 7 0 3366 15180 15177 15176 15186 25 20 15 15 42117 41944 41820 41916 22994 23234 22864 22675 46578 34295 29616 0xF300000162A2E770
0 0 5 0 8 0 3366 15183 15173 15168 15178 21 23 17 17 41801 41911 41734 41785 22988 23140 22949 22593 46467 34432 29575 0xD6000001629B3E70
0 0 5 0 9 0 3366 15171 15176 15171 15170 14 14 26 17 41856 41733 41747 41886 22495 22978 22309 22486 46697 34477 29456 0xE400000162B24670
0 0 5 0 10 0 3366 15170 15163 15166 15170 15 22 15 18 41693 41799 41812 41794 22731 23160 22657 22505 46707 34594 29512 0xF3000001628E4070
0 0 7 0 0 0 3366 15077 15082 15164 15083 17 19 22 22 41624 41616 41526 41652 21335 21978 21032 21232 46614 34356 29644 0x0500000162AE3970
0 0 7 0 1 0 3366 15166 15174 15082 15162 15 14 12 19 41911 41912 41871 41901 22096 22717 21838 22284 46513 33986 29517 0xF200000162B1C070
0 0 7 0 2 0 3366 15161 15166 15160 15161 29 24 22 21 41803 41724 41665 41755 22583 23045 22362 22555 46655 34044 29571 0x54000001629DDF70
0 0 7 0 3 0 3366 15169 15164 15170 15167 15 19 22 20 42065 41985 41903 42014 22447 23163 22326 22577 46574 34110 29524 0x50000001629ED270
0 0 7 0 4 0 3366 15163 15166 15162 15170 17 14 14 21 41903 41855 41756 41765 22874 23203 22596 22586 46592 34436 29587 0x1A00000162A69570
0 0 7 0 5 0 3366 15176 15183 15162 15179 23 22 20 24 41813 42089 41931 41971 22950 23340 22783 22640 46657 34162 29516 0x90000001629C1670
0 0 7 0 6 0 3366 15184 15169 15176 15169 26 21 18 18 41980 41819 42027 41862 22911 23151 22728 22588 46711 34295 29680 0xCF00000162865370
0 0 7 0 7 0 3366 15170 15185 15165 15179 21 27 21 21 41906 41845 41698 41867 22901 22805 22665 22224 46669 34274 29634 0x0F00000162941E70
0 0 7 0 8 0 3366 15104 15165 15171 15164 15 22 18 23 41927 41767 41776 41788 22824 22692 22589 22105 46771 34323 29543 0x4700000162AA1C70
0 0 7 0 9 0 3366 15164 15171 15161 15162 23 17 15 13 41752 41697 41724 41699 22182 22559 22171 22084 46765 34293 29614 0x2000000162B1BD70
0 0 7 0 10 0 3366 15167 15162 15167 15163 22 16 16 14 42028 42016 42042 41927 22402 22839 22112 22302 46793 34437 29542 0xD100000162925F70
0 0 6 0 0 0 3366 15080 15080 15077 15082 27 20 20 20 41964 41977 41864 41872 21471 22081 21311 21416 46480 34429 29544 0xB000000162A22370
0 0 6 0 1 0 3366 15170 15175 15172 15172 22 21 23 20 41734 41868 41860 41810 22318 22991 21950 22442 46481 34096 29606 0x3300000162938A70
0 0 6 0 2 0 3366 15169 15168 15167 15172 18 13 16 17 41786 41787 41639 41698 22737 23068 22481 22575 46507 34238 29535 0xC000000162B24970
0 0 6 0 3 0 3366 15160 15175 15168 15170 15 17 12 15 42064 41980 41958 42011 22763 23377 22541 22776 46491 34240 29675 0x5400000162A1F170
0 0 6 0 4 0 3366 15173 15173 15171 15178 15 14 13 12 41552 41710 41813 41755 22804 23453 22615 22789 46537 34224 29542 0x8300000162B1A670
0 0 6 0 5 0 3366 15169 15173 15175 15170 19 17 18 17 41873 41730 41856 41806 23041 23357 22949 22865 46527 34331 29605 0x710000016289B870
0 0 6 0 6 0 3366 15177 15171 15169 15172 19 15 16 17 41901 41792 41796 41829 23056 23272 22862 22705 46483 33981 29640 0x7A000001628B5070
0 0 6 0 7 0 3366 15163 15176 15173 15182 15 17 17 18 41937 42014 41963 41928 22936 23026 22796 22446 46608 34372 29686 0xFD00000162A29E70
0 0 6 0 8 0 3366 15177 15168 15173 15181 19 17 17 23 41942 41958 42083 42031 22771 22871 22739 22403 46640 34437 29619 0x18000001629CFE70
0 0 6 0 9 0 3366 15167 15163 15172 15167 13 15 14 13 41754 41625 41891 41691 22340 22803 22163 22335 46659 34276 29638 0xF300000162B26E70
0 0 6 0 10 0 3366 15164 15166 15160 15169 18 20 22 15 41843 41789 41820 41751 22533 22845 22334 22492 46713 34548 29580 0x1C000001629A8E70
# Sector 1 LOG STOP run 01107040 at 1613590896
# Sector 2 LOG START run 01107040 type physics at 1613590848
0 0 9 0 0 0 3366 15166 15126 15169 15125 26 25 30 21 41660 41804 41841 41816 21246 21925 20999 21251 46617 34323 29552 0xC700000162861F70
0 0 9 0 1 0 3366 15131 15172 15123 15176 20 23 20 22 41778 41634 41746 41760 22081 22563 21767 22075 46569 34195 29628 0x370000016296D170
0 0 9 0 2 0 3366 15174 15083 15174 15078 17 15 24 21 41987 41917 41867 41893 22446 22861 22132 22118 46623 34078 29606 0x0200000162918C70
0 0 9 0 3 0 3366 15082 15152 15075 15143 14 21 14 17 41943 41864 41835 41925 22359 22980 22292 22319 46511 34221 29587 0xCB00000162AAD270
0 0 9 0 4 0 3366 15138 15113 15142 15118 18 14 18 1 41902 41864 41862 41807 22553 23059 22342 22356 46587 34037 29641 0x58000001629BE370
0 0 9 0 5 0 3366 15117 15126 15118 15130 17 18 18 20 41982 41889 41948 42020 22806 22921 22578 22287 46670 34157 29529 0xA300000162B09670
0 0 9 0 6 0 3366 15131 15130 15117 15139 15 18 18 16 41952 42075 41865 41961 22765 22796 22532 22217 46562 34250 29605 0x2B00000162A0F770
0 0 9 0 7 0 3366 15135 15086 15135 15082 21 17 17 18 41876 41778 41639 41638 22756 22757 22426 22162 46589 34089 29573 0x7000000162B17770
0 0 9 0 8 0 3366 15093 15167 15085 15164 11 11 10 13 42060 41771 41919 41818 22614 22620 22333 22015 46614 34032 29665 0x23000001628E2E70
0 0 9 0 9 0 3366 15154 15152 15163 15163 12 21 13 18 41862 41772 41627 41639 22181 22325 22031 21661 46619 34467 29585 0xB600000162997770
0 0 9 0 10 0 3366 15190 15171 15194 15174 16 20 16 14 41740 41738 41691 41752 21931 22584 21633 21877 46753 34480 29527 0x3E00000162AA3670
0 0 8 0 0 0 3366 15168 15086 15165 15086 35 27 30 25 41685 41743 41800 41743 21273 21901 20988 21231 46487 34160 29635 0x94000001629B7F70
0 0 8 0 1 0 3366 15076 15157 15077 15171 17 21 17 17 41822 41655 41632 41797 22263 22749 21838 22232 46481 34257 29501 0x2200000162A03E70
0 0 8 0 2 0 3366 15169 15158 15164 15165 23 18 20 18 41823 41793 41914 41701 22486 22972 22287 22358 46639 34216 29529 0xB3000001629AFF70
0 0 8 0 3 0 3366 15168 15181 15169 15186 25 23 19 25 41897 41948 42036 41879 22594 23009 22264 22457 46540 34260 29612 0x5000000162A2FC70
0 0 8 0 4 0 3366 15180 15178 15184 15183 26 30 28 25 42042 41912 41918 41854 22814 23231 22536 22620 46627 34287 29568 0x28000001629A1970
0 0 8 0 5 0 3366 15172 15159 15179 15171 13 21 20 12 41850 41881 41790 41851 22974 23111 22827 22537 46672 34252 29510 0x98000001628A8570
0 0 8 0 6 0 3366 15168 15160 15154 15159 12 13 19 11 42010 41903 41914 42010 22845 22973 22677 22415 46769 34300 29610 0x0100000162974C70
0 0 8 0 7 0 3366 15154 15152 15157 15153 15 13 17 15 41821 41805 41882 41826 22832 22917 22598 22274 46644 34410 29628 0xE200000162B27370
0 0 8 0 8 0 3366 15155 15182 15166 15185 16 16 15 16 41783 41712 41689 41748 22810 22593 22477 21989 46694 34237 29603 0xB8000001628DE370
0 0 8 0 9 0 3366 15184 15185 15186 15201 17 15 17 17 41912 41902 41814 41857 22090 22538 22008 21974 46661 34237 29551 0x2300000162A1A270
0 0 8 0 10 0 3366 15186 15166 15190 15169 15 15 17 17 41789 41741 41774 41910 21981 22745 21690 21962 46812 34535 29571 0xEC000001628A4070
0 0 10 0 0 0 3366 15169 15126 15133 15130 29 25 29 21 41739 41725 41779 41738 21044 21589 20787 21068 46450 34191 29758 0xB500000162AE2C70
0 0 10 0 1 0 3366 15137 15171 15169 15177 19 21 30 24 41751 41916 41949 41866 21923 22379 21707 21944 46549 33946 29859 0x9C00000162ADE770
0 0 10 0 2 0 3366 15172 15082 15087 15085 27 18 19 19 41682 41819 41804 41689 21994 22376 21939 21726 46527 34187 29826 0xF8000001629C2170
0 0 10 0 3 0 3366 15071 15140 15143 15150 15 20 19 18 41676 41659 41738 41658 22136 22516 21886 22020 46651 34284 29792 0x9300000162A1B770
0 0 10 0 4 0 3366 15142 15112 15105 15106 20 16 20 21 41969 41919 41859 41833 22555 22742 22270 22153 46572 33917 29807 0x2B00000162B24C70
0 0 10 0 5 0 3366 15085 15082 15079 15085 19 21 18 20 41849 41803 41836 41853 22689 22616 22305 22078 46501 34149 29848 0x7B00000162B28670
0 0 10 0 6 0 3366 15144 15137 15140 15143 21 16 19 21 41993 41952 41958 42083 22532 22652 22450 22162 46493 34192 29831 0xA00000016287CD70
0 0 10 0 7 0 3366 15088 15087 15089 15092 13 14 11 11 41788 41780 41833 41819 22419 22496 22094 21959 46649 34312 29880 0xED00000162AEAA70
0 0 10 0 8 0 3366 15161 15162 15160 15195 12 14 17 21 41664 41854 41696 41745 22361 22520 22146 21869 46656 34207 29893 0x4E000001629B4E70
0 0 10 0 9 0 3366 15163 15165 15161 15160 12 14 14 12 41750 41716 41801 41832 22268 22347 21967 21553 46621 34025 29816 0x2C000001628CE070
0 0 10 0 10 0 3366 15169 15174 15166 15171 13 15 14 13 41697 41674 41811 41774 21643 22197 21541 21665 46712 34424 29891 0xF000000162ABA070
0 0 11 0 0 0 3366 15134 15126 15131 15128 29 22 29 23 41762 41864 41700 41656 20871 21391 20579 20832 46555 34076 29825 0x43000001629FC570
0 0 11 0 1 0 3366 15170 15167 15169 15175 25 19 23 21 41827 41688 41690 41720 21840 22235 21593 21596 46577 34217 29910 0x3B0000016297A270
0 0 11 0 2 0 3366 15092 15081 15079 15074 21 19 16 19 41897 41860 41683 41912 22020 22102 21900 21470 46491 34187 29789 0x4000000162B0DF70
0 0 11 0 3 0 3366 15142 15152 15138 15141 17 15 17 15 41983 41800 41764 41728 22062 22292 21858 21693 46585 34175 29930 0x63000001628E7C70
0 0 11 0 4 0 3366 15111 15119 15114 15114 29 21 21 18 41799 41741 41700 41770 22329 22427 22200 21876 46548 33947 29874 0xDF00000162A5EB70
0 0 11 0 5 0 3366 15087 15085 15087 15091 15 14 20 17 41924 41975 41991 41807 22355 22454 22165 21727 46421 34037 29878 0x7500000162ADF170
0 0 11 0 6 0 3366 15111 15110 15115 15111 15 19 16 17 41794 41852 41713 41726 22170 22447 21931 21663 46579 34409 29914 0xB800000162852B70
0 0 11 0 7 0 3366 15077 15075 15082 15081 15 12 14 14 41856 41834 41910 41924 22232 22380 21949 21697 46616 34227 29910 0x5D00000162B0A870
0 0 11 0 8 0 3366 15147 15152 15148 15151 22 22 20 18 41753 41722 41789 41802 22207 22360 21919 21636 46698 34154 29986 0x4C000001628EA970
0 0 11 0 9 0 3366 15162 15167 15162 15158 14 13 16 14 41644 41822 41644 41585 22012 21714 21654 21206 46688 34217 29811 0x50000001629FCB70
0 0 11 0 10 0 3366 15173 15166 15171 15166 15 16 15 15 41957 41873 41763 41677 21732 22239 21514 21406 46663 34131 29834 0x5500000162948B70
0 0 13 0 0 0 3366 15132 15120 15140 15137 26 26 24 21 41681 41684 41758 41732 20563 21198 20147 20498 46401 33929 29730 0xB800000162AAA770
0 0 13 0 1 0 3366 15172 15172 15170 15164 20 17 21 21 41740 41805 41690 41816 21523 21805 21306 20816 46451 34203 29584 0xDE0000016295EC70
0 0 13 0 2 0 3366 15079 15082 15080 15077 20 17 20 20 41644 41762 41572 41647 21627 21759 21328 20750 46515 34302 29640 0x620000016288AF70
0 0 13 0 3 0 3366 15083 15083 15085 15078 16 17 13 13 41646 41743 41645 41748 21502 21824 21245 20969 46462 34282 29731 0xAA00000162943070
0 0 13 0 4 0 3366 15079 15085 15085 15076 14 15 14 14 41823 41782 41824 41782 21845 22125 21410 21200 46633 34378 29634 0xD600000162979270
0 0 13 0 5 0 3366 15093 15180 15084 15081 16 14 10 12 41790 41620 41671 41714 21874 22022 21474 21079 46542 34022 29673 0xB800000162A52070
0 0 13 0 6 0 3366 15128 15125 15123 15119 17 22 15 16 41707 41759 41696 41806 21822 21972 21565 20979 46651 34204 29722 0xEA0000016299D770
0 0 13 0 7 0 3366 15079 15081 15080 15078 17 11 13 10 41779 41880 41884 41755 21723 21962 21364 21082 46649 34229 29700 0x8C0000016284A570
0 0 13 0 8 0 3366 15135 15137 15147 15151 14 11 11 15 41836 41776 41707 41594 21532 21740 21318 20959 46691 34355 29644 0x5D000001629F2470
0 0 13 0 9 0 3366 15168 15169 15167 15174 17 20 11 15 41722 41616 41674 41707 21524 21558 21182 20911 46681 34463 29651 0xD4000001628FC070
0 0 13 0 10 0 3366 15163 15170 15169 15165 11 14 13 10 41790 41682 41827 41623 21406 21775 21047 21134 46738 34276 29665 0xBA00000162888D70
0 0 14 0 0 0 3366 15135 15133 15122 15120 23 21 26 19 41598 41604 41547 41547 20651 21020 20505 20410 46458 34052 29709 0xCF000001629D3970
0 0 14 0 1 0 3366 15168 15168 15171 15168 19 13 17 18 41619 41566 41697 41702 21305 21305 20948 20246 46434 34255 29660 0x8B00000162AB9970
0 0 14 0 2 0 3366 15077 15074 15084 15079 17 13 14 11 41652 41712 41625 41514 21041 21193 20937 20191 46430 34209 29657 0xA600000162A5C170
0 0 14 0 3 0 3366 15084 15073 15080 15078 11 13 14 13 41737 41680 41753 41745 21140 21414 20791 20494 46500 34130 29750 0x3D00000162860770
0 0 14 0 4 0 3366 15081 15084 15079 15080 18 16 16 16 41538 41674 41595 41565 21493 21829 21294 20732 46436 34195 29588 0x9000000162B1A870
0 0 14 0 5 0 3366 15086 15090 15087 15074 13 14 13 13 41706 41884 41733 41803 21393 21685 21345 20686 46630 34250 29689 0x0900000162B27670
0 0 14 0 6 0 3366 15141 15142 15138 15142 17 16 15 14 41515 41580 41647 41534 21275 21461 21040 20590 46586 33963 29735 0x2200000162877A70
0 0 14 0 7 0 3366 15078 15082 15078 15085 16 12 10 15 42070 41921 41863 41840 21424 21807 21154 20954 46738 34310 29814 0x150000016291A470
0 0 14 0 8 0 3366 15143 15143 15140 15144 21 16 19 18 41729 41764 41702 41794 21239 21347 20899 20566 46671 34301 29727 0x6C000001628BFD70
0 0 14 0 9 0 3366 15172 15169 15174 15170 15 14 12 12 41806 41730 41742 41725 21057 21368 20804 20678 46707 34295 29692 0x5F000001628C9570
0 0 14 0 10 0 3366 15165 15163 15161 15159 12 11 10 10 41598 41599 41572 41726 21065 21350 21022 20852 46770 34437 29667 0xF400000162B1F570
0 0 12 0 0 0 3366 15126 15124 15126 15125 39 27 21 26 41568 41650 41548 41489 20647 21294 20477 20703 46361 33941 29798 0x7E00000162910570
0 0 12 0 1 0 3366 15177 15165 15171 15174 23 25 26 23 41863 41740 41767 41699 21790 22052 21455 21277 46564 33965 29770 0xF600000162873270
0 0 12 0 2 0 3366 15076 15181 15081 15080 22 20 20 16 41913 41893 41833 41920 21950 21812 21494 21144 46520 33944 29825 0x6A00000162A55D70
0 0 12 0 3 0 3366 15145 15143 15140 15144 13 13 18 19 41668 41743 41794 41611 21831 21991 21546 21351 46464 34211 29896 0xAF000001628EE070
0 0 12 0 4 0 3366 15079 15082 15079 15078 16 12 13 12 41907 41895 41749 41892 22086 22222 21767 21508 46588 34223 29875 0xC2000001629EFD70
0 0 12 0 5 0 3366 15082 15081 15078 15081 15 17 14 18 41932 41763 41873 41801 22096 22207 21845 21374 46558 34098 29871 0x6A00000162986A70
0 0 12 0 6 0 3366 15113 15122 15109 15120 18 16 17 19 41739 41791 41822 41768 21941 21946 21602 21277 46560 34153 29876 0x1B000001628CE170
0 0 12 0 7 0 3366 15078 15084 15078 15081 11 13 12 14 41905 41799 41940 41775 21895 22159 21522 21315 46504 34088 29839 0xFD00000162A97D70
0 0 12 0 8 0 3366 15139 15141 15147 15141 18 15 16 15 41749 41624 41728 41638 21863 22023 21591 21275 46503 34308 29873 0xCA00000162AE3370
0 0 12 0 9 0 3366 15170 15174 15167 15171 16 15 19 14 41879 41851 42067 41773 21756 21717 21504 21096 46660 34352 29789 0x7000000162848870
0 0 12 0 10 0 3366 15163 15162 15171 15160 21 17 14 14 41823 41646 41708 41667 21423 21725 21214 21130 46641 34194 29839 0x0F00000162B24370
# Sector 2 LOG STOP run 01107040 at 1613590856
# Sector 3 LOG START run 01107040 type physics at 1613590862
0 0 20 0 0 0 3366 15180 15178 15177 15185 21 25 27 20 41954 41872 41915 42053 22006 22244 21967 21781 46563 34171 29978 0xAE000001628A0170
0 0 20 0 1 0 3366 15187 15182 15180 15167 17 19 16 21 41990 42120 41883 42005 22200 22504 21925 22441 46557 34068 29931 0x9100000162AC1170
0 0 20 0 2 0 3366 15183 15181 15180 15178 13 22 16 18 41945 41960 41914 41874 22757 23037 22739 22939 46574 34218 29923 0xE800000162A94670
0 0 20 0 3 0 3366 15166 15169 15172 15173 17 15 20 20 41752 41865 41734 41826 23081 23103 22944 22894 46522 34179 29892 0xF900000162884970
0 0 20 0 4 0 3366 15178 15175 15171 15176 15 18 19 14 41974 42044 41813 42045 23291 23425 23110 23134 46562 34010 29937 0x6C000001629C3B70
0 0 20 0 5 0 3366 15165 15171 15173 15168 16 20 18 15 42035 41963 41931 41870 23239 23349 23175 23310 46505 34164 29969 0xBC000001629C5570
0 0 20 0 6 0 3366 15168 15165 15172 15171 19 16 16 17 41924 41882 41902 41864 23371 23561 23223 23285 46672 34300 29981 0x0D00000162A1F270
0 0 20 0 7 0 3366 15168 15169 15174 15167 16 14 17 17 41955 42088 41997 42157 23226 23375 23253 23263 46629 34534 30038 0x8300000162987C70
0 0 20 0 8 0 3366 15175 15165 15169 15184 15 15 15 24 41848 41778 41928 41914 23172 23291 23082 23030 46753 34530 29914 0xD0000001628A9B70
0 0 20 0 9 0 3366 15176 15182 15180 15183 25 21 23 21 41976 42011 41936 41970 23119 23344 23015 22946 46658 34433 29941 0x6D00000162A7DF70
0 0 20 0 10 0 3366 15176 15178 15186 15183 15 15 16 15 41915 41880 41861 41889 23105 23216 23040 22838 46782 34370 29885 0xAB000001629C7D70
0 0 19 0 0 0 3366 9078 9062 9069 9065 163 160 182 134 42639 42616 42573 42656 20911 20990 21117 20983 46435 34067 29684 0x2600000162AF9F70
0 0 19 0 1 0 3366 9071 9069 9067 9074 105 101 152 94 42735 42805 42623 42823 20849 21059 20944 20830 46419 33959 29774 0xAD000001629B0770
0 0 19 0 2 0 3366 9074 9058 9074 9078 117 113 103 109 42719 42853 42837 42846 20666 21014 20900 20902 46341 34069 29731 0x4A00000162874D70
0 0 19 0 3 0 3366 9071 9074 9074 9074 83 100 88 100 42949 42692 42878 42873 20832 20885 20984 20810 46441 33983 29782 0xEA000001628C2370
0 0 19 0 4 0 3366 9060 9071 9065 9060 92 96 132 97 42755 42742 42591 42764 20727 20791 20734 20645 46516 33851 29781 0xE40000016299AE70
0 0 19 0 5 0 3366 9078 9085 9088 9081 76 85 81 91 42600 42584 42596 42730 20745 20781 20686 20514 46392 34067 29759 0x3500000162A8DE70
0 0 19 0 6 0 3366 9076 9078 9074 9074 101 88 79 89 42587 42642 42627 42694 20709 20833 20859 20753 46606 34094 29746 0x3A00000162848570
0 0 19 0 7 0 3366 9076 9083 9076 9081 62 76 94 72 42772 42741 42621 42570 20606 20715 20731 20746 46555 34191 29722 0x31000001629B5170
0 0 19 0 8 0 3366 9081 9074 9078 9074 77 78 68 63 42526 42643 42484 42627 20632 20607 20639 20650 46540 34168 29787 0xDA0000016295CA70
0 0 19 0 9 0 3366 9083 9076 9071 9074 65 71 15918 62 42789 42789 34753 42785 20592 20763 20833 20654 46619 34307 29747 0x2000000162938470
0 0 19 0 10 0 3366 9083 9085 9085 9076 73 64 80 59 42676 42655 42561 42559 20762 21167 20918 20892 46580 34006 29823 0x8000000162A86870
0 0 18 0 0 0 3366 9081 9078 9081 9078 144 132 154 126 42627 42534 42632 42660 20546 20759 20510 20687 46399 33995 29824 0x9B00000162893870
0 0 18 0 1 0 3366 9081 9083 9078 9078 108 112 108 123 42719 42547 42714 42598 20390 20590 20469 20318 46392 34186 29788 0x6C00000162A75A70
0 0 18 0 2 0 3366 9076 9076 9076 9083 100 90 108 99 42684 42709 42658 42580 20499 20733 20518 20495 46510 34134 29699 0xD800000162AEB870
0 0 18 0 3 0 3366 9076 9083 9083 9085 92 112 92 86 42573 42538 42407 42541 20374 20379 20353 20269 46416 34245 29773 0x3D00000162A26870
0 0 18 0 4 0 3366 9081 9078 9076 9078 101 148 75 79 42566 42537 42674 42654 20407 20614 20227 20143 46520 34008 29645 0xF200000162A05070
0 0 18 0 5 0 3366 9076 9078 9078 9076 91 78 94 83 42785 42654 42682 42608 20443 20755 20382 20356 46641 34103 29785 0x1900000162A05570
0 0 18 0 6 0 3366 9083 9083 9081 9085 106 82 93 76 42436 42455 42504 42527 20681 20840 20467 20216 46602 34226 29728 0x3800000162A7B670
0 0 18 0 7 0 3366 9078 9076 9078 9081 91 73 77 80 42788 42685 42612 42637 20693 20988 20482 20465 46553 33991 29742 0x8000000162A7EF70
0 0 18 0 8 0 3366 9078 9076 9078 9083 78 68 70 65 42605 42696 42764 42632 20928 21239 20846 20478 46681 34029 29702 0x8900000162B1F970
0 0 18 0 9 0 3366 9074 9076 9081 9083 76 83 1949 70 42757 42564 41545 42564 20931 21246 20602 20544 46464 34271 29632 0xB800000162A26F70
0 0 18 0 10 0 3366 9078 9074 9078 9081 61 58 71 53 42793 42723 42691 42606 20861 20931 20834 20522 46634 34152 29791 0x3900000162A73370
0 0 22 0 0 0 3366 15079 15080 15078 15079 23 21 21 19 41947 42051 41913 41882 21766 22272 21707 21660 46449 34347 29571 0x8700000162909270
0 0 22 0 1 0 3366 15176 15172 15173 15173 18 23 17 28 41944 41852 41843 41869 22607 23182 22381 22636 46371 34263 29608 0x170000016291B770
0 0 22 0 2 0 3366 15172 15169 15175 15175 24 22 16 21 41965 42077 41987 42025 23024 23405 22753 22869 46574 34101 29632 0xBF000001629DDA70
0 0 22 0 3 0 3366 15168 15171 15175 15175 20 16 19 24 41793 41878 41817 41949 23046 23348 22705 22872 46501 34262 29481 0x530000016291C370
0 0 22 0 4 0 3366 15179 15183 15178 15173 14 14 17 16 41854 41853 41849 41884 23085 23427 22810 22979 46485 34388 29540 0x0F000001629EE470
0 0 22 0 5 0 3366 15181 15180 15180 15178 17 18 15 15 41864 41794 41794 41549 23193 23514 22973 23047 46625 34260 29655 0x8500000162ACAF70
0 0 22 0 6 0 3366 15174 15178 15180 15177 16 17 25 14 41883 41929 41921 41827 23059 23508 22904 22982 46442 34437 29584 0x5400000162882B70
0 0 22 0 7 0 3366 15184 15179 15182 15179 14 16 14 16 41957 41939 41905 41955 23189 23511 23055 22963 46508 34384 29564 0xD3000001629B9D70
0 0 22 0 8 0 3366 15171 15177 15181 15171 17 11 14 9 41680 41738 41746 41663 22992 23198 22886 22607 46731 34617 29553 0xDF00000162910D70
0 0 22 0 9 0 3366 15163 15175 15184 15179 11 19 15 12 41722 41853 41773 42013 22765 23225 22467 22642 46591 34535 29587 0xA8000001629DF270
0 0 22 0 10 0 3366 15171 15171 15180 15171 18 17 16 13 41990 42003 41902 42021 22888 23061 22691 22696 46666 34603 29671 0x50000001628D7070
0 0 22 1 0 0 3366 15135 15126 15124 15122 23 21 25 18 41552 41589 41426 41623 20345 20668 20311 20378 46486 34129 29641 0x11000001629E0570
0 0 22 1 1 0 3366 15174 15175 15178 15172 22 18 16 18 41499 41511 41629 41537 20578 20541 20428 20046 46302 33961 29690 0x6A0000016296F470
0 0 22 1 2 0 3366 15074 15076 15082 15081 19 13 13 11 41860 41658 41668 41696 20853 20841 20503 20342 46424 34398 29697 0xF700000162A3D870
0 0 22 1 3 0 3366 15090 15084 15080 15084 18 17 20 17 41605 41687 41795 41646 20709 20805 20518 20273 46419 33994 29593 0xA600000162A0BC70
0 0 22 1 4 0 3366 15071 15084 15084 15086 15 13 13 13 41600 41787 41604 41532 21069 21157 20636 20400 46570 33947 29715 0x3000000162AA4F70
0 0 22 1 5 0 3366 15090 15108 15086 15113 13 11 9 10 41609 41706 41705 41585 21260 21179 20908 20724 46605 34092 29679 0x8A000001629DC870
0 0 22 1 6 0 3366 15115 15124 15117 15111 17 19 17 15 41670 41657 41676 41775 20943 21247 20842 20645 46539 34196 29655 0x30000001628E2070
0 0 22 1 7 0 3366 15088 15091 15095 15085 10 12 13 12 41915 41781 41770 41738 21241 21452 21057 20709 46664 34180 29692 0xC900000162A20970
0 0 22 1 8 0 3366 15147 15151 15145 15146 13 8 13 13 41635 41775 41629 41550 21364 21611 21256 20832 46539 34146 29543 0x98000001629C5A70
0 0 22 1 9 0 3366 15169 15169 15167 15169 16 14 13 11 41805 41888 41947 41806 21120 21469 20829 20818 46732 34308 29588 0x8B00000162B2C170
0 0 22 1 10 0 3366 15157 15163 15162 15162 17 17 12 13 41447 41542 41613 41632 21221 21387 21086 20771 46662 34338 29619 0x5A00000162894B70
# Sector 3 LOG STOP run 01107040 at 1613590876
# Sector 4 LOG START run 01107040 type physics at 1613590847
1 0 2 0 0 0 13464 15064 15025 0 0 18 15 0 0 46757 46828 0 0 19443 19369 0 0 46995 34909 29737 0x600000012C8B7370
1 0 2 0 1 0 13464 14975 14988 0 0 13 17 0 0 46821 46797 0 0 19748 19568 0 0 46995 34580 29722 0xEB0000012CA7AA70
1 0 2 0 2 0 13464 15021 14989 0 0 13 13 0 0 46820 46757 0 0 19714 19722 0 0 47027 34567 29915 0xC30000012CAC2C70
1 0 2 0 3 0 13464 15017 14971 0 0 13 10 0 0 47034 47010 0 0 19888 19749 0 0 46952 34299 29940 0xB000000162B09870
1 0 2 0 4 0 13464 14989 15060 0 0 17 16 0 0 46850 46812 0 0 19925 19864 0 0 46909 34640 29760 0x64000001628FD570
1 0 2 0 5 0 13464 15032 14993 0 0 15 15 0 0 46909 46849 0 0 20114 20040 0 0 46896 34536 29770 0x1200000162A95E70
1 0 2 0 6 0 13464 15040 15012 0 0 20 18 0 0 46994 46883 0 0 20028 19895 0 0 47048 34967 29861 0xE50000012C922C70
1 0 2 0 7 0 13464 14967 14959 0 0 16 15 0 0 46910 46937 0 0 20107 20016 0 0 47003 34491 29647 0xD30000012CA01870
1 0 2 0 8 0 13464 14992 14969 0 0 9 9 0 0 46866 46677 0 0 20049 19999 0 0 47021 34952 29798 0x630000012C8E9870
1 0 2 0 9 0 13464 14994 15028 0 0 9 13 0 0 46675 46708 0 0 20136 20060 0 0 46899 34899 29688 0xAE0000012CA8DC70
1 0 2 0 10 0 13464 15000 14968 0 0 15 15 0 0 46788 63381 0 0 19874 19967 0 0 46928 34494 29841 0x5A0000012C93DC70
1 0 2 0 11 0 13464 15006 15016 0 0 14 16 0 0 46932 46857 0 0 20118 20160 0 0 47134 34770 29735 0xBF0000012C8E9C70
1 0 2 0 12 0 13464 15089 15060 0 0 15 17 0 0 46937 46951 0 0 20022 20039 0 0 47100 34621 29867 0x220000012C989070
1 0 5 0 0 0 13464 15067 15129 0 0 19 19 0 0 46705 46795 0 0 18807 18683 0 0 46872 34498 29697 0x120000012C959470
1 0 5 0 1 0 13464 15073 15107 0 0 12 14 0 0 46534 46645 0 0 19017 19032 0 0 46918 34885 29739 0xC60000016238AA70
1 0 5 0 2 0 13464 15072 15082 0 0 17 17 0 0 46678 46779 0 0 19031 18878 0 0 46914 34577 29716 0x570000012C9F9F70
1 0 5 0 3 0 13464 14990 14993 0 0 11 10 0 0 46691 46671 0 0 19045 19047 0 0 46840 34825 29727 0x2600000162254970
1 0 5 0 4 0 13464 14979 15117 0 0 14 21 0 0 46757 46766 0 0 19286 19200 0 0 46957 34818 29705 0x130000012C9A9670
1 0 5 0 5 0 13464 15044 15098 0 0 13 37 0 0 46819 46732 0 0 19525 19454 0 0 47026 34788 29690 0x450000012C909370
1 0 5 0 6 0 13464 14968 15160 0 0 15 23 0 0 46970 46901 0 0 19450 19334 0 0 46975 34603 29736 0x5E0000012CB1C370
1 0 5 0 7 0 13464 14974 15038 0 0 12 12 0 0 46945 47005 0 0 19453 19374 0 0 46911 34661 29826 0x060000012CA81D70
1 0 5 0 8 0 13464 14977 15035 0 0 11 9 0 0 46703 46663 0 0 19508 19542 0 0 47128 35018 29661 0x3200000161549270
1 0 5 0 9 0 13464 14996 15059 0 0 10 13 0 0 46920 46835 0 0 19419 19367 0 0 46914 34984 29780 0xC60000012CA44770
1 0 5 0 10 0 13464 15017 14986 0 0 15 13 0 0 46766 46856 0 0 19507 19486 0 0 47072 35048 29667 0xFC0000012C878970
1 0 5 0 11 0 13464 15095 15008 0 0 14 8 0 0 46830 46812 0 0 19522 19409 0 0 47025 35126 29669 0xD30000012CA64E70
1 0 5 0 12 0 13464 15078 15026 0 0 18 11 0 0 46625 63179 0 0 19512 19360 0 0 47069 35061 29683 0xBF00000162370770
1 0 3 0 0 0 13464 15048 15054 0 0 19 21 0 0 46708 46699 0 0 18988 18981 0 0 46948 34550 29713 0x910000012C990A70
1 0 3 0 1 0 13464 15135 15034 0 0 22 14 0 0 46653 46673 0 0 19237 19102 0 0 46911 34772 29769 0x7F000001622ACD70
1 0 3 0 2 0 13464 15056 15002 0 0 12 12 0 0 46850 46817 0 0 19255 19089 0 0 46950 34743 29697 0x2800000161520370
1 0 3 0 3 0 13464 15060 15002 0 0 3 16 0 0 46886 46884 0 0 19191 19201 0 0 46961 34849 29673 0x6D00000162239770
1 0 3 0 4 0 13464 15134 15011 0 0 21 12 0 0 46865 46941 0 0 19359 19395 0 0 46743 34774 29644 0x700000012C88C070
1 0 3 0 5 0 13464 15049 15049 0 0 12 18 0 0 46770 46839 0 0 19558 19413 0 0 47050 34737 29794 0xBD000001629DC970
1 0 3 0 6 0 13464 14984 15066 0 0 9 15 0 0 46781 46728 0 0 19613 19459 0 0 46995 34483 29749 0xD80000012CAD7770
1 0 3 0 7 0 13464 15159 15071 0 0 16 16 0 0 46834 46838 0 0 19617 19466 0 0 46967 34832 29783 0x3E0000012C9E3470
1 0 3 0 8 0 13464 14978 15065 0 0 11 13 0 0 46764 46778 0 0 19645 19558 0 0 47047 34839 29773 0x990000012CADA070
1 0 3 0 9 0 13464 15072 15047 0 0 19 14 0 0 46838 46796 0 0 19556 19388 0 0 47043 34778 29700 0xDD0000012C8A9070
1 0 3 0 10 0 13464 15114 14973 0 0 15 10 0 0 46759 46820 0 0 19656 19562 0 0 46958 34816 29633 0xF20000012CA39F70
1 0 3 0 11 0 13464 15043 14986 0 0 12 12 0 0 46748 46842 0 0 19687 19498 0 0 47105 35179 29768 0xF20000012CA87C70
1 0 3 0 12 0 13464 15119 14957 0 0 11 7 0 0 46903 46842 0 0 19692 19698 0 0 47137 34530 29674 0x430000012C96F070
1 0 0 0 0 0 13464 14958 15065 0 0 15 19 0 0 46882 46731 0 0 19692 19514 0 0 46966 34557 29840 0x340000012CB1E770
1 0 0 0 1 0 13464 14982 15021 0 0 11 16 0 0 46963 46847 0 0 19948 19747 0 0 46894 34870 29892 0x4E000001615DCA70
1 0 0 0 2 0 13464 14989 14983 0 0 15 13 0 0 46979 47015 0 0 19983 19807 0 0 47004 34593 29777 0x4B0000016286D170
1 0 0 0 3 0 13464 14994 15026 0 0 12 14 0 0 46746 46766 0 0 19940 19908 0 0 47012 34883 29864 0x600000012CA5E670
1 0 0 0 4 0 13464 14950 15023 0 0 11 13 0 0 46900 46918 0 0 19981 19895 0 0 47082 34844 29844 0x440000012C9E8870
1 0 0 0 5 0 13464 14972 15035 0 0 13 15 0 0 46777 46752 0 0 20221 20105 0 0 46941 34980 29749 0x2D0000012CAC8A70
1 0 0 0 6 0 13464 14977 15028 0 0 12 17 0 0 46889 46885 0 0 20181 20095 0 0 47026 34421 29803 0x69000001629C9870
1 0 0 0 7 0 13464 15033 15021 0 0 15 12 0 0 46831 46798 0 0 20289 20069 0 0 47198 34973 29753 0x8A00000161529D70
1 0 0 0 8 0 13464 14980 15010 0 0 11 11 0 0 46952 46859 0 0 20203 20112 0 0 46980 34854 29836 0xB00000012C8B1D70
1 0 0 0 9 0 13464 15151 14995 0 0 26 12 0 0 46827 46824 0 0 20151 20187 0 0 47019 34940 29723 0x8B000001622FD170
1 0 0 0 10 0 13464 15156 14982 0 0 21 10 0 0 46794 46818 0 0 20199 20061 0 0 47139 35034 29769 0x420000012C9AD970
1 0 0 0 11 0 13464 15104 15088 0 0 21 14 0 0 46882 46915 0 0 20266 20241 0 0 46982 34513 29795 0xFE0000012C9FDB70
1 0 0 0 12 0 13464 14964 15060 0 0 7 13 0 0 46889 46986 0 0 19975 20009 0 0 47161 35029 29806 0x340000012CA8BF70
1 0 7 0 0 0 13464 15034 15078 0 0 16 22 0 0 46506 46502 0 0 18404 18318 0 0 46992 34883 29748 0xD10000012CA11270
1 0 7 0 1 0 13464 15057 15072 0 0 10 13 0 0 46675 46746 0 0 18623 18405 0 0 47029 35085 29749 0x950000012C9F7A70
1 0 7 0 2 0 13464 15038 15098 0 0 12 17 0 0 46772 46710 0 0 18577 18375 0 0 47191 34897 29672 0x270000012CA50470
1 0 7 0 3 0 13464 14969 14959 0 0 10 10 0 0 46826 46754 0 0 18769 18682 0 0 47005 35105 29791 0xDF0000012CA35970
1 0 7 0 4 0 13464 14940 15103 0 0 9 13 0 0 46746 46644 0 0 18941 18822 0 0 47147 34963 29711 0x6D0000016221A570
1 0 7 0 5 0 13464 14960 15027 0 0 12 12 0 0 46608 46620 0 0 19045 18913 0 0 47041 34783 29660 0xF30000012C8EA470
1 0 7 0 6 0 13464 15112 15087 0 0 14 15 0 0 46606 46614 0 0 19094 19045 0 0 47172 34741 29779 0x4D0000012C9D6A70
1 0 7 0 7 0 13464 15074 15121 0 0 11 18 0 0 46692 46740 0 0 19221 19081 0 0 47159 34707 29776 0xBF00000162A82570
1 0 7 0 8 0 13464 14939 15103 0 0 8 15 0 0 46622 46704 0 0 19204 19134 0 0 47107 35242 29863 0x7F0000012C916470
1 0 7 0 9 0 13464 15082 14926 0 0 11 5 0 0 46791 46870 0 0 19145 19113 0 0 47190 34501 29938 0x0E0000012CAE0770
1 0 7 0 10 0 13464 14964 0 0 0 7 0 0 0 46704 50812 0 0 19248 19157 0 0 47290 34688 29714 0xE40000012C9B7870
1 0 7 0 11 0 13464 15091 15032 0 0 9 6 0 0 46510 46531 0 0 19212 19122 0 0 47198 35226 29879 0xD60000012C86E670
1 0 7 0 12 0 13464 14990 14982 0 0 10 9 0 0 46805 46780 0 0 19211 19080 0 0 47267 35082 29607 0x490000012CA07B70
1 0 6 0 0 0 13464 15042 15119 0 0 16 26 0 0 46785 46781 0 0 19599 19634 0 0 46836 34841 29744 0xC200000162361270
1 0 6 0 1 0 13464 15074 14991 0 0 18 11 0 0 46891 47082 0 0 19691 19876 0 0 46950 34632 29843 0x110000012C9EE170
1 0 6 0 2 0 13464 15038 15003 0 0 15 15 0 0 46581 46683 0 0 19989 20040 0 0 46951 34834 29851 0x4900000161580770
1 0 6 0 3 0 13464 15042 14973 0 0 17 10 0 0 46923 46961 0 0 20002 20016 0 0 47016 34551 29916 0xE90000016294F470
1 0 6 0 4 0 13464 15011 15031 0 0 14 14 0 0 46818 46872 0 0 20166 20116 0 0 47061 34776 29731 0x9F0000012CA76F70
1 0 6 0 5 0 13464 14980 14990 0 0 17 10 0 0 46949 46999 0 0 20304 20209 0 0 47086 34608 29866 0xAF0000012C8D2F70
1 0 6 0 6 0 13464 14979 14970 0 0 10 11 0 0 46721 46699 0 0 20130 20113 0 0 46977 34633 29746 0x7000000162399370
1 0 6 0 7 0 13464 15025 14990 0 0 17 11 0 0 46742 46763 0 0 20282 20299 0 0 47035 34829 29897 0x4A00000162221770
1 0 6 0 8 0 13464 14965 15063 0 0 14 17 0 0 47050 46974 0 0 20322 20270 0 0 47093 34843 29830 0x0A0000012C85C970
1 0 6 0 9 0 13464 15044 15099 0 0 14 17 0 0 46854 46852 0 0 20358 20281 0 0 46957 34696 29755 0x1700000162A13570
1 0 6 0 10 0 13464 15086 15076 0 0 16 16 0 0 46853 46828 0 0 20288 20323 0 0 47019 34943 29828 0x270000012C873D70
1 0 6 0 11 0 13464 15105 15041 0 0 17 9 0 0 46951 47035 0 0 20043 20345 0 0 47104 34612 29901 0xD10000012CB2B070
1 0 6 0 12 0 13464 15015 14966 0 0 10 8 0 0 46863 46872 0 0 20247 20015 0 0 47160 34559 29825 0xA100000162A8C470
1 0 4 1 0 0 13464 15112 15058 0 0 21 14 0 0 46750 46841 0 0 18601 18397 0 0 47021 34956 29669 0xE8000001614AB470
1 0 4 1 1 0 13464 15060 14989 0 0 14 12 0 0 46844 46786 0 0 18943 18734 0 0 47169 34539 29697 0x510000012CA7E070
1 0 4 1 2 0 13464 15060 14978 0 0 13 9 0 0 46662 46662 0 0 18802 18664 0 0 47037 35081 29647 0x4C0000012C9EC470
1 0 4 1 3 0 13464 15054 14982 0 0 14 14 0 0 46846 46858 0 0 18988 18850 0 0 47119 34661 29604 0xDD0000012CA17870
1 0 4 1 4 0 13464 15005 15101 0 0 14 13 0 0 46570 46686 0 0 19169 19070 0 0 47133 35300 29722 0x21000001615D4D70
1 0 4 1 5 0 13464 15017 14958 0 0 19 16 0 0 46771 46732 0 0 19286 19253 0 0 46999 34990 29808 0x0A0000012C86E270
1 0 4 1 6 0 13464 15072 15074 0 0 12 13 0 0 46894 46856 0 0 19353 19295 0 0 47121 34765 29695 0x6C0000012C9FF470
1 0 4 1 7 0 13464 15072 14979 0 0 15 10 0 0 46945 46950 0 0 19265 19258 0 0 47088 34585 29723 0x000000012C9FE570
1 0 4 1 8 0 13464 15210 15053 0 0 16 10 0 0 46781 46800 0 0 19282 19293 0 0 47124 34862 29799 0x7F0000012C8D4170
1 0 4 1 9 0 13464 15201 15004 0 0 12 8 0 0 46836 46870 0 0 19345 19277 0 0 47153 34709 29791 0x2E0000012C912B70
1 0 4 1 10 0 13464 14992 15047 0 0 14 16 0 0 46752 46885 0 0 19527 19362 0 0 47093 34665 29742 0x0F0000012CABFF70
1 0 4 1 11 0 13464 15134 15023 0 0 14 10 0 0 46708 46697 0 0 19316 19348 0 0 47131 35321 29717 0x400000012CB03B70
1 0 4 1 12 0 13464 15034 14979 0 0 12 6 0 0 46903 46952 0 0 19318 19306 0 0 47196 35055 29766 0x530000012CA5C170
1 0 1 1 0 0 13464 14966 15023 0 0 16 21 0 0 46843 46891 0 0 19430 19156 0 0 46960 34505 29902 0xFE0000012C9AA670
1 0 1 1 1 0 13464 15044 15005 0 0 24 15 0 0 46863 46789 0 0 19582 19481 0 0 46949 34768 29725 0xB30000012CA8AB70
1 0 1 1 2 0 13464 14958 14976 0 0 14 13 0 0 46912 47019 0 0 19585 19525 0 0 46894 34334 29792 0x6C00000162ACB970
1 0 1 1 3 0 13464 14966 14994 0 0 13 14 0 0 46888 46902 0 0 19695 19579 0 0 46869 34571 29857 0x16000001628F2570
1 0 1 1 4 0 13464 15092 14996 0 0 18 12 0 0 46858 46846 0 0 19843 19678 0 0 47027 34816 29761 0xA20000012C8FF270
1 0 1 1 5 0 13464 14997 14987 0 0 15 15 0 0 46800 46911 0 0 19946 19822 0 0 46834 34692 29859 0xA100000162995F70
1 0 1 1 6 0 13464 15075 14953 0 0 11 9 0 0 46809 46975 0 0 19911 19785 0 0 46922 34807 29887 0x89000001623D7970
1 0 1 1 7 0 13464 14992 15041 0 0 10 12 0 0 46991 46879 0 0 19984 19909 0 0 46908 34550 29853 0xBC0000012C8F1370
1 0 1 1 8 0 13464 14969 15024 0 0 13 18 0 0 47021 46991 0 0 19841 19886 0 0 46957 34491 29761 0xF1000001629ABE70
1 0 1 1 9 0 13464 14935 14993 0 0 14 14 0 0 46871 46765 0 0 20050 19891 0 0 47084 35022 29762 0x200000012CAF4E70
1 0 1 1 10 0 13464 14956 14974 0 0 11 9 0 0 46886 46851 0 0 19998 19890 0 0 47072 34578 29826 0x0C0000012C932370
1 0 1 1 11 0 13464 15023 14940 0 0 11 6 0 0 46762 46912 0 0 20022 19955 0 0 46982 34841 29791 0x970000012C9A1470
1 0 1 1 12 0 13464 14989 15009 0 0 8 9 0 0 46992 46971 0 0 19897 19854 0 0 47110 34617 29862 0x950000012CA8B770
# Sector 4 LOG STOP run 01107040 at 1613590852
# Sector 5 LOG START run 01107040 type physics at 1613590844
1 0 8 0 0 0 13464 14935 15013 0 0 14 13 0 0 46718 46732 0 0 19240 19081 0 0 47021 34871 29828 0x5000000161518770
1 0 8 0 1 0 13464 15038 15013 0 0 14 13 0 0 46936 46925 0 0 19386 19285 0 0 46957 34519 29902 0xE40000012C9F1C70
1 0 8 0 2 0 13464 14949 14968 0 0 9 10 0 0 46844 46744 0 0 19506 19424 0 0 46835 34195 29844 0xDE0000016289C970
1 0 8 0 3 0 13464 14950 15019 0 0 8 14 0 0 46939 46960 0 0 19464 19499 0 0 47075 34834 29835 0xA80000012C95DE70
1 0 8 0 4 0 13464 14949 15019 0 0 8 13 0 0 46776 46767 0 0 19760 19598 0 0 47084 34579 29778 0x450000012C994270
1 0 8 0 5 0 13464 14999 14987 0 0 9 11 0 0 46898 46902 0 0 19814 19750 0 0 46935 34696 29900 0xA90000016228A470
1 0 8 0 6 0 13464 15010 15028 0 0 10 15 0 0 46960 46973 0 0 19685 19581 0 0 46967 34542 29789 0x6E0000012C9EFE70
1 0 8 0 7 0 13464 14986 15028 0 0 12 14 0 0 46983 46915 0 0 19788 19707 0 0 46948 34916 29718 0xB8000001622B9270
1 0 8 0 8 0 13464 14959 15009 0 0 10 10 0 0 46686 46709 0 0 19953 19843 0 0 47073 34975 29706 0x1C0000012C8CB570
1 0 8 0 9 0 13464 15025 15044 0 0 13 14 0 0 46699 46812 0 0 19895 19880 0 0 47090 34492 29718 0x210000012C94AA70
1 0 8 0 10 0 13464 14935 14951 0 0 11 12 0 0 46794 46817 0 0 19809 19785 0 0 47104 34887 29955 0xE1000001622DC770
1 0 8 0 11 0 13464 15016 14995 0 0 10 12 0 0 46759 46744 0 0 19986 19743 0 0 47131 34985 29806 0x950000012C9A0770
1 0 8 0 12 0 13464 15020 15005 0 0 11 8 0 0 46929 46961 0 0 19890 19852 0 0 47285 34744 29825 0x000000012C99B370
1 0 8 1 0 0 13464 14905 15085 0 0 14 18 0 0 46884 46922 0 0 19051 18992 0 0 46868 34611 29811 0xF80000012C8F6770
1 0 8 1 1 0 13464 14935 15051 0 0 12 19 0 0 46945 46861 0 0 19343 19265 0 0 47010 34445 29620 0x75000001629A3C70
1 0 8 1 2 0 13464 14992 15071 0 0 17 15 0 0 46736 46695 0 0 19325 19152 0 0 46985 34491 29774 0xA40000012C899170
1 0 8 1 3 0 13464 14973 15008 0 0 13 10 0 0 46946 46859 0 0 19327 19227 0 0 46961 34545 29689 0xA90000012CAC0870
1 0 8 1 4 0 13464 15053 15051 0 0 16 19 0 0 46907 46913 0 0 19575 19539 0 0 46843 34493 29695 0x2E0000012CB31270
1 0 8 1 5 0 13464 15054 15014 0 0 12 16 0 0 46690 46826 0 0 19554 19651 0 0 46919 34868 29773 0x880000012C94EE70
1 0 8 1 6 0 13464 15047 15060 0 0 12 20 0 0 46908 46926 0 0 19675 19647 0 0 46957 34701 29720 0x13000001614B3070
1 0 8 1 7 0 13464 15069 15064 0 0 11 22 0 0 46786 46760 0 0 19591 19752 0 0 47040 34819 29811 0x410000012C987D70
1 0 8 1 8 0 13464 15052 15007 0 0 14 12 0 0 46852 46907 0 0 19782 19700 0 0 46901 34641 29701 0xD20000012C8A6C70
1 0 8 1 9 0 13464 15087 15013 0 0 15 14 0 0 46874 46883 0 0 19786 19577 0 0 46876 35126 29626 0xE30000012CA86170
1 0 8 1 10 0 13464 15060 14998 0 0 11 9 0 0 46993 46892 0 0 19798 19600 0 0 46995 34628 29722 0x3D0000012C8D0070
1 0 8 1 11 0 13464 14985 14957 0 0 7 9 0 0 46901 46838 0 0 19770 19618 0 0 47096 34835 29728 0x470000012CA57F70
1 0 8 1 12 0 13464 14978 14965 0 0 10 10 0 0 46669 46763 0 0 19631 19687 0 0 47191 35010 29720 0xE5000001614F2670
# Sector 5 LOG STOP run 01107040 at 1613590855
# Sector 6 LOG START run 01107040 type physics at 1613590826
0 1 1 0 0 0 3366 15116 15113 15118 15119 28 30 24 31 41780 41822 41836 41684 23206 23238 22946 22671 46370 34060 29660 0x150000016289E570
0 1 1 0 1 0 3366 15118 15116 15110 15118 28 19 23 21 41810 41999 42115 42123 23634 23644 23446 23038 46463 33975 29748 0x8F00000162A05C70
0 1 1 0 2 0 3366 15120 15117 15116 15112 21 16 21 18 42067 42135 42128 42007 23948 23910 23737 23269 46307 33930 29768 0x3200000162A4C270
0 1 1 0 3 0 3366 15130 15125 15131 15126 24 26 20 28 42107 42026 41953 41955 24218 24324 24006 23602 46412 33961 29781 0x50000001628B2670
0 1 1 0 4 0 3366 15118 15114 15130 15128 20 20 22 22 42199 42219 42076 42122 24119 24503 24051 23737 46465 33927 29720 0x5F00000162AC9E70
0 1 1 0 5 0 3366 15115 15119 15117 15118 23 25 17 15 42111 42096 42189 42140 24279 24456 24099 23937 46441 34021 29672 0x3100000162A54D70
0 1 1 0 6 0 3366 15120 15129 15125 15123 21 24 21 21 42031 42135 41983 42124 24109 24346 23955 23923 46493 33954 29867 0xFE000001628D8470
0 1 1 0 7 0 3366 15126 15125 15133 15126 18 18 18 18 42028 42015 41972 41978 23919 24197 23692 23630 46557 33979 29713 0x0800000162980270
0 1 1 0 8 0 3366 15133 15125 15128 15130 11 18 16 16 41942 41923 41997 41940 23756 24127 23573 23508 46635 33951 29790 0xBF00000162859B70
0 1 1 0 9 0 3366 15127 15126 15122 15130 17 16 15 14 41381 41929 41997 41868 23257 23833 23270 23327 46632 34177 29710 0xAF00000162B2CE70
0 1 1 0 10 0 3366 15117 15116 15120 15126 15 11 16 18 41910 41886 42063 41958 23174 23503 22910 23158 46659 34722 29665 0xF500000162951F70
0 1 0 0 0 0 3366 15152 15154 15164 15156 26 22 21 28 42066 41903 41926 41988 23537 23717 23161 23038 46536 34010 29752 0x7400000162A1D870
0 1 0 0 1 0 3366 15150 15158 15154 15156 22 23 20 21 41982 41865 41988 42064 23608 23727 23370 23094 46369 33958 29665 0x0C0000016290EC70
0 1 0 0 2 0 3366 15162 15164 15154 15158 21 25 29 26 41833 41926 41871 41874 23924 23808 23800 23243 46410 33836 29766 0x6C000001629A6D70
0 1 0 0 3 0 3366 15154 15159 15155 15164 20 24 29 17 42032 42177 42084 42013 24152 24256 24063 23491 46562 34072 29654 0xA200000162B10A70
0 1 0 0 4 0 3366 15152 15163 15158 15157 28 25 30 23 42004 41886 42096 42188 24398 24582 24151 23890 46338 34133 29783 0x3A0000016299B970
0 1 0 0 5 0 3366 15160 15155 15158 15148 22 22 25 20 41941 42027 42061 42003 24436 24485 24210 23916 46512 34065 29726 0x27000001628F1170
0 1 0 0 6 0 3366 15152 15158 15159 15155 22 27 22 20 42051 42148 41861 42051 24098 24341 24064 23954 46546 34303 29766 0x7000000162940170
0 1 0 0 7 0 3366 15158 15149 15157 15154 21 23 20 19 41809 41879 41958 41799 24252 24324 23897 23753 46578 33989 29710 0x1000000162AC3070
0 1 0 0 8 0 3366 15122 15125 15127 15120 18 18 17 21 42101 41965 41879 42155 23901 24102 23684 23692 46445 34215 29785 0x5200000162AC7170
0 1 0 0 9 0 3366 15123 15125 15129 15117 19 17 15 13 41959 42105 42228 42073 23606 24036 23343 23425 46710 34197 29729 0xC100000162850170
0 1 0 0 10 0 3366 15123 15124 15127 15128 15 15 18 17 42021 42005 42099 41949 23232 23688 23164 23308 46655 34244 29666 0x4F00000162B21170
0 1 5 0 0 0 3366 15123 15116 15112 15120 28 24 26 22 41860 41971 41901 41920 22937 22565 22702 22152 46424 34438 29900 0x040000016290A070
0 1 5 0 1 0 3366 15117 15120 15121 15122 23 24 19 20 41784 41801 41945 41733 23509 23483 23328 23018 46558 34344 29840 0x8A000001629FFA70
0 1 5 0 2 0 3366 15120 15120 15110 15120 24 24 17 22 42017 41917 41986 41956 23749 23842 23621 23247 46534 34096 29841 0xD500000162936070
0 1 5 0 3 0 3366 15119 15129 15126 15127 23 14 22 26 41955 41893 41910 41857 24097 23989 23924 23651 46433 34094 29869 0xB800000162979070
0 1 5 0 4 0 3366 15124 15126 15124 15121 19 24 25 21 42132 42054 42112 42096 23882 24218 23808 23647 46585 34194 29762 0xBB00000162A1D270
0 1 5 0 5 0 3366 15118 15114 15124 15128 34 27 29 24 41933 41837 41759 41804 23941 24040 23681 23596 46585 34111 29711 0x4600000162B0EA70
0 1 5 0 6 0 3366 15121 15123 15115 15117 24 21 18 17 41936 42076 42008 41994 23826 24038 23559 23549 46621 34163 29858 0x6900000162AC1A70
0 1 5 0 7 0 3366 15130 15135 15134 15131 23 24 27 21 41930 41904 41847 42063 23588 23943 23385 23501 46531 34310 29882 0xAE000001629FF570
0 1 5 0 8 0 3366 15137 15142 15144 15148 18 17 14 16 41939 41817 41795 41786 23352 23770 23162 23177 46687 34531 29660 0x5B00000162909670
0 1 5 0 9 0 3366 15142 15132 15139 15139 14 20 23 21 41836 42050 42012 41961 22941 23408 22784 22914 46585 34797 29814 0xC600000162B04E70
0 1 5 0 10 0 3366 15142 15146 15141 15138 20 18 13 16 41905 41770 41777 41827 22893 23254 22842 22796 46679 34437 29834 0x7D00000162A65E70
0 1 7 0 0 0 3366 15131 15131 15132 15135 32 32 27 36 41875 41891 41934 41988 22654 22511 22421 21944 46522 34084 29674 0x4000000162A89E70
0 1 7 0 1 0 3366 15138 15130 15127 15137 30 23 32 28 42101 42067 41909 41960 23176 23139 22941 22620 46461 34334 29678 0xF700000162AE6D70
0 1 7 0 2 0 3366 15136 15141 15138 15139 24 32 25 27 41730 41709 41843 42098 23554 23527 23318 23023 46421 34183 29688 0x6A00000162929070
0 1 7 0 3 0 3366 15145 15135 15137 15137 27 22 27 21 42065 42051 42101 42223 23805 24009 23553 23486 46459 34070 29644 0x8E00000162AF5E70
0 1 7 0 4 0 3366 15129 15138 15133 15128 22 20 24 22 41996 42029 42002 41788 23462 23948 23395 23415 46665 34313 29593 0xBD000001629CD070
0 1 7 0 5 0 3366 15131 15134 15131 15139 29 25 25 21 41887 42026 41938 41899 23777 23936 23550 23476 46584 34209 29622 0x480000016296CE70
0 1 7 0 6 0 3366 15134 15132 15129 15137 24 19 19 23 41778 41699 41804 41971 23608 23995 23370 23489 46540 34288 29726 0x1C0000016286AB70
0 1 7 0 7 0 3366 15127 15136 15135 15133 19 21 21 17 41775 41782 41826 41743 23252 23686 23104 23147 46670 34495 29672 0x3000000162A28770
0 1 7 0 8 0 3366 15150 15134 15135 15139 18 21 18 18 41916 41978 41916 42032 23003 23582 22901 23013 46696 34230 29665 0x4C0000016295C370
0 1 7 0 9 0 3366 15133 15130 15142 15136 21 20 18 17 41949 41897 41959 42006 22861 23311 22441 22788 46739 34377 29689 0xCE00000162A08B70
0 1 7 0 10 0 3366 15137 15133 15127 15132 12 14 17 17 41886 41902 41888 41813 22715 23131 22631 22595 46876 34586 29690 0x7E00000162A09E70
0 1 6 0 0 0 3366 15137 15143 15141 15138 37 37 29 29 41952 41917 41885 42070 22766 22682 22567 22112 46323 34150 29686 0x43000001628E5570
0 1 6 0 1 0 3366 15132 15139 15143 15138 28 25 31 29 41810 41883 41865 41860 23272 23294 23048 22841 46449 34293 29784 0x9900000162907370
0 1 6 0 2 0 3366 15131 15133 15138 15135 30 29 28 26 42101 42019 42057 42093 23700 23697 23471 23228 46465 33925 29903 0x9E00000162AABB70
0 1 6 0 3 0 3366 15136 15129 15138 15138 28 32 24 23 41994 41831 41917 41798 24008 24186 23873 23622 46492 34267 29844 0x550000016297A070
0 1 6 0 4 0 3366 15137 15134 15139 15134 18 22 21 21 41991 41900 41964 41877 23709 24114 23530 23537 46592 34133 29846 0xC200000162A2D370
0 1 6 0 5 0 3366 15135 15140 15136 15140 20 22 19 24 41930 42003 42002 41981 23866 23874 23769 23486 46635 34222 29820 0xEF000001628D9970
0 1 6 0 6 0 3366 15139 15139 15135 15139 18 20 41 18 42125 42032 42242 42058 23654 23859 23512 23544 46721 34347 29773 0x690000016285C070
0 1 6 0 7 0 3366 15139 15143 15138 15137 25 21 19 16 42039 41982 41865 41917 23407 23754 23130 23326 46605 34226 29730 0x1200000162923F70
0 1 6 0 8 0 3366 15132 15138 15138 15139 19 16 19 20 41996 42080 42002 42005 23084 23627 22992 23075 46586 34368 29820 0x1B0000016292F670
0 1 6 0 9 0 3366 15141 15144 15144 15142 13 21 19 18 41817 41908 41654 41839 22863 23290 22656 22905 46761 34351 29857 0x4D000001628B5170
0 1 6 0 10 0 3366 15146 15140 15138 15141 22 21 23 19 41837 41722 41891 41726 22751 23124 22643 22653 46748 34348 29812 0xE70000016293C270
# Sector 6 LOG STOP run 01107040 at 1613590834
# Sector 7 LOG START run 01107040 type physics at 1613590849
0 1 9 0 0 0 3366 15137 15142 15137 15132 30 32 22 30 41653 41729 41801 41759 22434 22269 22181 21741 46427 34257 29645 0xE100000162AEC070
0 1 9 0 1 0 3366 15142 15141 15138 15141 31 28 31 53 41779 41749 41732 41662 22870 22790 22708 22516 46516 34103 29738 0x40000001628AA770
0 1 9 0 2 0 3366 15141 15145 15148 15141 27 29 32 27 41895 41878 41952 41803 23222 23248 23084 22839 46458 34191 29590 0x7C00000162B23670
0 1 9 0 3 0 3366 15131 15134 15138 15141 29 24 29 30 42045 42058 41938 42103 23526 23790 23305 23192 46663 34231 29744 0x8C00000162936370
0 1 9 0 4 0 3366 15137 15138 15141 15138 22 35 27 25 42018 42024 41907 41977 23264 23692 23129 22996 46532 34401 29750 0x3700000162ADB070
0 1 9 0 5 0 3366 15138 15133 15137 15133 26 22 20 29 41855 41787 41639 41877 23544 23707 23120 23064 46588 34402 29593 0x7100000162982870
0 1 9 0 6 0 3366 15133 15137 15145 15128 21 16 26 17 41827 41847 41698 41786 23124 23543 22849 22925 46625 34162 29732 0x7B0000016289E770
0 1 9 0 7 0 3366 15142 15148 15142 15135 22 18 18 22 41910 41838 41827 41908 23025 23338 22727 22810 46717 34196 29568 0x050000016285D170
0 1 9 0 8 0 3366 15129 15131 15131 15131 15 15 17 16 41859 41935 41847 41975 22769 22980 22504 22467 46537 34260 29421 0x9600000162919670
0 1 9 0 9 0 3366 15164 15166 15157 15162 18 21 18 19 41774 41784 41783 41716 22536 22963 22351 22386 46624 34301 29667 0x5500000162ACC170
0 1 9 0 10 0 3366 15159 15151 15161 15156 16 15 14 19 41870 41904 41961 41850 22426 22853 22312 22369 46589 34287 29665 0x5A00000162AF1670
0 1 11 0 0 0 3366 15148 15151 15157 15152 24 22 19 27 41770 41776 41723 41733 22309 22079 22125 21506 46566 33926 29952 0xD600000162B2E470
0 1 11 0 1 0 3366 15154 15160 15157 15155 27 28 25 18 41650 41728 41572 41700 22581 22924 22236 22214 46437 34207 29858 0xC6000001629CE970
0 1 11 0 2 0 3366 15146 15145 15148 15145 28 31 25 28 42037 41882 41878 41945 22918 23010 22672 22513 46489 34172 29861 0x7400000162A3EA70
0 1 11 0 3 0 3366 15152 15147 15148 15150 18 17 18 22 41825 41934 42007 41824 22994 23365 22741 22742 46473 34173 30086 0xD000000162A06A70
0 1 11 0 4 0 3366 15148 15154 15150 15158 21 25 23 23 41796 41636 41839 41805 22716 23066 22484 22639 46417 34019 29969 0x1D00000162A73C70
0 1 11 0 5 0 3366 15144 15146 15150 15152 19 18 29 19 41844 41756 41797 41812 23001 23139 22655 22626 46488 33997 30069 0x1F00000162A34B70
0 1 11 0 6 0 3366 15158 15156 15163 15157 16 19 18 18 42000 41885 42006 41740 22817 23093 22533 22548 46594 34091 30014 0x2100000162AE3670
0 1 11 0 7 0 3366 15150 15159 15154 15145 20 21 21 23 41922 42134 42154 41939 22694 22958 22360 22383 46673 34501 29917 0xA700000162AAC370
0 1 11 0 8 0 3366 15166 15160 15167 15162 18 21 14 20 41682 41783 41751 41729 22199 22634 21765 22117 46620 34221 29991 0x4A00000162B2B270
0 1 11 0 9 0 3366 15159 15158 15158 15159 16 21 19 16 41845 41872 41966 41818 22057 22689 22035 22066 46640 34250 29933 0x6500000162905E70
0 1 11 0 10 0 3366 15164 15163 15158 15162 18 17 11 13 41892 41898 41878 42154 22097 22353 21988 21893 46747 34379 30032 0x1A00000162AA3970
0 1 12 0 0 0 3366 15162 15164 15157 15158 29 37 23 31 41913 41773 41863 41833 22024 21842 21679 21311 46577 34296 30038 0xFE00000162A03A70
0 1 12 0 1 0 3366 15162 15162 15164 15162 29 36 30 29 41925 41908 41864 41739 22242 22498 21964 21932 46472 34135 29756 0x6800000162A31870
0 1 12 0 2 0 3366 15134 15156 15160 15142 22 26 28 20 41859 41804 41724 41803 22811 22849 22304 22284 46517 34055 29981 0x6700000162AF4870
0 1 12 0 3 0 3366 15161 15163 15160 15158 20 32 19 19 41942 41951 41972 41934 22877 23224 22328 22512 46435 34370 30006 0x6C00000162856370
0 1 12 0 4 0 3366 15158 15159 15159 15150 27 27 19 25 41908 41794 41886 41770 22857 23114 22322 22387 46622 34049 29989 0x4A00000162A9D870
0 1 12 0 5 0 3366 15156 15156 15161 15161 25 29 30 19 42149 42096 41902 42129 22892 23138 22488 22406 46583 34260 30033 0xD800000162B1B670
0 1 12 0 6 0 3366 15162 15156 15158 15155 20 20 15 17 41942 41888 41926 41876 22687 23097 22209 22529 46595 34083 30021 0x3800000162883A70
0 1 12 0 7 0 3366 15156 15163 15157 15149 24 20 20 16 41584 41823 41800 41805 22521 22835 22048 22291 46481 34205 30012 0x7A00000162920870
0 1 12 0 8 0 3366 15161 15157 15156 15154 18 13 15 19 41778 41814 41831 41826 22198 22642 21726 21955 46597 34299 29925 0xFD000001629FA970
0 1 12 0 9 0 3366 15155 15155 15167 15157 25 21 15 22 41855 41751 41796 41800 22153 22590 21890 21988 46598 34427 30093 0x8C00000162AD7F70
0 1 12 0 10 0 3366 15162 15160 15157 15155 24 24 18 22 41835 41823 41876 42067 21780 22263 21671 21707 46589 34257 29796 0xB400000162AD8270
0 1 14 0 0 0 3366 15154 15152 15158 15161 26 28 29 25 41801 41883 41751 41849 21867 22032 21793 21348 46565 34539 29831 0x7300000162A41570
0 1 14 0 1 0 3366 15141 15141 15137 15147 25 27 21 24 41641 41693 41563 41538 21611 22237 21000 21575 46510 34116 29724 0xBA00000162ADFB70
0 1 14 0 2 0 3366 15133 15140 15142 15141 21 20 20 21 41812 41787 41760 41886 22060 22228 21399 21593 46440 34410 29749 0xB40000016291AC70
0 1 14 0 3 0 3366 15150 15145 15149 15147 17 26 25 21 41841 42027 41913 41986 22422 22924 22028 22312 46517 34290 29947 0x9F00000162878070
0 1 14 0 4 0 3366 15145 15140 15145 15147 20 20 13 20 41637 41570 41730 41748 22146 22439 21787 21988 46521 34110 29806 0xFE0000016296EE70
0 1 14 0 5 0 3366 15170 15161 15161 15156 25 23 21 22 41828 41966 41850 41817 22234 22489 21835 21892 46555 34239 29858 0x5D0000016290A370
0 1 14 0 6 0 3366 15160 15155 15154 15160 18 21 20 20 41807 41788 41824 41791 22322 22576 21885 22028 46708 34224 29874 0xD900000162921370
0 1 14 0 7 0 3366 15129 15135 15133 15137 21 17 12 19 41785 41855 41878 41858 22104 22271 21626 21817 46498 34140 29883 0x2F00000162943770
0 1 14 0 8 0 3366 15140 15135 15135 15137 18 21 16 18 41882 41836 41961 41802 21845 22275 21568 21729 46574 34622 29833 0xCE0000016287CF70
0 1 14 0 9 0 3366 15137 15149 15142 15136 17 19 21 16 41863 41768 41692 41843 21854 22240 21561 21644 46651 34280 29886 0x4C00000162A54170
0 1 14 0 10 0 3366 15171 15173 15164 15168 13 18 13 13 42026 41963 41945 41849 21405 21651 21098 21301 46756 34392 29822 0x4E0000016290AD70
0 1 13 0 0 0 3366 15166 15160 15162 15151 27 25 25 23 41606 41644 41617 41649 22049 21967 21683 21298 46460 34167 29731 0xD600000162B0D670
0 1 13 0 1 0 3366 15160 15171 15157 15157 24 28 18 19 41905 41902 41771 41954 22056 22434 21489 21809 46560 34096 29681 0x8700000162A01070
0 1 13 0 2 0 3366 15159 15155 15162 15160 29 31 29 27 42061 41956 41946 41880 22512 22786 21981 22165 46458 34101 29851 0xFB0000016299CA70
0 1 13 0 3 0 3366 15165 15162 15159 15154 22 25 23 23 41805 41892 41893 41951 22530 22917 22109 22411 46574 34333 29726 0xCF00000162A74170
0 1 13 0 4 0 3366 15161 15160 15165 15160 22 16 21 23 41774 41883 41798 41876 22617 22685 22150 22197 46650 34154 29702 0x2A000001628CD570
0 1 13 0 5 0 3366 15159 15166 15159 15165 17 20 16 18 41685 41678 41786 41828 22667 22836 22112 22061 46688 34094 29864 0xC000000162A49670
0 1 13 0 6 0 3366 15155 15167 15157 15152 17 20 17 17 41862 41853 41749 41846 22479 22855 22092 22202 46678 34364 29788 0x5000000162915570
0 1 13 0 7 0 3366 15157 15164 15155 15153 14 18 16 13 41855 41829 41548 41895 22398 22543 22052 22117 46560 34332 29807 0x33000001629A5B70
0 1 13 0 8 0 3366 15157 15159 15163 15152 21 18 12 22 41848 41885 41746 41907 22092 22613 21750 21939 46694 34353 29828 0x000000016293AD70
0 1 13 0 9 0 3366 15156 15149 15156 15119 16 20 14 14 41917 41851 41775 41985 22026 22423 21882 21845 46654 34450 29852 0x28000001628FED70
0 1 13 0 10 0 3366 15156 15156 15156 15153 13 22 17 16 41647 41725 41658 41718 21879 22160 21514 21531 46821 34346 29930 0xCF00000162919570
0 1 8 0 0 0 3366 15138 15131 15136 15133 35 43 32 37 41905 42016 41890 41921 22595 22392 22299 21831 46553 34410 29649 0x64000001629C7770
0 1 8 0 1 0 3366 15137 15136 15148 15136 31 21 39 25 41895 41772 41762 41698 23037 23033 22900 22577 46563 34065 29710 0x3500000162A64070
0 1 8 0 2 0 3366 15138 15136 15135 15136 30 32 34 28 41800 41769 41719 41611 23444 23527 23269 22987 46547 34191 29740 0xC8000001628C1970
0 1 8 0 3 0 3366 15140 15137 15150 15134 21 21 21 19 42176 42176 42200 42102 23682 23893 23490 23342 46477 34337 29696 0xC5000001629C7F70
0 1 8 0 4 0 3366 15133 15138 15138 15139 22 20 23 22 41888 41839 41761 41910 23485 23889 23281 23220 46436 34172 29648 0x94000001629A6670
0 1 8 0 5 0 3366 15142 15134 15132 15146 24 25 18 26 41863 41833 41855 41847 23545 23881 23293 23290 46542 34312 29618 0x9800000162983E70
0 1 8 0 6 0 3366 15135 15132 15140 15139 14 14 16 14 42122 42052 42116 42021 23311 23698 23057 23197 46589 34354 29545 0xA8000001628B2D70
0 1 8 0 7 0 3366 15132 15146 15132 15137 15 20 19 20 41876 41920 41926 42065 23211 23474 22963 23042 46602 34317 29649 0x2A00000162A16B70
0 1 8 0 8 0 3366 15137 15144 15150 15146 19 19 15 18 41933 41932 41875 41903 23040 23301 22765 22675 46659 34305 29626 0xDC0000016292B070
0 1 8 0 9 0 3366 15143 15150 15144 15144 19 18 20 17 41939 41797 41750 41838 22523 23082 22387 22561 46745 34243 29647 0x6D00000162AB7370
0 1 8 0 10 0 3366 15149 15148 15147 15142 17 11 13 11 41824 41860 41740 41821 22559 23004 22506 22524 46734 34174 29630 0x3F0000016294AF70
0 1 10 0 0 0 3366 15150 15149 15151 15152 29 28 25 22 41806 41733 41747 41833 22249 21984 22030 21541 46449 34118 29931 0x5C00000162A4C070
0 1 10 0 1 0 3366 15148 15150 15156 15146 21 25 24 18 41634 41804 41637 41610 22595 22633 22350 22205 46470 34093 29898 0x3A00000162AC4670
0 1 10 0 2 0 3366 15148 15144 15150 15144 29 20 25 24 41807 42028 41931 41940 22978 23145 22746 22697 46578 33914 30030 0x1800000162B14070
0 1 10 0 3 0 3366 15145 15148 15148 15149 27 32 19 20 41749 41771 41775 41854 23284 23638 22926 23114 46540 34031 29929 0x0A00000162AEC570
0 1 10 0 4 0 3366 15151 15155 15146 15149 25 26 20 27 41767 41781 41731 41836 22924 23264 22669 22696 46596 34163 29943 0xD400000162A27E70
0 1 10 0 5 0 3366 15149 15148 15152 15141 24 24 21 19 41883 41938 42021 41895 23077 23383 22913 22846 46567 34236 29907 0x900000016290BA70
0 1 10 0 6 0 3366 15155 15157 15150 15151 28 23 22 25 41944 42056 41976 42070 22816 23196 22670 22768 46689 34111 29977 0x28000001629D5670
0 1 10 0 7 0 3366 15151 15150 15153 15151 21 25 18 23 41914 41830 41884 42000 22818 23109 22551 22618 46614 34207 30010 0xDE000001629C3D70
0 1 10 0 8 0 3366 15159 15159 15157 15154 24 19 19 19 41771 41870 41684 41789 22334 22787 22177 22286 46602 34318 29912 0x150000016294D970
0 1 10 0 9 0 3366 15160 15165 15157 15159 20 20 15 20 41960 41911 41976 41922 22332 22791 22142 22206 46569 34181 29941 0x0000000162AAFE70
0 1 10 0 10 0 3366 15160 15160 15157 15156 13 16 18 14 41970 41922 41947 41950 22098 22493 22043 22092 46645 34690 29997 0x8A00000162AF7870
# Sector 7 LOG STOP run 01107040 at 1613590857
# Sector 8 LOG START run 01107040 type physics at 1613590861
0 1 20 0 0 0 3366 15154 15157 15149 15156 19 17 20 16 41941 41900 42007 42036 23240 23276 23276 22934 46376 34053 29601 0x5600000162907970
0 1 20 0 1 0 3366 15156 15156 15155 15155 22 23 23 18 41829 41863 41982 41792 23306 23424 23474 22954 46392 33968 29858 0x91000001629FB870
0 1 20 0 2 0 3366 15155 15151 15154 15150 23 24 21 23 41794 42023 41993 41916 23591 23703 23649 23036 46451 34064 29675 0x6000000162992C70
0 1 20 0 3 0 3366 15157 15154 15156 15155 21 27 26 17 41786 41876 41842 41837 23868 23988 23877 23502 46383 33990 29615 0xB000000162ACBD70
0 1 20 0 4 0 3366 15160 15155 15148 15157 24 24 25 24 42103 42198 42156 42292 24118 24351 24168 23805 46464 34084 29746 0x85000001629D3470
0 1 20 0 5 0 3366 15157 15156 15150 15152 20 20 26 25 42149 42178 42036 42151 24027 24210 23985 23847 46535 34022 29789 0x8E00000162A79670
0 1 20 0 6 0 3366 15157 15153 15158 15154 23 14 17 21 42156 42076 42083 42048 24079 24380 24186 24028 46541 34183 29803 0x1600000162AE3770
0 1 20 0 7 0 3366 15164 15159 15154 15166 23 16 12 19 41985 42039 42069 42105 23854 24078 23831 23775 46591 33997 29851 0xE500000162ADCD70
0 1 20 0 8 0 3366 15162 15163 15161 15149 20 18 16 16 42009 41999 41887 41996 23819 24073 23913 23769 46596 34512 29713 0x7C00000162B11D70
0 1 20 0 9 0 3366 15152 15158 15153 15153 13 15 15 15 41898 41933 41967 41850 23341 23751 23343 23466 46735 34239 29768 0x8100000162B0AC70
0 1 20 0 10 0 3366 15155 15154 15159 15156 15 15 25 22 41929 41849 41817 41865 23149 23445 23089 23123 46750 34150 29778 0x0800000162991B70
0 1 18 0 0 0 3366 9071 9060 9062 9065 186 205 187 213 42507 42511 42565 42636 21367 21550 21410 21265 46617 34144 29843 0x7700000162B2EC70
0 1 18 0 1 0 3366 9062 9067 9058 9062 147 159 135 169 42489 42546 42500 42685 20946 21349 20907 21013 46572 34176 29815 0xF700000162892970
0 1 18 0 2 0 3366 9067 9058 9069 9067 138 126 142 141 42620 42479 42484 42650 21261 21509 21298 21204 46506 34301 29870 0x5B000001628CB370
0 1 18 0 3 0 3366 9062 9067 9060 9065 106 138 123 127 42734 42760 42588 42703 21652 21933 21648 21469 46654 34248 29765 0xDC000001628F8C70
0 1 18 0 4 0 3366 9069 9065 9076 9076 127 127 128 145 42801 42767 42860 42849 21684 22151 21617 21618 46672 34341 29864 0x1C0000016287B270
0 1 18 0 5 0 3366 9071 9065 9062 9071 99 94 89 92 42790 42791 42669 42707 21543 21749 21532 21384 46579 34316 29917 0xE500000162992B70
0 1 18 0 6 0 3366 9071 9062 9071 9069 87 97 101 75 42924 42847 42643 42798 21267 21830 21130 21394 46534 34240 29782 0xF600000162862B70
0 1 18 0 7 0 3366 9067 9062 9065 9067 105 89 79 92 42704 42572 42739 42729 21471 21721 21181 21089 46661 34024 29836 0x3100000162AEAE70
0 1 18 0 8 0 3366 9076 9076 9078 9067 93 103 92 95 42833 43007 42717 42775 21086 21623 21024 21082 46749 34126 29797 0x2A00000162992170
0 1 18 0 9 0 3366 9065 9071 9065 9069 91 100 80 84 42831 42905 42944 42864 21385 21522 21095 20898 46768 34635 29819 0x9800000162AB9770
0 1 18 0 10 0 3366 9062 9069 9074 9069 69 55 64 68 42861 42853 42874 42937 21135 21416 21140 20939 46719 34959 29932 0x20000001629A5570
0 1 19 0 0 0 3366 9053 9053 9048 9051 162 243 2138 219 42820 42579 41602 42656 21471 21612 21629 21574 46554 34218 29753 0x2500000162A2BC70
0 1 19 0 1 0 3366 9048 9046 9051 9046 138 165 155 161 42708 42721 42623 42760 21330 21522 21546 21414 46501 33997 29853 0x2000000162AFAA70
0 1 19 0 2 0 3366 9051 9051 9051 9055 138 132 127 165 42882 42961 42832 42878 21660 21707 21804 21591 46510 34241 29845 0xD100000162893570
0 1 19 0 3 0 3366 9058 9065 9058 9069 149 557 65535 130 42717 42422 4048 42672 21732 21886 22479 21719 46449 34211 29765 0x5700000162A07E70
0 1 19 0 4 0 3366 9067 9058 9058 9058 125 120 123 88 42759 42799 42777 42738 21683 21861 21844 21720 46557 34411 29749 0x6000000162A35470
0 1 19 0 5 0 3366 9058 9067 9058 9067 123 125 116 110 42533 42637 42659 42763 21642 22011 21722 21738 46562 34468 29957 0xEF00000162A02770
0 1 19 0 6 0 3366 9055 9067 9058 9058 103 110 106 121 42925 42942 42869 42883 21436 21664 21384 21392 46703 34337 29942 0xDC0000016295FF70
0 1 19 0 7 0 3366 9055 9065 9065 9074 94 125 93 101 42728 42826 42745 42719 21234 21458 21321 21212 46705 34394 29796 0x8D000001628CE870
0 1 19 0 8 0 3366 9067 9069 9069 9065 86 90 89 101 42590 42644 42610 42638 21133 21337 21011 21198 46668 34179 29850 0x2700000162910670
0 1 19 0 9 0 3366 9067 9055 9058 9060 93 84 86 83 42687 42701 42636 42579 20955 20889 21100 20783 46713 34472 29901 0x7900000162A02E70
0 1 19 0 10 0 3366 9060 9058 9062 9069 92 105 78 137 42857 42601 42746 42625 21217 21283 21212 21085 46728 34329 29837 0xC5000001628BB970
0 1 22 0 0 0 3366 15115 15114 15117 15114 31 33 27 29 41792 41798 42018 41841 22950 22800 22746 22361 46546 34167 29812 0xA0000001629CA770
0 1 22 0 1 0 3366 15121 15119 15115 15120 24 27 19 29 41827 41905 41895 41909 23461 23523 23237 22982 46524 34296 29728 0x6800000162ABD070
0 1 22 0 2 0 3366 15125 15118 15119 15107 17 30 19 22 41926 41901 42028 41984 23658 23752 23647 23145 46486 34055 29792 0x4200000162A04570
0 1 22 0 3 0 3366 15109 15116 15111 15118 25 23 24 30 41840 42023 41946 41941 24173 24178 23914 23301 46475 34562 29784 0x3100000162A66670
0 1 22 0 4 0 3366 15115 15110 15108 15110 35 27 22 26 42051 41869 41860 41913 24083 24236 23824 23699 46527 34192 29784 0xE50000016288BB70
0 1 22 0 5 0 3366 15124 15116 15110 15128 29 22 25 25 41830 41921 42003 42012 24182 24398 24085 23892 46614 34108 29756 0x1F000001629C4E70
0 1 22 0 6 0 3366 15112 15109 15110 15106 20 18 23 23 41967 41971 42028 41935 24126 24379 23851 23745 46585 34030 29782 0xB2000001629D3570
0 1 22 0 7 0 3366 15121 15116 15117 15127 18 18 21 22 42093 41953 41990 42036 23700 24214 23696 23741 46615 34251 29798 0x910000016285CB70
0 1 22 0 8 0 3366 15114 15113 15114 15112 19 21 15 33 41939 41809 41817 41808 23608 23983 23433 23454 46670 34296 29801 0x02000001628AE670
0 1 22 0 9 0 3366 15117 15113 15110 15109 16 20 18 20 42068 41870 42067 41840 23021 23439 22822 23181 46716 34299 29735 0xF200000162AFD770
0 1 22 0 10 0 3366 15121 15121 15115 15121 15 26 24 20 41819 41804 41779 41722 22868 23304 22712 22979 46696 34391 29876 0xD000000162AFED70
0 1 22 1 0 0 3366 15164 15161 15156 15154 25 23 25 28 41736 41561 41578 41640 21503 21616 21518 21222 46544 34071 29759 0xBE0000016291F370
0 1 22 1 1 0 3366 15145 15151 15145 15143 18 22 20 22 41718 41651 41692 41574 21134 21653 21048 21141 46618 34089 29778 0x80000001629D9770
0 1 22 1 2 0 3366 15140 15136 15139 15139 17 23 16 20 41981 41824 41850 41711 21492 21990 21179 21286 46537 34399 29759 0xC30000016296B070
0 1 22 1 3 0 3366 15140 15133 15151 15137 22 22 22 19 41917 41896 41830 41758 22057 22574 21721 21775 46529 34418 29905 0x78000001628C0C70
0 1 22 1 4 0 3366 15143 15144 15137 15145 19 26 17 17 41841 41961 41742 41740 21908 22539 21912 21761 46520 34168 29833 0x8500000162A23170
0 1 22 1 5 0 3366 15166 15161 15159 15162 22 21 19 22 41730 41953 41969 41884 21799 22119 21571 21652 46702 34211 29783 0x25000001628B6670
0 1 22 1 6 0 3366 15163 15156 15161 15162 20 20 16 20 41821 41911 41841 41854 21829 22218 21365 21721 46601 34438 29782 0x61000001628D4470
0 1 22 1 7 0 3366 15137 15138 15133 15134 16 20 13 14 41830 41670 41741 41740 21764 22254 21609 21759 46665 34207 29855 0xE800000162A5EA70
0 1 22 1 8 0 3366 15146 15144 15141 15137 14 16 16 18 41843 41817 41807 41839 21471 21830 21128 21298 46863 34443 29851 0xE100000162AFD970
0 1 22 1 9 0 3366 15142 15139 15138 15145 16 18 18 20 41602 41763 41808 41524 21805 22145 21605 21504 46712 34334 29792 0xE30000016293E470
0 1 22 1 10 0 3366 15173 15171 15173 15172 13 15 15 16 41615 41794 41771 41623 21310 21891 21471 21306 46811 34465 29790 0x75000001628BAC70
# Sector 8 LOG STOP run 01107040 at 1613590875
# Sector 9 LOG START run 01107040 type physics at 1613590843
1 1 4 1 0 0 13464 15035 15064 0 0 15 20 0 0 46698 46656 0 0 18231 18397 0 0 46778 34357 29775 0xFD0000012C8BA070
1 1 4 1 1 0 13464 14980 15141 0 0 9 9 0 0 46630 46665 0 0 18536 18587 0 0 46904 34402 29751 0x1B00000162A42270
1 1 4 1 2 0 13464 15099 15125 0 0 17 15 0 0 46770 46743 0 0 18763 18946 0 0 46834 34686 29697 0xA00000012CA25F70
1 1 4 1 3 0 13464 15066 15129 0 0 10 18 0 0 46664 46627 0 0 18973 19082 0 0 46932 34770 29766 0x9B0000012CB19670
1 1 4 1 4 0 13464 15085 15008 0 0 14 9 0 0 46845 46829 0 0 19066 19164 0 0 46801 34710 29742 0x160000012CAFCA70
1 1 4 1 5 0 13464 15088 15039 0 0 17 9 0 0 46824 46728 0 0 19073 19046 0 0 46895 34845 29797 0x260000012C924C70
1 1 4 1 6 0 13464 15093 15016 0 0 14 10 0 0 47003 46972 0 0 18930 19065 0 0 46868 34559 29811 0xB00000012CAF7270
1 1 4 1 7 0 13464 15173 15089 0 0 15 12 0 0 46952 46917 0 0 18984 19027 0 0 47073 34562 29787 0x760000012C939F70
1 1 4 1 8 0 13464 14981 15006 0 0 10 14 0 0 46678 46714 0 0 18914 19112 0 0 46960 34740 29629 0xEB0000012CA3CE70
1 1 4 1 9 0 13464 15104 14987 0 0 13 10 0 0 46885 46868 0 0 18901 18939 0 0 46983 34447 29759 0x0500000162AC0B70
1 1 4 1 10 0 13464 14977 14977 0 0 11 8 0 0 46764 46629 0 0 18948 19058 0 0 47021 34334 29715 0x69000001629ACE70
1 1 4 1 11 0 13464 15063 15080 0 0 12 9 0 0 46836 46791 0 0 18988 18867 0 0 46976 34404 29779 0xF9000001629AF270
1 1 4 1 12 0 13464 15021 14970 0 0 12 7 0 0 46868 46748 0 0 18971 19034 0 0 47005 34687 29846 0x790000016296FA70
1 1 6 0 0 0 13464 15070 14978 0 0 21 15 0 0 46653 46796 0 0 19376 19569 0 0 47052 34942 29856 0x3F0000012CB30F70
1 1 6 0 1 0 13464 15024 15078 0 0 15 19 0 0 46806 46787 0 0 19743 19525 0 0 47089 34652 29905 0x880000012CB2B370
1 1 6 0 2 0 13464 15033 15186 0 0 15 25 0 0 46772 46776 0 0 20022 20024 0 0 47098 34822 29769 0x930000012C991970
1 1 6 0 3 0 13464 15185 15192 0 0 20 24 0 0 46842 46749 0 0 20271 19863 0 0 47033 34912 29745 0xAD0000012CAE1C70
1 1 6 0 4 0 13464 15150 15025 0 0 16 8 0 0 46937 46960 0 0 20086 19985 0 0 46901 34849 29832 0xDD0000012C8DDF70
1 1 6 0 5 0 13464 15061 14989 0 0 16 13 0 0 46935 46935 0 0 20182 20161 0 0 47032 34511 29914 0xE20000012CAAD670
1 1 6 0 6 0 13464 15085 15016 0 0 10 8 0 0 46770 46769 0 0 20024 20072 0 0 46958 34907 29937 0x350000012C8C5570
1 1 6 0 7 0 13464 14930 15073 0 0 7 14 0 0 46767 46772 0 0 19898 19824 0 0 46926 34898 29834 0xCC0000012C8A8D70
1 1 6 0 8 0 13464 14981 15067 0 0 12 14 0 0 46814 46852 0 0 20003 20059 0 0 46987 35204 29822 0x060000012CAC7970
1 1 6 0 9 0 13464 15004 15146 0 0 10 17 0 0 46788 46805 0 0 19971 20085 0 0 47130 34635 29834 0x450000012CA33A70
1 1 6 0 10 0 13464 15029 15082 0 0 12 11 0 0 46959 47026 0 0 20039 20053 0 0 47148 34300 29839 0xAF000001629F7070
1 1 6 0 11 0 13464 14961 15080 0 0 9 13 0 0 46830 46975 0 0 19853 20021 0 0 47084 34690 29915 0x6200000162AEF270
1 1 6 0 12 0 13464 15058 15046 0 0 15 17 0 0 46922 46974 0 0 19927 20033 0 0 47123 34671 29841 0xC9000001629F3E70
1 1 2 0 0 0 13464 15165 14982 0 0 27 17 0 0 46914 46988 0 0 19072 19133 0 0 46927 34413 29804 0xA20000012C97B370
1 1 2 0 1 0 13464 15164 15066 0 0 21 16 0 0 46848 46834 0 0 19408 19465 0 0 46810 34273 29727 0xF80000012CB06270
1 1 2 0 2 0 13464 14975 14998 0 0 12 14 0 0 46822 46993 0 0 19434 19591 0 0 46850 34603 29778 0x7C00000162900F70
1 1 2 0 3 0 13464 15007 15046 0 0 16 13 0 0 46973 47070 0 0 19640 19614 0 0 46887 34536 29747 0xF80000012C98A170
1 1 2 0 4 0 13464 14965 15034 0 0 11 10 0 0 46826 46751 0 0 19718 19695 0 0 46766 34654 29802 0xDA0000012C960570
1 1 2 0 5 0 13464 14967 15071 0 0 11 9 0 0 46970 46987 0 0 19823 19814 0 0 46958 34532 29833 0x520000012CA45D70
1 1 2 0 6 0 13464 14935 15082 0 0 9 12 0 0 46890 46903 0 0 19744 19735 0 0 46913 34890 29809 0x0E0000012C9AE170
1 1 2 0 7 0 13464 15058 15072 0 0 10 7 0 0 46817 46787 0 0 19716 19688 0 0 46798 34865 29827 0x230000012C9F5A70
1 1 2 0 8 0 13464 15172 14946 0 0 23 13 0 0 46814 46819 0 0 19809 19708 0 0 46911 34776 29789 0x170000012CA69E70
1 1 2 0 9 0 13464 15056 15128 0 0 14 12 0 0 46797 46756 0 0 19855 19744 0 0 46996 34568 29745 0x780000012C888C70
1 1 2 0 10 0 13464 14984 15072 0 0 9 11 0 0 46822 46931 0 0 19814 19877 0 0 46967 34731 29762 0xF60000012C9F9770
1 1 2 0 11 0 13464 15057 15058 0 0 13 10 0 0 46847 46775 0 0 19679 19770 0 0 46951 34556 29742 0x2E00000162AFD370
1 1 2 0 12 0 13464 15016 15119 0 0 15 15 0 0 46941 46988 0 0 19773 19872 0 0 46954 34744 29738 0xE900000162864F70
1 1 1 1 0 0 13464 15062 15004 0 0 27 18 0 0 46716 46819 0 0 18920 19072 0 0 47013 34299 29810 0xB30000012C91F870
1 1 1 1 1 0 13464 14987 15075 0 0 12 21 0 0 46784 46696 0 0 19451 19379 0 0 46906 34437 29757 0xE10000012CB03370
1 1 1 1 2 0 13464 14945 14958 0 0 11 11 0 0 46847 46795 0 0 19399 19504 0 0 46783 34920 29809 0xCB0000016234E970
1 1 1 1 3 0 13464 14979 14979 0 0 17 12 0 0 46861 46815 0 0 19569 19610 0 0 46934 34926 29735 0x770000012CAE2D70
1 1 1 1 4 0 13464 14979 15079 0 0 11 13 0 0 46874 46903 0 0 19624 19677 0 0 46775 34361 29785 0xBE000001629D5F70
1 1 1 1 5 0 13464 15043 15070 0 0 11 14 0 0 47029 46999 0 0 19676 19671 0 0 46929 34374 29888 0x77000001629F5270
1 1 1 1 6 0 13464 14960 15013 0 0 12 12 0 0 46664 46687 0 0 19695 19724 0 0 46827 34833 29754 0xC20000012C89DF70
1 1 1 1 7 0 13464 14964 14988 0 0 10 14 0 0 46787 46865 0 0 19771 19727 0 0 46879 34945 29788 0x8D00000162AAB570
1 1 1 1 8 0 13464 14967 14981 0 0 7 8 0 0 46747 46827 0 0 19700 19746 0 0 46982 34844 29672 0xC90000016235E370
1 1 1 1 9 0 13464 14966 15041 0 0 13 12 0 0 46767 46689 0 0 19691 19760 0 0 46927 34660 29741 0x7B0000012CAB3A70
1 1 1 1 10 0 13464 15131 14956 0 0 15 10 0 0 46880 46898 0 0 19806 19547 0 0 47082 34541 29763 0xD00000012C87CA70
1 1 1 1 11 0 13464 15083 14960 0 0 17 9 0 0 46829 46839 0 0 19634 19607 0 0 47057 34554 29823 0xED00000162AACE70
1 1 1 1 12 0 13464 14994 15110 0 0 11 14 0 0 47124 47020 0 0 19566 19616 0 0 47006 34474 29901 0xE200000162A1D170
1 1 5 0 0 0 13464 15011 15076 0 0 19 18 0 0 46925 46903 0 0 18506 18533 0 0 46959 34547 29809 0x060000012C960170
1 1 5 0 1 0 13464 15015 15066 0 0 16 15 0 0 46848 43768 0 0 18786 18766 0 0 47029 35042 30001 0x320000012C9B2370
1 1 5 0 2 0 13464 15002 15066 0 0 11 13 0 0 46652 46733 0 0 18841 18979 0 0 47058 34953 29804 0xE50000016231C470
1 1 5 0 3 0 13464 14997 15100 0 0 8 13 0 0 46825 46740 0 0 18986 19160 0 0 46918 34551 29938 0x580000012C89BC70
1 1 5 0 4 0 13464 15085 15104 0 0 14 17 0 0 46827 46786 0 0 19110 19222 0 0 47060 34695 29940 0x050000012C8DFD70
1 1 5 0 5 0 13464 15011 15102 0 0 13 18 0 0 46670 46640 0 0 19236 19270 0 0 47034 34781 29910 0xF6000001622FDD70
1 1 5 0 6 0 13464 15083 15059 0 0 8 10 0 0 46804 46729 0 0 19093 19171 0 0 46928 34673 29916 0x6000000162A50270
1 1 5 0 7 0 13464 15056 15077 0 0 9 10 0 0 46989 47092 0 0 19048 19120 0 0 47016 34566 30044 0x380000012C8AEC70
1 1 5 0 8 0 13464 15092 15067 0 0 10 13 0 0 46844 46947 0 0 19104 19112 0 0 47028 34606 29983 0x36000001629BE170
1 1 5 0 9 0 13464 15169 15021 0 0 19 14 0 0 46836 46621 0 0 19054 19190 0 0 47020 34726 29952 0xFB00000162287D70
1 1 5 0 10 0 13464 15110 14977 0 0 12 10 0 0 46889 46880 0 0 18986 19154 0 0 47162 34805 29937 0xF3000001615B6670
1 1 5 0 11 0 13464 15086 14988 0 0 8 12 0 0 46769 46756 0 0 18991 19171 0 0 47127 34579 29937 0x1500000162939670
1 1 5 0 12 0 13464 14982 15003 0 0 10 9 0 0 47126 46958 0 0 19075 19217 0 0 47121 34575 29884 0x6B00000162B13570
1 1 3 0 0 0 13464 14950 15108 0 0 17 20 0 0 46775 46690 0 0 18423 18625 0 0 47011 34959 29979 0x3D00000162273970
1 1 3 0 1 0 13464 15020 15191 0 0 15 24 0 0 46916 46607 0 0 18879 18965 0 0 46920 34551 29997 0xE000000162A1C270
1 1 3 0 2 0 13464 15044 14994 0 0 17 15 0 0 46692 46841 0 0 19112 19040 0 0 47054 34823 29893 0x0B0000012C8BD270
1 1 3 0 3 0 13464 14983 14954 0 0 12 12 0 0 46927 46994 0 0 19063 19327 0 0 46984 34589 30002 0xE30000016292FD70
1 1 3 0 4 0 13464 15136 15066 0 0 22 14 0 0 46837 46827 0 0 19286 19351 0 0 47013 34696 29911 0x8F0000012CA28A70
1 1 3 0 5 0 13464 15144 14946 0 0 16 13 0 0 46858 46870 0 0 19314 19393 0 0 47013 34905 29895 0xE60000012C94EC70
1 1 3 0 6 0 13464 15055 15051 0 0 10 8 0 0 46826 46925 0 0 19352 19401 0 0 46806 34619 29897 0xD30000012C8CBF70
1 1 3 0 7 0 13464 15034 14957 0 0 10 9 0 0 46966 46897 0 0 19237 19338 0 0 47029 34558 29930 0xEF0000012CB42E70
1 1 3 0 8 0 13464 15065 15090 0 0 13 14 0 0 46897 46857 0 0 19088 19337 0 0 47012 34715 29931 0x150000012C890170
1 1 3 0 9 0 13464 14975 15134 0 0 10 10 0 0 46801 46741 0 0 19185 19369 0 0 46974 34678 29928 0x270000012C8DC770
1 1 3 0 10 0 13464 14982 14989 0 0 12 10 0 0 46987 46950 0 0 19168 19334 0 0 46987 34282 29827 0x4E0000012C9AB370
1 1 3 0 11 0 13464 15055 15009 0 0 8 9 0 0 46640 46792 0 0 19131 19357 0 0 47029 34960 29951 0xD1000001628A1E70
1 1 3 0 12 0 13464 15000 14962 0 0 9 8 0 0 46723 46755 0 0 19176 19316 0 0 47070 34565 29864 0xE900000162A47670
1 1 7 0 0 0 13464 15144 15070 0 0 16 12 0 0 46598 46577 0 0 17765 17887 0 0 46887 34523 29687 0x780000012C9B2E70
1 1 7 0 1 0 13464 15178 15064 0 0 20 10 0 0 46602 46593 0 0 17944 18218 0 0 46841 34731 29658 0x7C0000012C9A1170
1 1 7 0 2 0 13464 15037 15001 0 0 12 11 0 0 46814 46837 0 0 18571 18677 0 0 46977 34657 29841 0x390000012C87DC70
1 1 7 0 3 0 13464 15099 15148 0 0 14 14 0 0 46693 46613 0 0 18705 18811 0 0 46855 34385 29761 0x3E0000012CAFAF70
1 1 7 0 4 0 13464 15102 15113 0 0 14 17 0 0 46815 46717 0 0 18816 18898 0 0 46908 34492 29738 0xA80000012C938870
1 1 7 0 5 0 13464 15118 15072 0 0 16 12 0 0 46514 46746 0 0 18914 18958 0 0 46877 34872 29854 0xA2000001622B5570
1 1 7 0 6 0 13464 15086 15161 0 0 13 11 0 0 46643 46697 0 0 18786 18836 0 0 46930 34540 29713 0x7E0000012C91E170
1 1 7 0 7 0 13464 15186 15057 0 0 14 10 0 0 46632 46588 0 0 18650 18863 0 0 46991 34844 29789 0x100000012C992B70
1 1 7 0 8 0 13464 15069 15072 0 0 11 12 0 0 46813 46770 0 0 18709 18915 0 0 46997 34742 29790 0xB80000012CA5C470
1 1 7 0 9 0 13464 15152 15028 0 0 11 6 0 0 46751 46817 0 0 18688 18811 0 0 46973 34362 29800 0xDE00000162AF9470
1 1 7 0 10 0 13464 15177 15068 0 0 15 9 0 0 46672 46620 0 0 18703 18818 0 0 47026 34781 29863 0x620000012C911370
1 1 7 0 11 0 13464 15160 14999 0 0 11 8 0 0 46789 46848 0 0 18755 18722 0 0 46933 34642 29772 0xF7000001628D4D70
1 1 7 0 12 0 13464 15071 15055 0 0 13 13 0 0 46712 46534 0 0 18778 18777 0 0 47055 34321 29832 0x5B00000162B09D70
1 1 0 0 0 0 13464 15113 15076 0 0 16 23 0 0 46912 47012 0 0 19229 19180 0 0 46922 34516 29831 0xC80000012CA43E70
1 1 0 0 1 0 13464 15028 15032 0 0 15 15 0 0 46804 46823 0 0 19613 19555 0 0 46907 34462 29796 0x520000012C88FA70
1 1 0 0 2 0 13464 15059 15080 0 0 16 19 0 0 46901 46846 0 0 19744 19661 0 0 47118 34523 29858 0xE00000012C88FC70
1 1 0 0 3 0 13464 14957 15045 0 0 9 11 0 0 46910 46836 0 0 19747 19872 0 0 46975 34811 29885 0x0200000162328070
1 1 0 0 4 0 13464 15077 15038 0 0 15 14 0 0 46973 46887 0 0 19900 19951 0 0 46982 34813 29827 0xC00000012CB2AD70
1 1 0 0 5 0 13464 15060 15100 0 0 21 23 0 0 46618 46740 0 0 19927 20008 0 0 47040 34732 29792 0x2A0000012C894C70
1 1 0 0 6 0 13464 15073 14981 0 0 16 8 0 0 46895 46893 0 0 19738 19864 0 0 46919 34527 29710 0xE40000012C909B70
1 1 0 0 7 0 13464 14972 15074 0 0 13 18 0 0 46829 46824 0 0 19832 19873 0 0 46969 34926 29807 0x4000000161500670
1 1 0 0 8 0 13464 15114 15172 0 0 12 14 0 0 46685 46700 0 0 19724 19745 0 0 47004 35034 29867 0x580000012CA34D70
1 1 0 0 9 0 13464 14975 15026 0 0 14 8 0 0 46783 46887 0 0 19686 19809 0 0 46985 34955 29899 0x700000012C92B370
1 1 0 0 10 0 13464 14994 15088 0 0 17 19 0 0 46821 46763 0 0 19810 19984 0 0 47104 34684 29898 0x880000012C874C70
1 1 0 0 11 0 13464 15072 14953 0 0 16 9 0 0 46858 46880 0 0 19727 20004 0 0 47153 34508 29865 0xC100000162A24570
1 1 0 0 12 0 13464 15037 14979 0 0 15 7 0 0 47024 47017 0 0 19942 19935 0 0 47129 34567 29840 0x9F00000162869970
# Sector 9 LOG STOP run 01107040 at 1613590848
# Sector 10 LOG START run 01107040 type physics at 1613590862
1 1 8 0 0 0 13464 15065 15053 0 0 20 16 0 0 46661 46670 0 0 18716 18872 0 0 46814 34707 29655 0x29000001614FBA70
1 1 8 0 1 0 13464 14941 14994 0 0 16 14 0 0 46834 46912 0 0 19194 19198 0 0 46817 34765 29798 0xC00000012C994570
1 1 8 0 2 0 13464 15070 15057 0 0 17 14 0 0 46946 46858 0 0 19354 19358 0 0 46863 34597 29790 0xDA0000012CA2E370
1 1 8 0 3 0 13464 15067 15038 0 0 16 13 0 0 46694 46683 0 0 19483 19461 0 0 46868 34842 29699 0x28000001623D7170
1 1 8 0 4 0 13464 15158 15081 0 0 22 11 0 0 46813 46785 0 0 19515 19537 0 0 46827 34782 29790 0x24000001623C0270
1 1 8 0 5 0 13464 14963 15171 0 0 8 13 0 0 46776 46664 0 0 19620 19679 0 0 46955 34748 29841 0xBE0000012CB23770
1 1 8 0 6 0 13464 14999 14965 0 0 11 11 0 0 46883 46868 0 0 19559 19594 0 0 47032 34501 29744 0x420000012CA4C570
1 1 8 0 7 0 13464 14991 14957 0 0 11 13 0 0 46812 46825 0 0 19592 19615 0 0 46983 34719 29798 0x300000012C898B70
1 1 8 0 8 0 13464 14969 15043 0 0 12 12 0 0 46838 46829 0 0 19401 19594 0 0 47146 35086 29891 0xCC000001615B2B70
1 1 8 0 9 0 13464 15154 14969 0 0 20 6 0 0 47012 46881 0 0 19544 19557 0 0 46919 34431 29668 0x230000012CB1CF70
1 1 8 0 10 0 13464 15098 15000 0 0 24 12 0 0 46874 46962 0 0 19636 19691 0 0 46879 34846 29803 0xD80000016229DB70
1 1 8 0 11 0 13464 15113 14990 0 0 15 16 0 0 46859 46762 0 0 19325 19569 0 0 47067 34682 29845 0xB100000162B10470
1 1 8 0 12 0 13464 15041 14968 0 0 14 9 0 0 46969 47047 0 0 19441 19476 0 0 47086 34909 29692 0xF60000016292C670
1 1 8 1 0 0 13464 15117 14992 0 0 28 16 0 0 46775 46831 0 0 18676 18779 0 0 47028 35026 29938 0x7B0000012CA2EB70
1 1 8 1 1 0 13464 14965 14964 0 0 14 14 0 0 46878 46868 0 0 18983 19106 0 0 47031 34638 29806 0xC0000001614D9E70
1 1 8 1 2 0 13464 15032 15070 0 0 11 16 0 0 46774 46802 0 0 19281 19290 0 0 47007 34419 29841 0x020000012CB24870
1 1 8 1 3 0 13464 15166 14970 0 0 17 11 0 0 46641 46752 0 0 19261 19433 0 0 46903 34534 29999 0xD70000012C96EA70
1 1 8 1 4 0 13464 14987 15006 0 0 12 13 0 0 47081 47023 0 0 19485 19426 0 0 46963 34630 29933 0x3D0000012C98F470
1 1 8 1 5 0 13464 15001 15075 0 0 14 14 0 0 46878 46858 0 0 19325 19378 0 0 47035 34788 29888 0x07000001628F3870
1 1 8 1 6 0 13464 15065 15065 0 0 18 12 0 0 46877 46865 0 0 19431 19269 0 0 46994 34997 29940 0x620000012CA5F570
1 1 8 1 7 0 13464 14986 15059 0 0 10 8 0 0 46782 46756 0 0 19505 19501 0 0 47040 34898 29806 0x8C0000012CA9FF70
1 1 8 1 8 0 13464 14993 15102 0 0 11 18 0 0 46761 46717 0 0 19526 19510 0 0 47010 34546 29904 0xB10000012C97BD70
1 1 8 1 9 0 13464 14971 14975 0 0 12 15 0 0 46827 46749 0 0 19415 19440 0 0 47000 35060 29881 0x5F000001615B8170
1 1 8 1 10 0 13464 15089 15060 0 0 17 11 0 0 46682 46893 0 0 19387 19352 0 0 47151 35006 29908 0xBD00000162290370
1 1 8 1 11 0 13464 14993 15103 0 0 10 13 0 0 46983 46987 0 0 19402 19378 0 0 47101 34683 29973 0x7000000162AA1D70
1 1 8 1 12 0 13464 14986 14993 0 0 12 9 0 0 46842 46899 0 0 19215 19367 0 0 47184 34403 29961 0x8C000001629ED670
# Sector 10 LOG STOP run 01107040 at 1613590872
